=== 2026-04-24 ===

New stations: none.
Removed stations: none.

Price changes (436):
  ~ Alauša — Palijoniškio g. 1, Utena
      95 benzinas: 1.709 €/L → 1.689 €/L
      Dyzelinas: 1.959 €/L → 1.899 €/L
  ~ Alauša — Kosmoso g. 3, Visaginas
      95 benzinas: 1.688 €/L → 1.659 €/L
      Dyzelinas: 1.988 €/L → 1.959 €/L
  ~ Alauša — Kalvarijų g. 204G, Vilnius
      95 benzinas: 1.694 €/L → 1.669 €/L
      Dyzelinas: 1.984 €/L → 1.979 €/L
  ~ Alauša — Kirtimų g. 23A, Vilnius
      95 benzinas: 1.698 €/L → 1.688 €/L
      Dyzelinas: 1.988 €/L → 1.898 €/L
  ~ Alauša — Pelesos g. 1/2, Vilnius
      95 benzinas: 1.718 €/L → 1.699 €/L
      Dyzelinas: 1.988 €/L → 1.929 €/L
      Dujos: 0.929 €/L → 0.899 €/L
  ~ Alauša — Kauno g. 37, Ukmergė
      95 benzinas: 1.699 €/L → 1.669 €/L
      Dyzelinas: 1.974 €/L → 1.899 €/L
  ~ Alauša — Plento g. 17, Daugailiai
      95 benzinas: 1.709 €/L → 1.699 €/L
  ~ Alauša — Bajorų k.
      95 benzinas: 1.739 €/L → 1.699 €/L
  ~ Alauša — Vilniaus g. 8, Grigiškės
      95 benzinas: 1.699 €/L → 1.689 €/L
      Dyzelinas: 1.999 €/L → 1.989 €/L
  ~ Alauša — Stoties g. 49, Marijampolė
      Dyzelinas: 1.988 €/L → 1.898 €/L
  ~ Alauša — Paširvio g. 1, Paširvinčio k.
      95 benzinas: 1.674 €/L → 1.659 €/L
      Dyzelinas: 1.974 €/L → 1.959 €/L
      Dujos: 0.924 €/L → 0.914 €/L
  ~ Alauša — Šakių g. 51, Kudirkos Naumiestis
      Dyzelinas: 2.024 €/L → 1.999 €/L
  ~ Alauša — Skraičionių g. 1, Skraičionių k.
      Dyzelinas: 2.054 €/L → 1.999 €/L
  ~ Alauša — Europos g. 17, Salaperaugio k.
      95 benzinas: 1.729 €/L → 1.728 €/L
      Dyzelinas: 2.019 €/L → 1.999 €/L
  ~ Alauša — Švenčionių g. 29A, Ignalina
      95 benzinas: 1.759 €/L → 1.749 €/L
  ~ Alauša — Šiaurės g. 39, Vilnius
      95 benzinas: 1.694 €/L → 1.649 €/L
      Dyzelinas: 1.964 €/L → 1.899 €/L
  ~ Alauša — Sporto g. 50A, Marijampolė
      Dyzelinas: 1.988 €/L → 1.898 €/L
  ~ Alauša — J. Basanavičiaus g. 1C, Utena
      95 benzinas: 1.704 €/L → 1.689 €/L
      Dyzelinas: 1.954 €/L → 1.899 €/L
      Dujos: 0.924 €/L → 0.894 €/L
  ~ Alauša — Buivydiškių g. 5, Vilnius
      95 benzinas: 1.708 €/L → 1.699 €/L
      Dyzelinas: 1.988 €/L → 1.959 €/L
  ~ Alauša — Santaikos g. 2A, Santaikos k.
      Dyzelinas: 1.999 €/L → 1.839 €/L
  ~ Alauša — Laisvės pr. 125A, Vilnius
      95 benzinas: 1.699 €/L → 1.669 €/L
      Dyzelinas: 1.998 €/L → 1.959 €/L
  ~ Alauša — Dariaus ir Girėno g. 36, Obeliai
      95 benzinas: 1.739 €/L → 1.689 €/L
      Dyzelinas: 1.999 €/L → 1.989 €/L
  ~ Alauša — A. Vienuolio g. 32A, Anykščiai
      95 benzinas: 1.664 €/L → 1.619 €/L
      Dyzelinas: 1.944 €/L → 1.839 €/L
  ~ Apsaga — Pramonės g. 3A, Šiauliai
      95 benzinas: 1.729 €/L → 1.720 €/L
      Dyzelinas: 1.975 €/L → 1.969 €/L
  ~ Apsaga — Pramonės g. 28, Šiauliai
      95 benzinas: 1.729 €/L → 1.720 €/L
      Dyzelinas: 1.975 €/L → 1.969 €/L
  ~ Apsaga — Šiaulių g.12, Radviliškis
      95 benzinas: 1.765 €/L → 1.689 €/L
      Dyzelinas: 2.069 €/L → 1.909 €/L
  ~ Apsaga — Beržų g. 19, Baisogalos k.
      95 benzinas: 1.765 €/L → 1.689 €/L
      Dyzelinas: 2.069 €/L → 1.909 €/L
  ~ Apsaga — Radikių k.
      95 benzinas: 1.725 €/L → 1.689 €/L
      Dyzelinas: 2.049 €/L → 1.909 €/L
  ~ Baltic Petroleum — Vilnius, Antakalnio g. 128
      Dyzelinas: 1.989 €/L → 1.979 €/L
  ~ Baltic Petroleum — Gudžionių k., Plento g. 24
      Dyzelinas: 2.009 €/L → 1.989 €/L
  ~ Baltic Petroleum — Vilnius, Gerosios Vilties g. 33
      95 benzinas: 1.719 €/L → 1.739 €/L
  ~ Baltic Petroleum — Vilnius, Savanorių pr. 121
      95 benzinas: 1.699 €/L → 1.689 €/L
      Dyzelinas: 1.989 €/L → 1.969 €/L
  ~ Baltic Petroleum — Kaunas, Raudondvario pl. 82
      95 benzinas: 1.659 €/L → 1.629 €/L
      Dyzelinas: 1.929 €/L → 1.879 €/L
  ~ Baltic Petroleum — Kaunas, Jonavos g. 60A
      95 benzinas: 1.669 €/L → 1.659 €/L
      Dyzelinas: 1.939 €/L → 1.919 €/L
  ~ Baltic Petroleum — Klaipėda, Šilutės pl. 1
      95 benzinas: 1.629 €/L → 1.639 €/L
      Dyzelinas: 1.899 €/L → 1.869 €/L
  ~ Baltic Petroleum — Alytus, Santaikos g. 33
      95 benzinas: 1.659 €/L → 1.679 €/L
      Dyzelinas: 1.979 €/L → 1.959 €/L
  ~ Baltic Petroleum — Lazdijai, Turistų g. 88
      95 benzinas: 1.699 €/L → 1.689 €/L
      Dyzelinas: 2.009 €/L → 2.019 €/L
  ~ Baltic Petroleum — Panevėžys, Velžio kelias 74
      Dyzelinas: 1.949 €/L → 1.929 €/L
  ~ Baltic Petroleum — Raseiniai, Vilniaus g. 30
      95 benzinas: 1.659 €/L → 1.629 €/L
      Dyzelinas: 1.949 €/L → 1.849 €/L
  ~ Baltic Petroleum — Ukmergė, Kauno g. 49
      Dyzelinas: 1.959 €/L → 1.939 €/L
  ~ Baltic Petroleum — Valantiškio k.
      Dyzelinas: 2.069 €/L → 2.059 €/L
  ~ Baltic Petroleum — Trakai, Vilniaus g. 33
      Dujos: 0.969 €/L → 0.949 €/L
  ~ Baltic Petroleum — Molėtai, Vilniaus g.104
      Dyzelinas: 2.019 €/L → 1.999 €/L
  ~ Baltic Petroleum — Klaipėda, Tilžės g. 90
      95 benzinas: 1.629 €/L → 1.639 €/L
      Dyzelinas: 1.899 €/L → 1.869 €/L
      Dujos: 0.939 €/L → 0.909 €/L
  ~ Baltic Petroleum — Vilnius, Metalo g. 4B
      Dyzelinas: 1.979 €/L → 1.959 €/L
  ~ Baltic Petroleum — Širvintos, Musninkų g. 21
      95 benzinas: 1.679 €/L → 1.659 €/L
      Dyzelinas: 1.979 €/L → 1.959 €/L
  ~ Baltic Petroleum — Vilkaraisčio k.
      95 benzinas: 1.670 €/L → 1.690 €/L
  ~ Baltic Petroleum — Pasiekų k.
      Dyzelinas: 2.069 €/L → 2.029 €/L
  ~ Baltic Petroleum — Pietarių k. Kauno g. 164
      95 benzinas: 1.689 €/L → 1.669 €/L
      Dyzelinas: 1.979 €/L → 1.909 €/L
  ~ Baltic Petroleum — Vilnius, Molėtų pl. 27A
      Dyzelinas: 1.959 €/L → 1.929 €/L
  ~ Baltic Petroleum — Vilnius, S. Batoro g. 15
      Dyzelinas: 1.979 €/L → 1.959 €/L
  ~ Baltic Petroleum — Vilnius, Rinktinės g. 59
      Dyzelinas: 1.959 €/L → 1.919 €/L
  ~ Baltic Petroleum — Marijampolė, Vasaros g. 15
      95 benzinas: 1.689 €/L → 1.669 €/L
      Dyzelinas: 1.979 €/L → 1.909 €/L
  ~ Baltic Petroleum — Pandėlio k., Elektrinės g. 1
      95 benzinas: 1.759 €/L → 1.769 €/L
      Dyzelinas: 2.089 €/L → 2.049 €/L
  ~ Baltic Petroleum — Kaunas, Vaidoto g. 153
      Dyzelinas: 2.099 €/L → 2.059 €/L
  ~ Baltic Petroleum — Spanėnų k., Plento g. 46
      Dyzelinas: 2.049 €/L → 2.029 €/L
  ~ Baltic Petroleum — Užežerės k., Gardenio g. 39
      95 benzinas: 1.689 €/L → 1.669 €/L
      Dyzelinas: 1.959 €/L → 1.899 €/L
  ~ Baltic Petroleum — Kalnujų k. 1
      Dyzelinas: 2.029 €/L → 2.009 €/L
  ~ Baltic Petroleum — Klaipėda, Liepų g. 79A
      Dyzelinas: 1.899 €/L → 1.859 €/L
  ~ Baltic Petroleum — Mažeikiai, M. Daukšos g. 17
      95 benzinas: 1.689 €/L → 1.669 €/L
      Dyzelinas: 1.959 €/L → 1.899 €/L
  ~ Baltic Petroleum — Rietavas, Dariaus ir Girėno g. 19
      Dyzelinas: 2.010 €/L → 1.990 €/L
  ~ Baltic Petroleum — Jonava, Žemaitės g. 1
      Dyzelinas: 2.049 €/L → 2.029 €/L
  ~ Baltic Petroleum — Vilnius, Brazdžionio g. 2
      95 benzinas: 1.679 €/L → 1.689 €/L
  ~ Baltic Petroleum — Likiškėlių k.
      Dyzelinas: 1.999 €/L → 1.989 €/L
  ~ Baltic Petroleum — Šiauliai, Kupiškio g. 4
      Dyzelinas: 1.909 €/L → 1.899 €/L
  ~ Baltic Petroleum — Sarakiškių k., Vytauto g. 61
      Dyzelinas: 2.059 €/L → 2.029 €/L
  ~ Baltic Petroleum — Padustėlis, V. Striogos g. 4A
      Dyzelinas: 2.059 €/L → 2.029 €/L
  ~ Baltic Petroleum — Vilnius, Zujūnų g. 2A
      Dyzelinas: 1.969 €/L → 1.929 €/L
      Dujos: 0.929 €/L → 0.919 €/L
  ~ Baltic Petroleum — Marijampolė, P. Armino g. 69
      95 benzinas: 1.689 €/L → 1.669 €/L
      Dyzelinas: 1.979 €/L → 1.909 €/L
  ~ Baltic Petroleum — Gargždai, Dariaus ir Girėno g. 10
      95 benzinas: 1.669 €/L → 1.679 €/L
  ~ Borusta — Prienų g. 14, Birštonas
      Dyzelinas: 1.959 €/L → 1.899 €/L
  ~ Circle K — Geležinio Vilko g. 2A, Vilnius
      Dyzelinas: 2.099 €/L → 2.079 €/L
  ~ Circle K — Baltupio g. 10, Vilnius
      Dyzelinas: 2.009 €/L → 1.979 €/L
  ~ Circle K — A. P. Kavoliuko g. 32A, Vilnius
      Dyzelinas: 2.029 €/L → 2.019 €/L
  ~ Circle K — Sporto g. 16A, Vilnius
      Dyzelinas: 2.079 €/L → 2.029 €/L
  ~ Circle K — Ukmergės g. 231, Vilnius
      Dyzelinas: 2.029 €/L → 2.009 €/L
  ~ Circle K — Kareivių g. 13, Vilnius
      95 benzinas: 1.749 €/L → 1.739 €/L
      Dyzelinas: 2.034 €/L → 2.009 €/L
  ~ Circle K — A. Goštauto g. 13, Vilnius
      Dyzelinas: 2.019 €/L → 1.999 €/L
  ~ Circle K — Laisvės pr. 43C, Vilnius
      Dyzelinas: 2.029 €/L → 2.019 €/L
  ~ Circle K — J. Tiškevičiaus g. 24, Vilnius
      Dyzelinas: 2.074 €/L → 2.054 €/L
  ~ Circle K — Eišiškių pl. 11, Vilnius
      Dyzelinas: 2.049 €/L → 2.019 €/L
  ~ Circle K — Raudondvario pl. 107A, Kaunas
      95 benzinas: 1.719 €/L → 1.709 €/L
      Dyzelinas: 1.979 €/L → 1.959 €/L
  ~ Circle K — Sudervės g. 2G, Avižienių k.
      Dyzelinas: 2.069 €/L → 2.059 €/L
  ~ Circle K — Naujoji g. 120, Alytus
      95 benzinas: 1.740 €/L → 1.729 €/L
      Dyzelinas: 2.029 €/L → 2.004 €/L
  ~ Circle K — Savanorių pr. 321, Kaunas
      95 benzinas: 1.749 €/L → 1.719 €/L
      Dyzelinas: 2.039 €/L → 1.999 €/L
  ~ Circle K — Veiverių g. 49A, Kaunas
      95 benzinas: 1.789 €/L → 1.759 €/L
      Dyzelinas: 2.069 €/L → 2.019 €/L
  ~ Circle K — Dubijos g. 20A, Šiauliai
      95 benzinas: 1.739 €/L → 1.759 €/L
      Dyzelinas: 1.989 €/L → 1.949 €/L
  ~ Circle K — Talino g. 2B, Vilnius
      Dyzelinas: 2.028 €/L → 1.989 €/L
  ~ Circle K — Pramonės g. 17a, Šiauliai
      95 benzinas: 1.749 €/L → 1.759 €/L
      Dyzelinas: 1.999 €/L → 1.949 €/L
  ~ Circle K — Sabališkių g. 1F, Elektrėnai
      Dyzelinas: 2.069 €/L → 2.049 €/L
  ~ Circle K — J. Basanavičiaus g. 108a, Utena
      95 benzinas: 1.769 €/L → 1.739 €/L
      Dyzelinas: 2.029 €/L → 1.949 €/L
  ~ Circle K — Baltijos Kelio g. 33, Ūtos k.
      Dyzelinas: 2.009 €/L → 1.999 €/L
  ~ Circle K — Minijos g. 90, Klaipėda
      95 benzinas: 1.719 €/L → 1.709 €/L
      Dyzelinas: 2.019 €/L → 1.959 €/L
  ~ Circle K — Taikos pr. 61B, Klaipėda
      95 benzinas: 1.719 €/L → 1.709 €/L
      Dyzelinas: 2.019 €/L → 1.959 €/L
  ~ Circle K — H. Manto g. 96, Klaipėda
      95 benzinas: 1.749 €/L → 1.737 €/L
      Dyzelinas: 2.059 €/L → 1.979 €/L
  ~ Circle K — Kauno g. 130, Marijampolė
      95 benzinas: 1.749 €/L → 1.719 €/L
      Dyzelinas: 2.039 €/L → 1.959 €/L
      Dujos: 0.990 €/L → 0.994 €/L
  ~ Circle K — Rūtų g. 2B, Alytus
      95 benzinas: 1.749 €/L → 1.729 €/L
      Dyzelinas: 2.029 €/L → 2.009 €/L
  ~ Circle K — M. K. Čiurlionio g. 113, Druskininkai
      95 benzinas: 1.759 €/L → 1.749 €/L
      Dyzelinas: 2.069 €/L → 2.049 €/L
  ~ Circle K — J. Basanavičiaus g. 63, Panevėžys
      Dyzelinas: 2.009 €/L → 1.989 €/L
  ~ Circle K — Parko g. 7A, Panevėžys
      95 benzinas: 1.724 €/L → 1.719 €/L
      Dyzelinas: 1.999 €/L → 1.979 €/L
  ~ Circle K — Jono Dailidės g. 10, Marijampolė
      95 benzinas: 1.719 €/L → 1.689 €/L
      Dyzelinas: 2.019 €/L → 1.939 €/L
  ~ Circle K — J. Basanavičiaus g. 40a, Kėdainiai
      95 benzinas: 1.749 €/L → 1.719 €/L
      Dyzelinas: 2.049 €/L → 1.969 €/L
  ~ Circle K — Luokės g. 70, Telšiai
      Dyzelinas: 2.009 €/L → 2.029 €/L
      Dujos: 0.935 €/L → 0.939 €/L
  ~ Circle K — Cintjoniškių g. 15, Šilutė
      95 benzinas: 1.755 €/L → 1.749 €/L
  ~ Circle K — Savanorių g. 5, Varėna
      95 benzinas: 1.749 €/L → 1.719 €/L
      Dyzelinas: 2.099 €/L → 1.939 €/L
  ~ Circle K — Žemaitijos g. 57, Mažeikiai
      95 benzinas: 1.739 €/L → 1.719 €/L
      Dyzelinas: 2.009 €/L → 1.949 €/L
  ~ Circle K — Sidabros g. 2A, Satkūnų k.
      95 benzinas: 1.734 €/L → 1.769 €/L
  ~ Circle K — Vasario 16-osios g. 33, Jonava
      95 benzinas: 1.779 €/L → 1.749 €/L
      Dyzelinas: 2.059 €/L → 2.039 €/L
  ~ Circle K — Geležinio Vilko g. 39, Vilnius
      Dyzelinas: 2.019 €/L → 1.999 €/L
  ~ Circle K — Prūsų g. 26 A, Vilnius
      Dyzelinas: 2.049 €/L → 2.019 €/L
  ~ Circle K — Gedimino g. 42B, Radviliškis
      95 benzinas: 1.759 €/L → 1.729 €/L
      Dyzelinas: 2.059 €/L → 2.029 €/L
  ~ Circle K — Gedimino g. 47, Tauragė
      Dyzelinas: 2.009 €/L → 1.979 €/L
  ~ Circle K — Panevėžio aplinkl. 20, Šilagalio k.
      Dyzelinas: 2.009 €/L → 1.999 €/L
  ~ Circle K — Vakarinis aplinkkelis 10, Kaunas
      95 benzinas: 1.704 €/L → 1.724 €/L
      Dyzelinas: 1.989 €/L → 1.959 €/L
  ~ Circle K — Žemaičių pl. 19, Kaunas
      95 benzinas: 1.714 €/L → 1.719 €/L
      Dyzelinas: 2.004 €/L → 1.969 €/L
  ~ Circle K — Geležinio Vilko g. 24, Vilnius
      Dyzelinas: 2.019 €/L → 1.939 €/L
  ~ Circle K — Karaliaus Mindaugo pr. 34A, Kaunas
      95 benzinas: 1.809 €/L → 1.779 €/L
      Dyzelinas: 2.069 €/L → 2.019 €/L
  ~ Circle K — J. Basanavičiaus g. 3, Utena
      95 benzinas: 1.759 €/L → 1.729 €/L
      Dyzelinas: 2.019 €/L → 1.929 €/L
      Dujos: 0.994 €/L → 0.964 €/L
  ~ Circle K — Nekrūnų k. 1
      95 benzinas: 1.779 €/L → 1.769 €/L
      Dyzelinas: 2.089 €/L → 2.099 €/L
  ~ Circle K — Vilniaus pl. 1A, Klaipėda
      95 benzinas: 1.739 €/L → 1.709 €/L
      Dyzelinas: 2.024 €/L → 1.934 €/L
  ~ Circle K — Vilniaus g. 62, Šiauliai
      95 benzinas: 1.709 €/L → 1.729 €/L
      Dyzelinas: 1.959 €/L → 1.919 €/L
  ~ Circle K — Oslo g. 12, Vilnius
      95 benzinas: 1.719 €/L → 1.739 €/L
      Dyzelinas: 2.004 €/L → 1.959 €/L
  ~ Circle K — Dariaus ir Girėno g. 83A, Tauragė
      95 benzinas: 1.689 €/L → 1.679 €/L
      Dyzelinas: 1.979 €/L → 1.949 €/L
  ~ Circle K — Islandijos pl. 32, Kaunas
      95 benzinas: 1.724 €/L → 1.729 €/L
      Dyzelinas: 2.014 €/L → 1.979 €/L
  ~ Circle K — Savanorių pr. 118, Vilnius
      95 benzinas: 1.749 €/L → 1.719 €/L
      Dyzelinas: 2.039 €/L → 1.979 €/L
  ~ Circle K — P. Žadeikos g. 1a, Vilnius
      Dyzelinas: 2.029 €/L → 2.019 €/L
  ~ Circle K — Savanorių pr. 119A, Vilnius
      95 benzinas: 1.749 €/L → 1.719 €/L
      Dyzelinas: 2.039 €/L → 1.979 €/L
  ~ Circle K — Kareivių g. 3, Vilnius
      95 benzinas: 1.729 €/L → 1.709 €/L
      Dyzelinas: 1.999 €/L → 1.974 €/L
  ~ Circle K — Geležinio Vilko g. 4, Vilnius
      Dyzelinas: 2.019 €/L → 1.999 €/L
  ~ Circle K — Gariūnų g. 45, Vilnius
      95 benzinas: 1.729 €/L → 1.749 €/L
      Dyzelinas: 2.014 €/L → 1.969 €/L
  ~ Circle K — Savanorių pr. 404B, Kaunas
      95 benzinas: 1.719 €/L → 1.729 €/L
      Dyzelinas: 2.009 €/L → 1.949 €/L
  ~ Circle K — Sukilėlių pr. 120, Kaunas
      Dyzelinas: 1.999 €/L → 2.019 €/L
  ~ Circle K — Tilžės g. 25, Šiauliai
      95 benzinas: 1.739 €/L → 1.749 €/L
      Dyzelinas: 1.989 €/L → 1.939 €/L
  ~ Circle K — Tilžės g. 56A, Klaipėda
      95 benzinas: 1.669 €/L → 1.699 €/L
      Dyzelinas: 1.949 €/L → 1.899 €/L
      Dujos: 0.909 €/L → 0.929 €/L
  ~ Circle K — Jūrininkų pr. 31, Klaipėda
      95 benzinas: 1.699 €/L → 1.709 €/L
  ~ Circle K — Sausio 15-osios g. 2, Klaipėda
      95 benzinas: 1.689 €/L → 1.719 €/L
      Dyzelinas: 1.969 €/L → 1.919 €/L
  ~ Circle K — Klaipėdos g. 92A, Panevėžys
      95 benzinas: 1.704 €/L → 1.699 €/L
      Dyzelinas: 1.979 €/L → 1.959 €/L
  ~ Circle K — Molėtų g. 15, Didžiosios Riešės k.
      Dyzelinas: 2.009 €/L → 1.929 €/L
  ~ Jozita — Šolių k., Pietinio Kelio g. 9
      Dyzelinas: 1.900 €/L → 1.830 €/L
  ~ Jozita — Vilnius, Ukmergės g. 130
      Dyzelinas: 1.900 €/L → 1.830 €/L
  ~ Jozita — Vilnius, Parko g. 64
      Dyzelinas: 1.900 €/L → 1.830 €/L
  ~ Jozita — Vilnius, Pramonės g. 18
      Dyzelinas: 1.900 €/L → 1.830 €/L
  ~ Jozita — Rudamina, Jašiūnų g. 2
      Dyzelinas: 1.900 €/L → 1.830 €/L
  ~ Jozita — Kaunas, Kuršių 13A
      Dyzelinas: 1.900 €/L → 1.830 €/L
  ~ Jozita — Kaunas, Jonavos g. 51
      Dyzelinas: 1.900 €/L → 1.830 €/L
  ~ Jozita — Kaunas, Betygalos g. 8
      Dyzelinas: 1.900 €/L → 1.830 €/L
  ~ Jozita — Kaunas, Baltų pr. 141A
      Dyzelinas: 1.900 €/L → 1.830 €/L
  ~ Jozita — Kaunas, Partizanų g. 87G
      Dyzelinas: 1.900 €/L → 1.830 €/L
  ~ Jozita — Garliava, Vytauto g. 111A
      Dyzelinas: 1.900 €/L → 1.830 €/L
  ~ Jozita — Ramučiai, K. Bielinio g. 2A
      Dyzelinas: 1.900 €/L → 1.830 €/L
  ~ Jozita — Klipščių k., Šilelių g.1
      Dyzelinas: 1.900 €/L → 1.830 €/L
  ~ Jozita — Klaipėda, Taikos pr. 157
      95 benzinas: 1.650 €/L → 1.610 €/L
      Dyzelinas: 1.900 €/L → 1.830 €/L
  ~ Jozita — Gargždai, Gamyklos g. 1
      95 benzinas: 1.650 €/L → 1.610 €/L
      Dyzelinas: 1.900 €/L → 1.830 €/L
  ~ Jozita — Trepkalnių k., Mokyklos g. 2
      Dyzelinas: 1.900 €/L → 1.830 €/L
  ~ Jozita — Šiauliai, Architektų g. 80
      Dyzelinas: 1.900 €/L → 1.830 €/L
  ~ Jozita — Šiauliai, Girulių g. 1
      Dyzelinas: 1.900 €/L → 1.830 €/L
  ~ Jozita — Toliočiai, Plento g. 2B
      Dyzelinas: 1.900 €/L → 1.830 €/L
  ~ Jozita — Kelmė, V.Putvinskio g. 37
      95 benzinas: 1.650 €/L → 1.610 €/L
      Dyzelinas: 1.900 €/L → 1.830 €/L
  ~ Jozita — Raseiniai, Maironio g. 78b
      Dyzelinas: 1.900 €/L → 1.830 €/L
  ~ Jozita — Kuosiškių k. 4
      95 benzinas: 1.650 €/L → 1.610 €/L
      Dyzelinas: 1.900 €/L → 1.830 €/L
  ~ Jozita — Traksėdžių k., Klaipėdos. 1
      Dyzelinas: 1.900 €/L → 1.830 €/L
  ~ Jozita — Varkaliai, Žemaičių g. 2A
      Dyzelinas: 1.900 €/L → 1.830 €/L
  ~ Jozita — Papušynės k, Šilalės g. 105
      Dyzelinas: 1.900 €/L → 1.830 €/L
  ~ Jozita — Panevėžys, S. Kerbedžio g. 7F
      95 benzinas: 1.650 €/L → 1.610 €/L
      Dyzelinas: 1.900 €/L → 1.830 €/L
  ~ Eniris — Tiekėjų g. 34a, Kretinga
      Dyzelinas: 2.070 €/L → 2.060 €/L
  ~ Eniris — Paršežerio g.1, Vabalų k.
      Dyzelinas: 1.990 €/L → 1.960 €/L
  ~ Eniris — Dariaus ir Girėno g. 31, Plungė
      Dyzelinas: 2.050 €/L → 1.990 €/L
  ~ Eniris — Jurbarko g. 34, Raseiniai
      95 benzinas: 1.690 €/L → 1.680 €/L
      Dyzelinas: 1.990 €/L → 1.890 €/L
  ~ Eniris — Rytinio Kelio g. 2a, Šilalė
      Dyzelinas: 2.020 €/L → 1.920 €/L
  ~ Eniris — Mažeikių g. 1, Telšiai
      95 benzinas: 1.770 €/L → 1.750 €/L
      Dyzelinas: 2.070 €/L → 2.040 €/L
  ~ Eniris — Klaipėdos g. 76, Žemaičių Naumiestis
      Dyzelinas: 2.090 €/L → 2.010 €/L
  ~ Eniris — Minijos g. 1, Aleksandravo k.
      Dyzelinas: 2.060 €/L → 1.990 €/L
  ~ Eniris — Plento g.2, Ventos m.
      95 benzinas: 1.729 €/L → 1.699 €/L
  ~ Eniris — Laižuvos g. 82 d, Mažeikiai,
      95 benzinas: 1.639 €/L → 1.669 €/L
      Dyzelinas: 1.899 €/L → 1.949 €/L
  ~ Eniris — Skuodo g. 7, Stripinių k.
      95 benzinas: 1.729 €/L → 1.699 €/L
  ~ Eniris — Žemaitės g. 52, Užventis
      Dujos: 0.840 €/L → 0.930 €/L
  ~ Eniris — Ruoščių k. 1
      95 benzinas: 1.693 €/L → 1.683 €/L
      Dyzelinas: 1.994 €/L → 1.984 €/L
  ~ Eniris — Skabeikių k. 4
      95 benzinas: 1.729 €/L → 1.699 €/L
  ~ Naftrus — Šilo g. 1, Ylių k.
      Dyzelinas: 1.980 €/L → 1.950 €/L
  ~ Naftrus — Topolių g. 1, Degučių k.
      Dyzelinas: 1.920 €/L → 1.900 €/L
  ~ Naftrus — Vilniaus g. 3B, Raseiniai
      95 benzinas: 1.650 €/L → 1.630 €/L
      Dyzelinas: 1.949 €/L → 1.849 €/L
  ~ Narjanta — Kikonių g. 10, Aleksandrijos k.
      Dyzelinas: 2.019 €/L → 2.059 €/L
  ~ Narjanta — Pumpučių g. 25, Pumpučiai
      Dyzelinas: 2.079 €/L → 2.059 €/L
  ~ Narjanta — Vilniaus g. 32, Troškūnai
      Dyzelinas: 2.129 €/L → 2.099 €/L
  ~ Narjanta — S. Nėries g. 35, Vabalninkas
      Dyzelinas: 2.059 €/L → 2.039 €/L
  ~ Narjanta — Dvariškių vs. 2
      Dyzelinas: 2.029 €/L → 1.999 €/L
  ~ Neste Lietuva — Servečės g. 2, Vilnius
      95 benzinas: 1.719 €/L → 1.709 €/L
      Dyzelinas: 1.999 €/L → 1.929 €/L
  ~ Neste Lietuva — Ukmergės g. 296, Vilnius
      95 benzinas: 1.719 €/L → 1.699 €/L
      Dyzelinas: 2.019 €/L → 1.939 €/L
  ~ Neste Lietuva — Talino g. 2C, Vilnius
      Dyzelinas: 1.988 €/L → 1.949 €/L
  ~ Neste Lietuva — Erfurto g. 41, Vilnius
      95 benzinas: 1.719 €/L → 1.699 €/L
      Dyzelinas: 2.009 €/L → 1.919 €/L
  ~ Neste Lietuva — Geležinio Vilko g. 63, Vilnius
      Dyzelinas: 1.989 €/L → 1.909 €/L
  ~ Neste Lietuva — S. Stanevičiaus g. 3, Vilnius
      Dyzelinas: 1.999 €/L → 1.929 €/L
  ~ Neste Lietuva — Žirmūnų g. 68B, Vilnius
      Dyzelinas: 1.989 €/L → 1.904 €/L
  ~ Neste Lietuva — Rygos g. 2, Vilnius
      95 benzinas: 1.719 €/L → 1.699 €/L
      Dyzelinas: 1.999 €/L → 1.939 €/L
  ~ Neste Lietuva — Savanorių pr. 220A, Vilnius
      95 benzinas: 1.729 €/L → 1.699 €/L
      Dyzelinas: 2.019 €/L → 1.939 €/L
  ~ Neste Lietuva — Parodų g. 1A, Vilnius
      95 benzinas: 1.759 €/L → 1.719 €/L
      Dyzelinas: 1.999 €/L → 1.959 €/L
  ~ Neste Lietuva — Savanorių pr. 187, Vilnius
      95 benzinas: 1.689 €/L → 1.699 €/L
      Dyzelinas: 2.009 €/L → 1.939 €/L
  ~ Neste Lietuva — Kedrų g. 2, Vilnius
      Dyzelinas: 2.029 €/L → 2.019 €/L
  ~ Neste Lietuva — Molėtų pl. 8, Vilnius
      Dyzelinas: 1.979 €/L → 1.899 €/L
  ~ Neste Lietuva — P. Lukšio g. 22, Vilnius
      Dyzelinas: 1.979 €/L → 1.899 €/L
  ~ Neste Lietuva — Žirmūnų g. 54C, Vilnius
      Dyzelinas: 1.984 €/L → 1.904 €/L
  ~ Neste Lietuva — Subačiaus g. 64, Vilnius
      Dyzelinas: 2.019 €/L → 1.979 €/L
  ~ Neste Lietuva — Dariaus ir Girėno g. 17, Vilnius
      Dyzelinas: 2.019 €/L → 1.979 €/L
  ~ Neste Lietuva — Architektų g. 130, Vilnius
      95 benzinas: 1.754 €/L → 1.734 €/L
      Dyzelinas: 2.019 €/L → 1.994 €/L
  ~ Neste Lietuva — Justiniškių g. 14B, Vilnius
      95 benzinas: 1.719 €/L → 1.699 €/L
      Dyzelinas: 1.999 €/L → 1.939 €/L
  ~ Neste Lietuva — Geležinio Vilko g. 37A, Vilnius
      Dyzelinas: 1.999 €/L → 1.979 €/L
  ~ Neste Lietuva — Pilaitės pr. 27, Vilnius
      95 benzinas: 1.699 €/L → 1.689 €/L
      Dyzelinas: 1.979 €/L → 1.889 €/L
  ~ Neste Lietuva — Žirnių g. 17, Vilnius
      Dyzelinas: 2.019 €/L → 1.989 €/L
  ~ Neste Lietuva — J. Tiškevičiaus g. 19, Vilnius
      95 benzinas: 1.704 €/L → 1.714 €/L
      Dyzelinas: 2.019 €/L → 1.954 €/L
  ~ Neste Lietuva — Eišiškių pl. 82, Vilnius
      Dyzelinas: 2.009 €/L → 1.969 €/L
  ~ Neste Lietuva — Gariūnų g. 55, Vilnius
      95 benzinas: 1.709 €/L → 1.729 €/L
      Dyzelinas: 1.994 €/L → 1.949 €/L
  ~ Neste Lietuva — Panerių g. 42, Vilnius
      Dyzelinas: 1.999 €/L → 1.979 €/L
  ~ Neste Lietuva — Geležinio Vilko g. 41, Vilnius
      95 benzinas: 1.719 €/L → 1.729 €/L
  ~ Neste Lietuva — Pramonės pr. 6A, Kaunas
      95 benzinas: 1.724 €/L → 1.739 €/L
      Dyzelinas: 1.999 €/L → 1.929 €/L
  ~ Neste Lietuva — Jonavos g. 110, Kaunas
      95 benzinas: 1.679 €/L → 1.669 €/L
      Dyzelinas: 1.969 €/L → 1.899 €/L
  ~ Neste Lietuva — Veiverių g. 132D, Kaunas
      95 benzinas: 1.749 €/L → 1.714 €/L
      Dyzelinas: 2.029 €/L → 1.979 €/L
  ~ Neste Lietuva — Žemaičių pl. 26, Kaunas
      95 benzinas: 1.684 €/L → 1.699 €/L
      Dyzelinas: 1.974 €/L → 1.949 €/L
  ~ Neste Lietuva — R. Kalantos g. 27, Kaunas
      95 benzinas: 1.719 €/L → 1.734 €/L
      Dyzelinas: 1.999 €/L → 1.919 €/L
  ~ Neste Lietuva — Ateities pl. 50B, Kaunas
      95 benzinas: 1.674 €/L → 1.664 €/L
      Dyzelinas: 1.984 €/L → 1.884 €/L
  ~ Neste Lietuva — Taikos pr. 80A, Kaunas
      95 benzinas: 1.739 €/L → 1.729 €/L
      Dyzelinas: 1.999 €/L → 1.949 €/L
  ~ Neste Lietuva — Birželio 23-iosios g. 23A, Kaunas
      95 benzinas: 1.709 €/L → 1.679 €/L
      Dyzelinas: 1.999 €/L → 1.929 €/L
  ~ Neste Lietuva — Islandijos pl. 191E, Kaunas
      Dyzelinas: 1.989 €/L → 1.939 €/L
  ~ Neste Lietuva — Raudondvario pl. 103, Kaunas
      95 benzinas: 1.689 €/L → 1.679 €/L
      Dyzelinas: 1.949 €/L → 1.899 €/L
  ~ Neste Lietuva — Kuršių g. 1, Kaunas
      95 benzinas: 1.679 €/L → 1.669 €/L
      Dyzelinas: 1.989 €/L → 1.919 €/L
  ~ Neste Lietuva — Vijoklių g. 1C, Ramučių k.
      95 benzinas: 1.679 €/L → 1.689 €/L
      Dyzelinas: 1.974 €/L → 1.914 €/L
  ~ Neste Lietuva — Tunelio g. 26, Kaunas
      95 benzinas: 1.719 €/L → 1.704 €/L
      Dyzelinas: 1.999 €/L → 1.949 €/L
  ~ Neste Lietuva — Vakarų g. 14, Kumpių k.
      95 benzinas: 1.694 €/L → 1.684 €/L
      Dyzelinas: 1.999 €/L → 1.909 €/L
  ~ Neste Lietuva — Savanorių pr. 441C, Kaunas
      95 benzinas: 1.669 €/L → 1.679 €/L
      Dyzelinas: 1.969 €/L → 1.899 €/L
  ~ Neste Lietuva — Vakarinis aplinkkelis 18, Kaunas
      95 benzinas: 1.684 €/L → 1.689 €/L
      Dyzelinas: 1.969 €/L → 1.924 €/L
  ~ Neste Lietuva — Europos pr. 43, Kaunas
      95 benzinas: 1.719 €/L → 1.699 €/L
      Dyzelinas: 1.999 €/L → 1.979 €/L
  ~ Neste Lietuva — Plieno g. 1, Klaipėda
      95 benzinas: 1.669 €/L → 1.679 €/L
      Dyzelinas: 1.979 €/L → 1.899 €/L
  ~ Neste Lietuva — Šilutės pl. 30, Klaipėda
      95 benzinas: 1.689 €/L → 1.659 €/L
      Dyzelinas: 1.974 €/L → 1.884 €/L
  ~ Neste Lietuva — Taikos pr. 60, Klaipėda
      95 benzinas: 1.669 €/L → 1.678 €/L
      Dyzelinas: 1.969 €/L → 1.899 €/L
  ~ Neste Lietuva — Minijos g. 119, Klaipėda
      95 benzinas: 1.679 €/L → 1.688 €/L
      Dyzelinas: 1.979 €/L → 1.919 €/L
  ~ Neste Lietuva — Artojo g. 2, Klaipėda
      95 benzinas: 1.659 €/L → 1.649 €/L
      Dyzelinas: 1.969 €/L → 1.879 €/L
  ~ Neste Lietuva — Smiltelės g. 17, Klaipėda
      Dyzelinas: 1.979 €/L → 1.899 €/L
  ~ Neste Lietuva — Šilutės pl. 5C, Klaipėda
      95 benzinas: 1.649 €/L → 1.659 €/L
      Dyzelinas: 1.929 €/L → 1.869 €/L
  ~ Neste Lietuva — Vilniaus pl. 9, Jakų k.
      95 benzinas: 1.699 €/L → 1.708 €/L
      Dyzelinas: 1.999 €/L → 1.969 €/L
  ~ Neste Lietuva — Sendvario g. 2, Sudmantų k.
      Dyzelinas: 1.988 €/L → 1.929 €/L
  ~ Neste Lietuva — Gegužių g. 28, Šiauliai
      95 benzinas: 1.709 €/L → 1.719 €/L
      Dyzelinas: 1.959 €/L → 1.899 €/L
  ~ Neste Lietuva — Tilžės g. 72, Šiauliai
      95 benzinas: 1.714 €/L → 1.724 €/L
      Dyzelinas: 1.989 €/L → 1.904 €/L
  ~ Neste Lietuva — Dubijos g. 18A, Šiauliai
      95 benzinas: 1.699 €/L → 1.719 €/L
      Dyzelinas: 1.949 €/L → 1.919 €/L
  ~ Neste Lietuva — Klaipėdos g. 81, Panevėžys
      95 benzinas: 1.679 €/L → 1.669 €/L
      Dyzelinas: 1.979 €/L → 1.959 €/L
  ~ Neste Lietuva — Ramygalos g. 145B, Panevėžys
      Dyzelinas: 1.979 €/L → 1.959 €/L
  ~ Neste Lietuva — Klaipėdos g. 66,  Panevėžys
      95 benzinas: 1.704 €/L → 1.699 €/L
      Dyzelinas: 1.979 €/L → 1.959 €/L
  ~ Neste Lietuva — Ąžuolpamūšio g. 1A, Raubonių k..
      95 benzinas: 1.729 €/L → 1.699 €/L
      Dyzelinas: 1.989 €/L → 1.979 €/L
  ~ Neste Lietuva — Margirio g. 1B, Panevėžys
      Dyzelinas: 1.979 €/L → 1.929 €/L
  ~ Neste Lietuva — Klaipėdos g. 144B, Panevėžys
      95 benzinas: 1.709 €/L → 1.719 €/L
      Dyzelinas: 1.979 €/L → 1.959 €/L
  ~ Neste Lietuva — Panevėžio aplinkl. 22, Šilagalio k.
      95 benzinas: 1.669 €/L → 1.679 €/L
  ~ Neste Lietuva — Santaikos g. 34A, Alytus
      95 benzinas: 1.719 €/L → 1.699 €/L
      Dyzelinas: 1.999 €/L → 1.889 €/L
  ~ Neste Lietuva — Ūdrijos g. 31, Alytus
      95 benzinas: 1.719 €/L → 1.699 €/L
      Dyzelinas: 1.999 €/L → 1.929 €/L
  ~ Neste Lietuva — Stoties g. 4C, Marijampolė
      95 benzinas: 1.709 €/L → 1.689 €/L
      Dyzelinas: 2.009 €/L → 1.899 €/L
  ~ Neste Lietuva — Vilkaviškio g. 61D, Marijampolė
      95 benzinas: 1.704 €/L → 1.694 €/L
      Dyzelinas: 2.004 €/L → 1.929 €/L
  ~ Neste Lietuva — Europos g. 1, Salaperaugio k.
      95 benzinas: 1.739 €/L → 1.729 €/L
      Dyzelinas: 2.039 €/L → 1.929 €/L
  ~ Neste Lietuva — Europos g. 6, N.Valios k.
      Dyzelinas: 2.039 €/L → 1.929 €/L
  ~ Neste Lietuva — M. Daukšos g. 29, Mažeikiai
      95 benzinas: 1.699 €/L → 1.689 €/L
      Dyzelinas: 1.949 €/L → 1.899 €/L
  ~ Neste Lietuva — Katyčių k., Šilalės r.
      95 benzinas: 1.709 €/L → 1.719 €/L
      Dyzelinas: 2.014 €/L → 1.979 €/L
  ~ Neste Lietuva — J. Basanavičiaus g. 91E, Kėdainiai
      95 benzinas: 1.699 €/L → 1.684 €/L
      Dyzelinas: 1.999 €/L → 1.904 €/L
  ~ Neste Lietuva — Kauno g. 45B, Ukmergė
      Dyzelinas: 1.989 €/L → 1.919 €/L
  ~ Neste Lietuva — J. Basanavičiaus g. 129, Utena
      95 benzinas: 1.719 €/L → 1.699 €/L
      Dyzelinas: 1.989 €/L → 1.899 €/L
  ~ Neste Lietuva — Kupiškio g. 12, Utena
      95 benzinas: 1.714 €/L → 1.694 €/L
      Dyzelinas: 1.984 €/L → 1.894 €/L
  ~ Neste Lietuva — Aplinkkelio g. 165, Molėtai
      Dyzelinas: 1.999 €/L → 1.939 €/L
  ~ Neste Lietuva — Vilniaus g. 94, Pabradė
      Dyzelinas: 2.019 €/L → 1.979 €/L
  ~ Neste Lietuva — Plento g. 7, Gudžionių k.
      95 benzinas: 1.689 €/L → 1.684 €/L
      Dyzelinas: 1.984 €/L → 1.919 €/L
  ~ Neste Lietuva — Versmės g. 2, Radviliškis
      95 benzinas: 1.729 €/L → 1.699 €/L
      Dyzelinas: 2.029 €/L → 1.999 €/L
  ~ Neste Lietuva — Pušyno g. 11, Ylių k.
      95 benzinas: 1.729 €/L → 1.739 €/L
      Dyzelinas: 2.034 €/L → 1.999 €/L
  ~ Neste Lietuva — Dariaus ir Girėno g. 130A, Tauragė
      95 benzinas: 1.699 €/L → 1.679 €/L
      Dyzelinas: 1.959 €/L → 1.929 €/L
  ~ Neste Lietuva — Sabališkių g. 1U, Elektrėnai
      Dyzelinas: 2.019 €/L → 1.999 €/L
  ~ Neste Lietuva — Šiaulių pl. 1A, Gaudikaičių k.
      95 benzinas: 1.724 €/L → 1.714 €/L
      Dyzelinas: 2.029 €/L → 1.969 €/L
  ~ Orlen — Kauno g. 73, Alytus
      95 benzinas: 1.669 €/L → 1.689 €/L
  ~ Orlen — Biruliškių k.
      95 benzinas: 1.669 €/L → 1.689 €/L
  ~ Orlen — Beržų g. 2N, Ringaudai
      Dyzelinas: 1.999 €/L → 1.959 €/L
  ~ Orlen — Pramonės pr. 37, Kaunas
      95 benzinas: 1.679 €/L → 1.699 €/L
  ~ Orlen — Veiverių g. 148 B, Kaunas
      95 benzinas: 1.679 €/L → 1.699 €/L
      Dyzelinas: 1.979 €/L → 1.989 €/L
  ~ Orlen — Minijos g. 44, Klaipėda
      Dyzelinas: 1.979 €/L → 1.949 €/L
  ~ Orlen — Šilutės pl. 94, Klaipėda
      Dyzelinas: 1.989 €/L → 1.979 €/L
  ~ Orlen — Žemaitijos g. 42, Mažeikiai
      Dyzelinas: 1.959 €/L → 1.939 €/L
  ~ Orlen — Serbentų g. 82, Šiauliai
      Dyzelinas: 1.959 €/L → 1.949 €/L
  ~ Orlen — ​Plungės g. 33 D, Telšiai
      Dyzelinas: 1.969 €/L → 1.959 €/L
  ~ Orlen — Žirmūnų g. 1T, Vilnius
      Dyzelinas: 1.979 €/L → 1.969 €/L
  ~ Tomega — Gardino g. 98, Druskininkai
      Dyzelinas: 2.100 €/L → 2.060 €/L
  ~ Tomega — Tartoko k.
      95 benzinas: 1.769 €/L → 1.759 €/L
      Dyzelinas: 2.099 €/L → 2.079 €/L
  ~ Tomega — Dumblės k.
      95 benzinas: 1.779 €/L → 1.769 €/L
      Dyzelinas: 2.109 €/L → 2.089 €/L
  ~ Viada — Daugų k., Neveiglo g. 25
      95 benzinas: 1.759 €/L → 1.799 €/L
      Dyzelinas: 2.049 €/L → 2.019 €/L
  ~ Viada — Alytus, Naujoji g. 27
      95 benzinas: 1.749 €/L → 1.779 €/L
      Dyzelinas: 2.029 €/L → 1.999 €/L
  ~ Viada — Alytus, Ulonų g. 33B
      95 benzinas: 1.749 €/L → 1.779 €/L
      Dyzelinas: 2.029 €/L → 1.999 €/L
  ~ Viada — Biržai, Parodos g. 2
      95 benzinas: 1.759 €/L → 1.799 €/L
  ~ Viada — Biržai, Pasvalio g. 1B
      95 benzinas: 1.759 €/L → 1.799 €/L
  ~ Viada — Elektrėnai, Elektrinės g. 6
      95 benzinas: 1.789 €/L → 1.799 €/L
      Dyzelinas: 2.069 €/L → 2.049 €/L
  ~ Viada — Jonava, Darbininkų g. 4D
      95 benzinas: 1.779 €/L → 1.799 €/L
      Dyzelinas: 2.059 €/L → 2.039 €/L
  ~ Viada — Joniškis, Vilniaus g. 51
      95 benzinas: 1.739 €/L → 1.769 €/L
  ~ Viada — Kaunas, Ateities pl. 37A
      95 benzinas: 1.769 €/L → 1.789 €/L
      Dyzelinas: 2.049 €/L → 2.029 €/L
  ~ Viada — Kaunas, Baltijos g. 90B
      95 benzinas: 1.719 €/L → 1.749 €/L
      Dyzelinas: 1.999 €/L → 1.979 €/L
  ~ Viada — Kaunas, Biruliškių g. 18A
      95 benzinas: 1.769 €/L → 1.779 €/L
      Dyzelinas: 2.049 €/L → 2.029 €/L
  ~ Viada — Kaunas, K. Baršausko g. 64
      95 benzinas: 1.749 €/L → 1.779 €/L
  ~ Viada — Kaunas, Miežėnų g. 18
      95 benzinas: 1.719 €/L → 1.749 €/L
      Dyzelinas: 1.999 €/L → 1.979 €/L
  ~ Viada — Kaunas, P. Lukšio g. 66A
      95 benzinas: 1.719 €/L → 1.749 €/L
  ~ Viada — Kaunas, Pramonės pr. 44
      95 benzinas: 1.719 €/L → 1.749 €/L
      Dyzelinas: 2.009 €/L → 1.989 €/L
  ~ Viada — Kaunas, Raudondvario pl. 288
      95 benzinas: 1.779 €/L → 1.749 €/L
      Dyzelinas: 2.099 €/L → 1.979 €/L
  ~ Viada — Kaunas, Statybininkų g. 3A
      95 benzinas: 1.759 €/L → 1.769 €/L
      Dyzelinas: 2.059 €/L → 1.999 €/L
  ~ Viada — Kaunas, T. Masiulio g. 22B
      95 benzinas: 1.769 €/L → 1.779 €/L
      Dyzelinas: 2.049 €/L → 2.029 €/L
  ~ Viada — Kaunas, Veiverių g. 117
      95 benzinas: 1.789 €/L → 1.799 €/L
      Dyzelinas: 2.069 €/L → 2.039 €/L
  ~ Viada — Kaunas, Veiverių g. 124B
      95 benzinas: 1.789 €/L → 1.799 €/L
      Dyzelinas: 2.069 €/L → 2.039 €/L
  ~ Viada — Ilgakiemio k., Prienų g. 22
      95 benzinas: 1.799 €/L → 1.779 €/L
      Dyzelinas: 2.099 €/L → 2.059 €/L
  ~ Viada — Margavos k.
      Dyzelinas: 2.099 €/L → 2.059 €/L
  ~ Viada — Zapyškis, Vytauto g. 20A
      95 benzinas: 1.799 €/L → 1.779 €/L
      Dyzelinas: 2.099 €/L → 2.059 €/L
  ~ Viada — Klaipėda, Liepojos g. 242
      95 benzinas: 1.749 €/L → 1.759 €/L
      Dyzelinas: 2.059 €/L → 1.979 €/L
  ~ Viada — Klaipėda, Nemuno g. 139
      95 benzinas: 1.719 €/L → 1.749 €/L
      Dyzelinas: 2.019 €/L → 1.959 €/L
  ~ Viada — Klaipėda, Priestočio g. 28
      95 benzinas: 1.719 €/L → 1.749 €/L
      Dyzelinas: 2.019 €/L → 1.959 €/L
  ~ Viada — Klaipėda, Šilutės pl. 52
      95 benzinas: 1.749 €/L → 1.759 €/L
      Dyzelinas: 2.059 €/L → 1.979 €/L
  ~ Viada — Klaipėda, Taikos pr. 70A-1
      95 benzinas: 1.719 €/L → 1.749 €/L
      Dyzelinas: 2.019 €/L → 1.959 €/L
  ~ Viada — Gargždai, Vilniaus pl. 65
      95 benzinas: 1.779 €/L → 1.799 €/L
  ~ Viada — Kerelių k. 1A
      Dyzelinas: 2.059 €/L → 2.019 €/L
  ~ Viada — Kupiškis, Pergalės g. 15
      Dyzelinas: 2.059 €/L → 2.019 €/L
  ~ Viada — Lazdijai, Turistų g. 32
      Dyzelinas: 2.099 €/L → 2.089 €/L
  ~ Viada — Marijampolė, Geležinkelio g. 5
      95 benzinas: 1.759 €/L → 1.779 €/L
  ~ Viada — Marijampolė, J. Ambrazevičiaus-Brazaičio g. 2
      95 benzinas: 1.759 €/L → 1.779 €/L
  ~ Viada — Mažeikiai, Montuotojų g. 2A
      95 benzinas: 1.739 €/L → 1.769 €/L
      Dyzelinas: 1.999 €/L → 1.949 €/L
  ~ Viada — Mažeikiai, Žemaitijos g. 75
      95 benzinas: 1.739 €/L → 1.769 €/L
      Dyzelinas: 1.999 €/L → 1.949 €/L
  ~ Viada — Molėtai, Vilniaus g. 101
      95 benzinas: 1.759 €/L → 1.779 €/L
      Dyzelinas: 2.059 €/L → 2.039 €/L
  ~ Viada — Gojaus k., Utenos g. 16
      95 benzinas: 1.759 €/L → 1.779 €/L
      Dyzelinas: 2.059 €/L → 2.039 €/L
  ~ Viada — Šilagalio k., Panevėžio aplinkl. 5
      95 benzinas: 1.709 €/L → 1.739 €/L
      Dyzelinas: 2.009 €/L → 1.999 €/L
  ~ Viada — Tičkūnų k., Tičkūnų g. 31
      95 benzinas: 1.719 €/L → 1.749 €/L
      Dyzelinas: 1.999 €/L → 1.989 €/L
  ~ Viada — Panevėžys, J. Janonio g. 28A
      95 benzinas: 1.719 €/L → 1.749 €/L
      Dyzelinas: 1.999 €/L → 1.989 €/L
  ~ Viada — Panevėžys, Navadolio g. 31
      95 benzinas: 1.719 €/L → 1.749 €/L
      Dyzelinas: 1.999 €/L → 1.989 €/L
  ~ Viada — Panevėžys, Pušaloto g. 193A
      95 benzinas: 1.719 €/L → 1.749 €/L
      Dyzelinas: 1.999 €/L → 1.989 €/L
  ~ Viada — Panevėžys, Ramygalos g. 155
      95 benzinas: 1.719 €/L → 1.749 €/L
      Dyzelinas: 1.999 €/L → 1.989 €/L
  ~ Viada — Panevėžys, Ramygalos g. 186G
      95 benzinas: 1.719 €/L → 1.749 €/L
      Dyzelinas: 1.999 €/L → 1.989 €/L
  ~ Viada — Panevėžys, Senamiesčio g. 116A
      95 benzinas: 1.719 €/L → 1.749 €/L
      Dyzelinas: 1.999 €/L → 1.989 €/L
  ~ Viada — Panevėžys, Venslaviškio g. 16
      95 benzinas: 1.719 €/L → 1.749 €/L
      Dyzelinas: 1.999 €/L → 1.989 €/L
  ~ Viada — Brazdigalos k. 1
      Dyzelinas: 2.099 €/L → 2.059 €/L
  ~ Viada — Mačiūnų k., Kauno pl. 40
      95 benzinas: 1.799 €/L → 1.779 €/L
      Dyzelinas: 2.099 €/L → 2.059 €/L
  ~ Viada — Šiauliai, Dubijos g. 1C
      95 benzinas: 1.759 €/L → 1.769 €/L
      Dyzelinas: 2.019 €/L → 1.969 €/L
  ~ Viada — Šiauliai, Gegužių g. 26
      95 benzinas: 1.759 €/L → 1.769 €/L
      Dyzelinas: 2.019 €/L → 1.969 €/L
  ~ Viada — Šiauliai, J. Basanavičiaus g. 122A
      95 benzinas: 1.759 €/L → 1.769 €/L
      Dyzelinas: 2.019 €/L → 1.969 €/L
  ~ Viada — Šiauliai, Tilžės g. 274
      95 benzinas: 1.759 €/L → 1.769 €/L
      Dyzelinas: 2.019 €/L → 1.969 €/L
  ~ Viada — Šiauliai, Užmiesčio g. 2
      95 benzinas: 1.759 €/L → 1.769 €/L
      Dyzelinas: 2.039 €/L → 1.979 €/L
  ~ Viada — Šilutė, Tilžės g. 59
      95 benzinas: 1.759 €/L → 1.789 €/L
      Dyzelinas: 2.009 €/L → 1.999 €/L
  ~ Viada — Širvintos, Plento g. 4
      Dyzelinas: 2.059 €/L → 1.999 €/L
  ~ Viada — Pabradė, Vilniaus g. 116B
      Dyzelinas: 2.099 €/L → 2.059 €/L
  ~ Viada — Tauragė, Dariaus ir Girėno g. 138A
      95 benzinas: 1.719 €/L → 1.749 €/L
      Dyzelinas: 1.999 €/L → 1.979 €/L
  ~ Viada — Tauragė, Pramonės g. 1
      95 benzinas: 1.719 €/L → 1.749 €/L
      Dyzelinas: 1.999 €/L → 1.979 €/L
  ~ Viada — Telšiai, Pramonės g. 2A
      95 benzinas: 1.739 €/L → 1.769 €/L
  ~ Viada — Ukmergė, Žiedo g. 15
      Dyzelinas: 2.059 €/L → 1.999 €/L
  ~ Viada — Utena, Metalo g. 8
      95 benzinas: 1.769 €/L → 1.799 €/L
      Dyzelinas: 2.029 €/L → 1.999 €/L
  ~ Viada — Utena, Pramonės g. 23
      95 benzinas: 1.769 €/L → 1.799 €/L
      Dyzelinas: 2.029 €/L → 1.999 €/L
  ~ Viada — Gedimino k., Vyturio g. 2
      95 benzinas: 1.769 €/L → 1.799 €/L
      Dyzelinas: 2.029 €/L → 1.999 €/L
  ~ Viada — Avižienių k., Ožiarūčių g. 1a
      95 benzinas: 1.779 €/L → 1.799 €/L
      Dyzelinas: 2.069 €/L → 2.059 €/L
  ~ Viada — Vilnius, Ateities g. 17B
      Dyzelinas: 2.039 €/L → 1.999 €/L
  ~ Viada — Vilnius, Dariaus ir Girėno g. 30A
      95 benzinas: 1.779 €/L → 1.799 €/L
      Dyzelinas: 2.049 €/L → 2.029 €/L
  ~ Viada — Vilnius, Gariūnų g. 16A
      95 benzinas: 1.729 €/L → 1.759 €/L
      Dyzelinas: 2.039 €/L → 1.999 €/L
  ~ Viada — Vilnius, Grigiškės, Kovo 11-osios g. 75
      Dyzelinas: 2.099 €/L → 2.049 €/L
  ~ Viada — Vilnius, Justiniškių g. 12
      Dyzelinas: 2.059 €/L → 1.999 €/L
  ~ Viada — Vilnius, Kirtimų g. 29
      95 benzinas: 1.759 €/L → 1.799 €/L
      Dyzelinas: 2.079 €/L → 2.049 €/L
  ~ Viada — Vilnius, Laisvės pr. 8
      95 benzinas: 1.779 €/L → 1.799 €/L
      Dyzelinas: 2.079 €/L → 2.049 €/L
  ~ Viada — Vilnius, Liepkalnio g. 128A
      95 benzinas: 1.779 €/L → 1.799 €/L
      Dyzelinas: 2.079 €/L → 2.049 €/L
  ~ Viada — Vilnius, Naugarduko g. 74
      95 benzinas: 1.779 €/L → 1.799 €/L
      Dyzelinas: 2.079 €/L → 2.049 €/L
  ~ Viada — Vilnius, Nemenčinės pl. 5
      Dyzelinas: 2.099 €/L → 2.049 €/L
  ~ Viada — Vilnius, Olandų g. 57
      95 benzinas: 1.779 €/L → 1.799 €/L
      Dyzelinas: 2.079 €/L → 2.049 €/L
  ~ Viada — Vilnius, Ozo g. 12
      95 benzinas: 1.749 €/L → 1.779 €/L
      Dyzelinas: 2.069 €/L → 2.029 €/L
  ~ Viada — Vilnius, Pilaitės pr. 13
      95 benzinas: 1.779 €/L → 1.799 €/L
      Dyzelinas: 2.069 €/L → 2.049 €/L
  ~ Viada — Vilnius, Pilaitės pr. 28
      95 benzinas: 1.779 €/L → 1.799 €/L
      Dyzelinas: 2.069 €/L → 2.049 €/L
  ~ Viada — Vilnius, Saltoniškių g. 12
      95 benzinas: 1.739 €/L → 1.769 €/L
      Dyzelinas: 2.059 €/L → 2.019 €/L
  ~ Viada — Vilnius, Verkių g. 52
      95 benzinas: 1.729 €/L → 1.759 €/L
      Dyzelinas: 1.999 €/L → 1.979 €/L
  ~ Viada — Vilnius, Vilkpėdės g. 2
      95 benzinas: 1.739 €/L → 1.779 €/L
      Dyzelinas: 2.029 €/L → 2.039 €/L
  ~ Viada — Visaginas, Statybininkų g. 1
      Dyzelinas: 2.059 €/L → 1.999 €/L
  ~ Viada — Visaginas, Taikos pr. 23B
      Dyzelinas: 2.059 €/L → 1.999 €/L
  ~ Nostrada (RV Transport) — Kazlavo km. 4 Kalvarijos sav.
      Dyzelinas: 1.990 €/L → 1.920 €/L
  ~ Utentra — Utena, Pramonės g. 16
      Dyzelinas: 1.939 €/L → 1.869 €/L
  ~ Skulas — Simnas, Alytaus g. 48
      Dyzelinas: 2.030 €/L → 2.010 €/L
  ~ Skulas — Kaunas, Ašigalio g. 1 A
      95 benzinas: 1.689 €/L → 1.679 €/L
      Dyzelinas: 1.999 €/L → 1.949 €/L
  ~ Skulas — Kaunas, Marvelės g. 106 D
      95 benzinas: 1.689 €/L → 1.679 €/L
      Dyzelinas: 2.009 €/L → 1.959 €/L
  ~ Skulas — Virbališkių k., Verslo g. 2
      95 benzinas: 1.690 €/L → 1.680 €/L
      Dyzelinas: 2.010 €/L → 1.960 €/L
      Dujos: 0.870 €/L → 0.860 €/L
  ~ Skulas — Pasvalys, Mūšos g. 2 E
      Dujos: 0.880 €/L → 0.860 €/L
  ~ Skulas — Vilnius, J.Kazlausko g. 34
      95 benzinas: 1.679 €/L → 1.669 €/L
      Dyzelinas: 1.979 €/L → 1.899 €/L
      Dujos: 0.889 €/L → 0.869 €/L
  ~ Deliuvis — Pušaloto g. 140, Panevėžys
      Dyzelinas: 1.899 €/L → 1.919 €/L
  ~ Deliuvis — G.Petkevičaitės-Bitės 35C, Panevėžys
      Dyzelinas: 1.899 €/L → 1.919 €/L
  ~ Deliuvis — S.Kerbedžio 2, Panevėžys
      Dyzelinas: 1.899 €/L → 1.919 €/L
  ~ Velseka — Panevėžio g. 5, Kupiškis
      95 benzinas: 1.659 €/L → 1.679 €/L
      Dyzelinas: 1.989 €/L → 1.909 €/L
      Dujos: 0.899 €/L → 0.859 €/L
  ~ Prie Luksto — Telšiai, Masčio g. 21
      95 benzinas: 1.735 €/L → 1.765 €/L
      Dyzelinas: 2.005 €/L → 2.025 €/L
  ~ Boost Petrol — Ginkūnų k., Aušros g. 26
      95 benzinas: 1.749 €/L → 1.759 €/L
      Dyzelinas: 2.019 €/L → 1.999 €/L
      Dujos: 0.959 €/L → 0.949 €/L
  ~ Boost Petrol — Kęstučio g. 1B, Kelmė
      95 benzinas: 1.749 €/L → 1.759 €/L
      Dyzelinas: 2.019 €/L → 1.999 €/L
      Dujos: 0.959 €/L → 0.949 €/L
  ~ Boost Petrol — Kuršukų k., Plento g. 1
      95 benzinas: 1.759 €/L → 1.779 €/L
      Dyzelinas: 2.049 €/L → 2.029 €/L
  ~ Boost Petrol — Marvelės g. 132, Kaunas
      95 benzinas: 1.759 €/L → 1.779 €/L
      Dyzelinas: 2.049 €/L → 2.029 €/L
      Dujos: 0.960 €/L → 0.950 €/L
  ~ Boost Petrol — Dubijos g. 36
      95 benzinas: 1.769 €/L → 1.799 €/L
      Dyzelinas: 2.059 €/L → 2.049 €/L
  ~ Boost Petrol — Smėlinkos k.
      Dyzelinas: 2.019 €/L → 1.990 €/L
  ~ Boost Petrol — Zarasų g. 9, Utena
      Dyzelinas: 2.059 €/L → 1.989 €/L
  ~ Boost Petrol — Maironių k., Kuršių g. 2
      Dyzelinas: 1.990 €/L → 1.980 €/L
  ~ Stateta — Kantališkių k.
      Dyzelinas: 1.999 €/L → 1.950 €/L
  ~ Stateta — Ukmergės g. 246, Vilnius
      Dyzelinas: 1.999 €/L → 1.949 €/L
  ~ Stateta — Alytaus k.
      Dyzelinas: 1.999 €/L → 1.949 €/L
  ~ Stateta — Kauno g.1, Miklusėnai
      Dyzelinas: 1.999 €/L → 1.949 €/L
  ~ Stateta — Kaniukų k.
      Dyzelinas: 1.999 €/L → 1.949 €/L
  ~ Stateta — Erdvės g. 78, Ramučių k.
      Dyzelinas: 1.999 €/L → 1.949 €/L
  ~ Stateta — Turgaus g. 4, Kreivukė
      Dyzelinas: 1.999 €/L → 1.949 €/L
  ~ Stateta — Minijos g. 90, Klaipėda
      Dyzelinas: 1.999 €/L → 1.949 €/L
  ~ Emsi — Ūdrijos g.2, Alytus
      95 benzinas: 1.650 €/L → 1.660 €/L
  ~ Emsi — Bukiškio k. Ukmergės g.437
      Dujos: 0.950 €/L → 0.900 €/L
  ~ Emsi — Draugystės g.8B, Kaunas
      95 benzinas: 1.669 €/L → 1.679 €/L
      Dyzelinas: 1.969 €/L → 1.979 €/L
      Dujos: 0.889 €/L → 0.899 €/L
  ~ Emsi — Jeruzalės 2, Vilnius
      95 benzinas: 1.699 €/L → 1.669 €/L
      Dyzelinas: 1.999 €/L → 1.989 €/L
  ~ Emsi — Vasario 16-osios g.70, Jonava
      95 benzinas: 1.739 €/L → 1.699 €/L
      Dyzelinas: 2.019 €/L → 1.999 €/L
  ~ Emsi — Kareivių g. 4, Vilnius
      95 benzinas: 1.699 €/L → 1.689 €/L
      Dyzelinas: 1.999 €/L → 1.989 €/L
  ~ Emsi — Kirtimų g. 33, Vilnius
      95 benzinas: 1.699 €/L → 1.679 €/L
      Dyzelinas: 1.999 €/L → 1.979 €/L
  ~ Emsi — Sodų g.3A, Lentvaris
      Dyzelinas: 1.990 €/L → 1.970 €/L
  ~ Emsi — Stoties g. 6B, Marijampolė
      95 benzinas: 1.679 €/L → 1.689 €/L
      Dyzelinas: 1.979 €/L → 1.989 €/L
      Dujos: 0.930 €/L → 0.940 €/L
  ~ Emsi — Savanorių pr.402A, Kaunas
      95 benzinas: 1.679 €/L → 1.669 €/L
      Dyzelinas: 1.979 €/L → 1.969 €/L
  ~ Emsi — Taikos g.1, Kreivalaužių k.
      95 benzinas: 1.690 €/L → 1.670 €/L
      Dyzelinas: 1.990 €/L → 1.970 €/L
  ~ Emsi — Nemuno g.79A, Panevėžys
      95 benzinas: 1.669 €/L → 1.659 €/L
      Dyzelinas: 1.969 €/L → 1.959 €/L
  ~ Emsi — Paukštininkų g.4a, Kaišiadorys
      Dyzelinas: 2.039 €/L → 1.999 €/L
  ~ Emsi — Kauno g.165, Pietarių k.
      95 benzinas: 1.679 €/L → 1.689 €/L
      Dyzelinas: 1.979 €/L → 1.989 €/L
      Dujos: 0.939 €/L → 0.949 €/L
  ~ Emsi — Pajautos g. 31, Vilnius (Pilaitė)
      Dujos: 0.930 €/L → 0.920 €/L
  ~ Emsi — Miško g.62, Radviliškis
      Dyzelinas: 2.009 €/L → 1.999 €/L
  ~ Emsi — Raščių k. 1A
      Dyzelinas: 2.019 €/L → 1.999 €/L
  ~ Emsi — Savanorių 225, Vilnius
      Dyzelinas: 1.999 €/L → 1.989 €/L
  ~ Emsi — Sembos g.5, Šiauliai
      95 benzinas: 1.699 €/L → 1.679 €/L
      Dyzelinas: 1.999 €/L → 1.979 €/L
  ~ Emsi — Šilagalio k., Panevėžio aplinkl.12
      95 benzinas: 1.679 €/L → 1.669 €/L
      Dyzelinas: 1.979 €/L → 1.969 €/L
  ~ Emsi — Gluosnių g.4A, Šilutė
      95 benzinas: 1.670 €/L → 1.680 €/L
      Dyzelinas: 1.970 €/L → 1.940 €/L
  ~ Emsi — Skaisčiūnų k., Europos g.11
      95 benzinas: 1.679 €/L → 1.689 €/L
      Dyzelinas: 1.979 €/L → 1.989 €/L
      Dujos: 0.939 €/L → 0.949 €/L
  ~ Emsi — Gunkliškių g.2F, Vilnius
      Dyzelinas: 1.999 €/L → 1.979 €/L
  ~ Emsi — S.Nėries g.38, Vilkaviškis
      Dyzelinas: 2.019 €/L → 2.039 €/L
  ~ Emsi — Žemaitkiemis, Stasio Krasausko g. 21
      Dyzelinas: 2.019 €/L → 1.999 €/L
  ~ Virši — L.Taunio g. 3, Pasūduonės km.
      95 benzinas: 1.784 €/L → 1.774 €/L
      Dyzelinas: 2.094 €/L → 1.984 €/L
      Dujos: 0.994 €/L → 0.985 €/L
  ~ GM Circle K — Kauno g. 68, Girėnų k.
      Dyzelinas: 2.087 €/L → 2.047 €/L
  ~ GM Circle K — Muitinės g. 34A, Jurbarkas
      Dyzelinas: 2.087 €/L → 2.047 €/L
  ~ Žibalas — Jonava, Taurostos g. 16a
      Dyzelinas: 2.080 €/L → 2.050 €/L
  ~ Circle K — Pramogų g. 4, Truikių k.
      Dyzelinas: 2.069 €/L → 1.999 €/L
  ~ Regusa — Sodo g. 11, Gavaltuvos k.
      Dyzelinas: 2.010 €/L → 1.980 €/L
  ~ Circle K — Plungės g. 32, Rietavas
      95 benzinas: 1.779 €/L → 1.769 €/L
      Dyzelinas: 1.999 €/L → 1.989 €/L
  ~ Eu Verslas — Telšių g. 127, Jovaišiškės k.
      95 benzinas: 1.639 €/L → 1.659 €/L
      Dyzelinas: 1.899 €/L → 1.959 €/L
  ~ Eu Verslas — Stoties g. 7C, Plungė
      95 benzinas: 1.700 €/L → 1.660 €/L
      Dyzelinas: 2.010 €/L → 1.960 €/L
  ~ Šventosios investicijos — Elijos g.26 Palanga (Šventoji)
      Dyzelinas: 2.079 €/L → 2.059 €/L
  ~ Circle K — J.Basanavičiaus g. 103, Kėdainiai
      95 benzinas: 1.749 €/L → 1.779 €/L
      Dyzelinas: 2.049 €/L → 1.969 €/L
  ~ S.Savicko įmonė — Šėtos g. 120 , Kėdainiai
      95 benzinas: 1.719 €/L → 1.689 €/L
      Dyzelinas: 2.019 €/L → 1.939 €/L
  ~ S.Savicko įmonė — Dariaus ir Girėno 23 A, Kėdainiai
      95 benzinas: 1.719 €/L → 1.689 €/L
      Dyzelinas: 2.019 €/L → 1.939 €/L
  ~ S.Savicko įmonė — Gedimino g. 50 , Kėdainiai
      95 benzinas: 1.719 €/L → 1.689 €/L
      Dyzelinas: 2.019 €/L → 1.939 €/L
  ~ S.Savicko įmonė — Vandžiogalos g 29,Saviečių k.
      95 benzinas: 1.719 €/L → 1.689 €/L
      Dyzelinas: 2.019 €/L → 1.939 €/L

Unchanged: 303 station(s).
