=== 2026-04-17 ===

New stations (1):
  + Apsaga — Šiaulių g.12, Radviliškis, Radviliškio r. sav.
    Coords: 55.81545, 23.54368
    95: 1.699 €/L  |  Dyzelinas: 2.049 €/L  |  Dujos: 0.969 €/L
Removed stations: none.

Price changes (558):
  ~ Alauša — Palijoniškio g. 1, Utena
      95 benzinas: 1.694 €/L → 1.629 €/L
      Dyzelinas: 2.054 €/L → 1.979 €/L
  ~ Alauša — Kosmoso g. 3, Visaginas
      95 benzinas: 1.699 €/L → 1.679 €/L
      Dyzelinas: 2.099 €/L → 1.989 €/L
  ~ Alauša — Palemono g. 171, Kaunas
      95 benzinas: 1.699 €/L → 1.645 €/L
      Dyzelinas: 2.079 €/L → 1.979 €/L
  ~ Alauša — Kalvarijų g. 204G, Vilnius
      95 benzinas: 1.684 €/L → 1.629 €/L
      Dyzelinas: 2.054 €/L → 1.979 €/L
  ~ Alauša — Kirtimų g. 23A, Vilnius
      95 benzinas: 1.699 €/L → 1.629 €/L
      Dyzelinas: 2.059 €/L → 1.979 €/L
  ~ Alauša — Pelesos g. 1/2, Vilnius
      95 benzinas: 1.719 €/L → 1.659 €/L
      Dyzelinas: 2.079 €/L → 1.979 €/L
  ~ Alauša — Kauno g. 37, Ukmergė
      95 benzinas: 1.674 €/L → 1.629 €/L
      Dyzelinas: 2.054 €/L → 1.979 €/L
  ~ Alauša — Plento g. 17, Daugailiai
      95 benzinas: 1.694 €/L → 1.629 €/L
      Dyzelinas: 2.054 €/L → 1.979 €/L
  ~ Alauša — Bajorų k.
      95 benzinas: 1.699 €/L → 1.679 €/L
      Dyzelinas: 2.099 €/L → 1.989 €/L
  ~ Alauša — Vilniaus g. 8, Grigiškės
      95 benzinas: 1.699 €/L → 1.679 €/L
      Dyzelinas: 2.099 €/L → 1.999 €/L
      Dujos: 0.939 €/L → 0.909 €/L
  ~ Alauša — Plytinės g. 2, Puskelnių k.
      95 benzinas: 1.659 €/L → 1.629 €/L
      Dyzelinas: 2.054 €/L → 1.979 €/L
  ~ Alauša — Stoties g. 49, Marijampolė
      95 benzinas: 1.669 €/L → 1.629 €/L
      Dyzelinas: 2.054 €/L → 1.979 €/L
  ~ Alauša — Paširvio g. 1, Paširvinčio k.
      95 benzinas: 1.679 €/L → 1.629 €/L
      Dyzelinas: 2.054 €/L → 1.979 €/L
  ~ Alauša — Šakių g. 51, Kudirkos Naumiestis
      95 benzinas: 1.704 €/L → 1.679 €/L
      Dyzelinas: 2.124 €/L → 1.999 €/L
  ~ Alauša — Skraičionių g. 1, Skraičionių k.
      95 benzinas: 1.759 €/L → 1.689 €/L
      Dyzelinas: 2.199 €/L → 2.089 €/L
  ~ Alauša — Europos g. 17, Salaperaugio k.
      95 benzinas: 1.699 €/L → 1.649 €/L
      Dyzelinas: 2.099 €/L → 1.999 €/L
  ~ Alauša — Švenčionių g. 29A, Ignalina
      95 benzinas: 1.719 €/L → 1.729 €/L
      Dyzelinas: 2.099 €/L → 2.059 €/L
  ~ Alauša — Šiaurės g. 39, Vilnius
      95 benzinas: 1.699 €/L → 1.629 €/L
      Dyzelinas: 2.089 €/L → 1.979 €/L
  ~ Alauša — Sporto g. 50A, Marijampolė
      95 benzinas: 1.669 €/L → 1.629 €/L
      Dyzelinas: 2.054 €/L → 1.979 €/L
  ~ Alauša — J. Basanavičiaus g. 1C, Utena
      95 benzinas: 1.694 €/L → 1.629 €/L
      Dyzelinas: 2.054 €/L → 1.979 €/L
  ~ Alauša — Šv. Stepono g. 44, Vilnius
      95 benzinas: 1.699 €/L → 1.659 €/L
      Dyzelinas: 2.099 €/L → 1.989 €/L
  ~ Alauša — Buivydiškių g. 5, Vilnius
      95 benzinas: 1.719 €/L → 1.629 €/L
      Dyzelinas: 2.059 €/L → 1.979 €/L
  ~ Alauša — Santaikos g. 2A, Santaikos k.
      95 benzinas: 1.714 €/L → 1.629 €/L
      Dyzelinas: 2.099 €/L → 1.979 €/L
  ~ Alauša — Laisvės pr. 125A, Vilnius
      95 benzinas: 1.719 €/L → 1.629 €/L
      Dyzelinas: 2.059 €/L → 1.979 €/L
  ~ Alauša — Dariaus ir Girėno g. 36, Obeliai
      Dyzelinas: 2.039 €/L → 1.999 €/L
  ~ Alauša — A. Vienuolio g. 32A, Anykščiai
      95 benzinas: 1.699 €/L → 1.629 €/L
      Dyzelinas: 2.054 €/L → 1.979 €/L
  ~ Apsaga — Vilniaus g.16, Šiauliai
      95 benzinas: 1.739 €/L → 1.729 €/L
      Dyzelinas: 2.129 €/L → 2.069 €/L
      Dujos: 0.909 €/L → 0.890 €/L
  ~ Apsaga — Pramonės g. 3A, Šiauliai
      95 benzinas: 1.759 €/L → 1.749 €/L
      Dyzelinas: 2.139 €/L → 2.089 €/L
      Dujos: 0.919 €/L → 0.910 €/L
  ~ Apsaga — Pramonės g. 28, Šiauliai
      95 benzinas: 1.759 €/L → 1.749 €/L
      Dyzelinas: 2.139 €/L → 2.089 €/L
  ~ Apsaga — Nuklono g. 4, Šiauliai
      95 benzinas: 1.759 €/L → 1.749 €/L
      Dyzelinas: 2.149 €/L → 2.089 €/L
  ~ Apsaga — Tilžės g. 223, Šiauliai
      95 benzinas: 1.759 €/L → 1.749 €/L
      Dyzelinas: 2.149 €/L → 2.069 €/L
  ~ Apsaga — V. Bielskio g. 47A, Šiauliai
      95 benzinas: 1.750 €/L → 1.700 €/L
      Dyzelinas: 2.150 €/L → 2.060 €/L
  ~ Apsaga — Beržų g. 19, Baisogalos k.
      95 benzinas: 1.774 €/L → 1.699 €/L
      Dyzelinas: 2.204 €/L → 2.049 €/L
  ~ Apsaga — Radikių k.
      95 benzinas: 1.774 €/L → 1.699 €/L
      Dyzelinas: 2.169 €/L → 2.049 €/L
  ~ Baltic Petroleum — Vilnius, Antakalnio g. 128
      95 benzinas: 1.709 €/L → 1.679 €/L
      Dyzelinas: 2.109 €/L → 2.069 €/L
  ~ Baltic Petroleum — Gudžionių k., Plento g. 24
      95 benzinas: 1.789 €/L → 1.769 €/L
      Dyzelinas: 2.149 €/L → 2.099 €/L
  ~ Baltic Petroleum — Vilnius, Gerosios Vilties g. 33
      95 benzinas: 1.779 €/L → 1.759 €/L
      Dyzelinas: 2.139 €/L → 2.099 €/L
  ~ Baltic Petroleum — Vilnius, Savanorių pr. 121
      95 benzinas: 1.739 €/L → 1.699 €/L
      Dyzelinas: 2.089 €/L → 2.039 €/L
  ~ Baltic Petroleum — Kaunas, Raudondvario pl. 82
      95 benzinas: 1.719 €/L → 1.699 €/L
      Dyzelinas: 2.079 €/L → 2.019 €/L
  ~ Baltic Petroleum — Kaunas, Jonavos g. 60A
      95 benzinas: 1.729 €/L → 1.699 €/L
      Dyzelinas: 2.099 €/L → 2.029 €/L
  ~ Baltic Petroleum — Jaučiakių k.
      Dyzelinas: 2.179 €/L → 2.099 €/L
  ~ Baltic Petroleum — Klaipėda, Šilutės pl. 1
      95 benzinas: 1.659 €/L → 1.609 €/L
      Dyzelinas: 2.009 €/L → 1.989 €/L
      Dujos: 0.919 €/L → 0.899 €/L
  ~ Baltic Petroleum — Palanga, Klaipėdos pl. 44
      95 benzinas: 1.779 €/L → 1.769 €/L
      Dyzelinas: 2.129 €/L → 2.099 €/L
  ~ Baltic Petroleum — Šilutė, Klaipėdos g. 4A
      95 benzinas: 1.699 €/L → 1.669 €/L
      Dyzelinas: 2.099 €/L → 1.999 €/L
  ~ Baltic Petroleum — Alytus, Santaikos g. 33
      95 benzinas: 1.719 €/L → 1.649 €/L
      Dyzelinas: 2.069 €/L → 2.039 €/L
  ~ Baltic Petroleum — Druskininkai, Gardino g. 79
      95 benzinas: 1.799 €/L → 1.729 €/L
      Dyzelinas: 2.209 €/L → 2.129 €/L
  ~ Baltic Petroleum — Lazdijai, Turistų g. 88
      95 benzinas: 1.709 €/L → 1.669 €/L
      Dyzelinas: 2.099 €/L → 2.019 €/L
  ~ Baltic Petroleum — Telšiai, Šiaulių pl. 12
      95 benzinas: 1.784 €/L → 1.739 €/L
      Dyzelinas: 2.129 €/L → 2.079 €/L
  ~ Baltic Petroleum — Joniškis, Vilniaus g. 72
      95 benzinas: 1.739 €/L → 1.719 €/L
  ~ Baltic Petroleum — Panevėžys, Velžio kelias 74
      95 benzinas: 1.729 €/L → 1.684 €/L
      Dyzelinas: 2.069 €/L → 2.034 €/L
  ~ Baltic Petroleum — Utena, Basanavičiaus g. 1B
      95 benzinas: 1.699 €/L → 1.634 €/L
      Dyzelinas: 2.059 €/L → 1.984 €/L
  ~ Baltic Petroleum — Raseiniai, Vilniaus g. 30
      95 benzinas: 1.709 €/L → 1.634 €/L
      Dyzelinas: 2.099 €/L → 1.984 €/L
  ~ Baltic Petroleum — Jurbarkas, Muitinės g. 22A
      Dyzelinas: 2.120 €/L → 2.100 €/L
  ~ Baltic Petroleum — Prienai, Vilniaus g. 3A
      95 benzinas: 1.739 €/L → 1.699 €/L
      Dyzelinas: 2.069 €/L → 2.059 €/L
  ~ Baltic Petroleum — Kėdainiai, J. Basanavičiaus g. 95B
      95 benzinas: 1.789 €/L → 1.739 €/L
      Dyzelinas: 2.159 €/L → 2.079 €/L
  ~ Baltic Petroleum — Ukmergė, Kauno g. 49
      95 benzinas: 1.679 €/L → 1.634 €/L
      Dyzelinas: 2.059 €/L → 1.984 €/L
  ~ Baltic Petroleum — Valantiškio k.
      Dyzelinas: 2.109 €/L → 2.079 €/L
  ~ Baltic Petroleum — Šakiai, Sodų g. 1
      Dyzelinas: 2.129 €/L → 2.109 €/L
  ~ Baltic Petroleum — Vilnius  Kalvarijų g. 161A
      95 benzinas: 1.689 €/L → 1.634 €/L
      Dyzelinas: 2.079 €/L → 1.984 €/L
  ~ Baltic Petroleum — Trakai, Vilniaus g. 33
      95 benzinas: 1.809 €/L → 1.769 €/L
      Dyzelinas: 2.159 €/L → 2.119 €/L
  ~ Baltic Petroleum — Molėtai, Vilniaus g.104
      95 benzinas: 1.759 €/L → 1.739 €/L
      Dyzelinas: 2.159 €/L → 2.089 €/L
  ~ Baltic Petroleum — Kaunas, Minkovskių g. 132
      95 benzinas: 1.789 €/L → 1.729 €/L
      Dyzelinas: 2.149 €/L → 2.069 €/L
  ~ Baltic Petroleum — Varėna, Čiurlionio g. 63
      95 benzinas: 1.829 €/L → 1.719 €/L
  ~ Baltic Petroleum — Vilnius, Metalo g. 4B
      95 benzinas: 1.739 €/L → 1.719 €/L
      Dyzelinas: 2.149 €/L → 2.059 €/L
  ~ Baltic Petroleum — Šalčininkai, Vilniaus g. 5A
      95 benzinas: 1.799 €/L → 1.769 €/L
      Dyzelinas: 2.209 €/L → 2.099 €/L
  ~ Baltic Petroleum — Širvintos, Musninkų g. 21
      95 benzinas: 1.679 €/L → 1.634 €/L
      Dyzelinas: 1.999 €/L → 1.984 €/L
  ~ Baltic Petroleum — Kaunas, Chemijos g. 6
      95 benzinas: 1.759 €/L → 1.709 €/L
      Dyzelinas: 2.119 €/L → 2.059 €/L
  ~ Baltic Petroleum — N. Akmenė, V. Kudirkos g. 21A
      95 benzinas: 1.720 €/L → 1.710 €/L
      Dyzelinas: 2.140 €/L → 2.080 €/L
  ~ Baltic Petroleum — Vilkaraisčio k.
      95 benzinas: 1.740 €/L → 1.700 €/L
      Dyzelinas: 2.100 €/L → 2.050 €/L
  ~ Baltic Petroleum — Panevėžys, Smėlynės g. 169
      95 benzinas: 1.729 €/L → 1.689 €/L
      Dyzelinas: 2.129 €/L → 2.039 €/L
  ~ Baltic Petroleum — Pakruojis, Statybininkų g. 28
      95 benzinas: 1.719 €/L → 1.669 €/L
      Dyzelinas: 2.099 €/L → 1.999 €/L
  ~ Baltic Petroleum — Šilalė, Rytinio Kelio g. 2
      Dyzelinas: 2.109 €/L → 2.099 €/L
  ~ Baltic Petroleum — Pasiekų k.
      95 benzinas: 1.789 €/L → 1.709 €/L
      Dyzelinas: 2.169 €/L → 2.069 €/L
  ~ Baltic Petroleum — Pietarių k. Kauno g. 164
      95 benzinas: 1.659 €/L → 1.634 €/L
      Dyzelinas: 2.059 €/L → 1.984 €/L
  ~ Baltic Petroleum — Vilnius, Molėtų pl. 27A
      95 benzinas: 1.699 €/L → 1.669 €/L
      Dyzelinas: 2.059 €/L → 2.009 €/L
  ~ Baltic Petroleum — Vilnius, S. Batoro g. 15
      95 benzinas: 1.739 €/L → 1.699 €/L
      Dyzelinas: 2.089 €/L → 2.049 €/L
  ~ Baltic Petroleum — Užubalių k. Senasis Ukmergės kelias 4
      Dyzelinas: 2.119 €/L → 2.059 €/L
  ~ Baltic Petroleum — Vilnius, Rinktinės g. 59
      95 benzinas: 1.734 €/L → 1.699 €/L
      Dyzelinas: 2.069 €/L → 2.039 €/L
  ~ Baltic Petroleum — Marijampolė, Vasaros g. 15
      95 benzinas: 1.659 €/L → 1.634 €/L
      Dyzelinas: 2.059 €/L → 1.984 €/L
  ~ Baltic Petroleum — Ožtakių k., Dariaus ir Girėno g. 77
      95 benzinas: 1.789 €/L → 1.759 €/L
      Dyzelinas: 2.149 €/L → 2.099 €/L
  ~ Baltic Petroleum — Pandėlio k., Elektrinės g. 1
      95 benzinas: 1.799 €/L → 1.759 €/L
      Dyzelinas: 2.209 €/L → 2.099 €/L
  ~ Baltic Petroleum — Užuovėjos k.
      95 benzinas: 1.709 €/L → 1.699 €/L
      Dyzelinas: 2.109 €/L → 2.099 €/L
  ~ Baltic Petroleum — Kaunas, Vaidoto g. 153
      95 benzinas: 1.789 €/L → 1.769 €/L
      Dyzelinas: 2.189 €/L → 2.099 €/L
  ~ Baltic Petroleum — Triliškių k., Kauno pl. 5
      Dyzelinas: 2.139 €/L → 2.099 €/L
  ~ Baltic Petroleum — Spanėnų k., Plento g. 46
      95 benzinas: 1.789 €/L → 1.759 €/L
      Dyzelinas: 2.219 €/L → 2.089 €/L
  ~ Baltic Petroleum — Priekulė, Klaipėdos g. 61
      95 benzinas: 1.770 €/L → 1.750 €/L
      Dyzelinas: 2.190 €/L → 2.170 €/L
  ~ Baltic Petroleum — Užežerės k., Gardenio g. 39
      95 benzinas: 1.739 €/L → 1.709 €/L
      Dyzelinas: 2.079 €/L → 2.059 €/L
  ~ Baltic Petroleum — Kaunas, Taikos pr. 120
      Dyzelinas: 2.129 €/L → 2.069 €/L
  ~ Baltic Petroleum — Kalnujų k. 1
      95 benzinas: 1.759 €/L → 1.739 €/L
      Dyzelinas: 2.149 €/L → 2.109 €/L
  ~ Baltic Petroleum — Klaipėda, Liepų g. 79A
      95 benzinas: 1.699 €/L → 1.649 €/L
      Dyzelinas: 2.059 €/L → 1.989 €/L
  ~ Baltic Petroleum — Mažeikiai, M. Daukšos g. 17
      95 benzinas: 1.739 €/L → 1.709 €/L
      Dyzelinas: 2.079 €/L → 2.059 €/L
  ~ Baltic Petroleum — Druskininkai, Leipalingio g. 26
      95 benzinas: 1.799 €/L → 1.729 €/L
      Dyzelinas: 2.209 €/L → 2.129 €/L
  ~ Baltic Petroleum — Merkinė, Vilniaus g. 87
      95 benzinas: 1.799 €/L → 1.729 €/L
      Dyzelinas: 2.209 €/L → 2.129 €/L
  ~ Baltic Petroleum — Rietavas, Dariaus ir Girėno g. 19
      95 benzinas: 1.730 €/L → 1.710 €/L
      Dyzelinas: 2.140 €/L → 2.100 €/L
  ~ Baltic Petroleum — Jonava, Žemaitės g. 1
      95 benzinas: 1.789 €/L → 1.759 €/L
      Dyzelinas: 2.219 €/L → 2.089 €/L
  ~ Baltic Petroleum — Senoji Varėna, Vilniaus g. 6A
      95 benzinas: 1.829 €/L → 1.719 €/L
  ~ Baltic Petroleum — Griškabūdis
      Dyzelinas: 2.129 €/L → 2.109 €/L
  ~ Baltic Petroleum — Vilnius, Brazdžionio g. 2
      95 benzinas: 1.709 €/L → 1.689 €/L
      Dyzelinas: 2.079 €/L → 2.039 €/L
  ~ Baltic Petroleum — Likiškėlių k.
      95 benzinas: 1.719 €/L → 1.689 €/L
      Dyzelinas: 2.139 €/L → 2.069 €/L
  ~ Baltic Petroleum — Šiauliai, Kupiškio g. 4
      95 benzinas: 1.719 €/L → 1.699 €/L
      Dyzelinas: 2.099 €/L → 2.049 €/L
  ~ Baltic Petroleum — Grigaičiai, Pavilnės g.
      95 benzinas: 1.719 €/L → 1.699 €/L
      Dyzelinas: 2.089 €/L → 2.069 €/L
  ~ Baltic Petroleum — Ringaudų k., Gėlių g. 1A
      95 benzinas: 1.719 €/L → 1.699 €/L
      Dyzelinas: 2.089 €/L → 2.069 €/L
  ~ Baltic Petroleum — Visalaukio g. 2
      95 benzinas: 1.719 €/L → 1.699 €/L
      Dyzelinas: 2.079 €/L → 2.069 €/L
  ~ Baltic Petroleum — Sarakiškių k., Vytauto g. 61
      95 benzinas: 1.749 €/L → 1.739 €/L
      Dyzelinas: 2.149 €/L → 2.059 €/L
  ~ Baltic Petroleum — Noriūnų k., Parko g. 3A
      95 benzinas: 1.669 €/L → 1.679 €/L
      Dyzelinas: 2.089 €/L → 2.069 €/L
  ~ Baltic Petroleum — Klišių k., Pievų g. 2
      Dyzelinas: 2.120 €/L → 2.100 €/L
  ~ Baltic Petroleum — Padustėlis, V. Striogos g. 4A
      95 benzinas: 1.749 €/L → 1.739 €/L
      Dyzelinas: 2.149 €/L → 2.059 €/L
  ~ Baltic Petroleum — Bučių k.
      95 benzinas: 1.730 €/L → 1.720 €/L
      Dyzelinas: 2.150 €/L → 2.060 €/L
  ~ Baltic Petroleum — Taurų k., Tilžės pl. 36
      Dyzelinas: 2.109 €/L → 2.099 €/L
  ~ Baltic Petroleum — Vilnius, Zujūnų g. 2A
      95 benzinas: 1.719 €/L → 1.669 €/L
      Dyzelinas: 2.069 €/L → 2.039 €/L
  ~ Baltic Petroleum — Tirkšliai, Laukų g. 10
      95 benzinas: 1.739 €/L → 1.709 €/L
      Dyzelinas: 2.079 €/L → 2.059 €/L
  ~ Baltic Petroleum — Veiverių k.
      95 benzinas: 1.789 €/L → 1.769 €/L
      Dyzelinas: 2.189 €/L → 2.099 €/L
  ~ Baltic Petroleum — Marijampolė, P. Armino g. 69
      95 benzinas: 1.659 €/L → 1.634 €/L
      Dyzelinas: 2.059 €/L → 1.984 €/L
  ~ Baltic Petroleum — Radviliškis, Šiaulių g. 1A
      Dyzelinas: 2.129 €/L → 2.119 €/L
  ~ Baltic Petroleum — Leipalingis, Merkinės g. 37
      95 benzinas: 1.799 €/L → 1.729 €/L
      Dyzelinas: 2.209 €/L → 2.129 €/L
  ~ Baltic Petroleum — Palanga, Ganyklų g. 28C
      Dyzelinas: 2.129 €/L → 2.099 €/L
  ~ Baltic Petroleum — Aukštikalnio k., Mūšos g. 19
      95 benzinas: 1.730 €/L → 1.700 €/L
      Dyzelinas: 2.100 €/L → 2.030 €/L
  ~ Baltic Petroleum — Anykščiai, Mindaugo g. 23
      95 benzinas: 1.699 €/L → 1.634 €/L
      Dyzelinas: 2.099 €/L → 1.984 €/L
  ~ Baltic Petroleum — Gargždai, Dariaus ir Girėno g. 10
      95 benzinas: 1.709 €/L → 1.689 €/L
      Dyzelinas: 2.099 €/L → 2.079 €/L
  ~ Borusta — Vilniaus g. 2a, Aukštadvaris
      Dyzelinas: 2.060 €/L → 1.980 €/L
  ~ Borusta — Piliakalnio g. 3, Stakliškės
      Dyzelinas: 2.039 €/L → 1.979 €/L
  ~ Borusta — Prienų g. 14, Birštonas
      Dyzelinas: 2.059 €/L → 1.979 €/L
  ~ Circle K — Geležinio Vilko g. 2A, Vilnius
      95 benzinas: 1.799 €/L → 1.769 €/L
      Dyzelinas: 2.189 €/L → 2.099 €/L
  ~ Circle K — Baltupio g. 10, Vilnius
      95 benzinas: 1.779 €/L → 1.719 €/L
      Dyzelinas: 2.129 €/L → 2.059 €/L
  ~ Circle K — A. P. Kavoliuko g. 32A, Vilnius
      95 benzinas: 1.799 €/L → 1.759 €/L
      Dyzelinas: 2.179 €/L → 2.118 €/L
  ~ Circle K — Sporto g. 16A, Vilnius
      95 benzinas: 1.784 €/L → 1.759 €/L
  ~ Circle K — Ukmergės g. 231, Vilnius
      95 benzinas: 1.784 €/L → 1.764 €/L
      Dyzelinas: 2.149 €/L → 2.099 €/L
  ~ Circle K — Kareivių g. 13, Vilnius
      95 benzinas: 1.804 €/L → 1.769 €/L
      Dyzelinas: 2.169 €/L → 2.123 €/L
  ~ Circle K — A. Goštauto g. 13, Vilnius
      95 benzinas: 1.799 €/L → 1.779 €/L
      Dyzelinas: 2.138 €/L → 2.089 €/L
  ~ Circle K — Laisvės pr. 43C, Vilnius
      95 benzinas: 1.799 €/L → 1.759 €/L
      Dyzelinas: 2.179 €/L → 2.118 €/L
  ~ Circle K — Eišiškių pl. 11, Vilnius
      95 benzinas: 1.799 €/L → 1.769 €/L
      Dyzelinas: 2.139 €/L → 2.099 €/L
  ~ Circle K — Pramonės pr. 18, Kaunas
      95 benzinas: 1.789 €/L → 1.759 €/L
      Dyzelinas: 2.149 €/L → 2.119 €/L
  ~ Circle K — Raudondvario pl. 107A, Kaunas
      95 benzinas: 1.814 €/L → 1.774 €/L
      Dyzelinas: 2.189 €/L → 2.134 €/L
  ~ Circle K — Sudervės g. 2G, Avižienių k.
      95 benzinas: 1.799 €/L → 1.769 €/L
      Dyzelinas: 2.129 €/L → 2.079 €/L
  ~ Circle K — R. Kalantos g. 159, Kaunas
      95 benzinas: 1.804 €/L → 1.749 €/L
      Dyzelinas: 2.149 €/L → 2.074 €/L
  ~ Circle K — Naujoji g. 120, Alytus
      Dyzelinas: 2.140 €/L → 2.104 €/L
  ~ Circle K — Savanorių pr. 321, Kaunas
      95 benzinas: 1.799 €/L → 1.769 €/L
      Dyzelinas: 2.159 €/L → 2.099 €/L
  ~ Circle K — Veiverių g. 49A, Kaunas
      95 benzinas: 1.804 €/L → 1.774 €/L
      Dyzelinas: 2.144 €/L → 2.104 €/L
  ~ Circle K — Dubijos g. 20A, Šiauliai
      95 benzinas: 1.769 €/L → 1.739 €/L
      Dyzelinas: 2.128 €/L → 2.084 €/L
      Dujos: 0.969 €/L → 0.959 €/L
  ~ Circle K — Talino g. 2B, Vilnius
      95 benzinas: 1.814 €/L → 1.759 €/L
      Dyzelinas: 2.153 €/L → 2.099 €/L
  ~ Circle K — Pramonės g. 17a, Šiauliai
      95 benzinas: 1.769 €/L → 1.739 €/L
      Dyzelinas: 2.149 €/L → 2.089 €/L
  ~ Circle K — Sabališkių g. 1F, Elektrėnai
      95 benzinas: 1.814 €/L → 1.789 €/L
      Dyzelinas: 2.184 €/L → 2.169 €/L
  ~ Circle K — J. Basanavičiaus g. 108a, Utena
      95 benzinas: 1.799 €/L → 1.739 €/L
      Dyzelinas: 2.138 €/L → 2.079 €/L
  ~ Circle K — Baltijos Kelio g. 33, Ūtos k.
      Dyzelinas: 2.098 €/L → 2.089 €/L
  ~ Circle K — Kretingos g. 56, Palanga
      95 benzinas: 1.869 €/L → 1.859 €/L
  ~ Circle K — Plento g. 1, Kuršėnai
      95 benzinas: 1.799 €/L → 1.769 €/L
      Dyzelinas: 2.189 €/L → 2.099 €/L
      Dujos: 0.999 €/L → 0.959 €/L
  ~ Circle K — Minijos g. 90, Klaipėda
      95 benzinas: 1.759 €/L → 1.729 €/L
      Dyzelinas: 2.108 €/L → 2.079 €/L
  ~ Circle K — Taikos pr. 61B, Klaipėda
      95 benzinas: 1.759 €/L → 1.729 €/L
      Dyzelinas: 2.108 €/L → 2.079 €/L
  ~ Circle K — H. Manto g. 96, Klaipėda
      95 benzinas: 1.809 €/L → 1.759 €/L
      Dyzelinas: 2.148 €/L → 2.099 €/L
  ~ Circle K — Kauno g. 130, Marijampolė
      95 benzinas: 1.779 €/L → 1.709 €/L
      Dyzelinas: 2.118 €/L → 2.059 €/L
      Dujos: 0.910 €/L → 0.999 €/L
  ~ Circle K — Rūtų g. 2B, Alytus
      95 benzinas: 1.789 €/L → 1.759 €/L
      Dyzelinas: 2.139 €/L → 2.099 €/L
  ~ Circle K — M. K. Čiurlionio g. 113, Druskininkai
      95 benzinas: 1.809 €/L → 1.779 €/L
      Dyzelinas: 2.189 €/L → 2.179 €/L
  ~ Circle K — J. Basanavičiaus g. 63, Panevėžys
      95 benzinas: 1.779 €/L → 1.739 €/L
      Dyzelinas: 2.139 €/L → 2.079 €/L
  ~ Circle K — Parko g. 7A, Panevėžys
      95 benzinas: 1.754 €/L → 1.729 €/L
      Dyzelinas: 2.088 €/L → 2.065 €/L
  ~ Circle K — Jono Dailidės g. 10, Marijampolė
      95 benzinas: 1.749 €/L → 1.679 €/L
      Dyzelinas: 2.072 €/L → 2.013 €/L
  ~ Circle K — J. Basanavičiaus g. 40a, Kėdainiai
      95 benzinas: 1.794 €/L → 1.749 €/L
      Dyzelinas: 2.163 €/L → 2.089 €/L
  ~ Circle K — Luokės g. 70, Telšiai
      95 benzinas: 1.749 €/L → 1.759 €/L
  ~ Circle K — Cintjoniškių g. 15, Šilutė
      95 benzinas: 1.775 €/L → 1.769 €/L
      Dyzelinas: 2.129 €/L → 2.099 €/L
  ~ Circle K — Savanorių g. 5, Varėna
      95 benzinas: 1.839 €/L → 1.729 €/L
      Dyzelinas: 2.189 €/L → 2.079 €/L
  ~ Circle K — Žemaitijos g. 57, Mažeikiai
      95 benzinas: 1.769 €/L → 1.749 €/L
      Dyzelinas: 2.108 €/L → 2.098 €/L
      Dujos: 0.949 €/L → 0.929 €/L
  ~ Circle K — Sidabros g. 2A, Satkūnų k.
      95 benzinas: 1.799 €/L → 1.769 €/L
      Dyzelinas: 2.179 €/L → 2.099 €/L
  ~ Circle K — Respublikos g. 111A, Rokiškis
      95 benzinas: 1.789 €/L → 1.769 €/L
      Dyzelinas: 2.189 €/L → 2.099 €/L
  ~ Circle K — Vasario 16-osios g. 33, Jonava
      95 benzinas: 1.819 €/L → 1.809 €/L
      Dujos: 0.999 €/L → 1.019 €/L
  ~ Circle K — Geležinio Vilko g. 39, Vilnius
      95 benzinas: 1.779 €/L → 1.759 €/L
      Dyzelinas: 2.138 €/L → 2.089 €/L
  ~ Circle K — Klaipėdos g. 155, Kretinga
      95 benzinas: 1.799 €/L → 1.769 €/L
      Dyzelinas: 2.189 €/L → 2.099 €/L
  ~ Circle K — Prūsų g. 26 A, Vilnius
      95 benzinas: 1.819 €/L → 1.789 €/L
      Dyzelinas: 2.139 €/L → 2.099 €/L
  ~ Circle K — Gedimino g. 47, Tauragė
      95 benzinas: 1.729 €/L → 1.709 €/L
      Dyzelinas: 2.118 €/L → 2.079 €/L
  ~ Circle K — Panevėžio aplinkl. 20, Šilagalio k.
      Dyzelinas: 2.098 €/L → 2.089 €/L
  ~ Circle K — Vakarinis aplinkkelis 10, Kaunas
      95 benzinas: 1.764 €/L → 1.724 €/L
      Dyzelinas: 2.123 €/L → 2.079 €/L
  ~ Circle K — Vilniaus pl. 21, Jakų k.
      95 benzinas: 1.829 €/L → 1.819 €/L
  ~ Circle K — Geležinio Vilko g. 24, Vilnius
      95 benzinas: 1.789 €/L → 1.729 €/L
      Dyzelinas: 2.118 €/L → 2.069 €/L
  ~ Circle K — Taikos pr. 52A, Kaunas
      95 benzinas: 1.789 €/L → 1.729 €/L
      Dyzelinas: 2.144 €/L → 2.099 €/L
  ~ Circle K — Kilučių g. 93, Biržai
      95 benzinas: 1.734 €/L → 1.739 €/L
      Dyzelinas: 2.134 €/L → 2.099 €/L
  ~ Circle K — Briedžių takas 6B, Kaunas
      95 benzinas: 1.799 €/L → 1.769 €/L
      Dyzelinas: 2.189 €/L → 2.099 €/L
      Dujos: 0.999 €/L → 0.959 €/L
  ~ Circle K — Islandijos pl. 61C, Kaunas
      95 benzinas: 1.799 €/L → 1.769 €/L
      Dyzelinas: 2.189 €/L → 2.099 €/L
  ~ Circle K — Karaliaus Mindaugo pr. 34A, Kaunas
      95 benzinas: 1.824 €/L → 1.794 €/L
      Dyzelinas: 2.144 €/L → 2.104 €/L
  ~ Circle K — J. Basanavičiaus g. 3, Utena
      95 benzinas: 1.789 €/L → 1.729 €/L
      Dyzelinas: 2.128 €/L → 2.069 €/L
  ~ Circle K — Nekrūnų k. 1
      95 benzinas: 1.789 €/L → 1.729 €/L
      Dyzelinas: 2.129 €/L → 2.079 €/L
  ~ Circle K — Vilkaviškio g. 10, Serdokų k.
      95 benzinas: 1.799 €/L → 1.769 €/L
      Dyzelinas: 2.189 €/L → 2.099 €/L
      Dujos: 0.990 €/L → 0.959 €/L
  ~ Circle K — Taikos pr. 112A, Klaipėda
      95 benzinas: 1.785 €/L → 1.775 €/L
  ~ Circle K — Vilniaus pl. 1A, Klaipėda
      95 benzinas: 1.779 €/L → 1.729 €/L
      Dyzelinas: 2.113 €/L → 2.069 €/L
      Dujos: 0.999 €/L → 0.959 €/L
  ~ Circle K — Vilniaus g. 62, Šiauliai
      95 benzinas: 1.739 €/L → 1.709 €/L
      Dyzelinas: 2.098 €/L → 2.054 €/L
  ~ Circle K — R. Kalantos g. 68, Kaunas
      95 benzinas: 1.774 €/L → 1.719 €/L
      Dyzelinas: 2.119 €/L → 2.044 €/L
  ~ Circle K — Varnių g. 46, Kaunas
      95 benzinas: 1.759 €/L → 1.719 €/L
      Dyzelinas: 2.099 €/L → 2.059 €/L
  ~ Circle K — Oslo g. 12, Vilnius
      95 benzinas: 1.759 €/L → 1.724 €/L
      Dyzelinas: 2.123 €/L → 2.084 €/L
  ~ Circle K — Dariaus ir Girėno g. 83A, Tauragė
      95 benzinas: 1.699 €/L → 1.679 €/L
      Dyzelinas: 2.088 €/L → 2.049 €/L
  ~ Circle K — Savanorių pr. 118, Vilnius
      95 benzinas: 1.784 €/L → 1.739 €/L
      Dyzelinas: 2.133 €/L → 2.079 €/L
  ~ Circle K — P. Žadeikos g. 1a, Vilnius
      95 benzinas: 1.824 €/L → 1.784 €/L
  ~ Circle K — Savanorių pr. 119A, Vilnius
      95 benzinas: 1.784 €/L → 1.739 €/L
      Dyzelinas: 2.133 €/L → 2.079 €/L
  ~ Circle K — Kareivių g. 3, Vilnius
      95 benzinas: 1.784 €/L → 1.739 €/L
      Dyzelinas: 2.149 €/L → 2.088 €/L
  ~ Circle K — Geležinio Vilko g. 4, Vilnius
      95 benzinas: 1.779 €/L → 1.759 €/L
      Dyzelinas: 2.138 €/L → 2.089 €/L
  ~ Circle K — Gariūnų g. 45, Vilnius
      95 benzinas: 1.769 €/L → 1.734 €/L
      Dyzelinas: 2.133 €/L → 2.094 €/L
  ~ Circle K — Savanorių pr. 404B, Kaunas
      95 benzinas: 1.799 €/L → 1.809 €/L
      Dyzelinas: 2.169 €/L → 2.159 €/L
  ~ Circle K — Tvirtovės alėja 33a, Kaunas
      95 benzinas: 1.799 €/L → 1.759 €/L
      Dyzelinas: 2.139 €/L → 2.099 €/L
  ~ Circle K — Sukilėlių pr. 120, Kaunas
      95 benzinas: 1.799 €/L → 1.759 €/L
      Dyzelinas: 2.149 €/L → 2.108 €/L
      Dujos: 0.920 €/L → 0.929 €/L
  ~ Circle K — K. Baršausko g. 57, Kaunas
      95 benzinas: 1.784 €/L → 1.749 €/L
      Dyzelinas: 2.189 €/L → 2.099 €/L
  ~ Circle K — Jonavos g. 38, Kaunas
      95 benzinas: 1.819 €/L → 1.779 €/L
      Dyzelinas: 2.139 €/L → 2.129 €/L
  ~ Circle K — Tilžės g. 25, Šiauliai
      95 benzinas: 1.759 €/L → 1.729 €/L
      Dyzelinas: 2.139 €/L → 2.079 €/L
      Dujos: 0.969 €/L → 0.959 €/L
  ~ Circle K — Tilžės g. 56A, Klaipėda
      95 benzinas: 1.709 €/L → 1.669 €/L
      Dyzelinas: 2.048 €/L → 2.037 €/L
      Dujos: 0.909 €/L → 0.939 €/L
  ~ Circle K — Jūrininkų pr. 31, Klaipėda
      95 benzinas: 1.749 €/L → 1.729 €/L
  ~ Circle K — Sausio 15-osios g. 2, Klaipėda
      95 benzinas: 1.729 €/L → 1.689 €/L
      Dyzelinas: 2.068 €/L → 2.057 €/L
  ~ Circle K — Klaipėdos g. 92A, Panevėžys
      95 benzinas: 1.734 €/L → 1.709 €/L
      Dyzelinas: 2.068 €/L → 2.045 €/L
  ~ Circle K — Molėtų g. 15, Didžiosios Riešės k.
      95 benzinas: 1.779 €/L → 1.719 €/L
      Dyzelinas: 2.108 €/L → 2.059 €/L
  ~ Gelvybė — V. Kudirkos g. 11D, Šakiai
      95 benzinas: 1.729 €/L → 1.709 €/L
      Dyzelinas: 2.149 €/L → 2.109 €/L
  ~ Gelvybė — Muitinės g. 32, Jurbarkas
      Dyzelinas: 2.120 €/L → 2.100 €/L
  ~ Gelvybė — Knygnešių g. 9, Jurbarkas
      Dyzelinas: 2.120 €/L → 2.100 €/L
  ~ Gelvybė — Mozūriškiai, Mozūriškių 10
      Dyzelinas: 2.120 €/L → 2.100 €/L
  ~ Gelvybė — Sūduvos g. 3, Kiduliai
      Dyzelinas: 2.120 €/L → 2.100 €/L
  ~ Gelvybė — Kauno g. 50, Girėnai
      95 benzinas: 1.729 €/L → 1.709 €/L
      Dyzelinas: 2.149 €/L → 2.109 €/L
  ~ Gelvybė — S. Šimkaus g. 69, Seredžius
      Dyzelinas: 2.120 €/L → 2.100 €/L
  ~ Gelvybė — Marijampolės g. 8, Rūdos k.
      95 benzinas: 1.740 €/L → 1.690 €/L
      Dyzelinas: 2.140 €/L → 2.070 €/L
  ~ Gelvybė — S. Daukanto g. 66, Jurbarkas
      Dyzelinas: 2.120 €/L → 2.100 €/L
  ~ Jozita — Šolių k., Pietinio Kelio g. 9
      Dyzelinas: 2.090 €/L → 1.960 €/L
  ~ Jozita — Vilnius, Ukmergės g. 130
      Dyzelinas: 2.090 €/L → 1.960 €/L
  ~ Jozita — Vilnius, Parko g. 64
      Dyzelinas: 2.090 €/L → 1.960 €/L
  ~ Jozita — Vilnius, Pramonės g. 18
      Dyzelinas: 2.090 €/L → 1.960 €/L
  ~ Jozita — Rudamina, Jašiūnų g. 2
      Dyzelinas: 2.090 €/L → 1.960 €/L
  ~ Jozita — Kaunas, Kuršių 13A
      Dyzelinas: 2.090 €/L → 1.960 €/L
  ~ Jozita — Kaunas, Jonavos g. 51
      Dyzelinas: 2.090 €/L → 1.960 €/L
  ~ Jozita — Kaunas, Betygalos g. 8
      Dyzelinas: 2.090 €/L → 1.960 €/L
  ~ Jozita — Kaunas, Baltų pr. 141A
      Dyzelinas: 2.090 €/L → 1.960 €/L
  ~ Jozita — Kaunas, Partizanų g. 87G
      Dyzelinas: 2.090 €/L → 1.960 €/L
  ~ Jozita — Garliava, Vytauto g. 111A
      Dyzelinas: 2.090 €/L → 1.960 €/L
  ~ Jozita — Ramučiai, K. Bielinio g. 2A
      Dyzelinas: 2.090 €/L → 1.960 €/L
  ~ Jozita — Klipščių k., Šilelių g.1
      Dyzelinas: 2.090 €/L → 1.960 €/L
  ~ Jozita — Klaipėda, Taikos pr. 157
      Dyzelinas: 2.090 €/L → 1.960 €/L
  ~ Jozita — Gargždai, Gamyklos g. 1
      95 benzinas: 1.690 €/L → 1.620 €/L
      Dyzelinas: 2.090 €/L → 1.960 €/L
  ~ Jozita — Šiauliai, Architektų g. 80
      Dyzelinas: 2.090 €/L → 1.960 €/L
  ~ Jozita — Šiauliai, Girulių g. 1
      Dyzelinas: 2.090 €/L → 1.960 €/L
  ~ Jozita — Toliočiai, Plento g. 2B
      Dyzelinas: 2.090 €/L → 1.960 €/L
  ~ Jozita — Kelmė, V.Putvinskio g. 37
      Dyzelinas: 2.090 €/L → 1.960 €/L
  ~ Jozita — Raseiniai, Maironio g. 78b
      Dyzelinas: 2.090 €/L → 1.960 €/L
  ~ Jozita — Kuosiškių k. 4
      95 benzinas: 1.690 €/L → 1.620 €/L
      Dyzelinas: 2.090 €/L → 1.960 €/L
  ~ Jozita — Traksėdžių k., Klaipėdos. 1
      Dyzelinas: 2.090 €/L → 1.960 €/L
  ~ Jozita — Varkaliai, Žemaičių g. 2A
      Dyzelinas: 2.090 €/L → 1.960 €/L
  ~ Jozita — Papušynės k, Šilalės g. 105
      Dyzelinas: 2.090 €/L → 1.960 €/L
  ~ Jozita — Panevėžys, S. Kerbedžio g. 7F
      95 benzinas: 1.690 €/L → 1.650 €/L
      Dyzelinas: 2.090 €/L → 1.960 €/L
  ~ Eniris — Alytaus pl. 2, Mardosų k.
      Dyzelinas: 2.160 €/L → 2.090 €/L
  ~ Eniris — Tauragės g. 29, Rimšų k.
      95 benzinas: 1.790 €/L → 1.760 €/L
      Dyzelinas: 2.230 €/L → 2.090 €/L
  ~ Eniris — Tiekėjų g. 34a, Kretinga
      95 benzinas: 1.780 €/L → 1.750 €/L
      Dyzelinas: 2.180 €/L → 2.080 €/L
  ~ Eniris — Paršežerio g.1, Vabalų k.
      Dyzelinas: 2.150 €/L → 2.140 €/L
  ~ Eniris — Klaipėdos g. 6b, Pagėgiai
      95 benzinas: 1.790 €/L → 1.760 €/L
      Dyzelinas: 2.230 €/L → 2.090 €/L
  ~ Eniris — Dariaus ir Girėno g. 31, Plungė
      Dyzelinas: 2.160 €/L → 2.090 €/L
  ~ Eniris — Telšių g. 2 b, Rainių k.
      Dyzelinas: 2.150 €/L → 2.120 €/L
      Dujos: 0.940 €/L → 0.930 €/L
  ~ Eniris — Jurbarko g. 34, Raseiniai
      95 benzinas: 1.750 €/L → 1.690 €/L
      Dyzelinas: 2.150 €/L → 2.020 €/L
  ~ Eniris — Platelių g. 1 a, Laivių k.
      95 benzinas: 1.790 €/L → 1.760 €/L
      Dyzelinas: 2.290 €/L → 2.090 €/L
  ~ Eniris — Adakavo g. 1, Skaudvilė
      95 benzinas: 1.790 €/L → 1.760 €/L
      Dyzelinas: 2.250 €/L → 2.090 €/L
  ~ Eniris — Mažeikių g. 1, Telšiai
      95 benzinas: 1.780 €/L → 1.740 €/L
      Dyzelinas: 2.190 €/L → 2.090 €/L
  ~ Eniris — Klaipėdos g. 76, Žemaičių Naumiestis
      95 benzinas: 1.780 €/L → 1.750 €/L
      Dyzelinas: 2.190 €/L → 2.090 €/L
  ~ Eniris — Minijos g. 1, Aleksandravo k.
      Dyzelinas: 2.140 €/L → 2.090 €/L
  ~ Eniris — Plento g.2, Ventos m.
      Dyzelinas: 2.129 €/L → 2.099 €/L
  ~ Eniris — Bačkonių k., Pastrėvio g. 1A,
      95 benzinas: 1.759 €/L → 1.709 €/L
      Dyzelinas: 2.179 €/L → 2.089 €/L
  ~ Eniris — Laižuvos g. 82 d, Mažeikiai,
      95 benzinas: 1.739 €/L → 1.729 €/L
      Dyzelinas: 2.149 €/L → 2.069 €/L
  ~ Eniris — Skuodo g. 7, Stripinių k.
      Dyzelinas: 2.160 €/L → 2.090 €/L
  ~ Eniris — Alytaus g. 59, Krosnos k.
      95 benzinas: 1.739 €/L → 1.719 €/L
      Dyzelinas: 2.149 €/L → 2.099 €/L
  ~ Eniris — Ruoščių k. 1
      95 benzinas: 1.733 €/L → 1.703 €/L
      Dyzelinas: 2.144 €/L → 2.094 €/L
  ~ Eniris — Skabeikių k. 4
      Dyzelinas: 2.189 €/L → 2.129 €/L
  ~ Eniris — Beržų g. 24/Drąsiųjų 7, Tryškiai
      95 benzinas: 1.790 €/L → 1.760 €/L
      Dyzelinas: 2.190 €/L → 2.090 €/L
  ~ Naftrus — Šilo g. 1, Ylių k.
      Dyzelinas: 2.150 €/L → 2.070 €/L
  ~ Naftrus — Topolių g. 1, Degučių k.
      95 benzinas: 1.670 €/L → 1.650 €/L
      Dyzelinas: 2.080 €/L → 2.050 €/L
  ~ Naftrus — Vilniaus g. 3B, Raseiniai
      95 benzinas: 1.709 €/L → 1.629 €/L
      Dyzelinas: 2.090 €/L → 1.979 €/L
  ~ Narjanta — S. Nėries g. 35, Vabalninkas
      Dujos: 0.910 €/L → 0.960 €/L
  ~ Neste Lietuva — Servečės g. 2, Vilnius
      95 benzinas: 1.729 €/L → 1.699 €/L
      Dyzelinas: 2.078 €/L → 2.019 €/L
  ~ Neste Lietuva — Ukmergės g. 296, Vilnius
      95 benzinas: 1.719 €/L → 1.699 €/L
      Dyzelinas: 2.078 €/L → 2.029 €/L
  ~ Neste Lietuva — Talino g. 2C, Vilnius
      95 benzinas: 1.739 €/L → 1.719 €/L
      Dyzelinas: 2.093 €/L → 2.049 €/L
  ~ Neste Lietuva — Erfurto g. 41, Vilnius
      95 benzinas: 1.719 €/L → 1.699 €/L
      Dyzelinas: 2.078 €/L → 2.029 €/L
  ~ Neste Lietuva — Geležinio Vilko g. 63, Vilnius
      95 benzinas: 1.729 €/L → 1.679 €/L
      Dyzelinas: 2.068 €/L → 2.019 €/L
  ~ Neste Lietuva — S. Stanevičiaus g. 3, Vilnius
      95 benzinas: 1.739 €/L → 1.689 €/L
      Dyzelinas: 2.078 €/L → 2.029 €/L
  ~ Neste Lietuva — Žirmūnų g. 68B, Vilnius
      95 benzinas: 1.739 €/L → 1.699 €/L
      Dyzelinas: 2.083 €/L → 2.034 €/L
  ~ Neste Lietuva — Rygos g. 2, Vilnius
      95 benzinas: 1.719 €/L → 1.699 €/L
      Dyzelinas: 2.078 €/L → 2.029 €/L
  ~ Neste Lietuva — Savanorių pr. 220A, Vilnius
      95 benzinas: 1.744 €/L → 1.694 €/L
      Dyzelinas: 2.098 €/L → 2.034 €/L
  ~ Neste Lietuva — Parodų g. 1A, Vilnius
      95 benzinas: 1.739 €/L → 1.719 €/L
      Dyzelinas: 2.083 €/L → 2.049 €/L
  ~ Neste Lietuva — Kauno g. 26, Vilnius
      95 benzinas: 1.739 €/L → 1.729 €/L
      Dyzelinas: 2.093 €/L → 2.059 €/L
  ~ Neste Lietuva — Savanorių pr. 187, Vilnius
      95 benzinas: 1.744 €/L → 1.694 €/L
      Dyzelinas: 2.098 €/L → 2.034 €/L
  ~ Neste Lietuva — Kedrų g. 2, Vilnius
      Dyzelinas: 2.108 €/L → 2.069 €/L
  ~ Neste Lietuva — Molėtų pl. 8, Vilnius
      95 benzinas: 1.719 €/L → 1.669 €/L
      Dyzelinas: 2.058 €/L → 1.999 €/L
  ~ Neste Lietuva — P. Lukšio g. 22, Vilnius
      95 benzinas: 1.729 €/L → 1.699 €/L
      Dyzelinas: 2.073 €/L → 2.029 €/L
  ~ Neste Lietuva — Žirmūnų g. 54C, Vilnius
      95 benzinas: 1.739 €/L → 1.699 €/L
      Dyzelinas: 2.078 €/L → 2.034 €/L
  ~ Neste Lietuva — Subačiaus g. 64, Vilnius
      95 benzinas: 1.739 €/L → 1.719 €/L
      Dyzelinas: 2.088 €/L → 2.049 €/L
  ~ Neste Lietuva — Dariaus ir Girėno g. 17, Vilnius
      95 benzinas: 1.739 €/L → 1.724 €/L
      Dyzelinas: 2.088 €/L → 2.044 €/L
  ~ Neste Lietuva — Architektų g. 130, Vilnius
      95 benzinas: 1.734 €/L → 1.719 €/L
      Dyzelinas: 2.093 €/L → 2.049 €/L
  ~ Neste Lietuva — Justiniškių g. 14B, Vilnius
      95 benzinas: 1.719 €/L → 1.699 €/L
      Dyzelinas: 2.078 €/L → 2.029 €/L
  ~ Neste Lietuva — Geležinio Vilko g. 37A, Vilnius
      95 benzinas: 1.749 €/L → 1.719 €/L
      Dyzelinas: 2.088 €/L → 2.059 €/L
  ~ Neste Lietuva — Pilaitės pr. 27, Vilnius
      95 benzinas: 1.709 €/L → 1.679 €/L
      Dyzelinas: 2.058 €/L → 1.999 €/L
  ~ Neste Lietuva — Žirnių g. 17, Vilnius
      95 benzinas: 1.739 €/L → 1.719 €/L
      Dyzelinas: 2.089 €/L → 2.059 €/L
  ~ Neste Lietuva — J. Tiškevičiaus g. 19, Vilnius
      95 benzinas: 1.739 €/L → 1.714 €/L
      Dyzelinas: 2.088 €/L → 2.054 €/L
  ~ Neste Lietuva — Eišiškių pl. 82, Vilnius
      95 benzinas: 1.729 €/L → 1.714 €/L
      Dyzelinas: 2.088 €/L → 2.034 €/L
  ~ Neste Lietuva — Gariūnų g. 55, Vilnius
      95 benzinas: 1.744 €/L → 1.699 €/L
      Dyzelinas: 2.088 €/L → 2.034 €/L
  ~ Neste Lietuva — Panerių g. 42, Vilnius
      95 benzinas: 1.729 €/L → 1.719 €/L
      Dyzelinas: 2.073 €/L → 2.039 €/L
  ~ Neste Lietuva — Geležinio Vilko g. 41, Vilnius
      95 benzinas: 1.749 €/L → 1.719 €/L
      Dyzelinas: 2.088 €/L → 2.059 €/L
  ~ Neste Lietuva — Pramonės pr. 6A, Kaunas
      95 benzinas: 1.749 €/L → 1.699 €/L
      Dyzelinas: 2.083 €/L → 2.034 €/L
  ~ Neste Lietuva — Jonavos g. 110, Kaunas
      95 benzinas: 1.719 €/L → 1.699 €/L
      Dyzelinas: 2.068 €/L → 2.029 €/L
  ~ Neste Lietuva — Veiverių g. 132D, Kaunas
      95 benzinas: 1.744 €/L → 1.729 €/L
      Dyzelinas: 2.088 €/L → 2.059 €/L
  ~ Neste Lietuva — Žemaičių pl. 26, Kaunas
      95 benzinas: 1.734 €/L → 1.719 €/L
      Dyzelinas: 2.083 €/L → 2.059 €/L
  ~ Neste Lietuva — R. Kalantos g. 27, Kaunas
      95 benzinas: 1.744 €/L → 1.699 €/L
      Dyzelinas: 2.078 €/L → 2.029 €/L
  ~ Neste Lietuva — Ateities pl. 50B, Kaunas
      95 benzinas: 1.714 €/L → 1.679 €/L
      Dyzelinas: 2.063 €/L → 1.999 €/L
  ~ Neste Lietuva — Taikos pr. 80A, Kaunas
      95 benzinas: 1.739 €/L → 1.689 €/L
      Dyzelinas: 2.078 €/L → 2.054 €/L
  ~ Neste Lietuva — Birželio 23-iosios g. 23A, Kaunas
      95 benzinas: 1.749 €/L → 1.699 €/L
      Dyzelinas: 2.073 €/L → 2.034 €/L
  ~ Neste Lietuva — Islandijos pl. 191E, Kaunas
      95 benzinas: 1.739 €/L → 1.719 €/L
      Dyzelinas: 2.078 €/L → 2.029 €/L
  ~ Neste Lietuva — Raudondvario pl. 103, Kaunas
      95 benzinas: 1.729 €/L → 1.699 €/L
      Dyzelinas: 2.078 €/L → 2.019 €/L
  ~ Neste Lietuva — Kuršių g. 1, Kaunas
      95 benzinas: 1.719 €/L → 1.699 €/L
      Dyzelinas: 2.068 €/L → 2.029 €/L
  ~ Neste Lietuva — Vijoklių g. 1C, Ramučių k.
      95 benzinas: 1.749 €/L → 1.739 €/L
      Dyzelinas: 2.088 €/L → 2.059 €/L
  ~ Neste Lietuva — Tunelio g. 26, Kaunas
      95 benzinas: 1.734 €/L → 1.719 €/L
      Dyzelinas: 2.078 €/L → 2.049 €/L
  ~ Neste Lietuva — Vakarų g. 14, Kumpių k.
      95 benzinas: 1.749 €/L → 1.714 €/L
      Dyzelinas: 2.078 €/L → 2.039 €/L
  ~ Neste Lietuva — Savanorių pr. 441C, Kaunas
      95 benzinas: 1.749 €/L → 1.729 €/L
      Dyzelinas: 2.088 €/L → 2.049 €/L
  ~ Neste Lietuva — Vakarinis aplinkkelis 18, Kaunas
      95 benzinas: 1.729 €/L → 1.699 €/L
      Dyzelinas: 2.088 €/L → 2.049 €/L
  ~ Neste Lietuva — Europos pr. 43, Kaunas
      95 benzinas: 1.739 €/L → 1.729 €/L
      Dyzelinas: 2.083 €/L → 2.054 €/L
  ~ Neste Lietuva — Plieno g. 1, Klaipėda
      95 benzinas: 1.709 €/L → 1.679 €/L
      Dyzelinas: 2.068 €/L → 2.029 €/L
  ~ Neste Lietuva — Šilutės pl. 30, Klaipėda
      95 benzinas: 1.709 €/L → 1.679 €/L
      Dyzelinas: 2.053 €/L → 2.019 €/L
  ~ Neste Lietuva — Taikos pr. 60, Klaipėda
      95 benzinas: 1.709 €/L → 1.669 €/L
      Dyzelinas: 2.058 €/L → 2.019 €/L
  ~ Neste Lietuva — Minijos g. 119, Klaipėda
      95 benzinas: 1.719 €/L → 1.679 €/L
      Dyzelinas: 2.068 €/L → 2.029 €/L
  ~ Neste Lietuva — Artojo g. 2, Klaipėda
      95 benzinas: 1.699 €/L → 1.669 €/L
      Dyzelinas: 2.048 €/L → 1.999 €/L
  ~ Neste Lietuva — Smiltelės g. 17, Klaipėda
      95 benzinas: 1.709 €/L → 1.679 €/L
      Dyzelinas: 2.068 €/L → 2.029 €/L
  ~ Neste Lietuva — Šilutės pl. 5C, Klaipėda
      95 benzinas: 1.679 €/L → 1.649 €/L
      Dyzelinas: 2.028 €/L → 2.007 €/L
  ~ Neste Lietuva — Vilniaus pl. 9, Jakų k.
      95 benzinas: 1.739 €/L → 1.699 €/L
      Dyzelinas: 2.088 €/L → 2.069 €/L
  ~ Neste Lietuva — Sendvario g. 2, Sudmantų k.
      95 benzinas: 1.739 €/L → 1.709 €/L
      Dyzelinas: 2.088 €/L → 2.059 €/L
  ~ Neste Lietuva — Gegužių g. 28, Šiauliai
      95 benzinas: 1.719 €/L → 1.689 €/L
      Dyzelinas: 2.058 €/L → 2.029 €/L
  ~ Neste Lietuva — Tilžės g. 72, Šiauliai
      95 benzinas: 1.739 €/L → 1.699 €/L
      Dyzelinas: 2.063 €/L → 2.034 €/L
  ~ Neste Lietuva — Dubijos g. 18A, Šiauliai
      95 benzinas: 1.729 €/L → 1.699 €/L
      Dyzelinas: 2.078 €/L → 2.029 €/L
  ~ Neste Lietuva — Klaipėdos g. 81, Panevėžys
      95 benzinas: 1.729 €/L → 1.689 €/L
      Dyzelinas: 2.073 €/L → 2.029 €/L
  ~ Neste Lietuva — Ramygalos g. 145B, Panevėžys
      95 benzinas: 1.749 €/L → 1.699 €/L
      Dyzelinas: 2.078 €/L → 2.029 €/L
  ~ Neste Lietuva — Klaipėdos g. 66,  Panevėžys
      95 benzinas: 1.734 €/L → 1.694 €/L
      Dyzelinas: 2.068 €/L → 2.024 €/L
  ~ Neste Lietuva — Ąžuolpamūšio g. 1A, Raubonių k..
      95 benzinas: 1.729 €/L → 1.719 €/L
      Dyzelinas: 2.078 €/L → 2.029 €/L
  ~ Neste Lietuva — Margirio g. 1B, Panevėžys
      95 benzinas: 1.739 €/L → 1.689 €/L
      Dyzelinas: 2.078 €/L → 2.029 €/L
  ~ Neste Lietuva — Klaipėdos g. 144B, Panevėžys
      95 benzinas: 1.739 €/L → 1.699 €/L
      Dyzelinas: 2.078 €/L → 2.034 €/L
  ~ Neste Lietuva — Panevėžio aplinkl. 7, Šilagalio k.
      95 benzinas: 1.704 €/L → 1.699 €/L
      Dyzelinas: 2.078 €/L → 2.049 €/L
  ~ Neste Lietuva — Panevėžio aplinkl. 22, Šilagalio k.
      95 benzinas: 1.694 €/L → 1.689 €/L
      Dyzelinas: 2.068 €/L → 2.039 €/L
  ~ Neste Lietuva — Santaikos g. 34A, Alytus
      95 benzinas: 1.739 €/L → 1.699 €/L
      Dyzelinas: 2.078 €/L → 2.039 €/L
  ~ Neste Lietuva — Ūdrijos g. 31, Alytus
      95 benzinas: 1.739 €/L → 1.699 €/L
      Dyzelinas: 2.078 €/L → 2.029 €/L
  ~ Neste Lietuva — Stoties g. 4C, Marijampolė
      95 benzinas: 1.749 €/L → 1.669 €/L
      Dyzelinas: 2.068 €/L → 1.999 €/L
  ~ Neste Lietuva — Vilkaviškio g. 61D, Marijampolė
      95 benzinas: 1.744 €/L → 1.664 €/L
      Dyzelinas: 2.063 €/L → 1.994 €/L
  ~ Neste Lietuva — Europos g. 1, Salaperaugio k.
      95 benzinas: 1.779 €/L → 1.699 €/L
      Dyzelinas: 2.098 €/L → 2.029 €/L
  ~ Neste Lietuva — Europos g. 6, N.Valios k.
      Dyzelinas: 2.098 €/L → 2.029 €/L
  ~ Neste Lietuva — M. Daukšos g. 29, Mažeikiai
      95 benzinas: 1.729 €/L → 1.679 €/L
      Dyzelinas: 2.078 €/L → 2.029 €/L
  ~ Neste Lietuva — Katyčių k., Šilalės r.
      95 benzinas: 1.709 €/L → 1.699 €/L
      Dyzelinas: 2.103 €/L → 2.059 €/L
  ~ Neste Lietuva — J. Basanavičiaus g. 91E, Kėdainiai
      95 benzinas: 1.759 €/L → 1.719 €/L
      Dyzelinas: 2.128 €/L → 2.059 €/L
  ~ Neste Lietuva — Kauno g. 45B, Ukmergė
      95 benzinas: 1.719 €/L → 1.669 €/L
      Dyzelinas: 2.078 €/L → 1.999 €/L
  ~ Neste Lietuva — J. Basanavičiaus g. 129, Utena
      95 benzinas: 1.749 €/L → 1.679 €/L
      Dyzelinas: 2.088 €/L → 2.029 €/L
  ~ Neste Lietuva — Kupiškio g. 12, Utena
      95 benzinas: 1.744 €/L → 1.674 €/L
      Dyzelinas: 2.083 €/L → 2.024 €/L
  ~ Neste Lietuva — Aplinkkelio g. 165, Molėtai
      95 benzinas: 1.729 €/L → 1.679 €/L
      Dyzelinas: 2.078 €/L → 2.019 €/L
  ~ Neste Lietuva — Vilniaus g. 94, Pabradė
      Dyzelinas: 2.078 €/L → 2.059 €/L
  ~ Neste Lietuva — Plento g. 7, Gudžionių k.
      95 benzinas: 1.749 €/L → 1.719 €/L
      Dyzelinas: 2.098 €/L → 2.059 €/L
  ~ Neste Lietuva — Versmės g. 2, Radviliškis
      95 benzinas: 1.729 €/L → 1.709 €/L
      Dyzelinas: 2.098 €/L → 2.029 €/L
  ~ Neste Lietuva — Pušyno g. 11, Ylių k.
      95 benzinas: 1.729 €/L → 1.719 €/L
      Dyzelinas: 2.123 €/L → 2.079 €/L
  ~ Neste Lietuva — Dariaus ir Girėno g. 130A, Tauragė
      95 benzinas: 1.699 €/L → 1.669 €/L
      Dyzelinas: 2.058 €/L → 1.999 €/L
  ~ Neste Lietuva — Sabališkių g. 1U, Elektrėnai
      95 benzinas: 1.749 €/L → 1.719 €/L
      Dyzelinas: 2.108 €/L → 2.089 €/L
  ~ Neste Lietuva — Šiaulių pl. 1A, Gaudikaičių k.
      95 benzinas: 1.744 €/L → 1.699 €/L
      Dyzelinas: 2.078 €/L → 2.029 €/L
  ~ Orlen — Kauno g. 73, Alytus
      95 benzinas: 1.699 €/L → 1.699 €/L
      Dyzelinas: 2.089 €/L → 2.049 €/L
  ~ Orlen — ​Žilvičių g. 1 A, Kakliniškių k.
      Dyzelinas: 2.139 €/L → 2.119 €/L
  ~ Orlen — Alytaus g. 2, ​Verbyliškių k.
      95 benzinas: 1.719 €/L → 1.739 €/L
      Dyzelinas: 2.119 €/L → 2.099 €/L
  ~ Orlen — Žiežmarių k.
      Dyzelinas: 2.139 €/L → 2.119 €/L
  ~ Orlen — Biruliškių k.
      Dyzelinas: 2.099 €/L → 2.059 €/L
      Dujos: 0.879 €/L → 0.879 €/L
  ~ Orlen — Beržų g. 2N, Ringaudai
      95 benzinas: 1.719 €/L → 1.699 €/L
      Dyzelinas: 2.139 €/L → 2.079 €/L
  ~ Orlen — Kalvarijos g. 138, Kaunas
      95 benzinas: 1.719 €/L → 1.699 €/L
      Dyzelinas: 2.139 €/L → 2.079 €/L
  ~ Orlen — Pramonės pr. 37, Kaunas
      Dyzelinas: 2.099 €/L → 2.079 €/L
  ~ Orlen — Varnių g. 50, Kaunas
      Dyzelinas: 2.089 €/L → 2.039 €/L
  ~ Orlen — Veiverių g. 148 B, Kaunas
      Dyzelinas: 2.099 €/L → 2.059 €/L
  ~ Orlen — Minijos g. 44, Klaipėda
      95 benzinas: 1.699 €/L → 1.689 €/L
      Dyzelinas: 2.099 €/L → 2.059 €/L
  ~ Orlen — Šilutės pl. 26 A, Klaipėda
      Dyzelinas: 2.059 €/L → 2.039 €/L
      Dujos: 0.869 €/L → 0.869 €/L
  ~ Orlen — Šilutės pl. 94, Klaipėda
      95 benzinas: 1.699 €/L → 1.689 €/L
      Dyzelinas: 2.099 €/L → 2.059 €/L
  ~ Orlen — Vilniaus pl. 13, Jakų k.
      Dyzelinas: 2.149 €/L → 2.119 €/L
  ~ Orlen — Pikelių k. 6
      Dyzelinas: 2.159 €/L → 2.149 €/L
  ~ Orlen — Pikelių k. 8
      Dyzelinas: 2.159 €/L → 2.149 €/L
  ~ Orlen — Aleksandravo k.
      95 benzinas: 1.689 €/L → 1.689 €/L
      Dyzelinas: 2.079 €/L → 2.039 €/L
  ~ Orlen — ​Skuodo g. 14, Mažeikiai
      95 benzinas: 1.699 €/L → 1.679 €/L
      Dyzelinas: 2.089 €/L → 2.049 €/L
      Dujos: 0.879 €/L → 0.879 €/L
  ~ Orlen — Žemaitijos g. 42, Mažeikiai
      95 benzinas: 1.699 €/L → 1.679 €/L
      Dyzelinas: 2.089 €/L → 2.049 €/L
      Dujos: 0.879 €/L → 0.879 €/L
  ~ Orlen — Vilimiškės k.
      Dyzelinas: 2.179 €/L → 2.129 €/L
  ~ Orlen — Klaipėdos g. 162 D, Panevėžys
      95 benzinas: 1.719 €/L → 1.699 €/L
      Dyzelinas: 2.119 €/L → 2.059 €/L
  ~ Orlen — Senamiesčio g. 115, Panevėžys
      95 benzinas: 1.699 €/L → 1.689 €/L
      Dyzelinas: 2.099 €/L → 2.039 €/L
  ~ Orlen — Šiaulių g. 50, Nausodės k.
      95 benzinas: 1.739 €/L → 1.719 €/L
      Dyzelinas: 2.159 €/L → 2.119 €/L
  ~ Orlen — Serbentų g. 82, Šiauliai
      Dyzelinas: 2.099 €/L → 2.049 €/L
  ~ Orlen — Gedimino g. 46, Tauragė
      95 benzinas: 1.699 €/L → 1.689 €/L
      Dyzelinas: 2.099 €/L → 2.039 €/L
  ~ Orlen — ​Plungės g. 33 D, Telšiai
      95 benzinas: 1.699 €/L → 1.689 €/L
      Dyzelinas: 2.099 €/L → 2.039 €/L
  ~ Orlen — Juodasis kl. 32, Vilnius
      95 benzinas: 1.729 €/L → 1.719 €/L
      Dyzelinas: 2.159 €/L → 2.079 €/L
  ~ Orlen — O. ​Milašiaus g. 31, Vilnius
      95 benzinas: 1.729 €/L → 1.718 €/L
      Dyzelinas: 2.159 €/L → 2.079 €/L
  ~ Orlen — Ukmergės g. 319, Vilnius
      95 benzinas: 1.719 €/L → 1.719 €/L
      Dyzelinas: 2.139 €/L → 2.069 €/L
  ~ Orlen — Žirmūnų g. 1T, Vilnius
      Dyzelinas: 2.099 €/L → 2.069 €/L
  ~ Trevena — Kretingos pl. 1, Gargždai
      95 benzinas: 1.750 €/L → 1.740 €/L
      Dyzelinas: 2.150 €/L → 2.130 €/L
  ~ Trevena — Klaipėdos g. 39, Gargždai
      95 benzinas: 1.710 €/L → 1.700 €/L
      Dyzelinas: 2.110 €/L → 2.090 €/L
  ~ Trevena — Tilžės g. 21, Saugų k.
      95 benzinas: 1.720 €/L → 1.700 €/L
      Dyzelinas: 2.120 €/L → 2.080 €/L
  ~ Trevena — Šv. Kristoforo g. 4, Dituvos k.
      95 benzinas: 1.720 €/L → 1.700 €/L
      Dyzelinas: 2.140 €/L → 2.080 €/L
      Dujos: 0.960 €/L → 0.950 €/L
  ~ Trevena — Lėgų k. 1, Rietavas
      95 benzinas: 1.740 €/L → 1.720 €/L
      Dyzelinas: 2.160 €/L → 2.100 €/L
      Dujos: 0.960 €/L → 0.950 €/L
  ~ Trevena — Laisvės g. 15, Darbėnai
      95 benzinas: 1.790 €/L → 1.760 €/L
      Dyzelinas: 2.190 €/L → 2.150 €/L
  ~ Trevena — Vilniaus g. 29B, Kretinga
      95 benzinas: 1.790 €/L → 1.760 €/L
      Dyzelinas: 2.190 €/L → 2.150 €/L
  ~ Trevena — Veiviržėnų g. 29, Pyktiškės k.
      95 benzinas: 1.740 €/L → 1.720 €/L
      Dyzelinas: 2.160 €/L → 2.100 €/L
      Dujos: 0.960 €/L → 0.950 €/L
  ~ Trevena — Liepų g. 4, Žemaitkiemio k.
      95 benzinas: 1.720 €/L → 1.700 €/L
      Dyzelinas: 2.120 €/L → 2.080 €/L
  ~ Trevena — Kvėdarnos g. 2, Vatušių k.
      95 benzinas: 1.740 €/L → 1.720 €/L
      Dyzelinas: 2.160 €/L → 2.100 €/L
      Dujos: 0.940 €/L → 0.910 €/L
  ~ Trevena — Kretingos g. 28A, Klaipėda
      95 benzinas: 1.720 €/L → 1.700 €/L
      Dyzelinas: 2.140 €/L → 2.080 €/L
      Dujos: 0.960 €/L → 0.950 €/L
  ~ Trevena — Minijos g. 152A, Klaipėda
      95 benzinas: 1.720 €/L → 1.700 €/L
      Dyzelinas: 2.130 €/L → 2.080 €/L
      Dujos: 0.960 €/L → 0.950 €/L
  ~ Viada — Alytus, Naujoji g. 27
      95 benzinas: 1.769 €/L → 1.759 €/L
  ~ Viada — Alytus, Ulonų g. 33B
      95 benzinas: 1.769 €/L → 1.759 €/L
  ~ Viada — Kaunas, Ateities pl. 37A
      95 benzinas: 1.769 €/L → 1.759 €/L
  ~ Viada — Kaunas, P. Lukšio g. 66A
      95 benzinas: 1.769 €/L → 1.759 €/L
  ~ Viada — Kaunas, Statybininkų g. 3A
      95 benzinas: 1.769 €/L → 1.759 €/L
  ~ Viada — Kaunas, T. Masiulio g. 22B
      95 benzinas: 1.769 €/L → 1.749 €/L
  ~ Viada — Klaipėda, Liepojos g. 242
      95 benzinas: 1.769 €/L → 1.759 €/L
  ~ Viada — Klaipėda, Šilutės pl. 52
      95 benzinas: 1.769 €/L → 1.759 €/L
  ~ Viada — Marijampolė, Geležinkelio g. 5
      95 benzinas: 1.769 €/L → 1.729 €/L
      Dyzelinas: 2.099 €/L → 2.089 €/L
  ~ Viada — Marijampolė, J. Ambrazevičiaus-Brazaičio g. 2
      95 benzinas: 1.769 €/L → 1.729 €/L
      Dyzelinas: 2.099 €/L → 2.089 €/L
      Dujos: 0.959 €/L → 0.949 €/L
  ~ Viada — Mažeikiai, Montuotojų g. 2A
      95 benzinas: 1.769 €/L → 1.749 €/L
      Dyzelinas: 2.099 €/L → 2.089 €/L
  ~ Viada — Mažeikiai, Žemaitijos g. 75
      95 benzinas: 1.769 €/L → 1.749 €/L
      Dyzelinas: 2.099 €/L → 2.089 €/L
      Dujos: 0.949 €/L → 0.929 €/L
  ~ Viada — Molėtai, Vilniaus g. 101
      Dujos: 0.959 €/L → 0.929 €/L
  ~ Viada — Šilagalio k., Panevėžio aplinkl. 5
      95 benzinas: 1.739 €/L → 1.729 €/L
      Dyzelinas: 2.099 €/L → 2.089 €/L
  ~ Viada — Tičkūnų k., Tičkūnų g. 31
      95 benzinas: 1.769 €/L → 1.739 €/L
      Dyzelinas: 2.099 €/L → 2.079 €/L
  ~ Viada — Panevėžys, J. Janonio g. 28A
      95 benzinas: 1.769 €/L → 1.739 €/L
      Dyzelinas: 2.099 €/L → 2.079 €/L
  ~ Viada — Panevėžys, Navadolio g. 31
      95 benzinas: 1.769 €/L → 1.739 €/L
      Dyzelinas: 2.099 €/L → 2.079 €/L
  ~ Viada — Panevėžys, Pušaloto g. 193A
      95 benzinas: 1.769 €/L → 1.739 €/L
      Dyzelinas: 2.099 €/L → 2.079 €/L
  ~ Viada — Panevėžys, Ramygalos g. 155
      95 benzinas: 1.769 €/L → 1.739 €/L
      Dyzelinas: 2.099 €/L → 2.079 €/L
  ~ Viada — Panevėžys, Ramygalos g. 186G
      95 benzinas: 1.769 €/L → 1.739 €/L
      Dyzelinas: 2.099 €/L → 2.079 €/L
  ~ Viada — Panevėžys, Senamiesčio g. 116A
      95 benzinas: 1.769 €/L → 1.739 €/L
      Dyzelinas: 2.099 €/L → 2.079 €/L
  ~ Viada — Panevėžys, Venslaviškio g. 16
      95 benzinas: 1.769 €/L → 1.739 €/L
      Dyzelinas: 2.099 €/L → 2.079 €/L
  ~ Viada — Grigaliūnų k. 11
      Dujos: 0.950 €/L → 0.959 €/L
  ~ Viada — Mačiūnų k., Kauno pl. 40
      Dujos: 0.959 €/L → 0.950 €/L
  ~ Viada — Šiauliai, Dubijos g. 1C
      95 benzinas: 1.769 €/L → 1.749 €/L
  ~ Viada — Šiauliai, Gegužių g. 26
      95 benzinas: 1.769 €/L → 1.759 €/L
  ~ Viada — Šiauliai, J. Basanavičiaus g. 122A
      95 benzinas: 1.769 €/L → 1.759 €/L
  ~ Viada — Šiauliai, Tilžės g. 274
      95 benzinas: 1.769 €/L → 1.759 €/L
  ~ Viada — Tauragė, Dariaus ir Girėno g. 138A
      95 benzinas: 1.759 €/L → 1.719 €/L
      Dyzelinas: 2.099 €/L → 2.079 €/L
      Dujos: 0.949 €/L → 0.959 €/L
  ~ Viada — Tauragė, Pramonės g. 1
      95 benzinas: 1.759 €/L → 1.719 €/L
      Dyzelinas: 2.099 €/L → 2.079 €/L
      Dujos: 0.949 €/L → 0.959 €/L
  ~ Viada — Telšiai, Pramonės g. 2A
      95 benzinas: 1.749 €/L → 1.769 €/L
      Dujos: 0.959 €/L → 0.949 €/L
  ~ Viada — Aukštųjų Semeniukų k., Logistikos g. 9
      Dujos: 0.959 €/L → 0.949 €/L
  ~ Viada — Ukmergė, Žiedo g. 15
      95 benzinas: 1.769 €/L → 1.749 €/L
      Dujos: 0.959 €/L → 0.939 €/L
  ~ Viada — Utena, Metalo g. 8
      95 benzinas: 1.769 €/L → 1.759 €/L
  ~ Viada — Utena, Pramonės g. 23
      95 benzinas: 1.769 €/L → 1.759 €/L
  ~ Viada — Gedimino k., Vyturio g. 2
      95 benzinas: 1.769 €/L → 1.759 €/L
  ~ Viada — Avižienių k., Ožiarūčių g. 1a
      Dyzelinas: 2.099 €/L → 2.079 €/L
  ~ Viada — Vilnius, Ateities g. 17B
      95 benzinas: 1.769 €/L → 1.739 €/L
      Dyzelinas: 2.099 €/L → 2.089 €/L
  ~ Viada — Vilnius, Gariūnų g. 16A
      95 benzinas: 1.769 €/L → 1.749 €/L
  ~ Viada — Vilnius, Justiniškių g. 12
      Dyzelinas: 2.099 €/L → 2.089 €/L
  ~ Viada — Vilnius, Saltoniškių g. 12
      95 benzinas: 1.769 €/L → 1.759 €/L
      Dyzelinas: 2.099 €/L → 2.089 €/L
  ~ Viada — Vilnius, Verkių g. 52
      95 benzinas: 1.769 €/L → 1.739 €/L
      Dyzelinas: 2.099 €/L → 2.089 €/L
  ~ Viada — Vilnius, Vilkpėdės g. 2
      95 benzinas: 1.769 €/L → 1.749 €/L
  ~ Autograndas — Taikos pr. 47
      95 benzinas: 1.710 €/L → 1.698 €/L
      Dyzelinas: 2.110 €/L → 1.998 €/L
  ~ Nostrada (RV Transport) — Kazlavo km. 4 Kalvarijos sav.
      95 benzinas: 1.650 €/L → 1.640 €/L
      Dyzelinas: 2.060 €/L → 1.990 €/L
  ~ Utentra — Utena, Pramonės g. 16
      Dyzelinas: 2.019 €/L → 1.989 €/L
  ~ Skulas — Simnas, Alytaus g. 48
      95 benzinas: 1.740 €/L → 1.720 €/L
      Dyzelinas: 2.150 €/L → 2.100 €/L
      Dujos: 0.940 €/L → 0.930 €/L
  ~ Skulas — Likiškėlių k., Kalninės g. 5
      95 benzinas: 1.700 €/L → 1.690 €/L
      Dyzelinas: 2.110 €/L → 2.070 €/L
      Dujos: 0.940 €/L → 0.920 €/L
  ~ Skulas — Kaunas, Ašigalio g. 1 A
      95 benzinas: 1.729 €/L → 1.689 €/L
      Dyzelinas: 2.129 €/L → 2.049 €/L
      Dujos: 0.869 €/L → 0.859 €/L
  ~ Skulas — Kaunas, Marvelės g. 106 D
      95 benzinas: 1.729 €/L → 1.689 €/L
      Dyzelinas: 2.129 €/L → 2.059 €/L
  ~ Skulas — Virbališkių k., Verslo g. 2
      95 benzinas: 1.740 €/L → 1.690 €/L
      Dyzelinas: 2.140 €/L → 2.060 €/L
  ~ Skulas — Pasvalys, Mūšos g. 2 E
      Dyzelinas: 2.020 €/L → 1.990 €/L
  ~ Skulas — Vilnius, J.Kazlausko g. 34
      95 benzinas: 1.689 €/L → 1.669 €/L
      Dyzelinas: 2.029 €/L → 1.999 €/L
  ~ Deliuvis — Pušaloto g. 140, Panevėžys
      Dyzelinas: 2.059 €/L → 1.999 €/L
  ~ Deliuvis — G.Petkevičaitės-Bitės 35C, Panevėžys
      Dyzelinas: 2.059 €/L → 1.999 €/L
  ~ Deliuvis — S.Kerbedžio 2, Panevėžys
      Dyzelinas: 2.059 €/L → 1.999 €/L
  ~ Velseka — Panevėžio g. 5, Kupiškis
      95 benzinas: 1.669 €/L → 1.659 €/L
      Dyzelinas: 2.089 €/L → 1.989 €/L
      Dujos: 0.894 €/L → 0.919 €/L
  ~ Madalva — Žygaičių k., Žygaičių g.2
      Dyzelinas: 2.160 €/L → 2.060 €/L
  ~ Prie Luksto — Telšiai, Masčio g. 21
      95 benzinas: 1.745 €/L → 1.755 €/L
  ~ Boost Petrol — Ginkūnų k., Aušros g. 26
      95 benzinas: 1.769 €/L → 1.759 €/L
      Dyzelinas: 2.169 €/L → 2.089 €/L
  ~ Boost Petrol — Kęstučio g. 1B, Kelmė
      95 benzinas: 1.779 €/L → 1.769 €/L
      Dyzelinas: 2.169 €/L → 2.099 €/L
  ~ Boost Petrol — Kuršukų k., Plento g. 1
      95 benzinas: 1.799 €/L → 1.769 €/L
      Dyzelinas: 2.199 €/L → 2.099 €/L
  ~ Boost Petrol — Marvelės g. 132, Kaunas
      95 benzinas: 1.799 €/L → 1.769 €/L
      Dyzelinas: 2.199 €/L → 2.099 €/L
  ~ Boost Petrol — Dubijos g. 36
      95 benzinas: 1.799 €/L → 1.769 €/L
      Dyzelinas: 2.199 €/L → 2.129 €/L
  ~ Boost Petrol — Smėlinkos k.
      95 benzinas: 1.750 €/L → 1.740 €/L
      Dyzelinas: 2.150 €/L → 2.090 €/L
  ~ Boost Petrol — Zarasų g. 9, Utena
      95 benzinas: 1.769 €/L → 1.739 €/L
      Dyzelinas: 2.189 €/L → 2.099 €/L
  ~ Boost Petrol — Maironių k., Kuršių g. 2
      Dyzelinas: 2.110 €/L → 2.090 €/L
  ~ Stateta — Kantališkių k.
      95 benzinas: 1.654 €/L → 1.651 €/L
      Dyzelinas: 2.044 €/L → 2.022 €/L
  ~ Stateta — Ukmergės g. 246, Vilnius
      95 benzinas: 1.654 €/L → 1.651 €/L
      Dyzelinas: 2.044 €/L → 2.022 €/L
  ~ Stateta — Alytaus k.
      95 benzinas: 1.654 €/L → 1.651 €/L
      Dyzelinas: 2.044 €/L → 2.022 €/L
  ~ Stateta — Kauno g.1, Miklusėnai
      95 benzinas: 1.654 €/L → 1.651 €/L
      Dyzelinas: 2.044 €/L → 2.022 €/L
  ~ Stateta — Kaniukų k.
      95 benzinas: 1.654 €/L → 1.651 €/L
      Dyzelinas: 2.044 €/L → 2.022 €/L
  ~ Stateta — Gustaičių k.
      95 benzinas: 1.654 €/L → 1.651 €/L
      Dyzelinas: 2.044 €/L → 2.022 €/L
  ~ Stateta — Erdvės g. 78, Ramučių k.
      95 benzinas: 1.654 €/L → 1.651 €/L
      Dyzelinas: 2.044 €/L → 2.022 €/L
  ~ Stateta — Žemdirbių g. 15, Paliūniškio k.
      95 benzinas: 1.654 €/L → 1.651 €/L
      Dyzelinas: 2.044 €/L → 2.022 €/L
  ~ Stateta — Panevėžio g. 9, Kupiškis
      95 benzinas: 1.654 €/L → 1.651 €/L
      Dyzelinas: 2.044 €/L → 2.022 €/L
  ~ Stateta — Turgaus g. 4, Kreivukė
      95 benzinas: 1.654 €/L → 1.651 €/L
      Dyzelinas: 2.044 €/L → 2.022 €/L
  ~ Stateta — Minijos g. 90, Klaipėda
      95 benzinas: 1.654 €/L → 1.651 €/L
      Dyzelinas: 2.044 €/L → 2.022 €/L
  ~ Stateta — Palangos g. 66, Utena
      95 benzinas: 1.654 €/L → 1.651 €/L
      Dyzelinas: 2.044 €/L → 2.022 €/L
  ~ Emsi — Ūdrijos g.2, Alytus
      95 benzinas: 1.720 €/L → 1.680 €/L
      Dyzelinas: 2.130 €/L → 2.080 €/L
  ~ Emsi — Žemaičių g. 34, Ariogala
      95 benzinas: 1.759 €/L → 1.739 €/L
      Dyzelinas: 2.179 €/L → 2.139 €/L
  ~ Emsi — Ateities pl.40B, Kaunas
      95 benzinas: 1.729 €/L → 1.709 €/L
      Dyzelinas: 2.149 €/L → 2.099 €/L
  ~ Emsi — Jaunimo g.2a, Biržai
      95 benzinas: 1.659 €/L → 1.679 €/L
      Dyzelinas: 2.059 €/L → 2.079 €/L
  ~ Emsi — Bukiškio k. Ukmergės g.437
      95 benzinas: 1.719 €/L → 1.709 €/L
      Dyzelinas: 2.149 €/L → 2.099 €/L
  ~ Emsi — Draugystės g.8B, Kaunas
      95 benzinas: 1.729 €/L → 1.699 €/L
      Dyzelinas: 2.139 €/L → 2.099 €/L
      Dujos: 0.909 €/L → 0.899 €/L
  ~ Emsi — Vilnius, Spyglių g. 2
      95 benzinas: 1.739 €/L → 1.729 €/L
      Dyzelinas: 2.169 €/L → 2.099 €/L
  ~ Emsi — Ilgakiemio k., Kauno g.25
      Dyzelinas: 2.129 €/L → 2.109 €/L
  ~ Emsi — Jeruzalės 2, Vilnius
      95 benzinas: 1.749 €/L → 1.709 €/L
      Dyzelinas: 2.149 €/L → 2.099 €/L
  ~ Emsi — Vasario 16-osios g.70, Jonava
      95 benzinas: 1.779 €/L → 1.769 €/L
      Dyzelinas: 2.199 €/L → 2.149 €/L
  ~ Emsi — Durpyno 63, Jonušų k.
      95 benzinas: 1.739 €/L → 1.729 €/L
      Dyzelinas: 2.139 €/L → 2.119 €/L
  ~ Emsi — Juodgirio k.1,
      95 benzinas: 1.759 €/L → 1.739 €/L
      Dyzelinas: 2.179 €/L → 2.139 €/L
  ~ Emsi — Medelyno g.126 Kalotės k.
      95 benzinas: 1.730 €/L → 1.710 €/L
      Dyzelinas: 2.130 €/L → 2.110 €/L
  ~ Emsi — Kareivių g. 4, Vilnius
      95 benzinas: 1.749 €/L → 1.729 €/L
      Dyzelinas: 2.149 €/L → 2.099 €/L
  ~ Emsi — Jonavos g. 292B, Kaunas
      Dyzelinas: 2.119 €/L → 2.099 €/L
  ~ Emsi — Kirtimų g. 33, Vilnius
      95 benzinas: 1.729 €/L → 1.719 €/L
      Dyzelinas: 2.119 €/L → 2.099 €/L
  ~ Emsi — Laisvės pr. 80B, Vilnius
      95 benzinas: 1.739 €/L → 1.699 €/L
      Dyzelinas: 2.139 €/L → 2.099 €/L
  ~ Emsi — Sodų g.3A, Lentvaris
      Dyzelinas: 2.140 €/L → 2.090 €/L
      Dujos: 0.929 €/L → 0.939 €/L
  ~ Emsi — Liepkalnio g.112A, Vilnius
      95 benzinas: 1.729 €/L → 1.709 €/L
      Dyzelinas: 2.129 €/L → 2.109 €/L
      Dujos: 0.930 €/L → 0.929 €/L
  ~ Emsi — Liuksemburgo aklg. 27, Kaunas
      Dujos: 0.909 €/L → 0.930 €/L
  ~ Emsi — Mokyklos g. 26, Maišiagalos mstl.
      95 benzinas: 1.719 €/L → 1.709 €/L
      Dyzelinas: 2.149 €/L → 2.099 €/L
      Dujos: 0.959 €/L → 0.909 €/L
  ~ Emsi — Stoties g. 6B, Marijampolė
      95 benzinas: 1.669 €/L → 1.699 €/L
      Dyzelinas: 2.069 €/L → 2.099 €/L
      Dujos: 0.850 €/L → 0.959 €/L
  ~ Emsi — Masiulio g.16C, Kaunas
      Dyzelinas: 2.129 €/L → 2.099 €/L
      Dujos: 0.929 €/L → 0.940 €/L
  ~ Emsi — Marijampolės g. 58, Mastaičių k.
      95 benzinas: 1.739 €/L → 1.729 €/L
      Dyzelinas: 2.139 €/L → 2.129 €/L
      Dujos: 0.930 €/L → 0.929 €/L
  ~ Emsi — Medininkų k., Pasieniečių g.10
      95 benzinas: 1.829 €/L → 1.799 €/L
      Dyzelinas: 2.279 €/L → 2.249 €/L
  ~ Emsi — Minijos g.154A, Klaipėda
      Dujos: 0.880 €/L → 0.930 €/L
  ~ Emsi — Savanorių pr.402A, Kaunas
      95 benzinas: 1.719 €/L → 1.729 €/L
      Dyzelinas: 2.149 €/L → 2.079 €/L
      Dujos: 0.939 €/L → 0.880 €/L
  ~ Emsi — Taikos g.1, Kreivalaužių k.
      95 benzinas: 1.770 €/L → 1.720 €/L
      Dyzelinas: 2.190 €/L → 2.080 €/L
      Dujos: 0.910 €/L → 0.939 €/L
  ~ Emsi — Nemuno g.79A, Panevėžys
      95 benzinas: 1.719 €/L → 1.679 €/L
      Dyzelinas: 2.119 €/L → 2.069 €/L
      Dujos: 0.899 €/L → 0.910 €/L
  ~ Emsi — Palemono g. 3A, Kaunas
      95 benzinas: 1.700 €/L → 1.690 €/L
      Dyzelinas: 2.120 €/L → 2.070 €/L
  ~ Emsi — Pasvalys, Taikos g.24
      Dujos: 0.930 €/L → 0.899 €/L
  ~ Emsi — Paukštininkų g.4a, Kaišiadorys
      95 benzinas: 1.739 €/L → 1.719 €/L
      Dyzelinas: 2.149 €/L → 2.079 €/L
      Dujos: 0.940 €/L → 0.930 €/L
  ~ Emsi — Kauno g.165, Pietarių k.
      95 benzinas: 1.709 €/L → 1.699 €/L
      Dujos: 0.949 €/L → 0.940 €/L
  ~ Emsi — Pajautos g. 31, Vilnius (Pilaitė)
      95 benzinas: 1.729 €/L → 1.719 €/L
      Dyzelinas: 2.129 €/L → 2.069 €/L
      Dujos: 0.940 €/L → 0.949 €/L
  ~ Emsi — Miško g.62, Radviliškis
      Dyzelinas: 2.139 €/L → 2.129 €/L
      Dujos: 0.910 €/L → 0.940 €/L
  ~ Emsi — Ramygalos g.186A, Panevėžys
      95 benzinas: 1.719 €/L → 1.699 €/L
      Dyzelinas: 2.119 €/L → 2.069 €/L
      Dujos: 0.900 €/L → 0.910 €/L
  ~ Emsi — Raščių k. 1A
      Dyzelinas: 2.149 €/L → 2.099 €/L
      Dujos: 0.929 €/L → 0.900 €/L
  ~ Emsi — Sausių g.2 Sausių k..
      95 benzinas: 1.700 €/L → 1.690 €/L
      Dyzelinas: 2.130 €/L → 2.070 €/L
      Dujos: 0.920 €/L → 0.929 €/L
  ~ Emsi — Savanorių 225, Vilnius
      95 benzinas: 1.739 €/L → 1.719 €/L
      Dyzelinas: 2.129 €/L → 2.099 €/L
      Dujos: 0.909 €/L → 0.920 €/L
  ~ Emsi — Sereikonių k., Baltijos kelio g.2
      Dujos: 0.939 €/L → 0.909 €/L
  ~ Emsi — Sembos g.5, Šiauliai
      95 benzinas: 1.729 €/L → 1.699 €/L
      Dyzelinas: 2.129 €/L → 2.099 €/L
      Dujos: 0.900 €/L → 0.939 €/L
  ~ Emsi — Šilagalio k., Panevėžio aplinkl.12
      Dyzelinas: 2.099 €/L → 2.079 €/L
      Dujos: 0.929 €/L → 0.900 €/L
  ~ Emsi — Gluosnių g.4A, Šilutė
      Dujos: 0.930 €/L → 0.929 €/L
  ~ Emsi — Skaisčiūnų k., Europos g.11
      95 benzinas: 1.709 €/L → 1.699 €/L
      Dujos: 0.939 €/L → 0.930 €/L
  ~ Emsi — Taikos pr.124, Klaipėda
      95 benzinas: 1.700 €/L → 1.690 €/L
      Dyzelinas: 2.100 €/L → 2.090 €/L
      Dujos: 0.880 €/L → 0.939 €/L
  ~ Emsi — Gunkliškių g.2F, Vilnius
      Dyzelinas: 2.149 €/L → 2.099 €/L
      Dujos: 0.929 €/L → 0.880 €/L
  ~ Emsi — Vandžiogalos pl.86A, Kaunas
      Dyzelinas: 2.140 €/L → 2.120 €/L
      Dujos: 0.930 €/L → 0.929 €/L
  ~ Emsi — S.Nėries g.38, Vilkaviškis
      95 benzinas: 1.719 €/L → 1.699 €/L
      Dyzelinas: 2.149 €/L → 2.079 €/L
      Dujos: 0.920 €/L → 0.890 €/L
  ~ Emsi — Žemaitkiemis, Stasio Krasausko g. 21
      Dyzelinas: 2.149 €/L → 2.099 €/L
      Dujos: 0.929 €/L → 0.920 €/L
  ~ Saurida — Naujoji Akmenė V. Kudirkos 18A
      Dyzelinas: 2.140 €/L → 2.080 €/L
      Dujos: 0.870 €/L → 0.929 €/L
  ~ Saurida — Pašakarnių km. Pašakarnių g. 1
      Dyzelinas: 2.160 €/L → 2.130 €/L
  ~ Saurida — Skuodas Vytauto g. 20
      95 benzinas: 1.720 €/L → 1.690 €/L
      Dyzelinas: 2.150 €/L → 2.080 €/L
  ~ Saurida — Kaunas Garažų g. 20
      Dyzelinas: 2.090 €/L → 2.000 €/L
  ~ Saurida — Ukmergė Kareivinių g. 64
      95 benzinas: 1.700 €/L → 1.680 €/L
      Dyzelinas: 2.140 €/L → 2.020 €/L
  ~ Saurida — Ukmergė Vilniaus g. 122
      95 benzinas: 1.700 €/L → 1.680 €/L
      Dyzelinas: 2.140 €/L → 2.020 €/L
  ~ Saurida — Pageležių km.
      Dyzelinas: 2.140 €/L → 2.120 €/L
  ~ Saurida — Zujūnai Buivydiškių g. 1A
      Dyzelinas: 2.150 €/L → 2.090 €/L
  ~ Saurida — Visaginas Kosmoso g. 1
      95 benzinas: 1.720 €/L → 1.700 €/L
      Dyzelinas: 2.120 €/L → 2.100 €/L
  ~ Saurida — Vilnius, Jankiškių g. 43a
      Dyzelinas: 2.150 €/L → 2.090 €/L
  ~ Žibalas — Jonava, Taurostos g. 16a
      95 benzinas: 1.840 €/L → 1.820 €/L
  ~ Skaistčio ŽŪB — Skaistgirys, Liepų g.22
      Dyzelinas: 2.190 €/L → 2.090 €/L
  ~ Antivis — Tytuvėnai, Žemaitės g.14
      Dyzelinas: 2.190 €/L → 2.140 €/L
  ~ Circle K — Pramogų g. 4, Truikių k.
      95 benzinas: 1.799 €/L → 1.769 €/L
      Dyzelinas: 2.159 €/L → 2.099 €/L
  ~ Regusa — Medelyno g. 4A, Jūrės k.
      95 benzinas: 1.730 €/L → 1.710 €/L
      Dyzelinas: 2.110 €/L → 2.050 €/L
  ~ Regusa — Sodo g. 11, Gavaltuvos k.
      95 benzinas: 1.730 €/L → 1.690 €/L
      Dyzelinas: 2.120 €/L → 2.070 €/L
  ~ Regusa — J. Basanavičiaus g. 45A, Kybartai
      95 benzinas: 1.750 €/L → 1.720 €/L
      Dyzelinas: 2.140 €/L → 2.070 €/L
  ~ Regusa — S. Daukanto g. 19D, Kazlų Rūda
      95 benzinas: 1.730 €/L → 1.710 €/L
      Dyzelinas: 2.110 €/L → 2.050 €/L
  ~ Regusa — Marijampolės pl. 20, Kaunas
      95 benzinas: 1.690 €/L → 1.680 €/L
      Dyzelinas: 2.050 €/L → 2.020 €/L
  ~ Propano ir butano dujų centras — Švenčionių 35, Ignalina
      Dujos: 0.850 €/L → 0.900 €/L
  ~ Propano ir butano dujų centras — Aukštaičių g. 2a, Cirkliškio k.
      95 benzinas: 1.770 €/L → 1.760 €/L
      Dyzelinas: 2.220 €/L → 2.090 €/L
  ~ Adukesta — Laisvės g. 50, Maciuičių k.
      Dyzelinas: 2.180 €/L → 2.130 €/L
  ~ Melkasta — Kalvelių k., Lazdijų pl. 29
      95 benzinas: 1.740 €/L → 1.710 €/L
      Dyzelinas: 2.150 €/L → 2.120 €/L
  ~ Melkasta — Gulbiniškių k. 7
      95 benzinas: 1.730 €/L → 1.690 €/L
      Dyzelinas: 2.130 €/L → 2.070 €/L
  ~ Melkasta — Seirijų mstl., Algirdo g. 35A
      95 benzinas: 1.740 €/L → 1.710 €/L
      Dyzelinas: 2.150 €/L → 2.120 €/L
  ~ Eu Verslas — Viekšnių g. 24, Mažeikiai
      95 benzinas: 1.659 €/L → 1.629 €/L
      Dyzelinas: 2.059 €/L → 1.979 €/L
  ~ Eu Verslas — Telšių g. 127, Jovaišiškės k.
      95 benzinas: 1.699 €/L → 1.729 €/L
      Dyzelinas: 2.109 €/L → 2.069 €/L
  ~ Eu Verslas — Stoties g. 7C, Plungė
      95 benzinas: 1.680 €/L → 1.730 €/L
      Dyzelinas: 2.100 €/L → 2.070 €/L
  ~ Eu Verslas — Rietavo g. 107, Pakerų k.
      Dyzelinas: 2.109 €/L → 2.069 €/L
  ~ Šventosios investicijos — Elijos g.26 Palanga (Šventoji)
      Dyzelinas: 2.199 €/L → 2.179 €/L
  ~ Atsiauta — Vytauto 80, Kuršėnai
      95 benzinas: 1.770 €/L → 1.750 €/L
      Dyzelinas: 2.190 €/L → 2.080 €/L
  ~ Topgas — Slavinčiškio g.18, Slavinčiškis
      95 benzinas: 1.770 €/L → –
      Dyzelinas: 2.190 €/L → –
      Dujos: 0.950 €/L → 0.860 €/L
  ~ Topgas — Paukštininkų g.13, Kaišiadorys
      95 benzinas: 1.770 €/L → –
      Dyzelinas: 2.190 €/L → –
      Dujos: 0.950 €/L → 0.900 €/L
  ~ Topgas — Gėlyno g.25, Marijampolė
      Dujos: 0.920 €/L → 0.900 €/L
  ~ Circle K — J.Basanavičiaus g. 103, Kėdainiai
      95 benzinas: 1.794 €/L → 1.749 €/L
      Dyzelinas: 2.189 €/L → 2.139 €/L
      Dujos: 0.949 €/L → 0.939 €/L
  ~ S.Savicko įmonė — Šėtos g. 120 , Kėdainiai
      95 benzinas: 1.764 €/L → 1.719 €/L
      Dyzelinas: 2.129 €/L → 2.059 €/L
  ~ S.Savicko įmonė — Dariaus ir Girėno 23 A, Kėdainiai
      95 benzinas: 1.764 €/L → 1.719 €/L
      Dyzelinas: 2.129 €/L → 2.059 €/L
  ~ S.Savicko įmonė — Gedimino g. 50 , Kėdainiai
      95 benzinas: 1.764 €/L → 1.719 €/L
      Dyzelinas: 2.129 €/L → 2.059 €/L
  ~ S.Savicko įmonė — Vandžiogalos g 29,Saviečių k.
      95 benzinas: 1.764 €/L → 1.719 €/L
      Dyzelinas: 2.129 €/L → 2.059 €/L
  ~ Lašų ŽŪB — Vytėnų vs 9, Vytėnai
      95 benzinas: 1.760 €/L → 1.740 €/L
      Dyzelinas: 2.170 €/L → 2.130 €/L
  ~ AS 24 Lietuva — Europos g. 17, Salaperaugio k.
      Dyzelinas: 2.199 €/L → 2.149 €/L

Unchanged: 180 station(s).
