=== 2026-05-05 ===

New stations: none.
Removed stations: none.

Price changes (601):
  ~ AlauЕЎa вЂ” PalijoniЕЎkio g. 1, Utena
      95 benzinas: 1.709 в‚¬/L в†’ 1.794 в‚¬/L
      Dyzelinas: 1.939 в‚¬/L в†’ 2.014 в‚¬/L
      Dujos: 0.924 в‚¬/L в†’ 0.899 в‚¬/L
  ~ AlauЕЎa вЂ” Kosmoso g. 3, Visaginas
      95 benzinas: 1.749 в‚¬/L в†’ 1.859 в‚¬/L
      Dyzelinas: 1.979 в‚¬/L в†’ 2.059 в‚¬/L
  ~ AlauЕЎa вЂ” Palemono g. 171, Kaunas
      95 benzinas: 1.749 в‚¬/L в†’ 1.799 в‚¬/L
      Dyzelinas: 1.979 в‚¬/L в†’ 1.999 в‚¬/L
  ~ AlauЕЎa вЂ” KalvarijЕі g. 204G, Vilnius
      95 benzinas: 1.729 в‚¬/L в†’ 1.799 в‚¬/L
      Dyzelinas: 1.999 в‚¬/L в†’ 2.024 в‚¬/L
      Dujos: 0.899 в‚¬/L в†’ 0.869 в‚¬/L
  ~ AlauЕЎa вЂ” KirtimЕі g. 23A, Vilnius
      95 benzinas: 1.759 в‚¬/L в†’ 1.899 в‚¬/L
      Dyzelinas: 1.979 в‚¬/L в†’ 2.119 в‚¬/L
  ~ AlauЕЎa вЂ” Pelesos g. 1/2, Vilnius
      95 benzinas: 1.779 в‚¬/L в†’ 1.899 в‚¬/L
      Dyzelinas: 1.979 в‚¬/L в†’ 2.109 в‚¬/L
  ~ AlauЕЎa вЂ” Kauno g. 37, UkmergД—
      95 benzinas: 1.734 в‚¬/L в†’ 1.854 в‚¬/L
      Dyzelinas: 1.924 в‚¬/L в†’ 2.084 в‚¬/L
      Dujos: 0.934 в‚¬/L в†’ 0.864 в‚¬/L
  ~ AlauЕЎa вЂ” Plento g. 17, Daugailiai
      95 benzinas: 1.709 в‚¬/L в†’ 1.794 в‚¬/L
      Dyzelinas: 1.939 в‚¬/L в†’ 2.014 в‚¬/L
      Dujos: 0.919 в‚¬/L в†’ 0.899 в‚¬/L
  ~ AlauЕЎa вЂ” Vilniaus g. 8, GrigiЕЎkД—s
      95 benzinas: 1.759 в‚¬/L в†’ 1.859 в‚¬/L
      Dyzelinas: 1.999 в‚¬/L в†’ 2.059 в‚¬/L
  ~ AlauЕЎa вЂ” PlytinД—s g. 2, PuskelniЕі k.
      95 benzinas: 1.729 в‚¬/L в†’ 1.799 в‚¬/L
      Dyzelinas: 1.929 в‚¬/L в†’ 1.999 в‚¬/L
  ~ AlauЕЎa вЂ” Stoties g. 49, MarijampolД—
      95 benzinas: 1.729 в‚¬/L в†’ 1.839 в‚¬/L
      Dyzelinas: 1.949 в‚¬/L в†’ 2.059 в‚¬/L
  ~ AlauЕЎa вЂ” PaЕЎirvio g. 1, PaЕЎirvinДЌio k.
      95 benzinas: 1.699 в‚¬/L в†’ 1.854 в‚¬/L
      Dyzelinas: 1.899 в‚¬/L в†’ 2.054 в‚¬/L
      Dujos: 0.899 в‚¬/L в†’ 0.884 в‚¬/L
  ~ AlauЕЎa вЂ” Е akiЕі g. 51, Kudirkos Naumiestis
      95 benzinas: 1.749 в‚¬/L в†’ 1.769 в‚¬/L
      Dujos: 0.949 в‚¬/L в†’ 0.929 в‚¬/L
  ~ AlauЕЎa вЂ” SkraiДЌioniЕі g. 1, SkraiДЌioniЕі k.
      95 benzinas: 1.799 в‚¬/L в†’ 1.894 в‚¬/L
      Dyzelinas: 1.999 в‚¬/L в†’ 2.104 в‚¬/L
      Dujos: 0.914 в‚¬/L в†’ 0.904 в‚¬/L
  ~ AlauЕЎa вЂ” Europos g. 17, Salaperaugio k.
      95 benzinas: 1.799 в‚¬/L в†’ 1.899 в‚¬/L
      Dyzelinas: 2.049 в‚¬/L в†’ 2.109 в‚¬/L
      Dujos: 0.949 в‚¬/L в†’ 0.929 в‚¬/L
  ~ AlauЕЎa вЂ” Е venДЌioniЕі g. 29A, Ignalina
      95 benzinas: 1.799 в‚¬/L в†’ 1.859 в‚¬/L
      Dyzelinas: 2.049 в‚¬/L в†’ 2.089 в‚¬/L
      Dujos: 0.859 в‚¬/L в†’ 0.899 в‚¬/L
  ~ AlauЕЎa вЂ” Е iaurД—s g. 39, Vilnius
      95 benzinas: 1.754 в‚¬/L в†’ 1.794 в‚¬/L
      Dyzelinas: 1.994 в‚¬/L в†’ 2.044 в‚¬/L
  ~ AlauЕЎa вЂ” Sporto g. 50A, MarijampolД—
      95 benzinas: 1.739 в‚¬/L в†’ 1.839 в‚¬/L
      Dyzelinas: 1.949 в‚¬/L в†’ 2.059 в‚¬/L
  ~ AlauЕЎa вЂ” J. BasanaviДЌiaus g. 1C, Utena
      95 benzinas: 1.704 в‚¬/L в†’ 1.794 в‚¬/L
      Dyzelinas: 1.894 в‚¬/L в†’ 2.014 в‚¬/L
      Dujos: 0.924 в‚¬/L в†’ 0.894 в‚¬/L
  ~ AlauЕЎa вЂ” Е v. Stepono g. 44, Vilnius
      95 benzinas: 1.739 в‚¬/L в†’ 1.859 в‚¬/L
      Dyzelinas: 1.959 в‚¬/L в†’ 2.059 в‚¬/L
  ~ AlauЕЎa вЂ” BuivydiЕЎkiЕі g. 5, Vilnius
      95 benzinas: 1.749 в‚¬/L в†’ 1.859 в‚¬/L
      Dyzelinas: 1.989 в‚¬/L в†’ 2.059 в‚¬/L
  ~ AlauЕЎa вЂ” Santaikos g. 2A, Santaikos k.
      95 benzinas: 1.749 в‚¬/L в†’ 1.779 в‚¬/L
      Dyzelinas: 1.989 в‚¬/L в†’ 2.054 в‚¬/L
      Dujos: 0.894 в‚¬/L в†’ 0.889 в‚¬/L
  ~ AlauЕЎa вЂ” LaisvД—s pr. 125A, Vilnius
      95 benzinas: 1.749 в‚¬/L в†’ 1.799 в‚¬/L
      Dyzelinas: 1.959 в‚¬/L в†’ 1.999 в‚¬/L
  ~ AlauЕЎa вЂ” Dariaus ir GirД—no g. 36, Obeliai
      95 benzinas: 1.799 в‚¬/L в†’ 1.889 в‚¬/L
      Dyzelinas: 2.049 в‚¬/L в†’ 2.089 в‚¬/L
  ~ AlauЕЎa вЂ” A. Vienuolio g. 32A, AnykЕЎДЌiai
      95 benzinas: 1.699 в‚¬/L в†’ 1.754 в‚¬/L
      Dyzelinas: 1.934 в‚¬/L в†’ 1.994 в‚¬/L
  ~ Apsaga вЂ” Vilniaus g.16, Е iauliai
      95 benzinas: 1.789 в‚¬/L в†’ 1.849 в‚¬/L
      Dyzelinas: 1.999 в‚¬/L в†’ 2.005 в‚¬/L
  ~ Apsaga вЂ” PramonД—s g. 3A, Е iauliai
      95 benzinas: 1.809 в‚¬/L в†’ 1.869 в‚¬/L
      Dyzelinas: 2.019 в‚¬/L в†’ 2.020 в‚¬/L
  ~ Apsaga вЂ” PramonД—s g. 28, Е iauliai
      95 benzinas: 1.809 в‚¬/L в†’ 1.869 в‚¬/L
      Dyzelinas: 2.019 в‚¬/L в†’ 2.025 в‚¬/L
  ~ Apsaga вЂ” Nuklono g. 4, Е iauliai
      95 benzinas: 1.809 в‚¬/L в†’ 1.869 в‚¬/L
      Dyzelinas: 1.979 в‚¬/L в†’ 2.019 в‚¬/L
  ~ Apsaga вЂ” TilЕѕД—s g. 223, Е iauliai
      95 benzinas: 1.800 в‚¬/L в†’ 1.869 в‚¬/L
      Dyzelinas: 1.979 в‚¬/L в†’ 2.019 в‚¬/L
  ~ Apsaga вЂ” V. Bielskio g. 47A, Е iauliai
      95 benzinas: 1.790 в‚¬/L в†’ 1.860 в‚¬/L
      Dyzelinas: 1.999 в‚¬/L в†’ 2.019 в‚¬/L
  ~ Apsaga вЂ” Е iauliЕі g.12, RadviliЕЎkis
      95 benzinas: 1.805 в‚¬/L в†’ 1.905 в‚¬/L
      Dyzelinas: 2.029 в‚¬/L в†’ 2.085 в‚¬/L
  ~ Apsaga вЂ” BerЕѕЕі g. 19, Baisogalos k.
      95 benzinas: 1.805 в‚¬/L в†’ 1.905 в‚¬/L
      Dyzelinas: 2.029 в‚¬/L в†’ 2.085 в‚¬/L
      Dujos: 0.959 в‚¬/L в†’ 0.935 в‚¬/L
  ~ Apsaga вЂ” RadikiЕі k.
      95 benzinas: 1.800 в‚¬/L в†’ 1.889 в‚¬/L
      Dyzelinas: 2.019 в‚¬/L в†’ 2.065 в‚¬/L
  ~ Baltic Petroleum вЂ” Vilnius,В Antakalnio g. 128
      95 benzinas: 1.699 в‚¬/L в†’ 1.799 в‚¬/L
      Dyzelinas: 1.999 в‚¬/L в†’ 2.049 в‚¬/L
      Dujos: 0.879 в‚¬/L в†’ 0.859 в‚¬/L
  ~ Baltic Petroleum вЂ” GudЕѕioniЕі k., Plento g. 24
      95 benzinas: 1.779 в‚¬/L в†’ 1.919 в‚¬/L
      Dyzelinas: 1.959 в‚¬/L в†’ 2.119 в‚¬/L
  ~ Baltic Petroleum вЂ” Vilnius,В Gerosios Vilties g. 33
      95 benzinas: 1.799 в‚¬/L в†’ 1.929 в‚¬/L
      Dyzelinas: 2.029 в‚¬/L в†’ 2.129 в‚¬/L
  ~ Baltic Petroleum вЂ” Vilnius,В SavanoriЕі pr. 121
      95 benzinas: 1.719 в‚¬/L в†’ 1.839 в‚¬/L
      Dyzelinas: 1.929 в‚¬/L в†’ 2.019 в‚¬/L
      Dujos: 0.909 в‚¬/L в†’ 0.849 в‚¬/L
  ~ Baltic Petroleum вЂ” Kaunas,В Raudondvario pl. 82
      95 benzinas: 1.719 в‚¬/L в†’ 1.799 в‚¬/L
      Dyzelinas: 1.909 в‚¬/L в†’ 2.049 в‚¬/L
  ~ Baltic Petroleum вЂ” Kaunas,В Jonavos g. 60A
      95 benzinas: 1.729 в‚¬/L в†’ 1.749 в‚¬/L
      Dujos: 0.919 в‚¬/L в†’ 0.899 в‚¬/L
  ~ Baltic Petroleum вЂ” JauДЌiakiЕі k.
      95 benzinas: 1.789 в‚¬/L в†’ 1.939 в‚¬/L
      Dyzelinas: 2.029 в‚¬/L в†’ 2.149 в‚¬/L
  ~ Baltic Petroleum вЂ” KlaipД—da,В Е ilutД—s pl. 1
      95 benzinas: 1.679 в‚¬/L в†’ 1.869 в‚¬/L
      Dyzelinas: 1.889 в‚¬/L в†’ 2.059 в‚¬/L
  ~ Baltic Petroleum вЂ” Palanga,В KlaipД—dos pl. 44
      95 benzinas: 1.749 в‚¬/L в†’ 1.879 в‚¬/L
      Dyzelinas: 1.959 в‚¬/L в†’ 2.069 в‚¬/L
  ~ Baltic Petroleum вЂ” Е ilutД—,В KlaipД—dos g. 4A
      95 benzinas: 1.739 в‚¬/L в†’ 1.769 в‚¬/L
      Dyzelinas: 1.939 в‚¬/L в†’ 1.979 в‚¬/L
      Dujos: 0.909 в‚¬/L в†’ 0.889 в‚¬/L
  ~ Baltic Petroleum вЂ” Neringa,В Nidos-SmiltynД—s pl. 6
      95 benzinas: 1.819 в‚¬/L в†’ 1.939 в‚¬/L
      Dyzelinas: 2.069 в‚¬/L в†’ 2.149 в‚¬/L
  ~ Baltic Petroleum вЂ” Alytus,В Santaikos g. 33
      95 benzinas: 1.699 в‚¬/L в†’ 1.819 в‚¬/L
      Dyzelinas: 1.929 в‚¬/L в†’ 2.019 в‚¬/L
  ~ Baltic Petroleum вЂ” Druskininkai,В Gardino g. 79
      95 benzinas: 1.809 в‚¬/L в†’ 1.909 в‚¬/L
      Dyzelinas: 2.049 в‚¬/L в†’ 2.119 в‚¬/L
  ~ Baltic Petroleum вЂ” Lazdijai,В TuristЕі g. 88
      95 benzinas: 1.669 в‚¬/L в†’ 1.739 в‚¬/L
      Dyzelinas: 1.919 в‚¬/L в†’ 2.019 в‚¬/L
      Dujos: 0.929 в‚¬/L в†’ 0.909 в‚¬/L
  ~ Baltic Petroleum вЂ” TelЕЎiai,В Е iauliЕі pl. 12
      95 benzinas: 1.739 в‚¬/L в†’ 1.919 в‚¬/L
      Dyzelinas: 1.949 в‚¬/L в†’ 2.099 в‚¬/L
      Dujos: 0.939 в‚¬/L в†’ 0.929 в‚¬/L
  ~ Baltic Petroleum вЂ” JoniЕЎkis,В Vilniaus g. 72
      95 benzinas: 1.679 в‚¬/L в†’ 1.739 в‚¬/L
      Dyzelinas: 1.899 в‚¬/L в†’ 1.999 в‚¬/L
      Dujos: 0.879 в‚¬/L в†’ 0.859 в‚¬/L
  ~ Baltic Petroleum вЂ” RadviliЕЎkis,В MiЕЎko g. 64
      95 benzinas: 1.739 в‚¬/L в†’ 1.839 в‚¬/L
      Dyzelinas: 1.949 в‚¬/L в†’ 2.019 в‚¬/L
  ~ Baltic Petroleum вЂ” PanevД—Еѕys,В VelЕѕio kelias 74
      95 benzinas: 1.699 в‚¬/L в†’ 1.839 в‚¬/L
      Dyzelinas: 1.919 в‚¬/L в†’ 2.049 в‚¬/L
      Dujos: 0.899 в‚¬/L в†’ 0.879 в‚¬/L
  ~ Baltic Petroleum вЂ” Utena,В BasanaviДЌiaus g. 1B
      95 benzinas: 1.709 в‚¬/L в†’ 1.799 в‚¬/L
      Dyzelinas: 1.899 в‚¬/L в†’ 2.019 в‚¬/L
      Dujos: 0.929 в‚¬/L в†’ 0.899 в‚¬/L
  ~ Baltic Petroleum вЂ” Raseiniai,В Vilniaus g. 30
      Dujos: 0.900 в‚¬/L в†’ 0.890 в‚¬/L
  ~ Baltic Petroleum вЂ” Jurbarkas,В MuitinД—s g. 22A
      95 benzinas: 1.670 в‚¬/L в†’ 1.740 в‚¬/L
      Dujos: 0.900 в‚¬/L в†’ 0.870 в‚¬/L
  ~ Baltic Petroleum вЂ” Prienai,В Vilniaus g. 3A
      95 benzinas: 1.759 в‚¬/L в†’ 1.799 в‚¬/L
      Dyzelinas: 1.999 в‚¬/L в†’ 2.019 в‚¬/L
  ~ Baltic Petroleum вЂ” KД—dainiai,В J. BasanaviДЌiaus g. 95B
      95 benzinas: 1.769 в‚¬/L в†’ 1.929 в‚¬/L
      Dyzelinas: 1.969 в‚¬/L в†’ 2.129 в‚¬/L
  ~ Baltic Petroleum вЂ” UkmergД—,В Kauno g. 49
      95 benzinas: 1.739 в‚¬/L в†’ 1.859 в‚¬/L
      Dyzelinas: 1.929 в‚¬/L в†’ 2.069 в‚¬/L
      Dujos: 0.939 в‚¬/L в†’ 0.869 в‚¬/L
  ~ Baltic Petroleum вЂ” ValantiЕЎkio k.
      95 benzinas: 1.739 в‚¬/L в†’ 1.879 в‚¬/L
      Dyzelinas: 2.039 в‚¬/L в†’ 2.119 в‚¬/L
      Dujos: 0.899 в‚¬/L в†’ 0.929 в‚¬/L
  ~ Baltic Petroleum вЂ” Е akiai,В SodЕі g. 1
      95 benzinas: 1.670 в‚¬/L в†’ 1.770 в‚¬/L
  ~ Baltic Petroleum вЂ” Skuodas,В Vytauto g. 22
      95 benzinas: 1.699 в‚¬/L в†’ 1.769 в‚¬/L
      Dyzelinas: 1.949 в‚¬/L в†’ 1.969 в‚¬/L
      Dujos: 0.900 в‚¬/L в†’ 0.880 в‚¬/L
  ~ Baltic Petroleum вЂ” Vilnius В KalvarijЕі g. 161A
      95 benzinas: 1.699 в‚¬/L в†’ 1.779 в‚¬/L
      Dyzelinas: 2.029 в‚¬/L в†’ 1.999 в‚¬/L
      Dujos: 0.929 в‚¬/L в†’ 0.859 в‚¬/L
  ~ Baltic Petroleum вЂ” Trakai,В Vilniaus g. 33
      95 benzinas: 1.789 в‚¬/L в†’ 1.879 в‚¬/L
      Dyzelinas: 2.029 в‚¬/L в†’ 2.129 в‚¬/L
  ~ Baltic Petroleum вЂ” MolД—tai,В Vilniaus g.104
      95 benzinas: 1.759 в‚¬/L в†’ 1.899 в‚¬/L
      Dyzelinas: 1.979 в‚¬/L в†’ 2.099 в‚¬/L
      Dujos: 0.939 в‚¬/L в†’ 0.899 в‚¬/L
  ~ Baltic Petroleum вЂ” Kaunas,В MinkovskiЕі g. 132
      95 benzinas: 1.749 в‚¬/L в†’ 1.879 в‚¬/L
      Dyzelinas: 2.009 в‚¬/L в†’ 2.069 в‚¬/L
      Dujos: 0.919 в‚¬/L в†’ 0.929 в‚¬/L
  ~ Baltic Petroleum вЂ” VarД—na,В ДЊiurlionio g. 63
      95 benzinas: 1.749 в‚¬/L в†’ 1.939 в‚¬/L
      Dyzelinas: 1.959 в‚¬/L в†’ 2.149 в‚¬/L
      Dujos: 0.969 в‚¬/L в†’ 0.959 в‚¬/L
  ~ Baltic Petroleum вЂ” KlaipД—da, TilЕѕД—s g. 90
      95 benzinas: 1.679 в‚¬/L в†’ 1.869 в‚¬/L
      Dyzelinas: 1.889 в‚¬/L в†’ 2.059 в‚¬/L
  ~ Baltic Petroleum вЂ” Vilnius,В Metalo g. 4B
      95 benzinas: 1.739 в‚¬/L в†’ 1.879 в‚¬/L
      Dyzelinas: 1.969 в‚¬/L в†’ 2.079 в‚¬/L
      Dujos: 0.919 в‚¬/L в†’ 0.889 в‚¬/L
  ~ Baltic Petroleum вЂ” Е alДЌininkai,В Vilniaus g. 5A
      95 benzinas: 1.809 в‚¬/L в†’ 1.929 в‚¬/L
      Dyzelinas: 2.079 в‚¬/L в†’ 2.139 в‚¬/L
      Dujos: 0.949 в‚¬/L в†’ 0.939 в‚¬/L
  ~ Baltic Petroleum вЂ” Е irvintos,В MusninkЕі g. 21
      95 benzinas: 1.699 в‚¬/L в†’ 1.859 в‚¬/L
      Dyzelinas: 1.899 в‚¬/L в†’ 2.059 в‚¬/L
      Dujos: 0.919 в‚¬/L в†’ 0.889 в‚¬/L
  ~ Baltic Petroleum вЂ” Kaunas,В Chemijos g. 6
      95 benzinas: 1.739 в‚¬/L в†’ 1.839 в‚¬/L
      Dyzelinas: 1.979 в‚¬/L в†’ 2.049 в‚¬/L
      Dujos: 0.919 в‚¬/L в†’ 0.899 в‚¬/L
  ~ Baltic Petroleum вЂ” N. AkmenД—,В V. Kudirkos g. 21A
      95 benzinas: 1.700 в‚¬/L в†’ 1.739 в‚¬/L
      Dyzelinas: 2.020 в‚¬/L в†’ 1.989 в‚¬/L
      Dujos: 0.870 в‚¬/L в†’ 0.860 в‚¬/L
  ~ Baltic Petroleum вЂ” VilkaraisДЌio k.
      95 benzinas: 1.710 в‚¬/L в†’ 1.750 в‚¬/L
  ~ Baltic Petroleum вЂ” PanevД—Еѕys,В SmД—lynД—s g. 169
      95 benzinas: 1.699 в‚¬/L в†’ 1.839 в‚¬/L
      Dyzelinas: 1.919 в‚¬/L в†’ 2.049 в‚¬/L
      Dujos: 0.940 в‚¬/L в†’ 0.899 в‚¬/L
  ~ Baltic Petroleum вЂ” Pakruojis,В StatybininkЕі g. 28
      95 benzinas: 1.679 в‚¬/L в†’ 1.699 в‚¬/L
      Dyzelinas: 1.899 в‚¬/L в†’ 1.979 в‚¬/L
      Dujos: 0.880 в‚¬/L в†’ 0.870 в‚¬/L
  ~ Baltic Petroleum вЂ” Е ilalД—,В Rytinio Kelio g. 2
      95 benzinas: 1.679 в‚¬/L в†’ 1.699 в‚¬/L
      Dyzelinas: 1.959 в‚¬/L в†’ 1.979 в‚¬/L
      Dujos: 0.859 в‚¬/L в†’ 0.849 в‚¬/L
  ~ Baltic Petroleum вЂ” PasiekЕі k.
      95 benzinas: 1.729 в‚¬/L в†’ 1.879 в‚¬/L
      Dyzelinas: 2.019 в‚¬/L в†’ 2.069 в‚¬/L
      Dujos: 0.939 в‚¬/L в†’ 0.919 в‚¬/L
  ~ Baltic Petroleum вЂ” PietariЕі k. Kauno g. 164
      95 benzinas: 1.719 в‚¬/L в†’ 1.839 в‚¬/L
      Dyzelinas: 1.939 в‚¬/L в†’ 2.019 в‚¬/L
  ~ Baltic Petroleum вЂ” Vilnius,В MolД—tЕі pl. 27A
      95 benzinas: 1.689 в‚¬/L в†’ 1.799 в‚¬/L
      Dyzelinas: 1.919 в‚¬/L в†’ 2.029 в‚¬/L
  ~ Baltic Petroleum вЂ” Vilnius,В S. Batoro g. 15
      95 benzinas: 1.739 в‚¬/L в†’ 1.799 в‚¬/L
      Dyzelinas: 1.939 в‚¬/L в†’ 2.019 в‚¬/L
  ~ Baltic Petroleum вЂ” UЕѕubaliЕі k. Senasis UkmergД—s kelias 4
      95 benzinas: 1.769 в‚¬/L в†’ 1.799 в‚¬/L
      Dyzelinas: 1.999 в‚¬/L в†’ 2.019 в‚¬/L
  ~ Baltic Petroleum вЂ” Vilnius,В RinktinД—s g. 59
      95 benzinas: 1.709 в‚¬/L в†’ 1.839 в‚¬/L
      Dyzelinas: 1.909 в‚¬/L в†’ 2.049 в‚¬/L
  ~ Baltic Petroleum вЂ” MarijampolД—,В Vasaros g. 15
      95 benzinas: 1.719 в‚¬/L в†’ 1.839 в‚¬/L
      Dyzelinas: 1.939 в‚¬/L в†’ 2.019 в‚¬/L
      Dujos: 0.939 в‚¬/L в†’ 0.909 в‚¬/L
  ~ Baltic Petroleum вЂ” OЕѕtakiЕі k., Dariaus ir GirД—no g. 77
      95 benzinas: 1.799 в‚¬/L в†’ 1.919 в‚¬/L
      Dyzelinas: 2.049 в‚¬/L в†’ 2.099 в‚¬/L
  ~ Baltic Petroleum вЂ” PandД—lio k., ElektrinД—s g. 1
      95 benzinas: 1.799 в‚¬/L в†’ 1.939 в‚¬/L
      Dyzelinas: 2.049 в‚¬/L в†’ 2.149 в‚¬/L
      Dujos: 0.909 в‚¬/L в†’ 0.849 в‚¬/L
  ~ Baltic Petroleum вЂ” UЕѕuovД—jos k.
      95 benzinas: 1.739 в‚¬/L в†’ 1.769 в‚¬/L
      Dyzelinas: 1.959 в‚¬/L в†’ 1.979 в‚¬/L
      Dujos: 0.900 в‚¬/L в†’ 0.870 в‚¬/L
  ~ Baltic Petroleum вЂ” Kaunas,В Vaidoto g. 153
      95 benzinas: 1.819 в‚¬/L в†’ 1.939 в‚¬/L
      Dyzelinas: 2.059 в‚¬/L в†’ 2.149 в‚¬/L
      Dujos: 0.979 в‚¬/L в†’ 0.949 в‚¬/L
  ~ Baltic Petroleum вЂ” TriliЕЎkiЕі k., Kauno pl. 5
      95 benzinas: 1.719 в‚¬/L в†’ 1.789 в‚¬/L
      Dyzelinas: 1.989 в‚¬/L в†’ 2.049 в‚¬/L
      Dujos: 0.909 в‚¬/L в†’ 0.869 в‚¬/L
  ~ Baltic Petroleum вЂ” PagiriЕі k., MarijampolД—s g. 1
      95 benzinas: 1.759 в‚¬/L в†’ 1.799 в‚¬/L
      Dyzelinas: 1.989 в‚¬/L в†’ 1.999 в‚¬/L
  ~ Baltic Petroleum вЂ” SpanД—nЕі k., Plento g. 46
      95 benzinas: 1.809 в‚¬/L в†’ 1.899 в‚¬/L
      Dyzelinas: 2.069 в‚¬/L в†’ 2.129 в‚¬/L
      Dujos: 0.920 в‚¬/L в†’ 0.900 в‚¬/L
  ~ Baltic Petroleum вЂ” PriekulД—,В KlaipД—dos g. 61
      95 benzinas: 1.740 в‚¬/L в†’ 1.840 в‚¬/L
      Dyzelinas: 2.050 в‚¬/L в†’ 2.100 в‚¬/L
      Dujos: 0.970 в‚¬/L в†’ 0.920 в‚¬/L
  ~ Baltic Petroleum вЂ” UЕѕeЕѕerД—s k., Gardenio g. 39
      95 benzinas: 1.739 в‚¬/L в†’ 1.879 в‚¬/L
      Dyzelinas: 1.959 в‚¬/L в†’ 2.059 в‚¬/L
      Dujos: 0.909 в‚¬/L в†’ 0.889 в‚¬/L
  ~ Baltic Petroleum вЂ” Kaunas,В Taikos pr. 120
      Dujos: 0.919 в‚¬/L в†’ 0.899 в‚¬/L
  ~ Baltic Petroleum вЂ” KalnujЕі k. 1
      95 benzinas: 1.759 в‚¬/L в†’ 1.879 в‚¬/L
      Dyzelinas: 1.999 в‚¬/L в†’ 2.069 в‚¬/L
  ~ Baltic Petroleum вЂ” KlaipД—da,В LiepЕі g. 79A
      95 benzinas: 1.699 в‚¬/L в†’ 1.799 в‚¬/L
      Dyzelinas: 1.909 в‚¬/L в†’ 2.049 в‚¬/L
  ~ Baltic Petroleum вЂ” MaЕѕeikiai,В M. DaukЕЎos g. 17
      95 benzinas: 1.729 в‚¬/L в†’ 1.879 в‚¬/L
      Dyzelinas: 1.919 в‚¬/L в†’ 2.059 в‚¬/L
      Dujos: 0.899 в‚¬/L в†’ 0.869 в‚¬/L
  ~ Baltic Petroleum вЂ” Druskininkai,В Leipalingio g. 26
      95 benzinas: 1.809 в‚¬/L в†’ 1.909 в‚¬/L
      Dyzelinas: 2.049 в‚¬/L в†’ 2.119 в‚¬/L
  ~ Baltic Petroleum вЂ” MerkinД—, Vilniaus g. 87
      95 benzinas: 1.809 в‚¬/L в†’ 1.909 в‚¬/L
      Dyzelinas: 2.049 в‚¬/L в†’ 2.119 в‚¬/L
  ~ Baltic Petroleum вЂ” Rietavas,В Dariaus ir GirД—no g. 19
      95 benzinas: 1.730 в‚¬/L в†’ 1.750 в‚¬/L
      Dyzelinas: 1.960 в‚¬/L в†’ 1.989 в‚¬/L
      Dujos: 0.900 в‚¬/L в†’ 0.880 в‚¬/L
  ~ Baltic Petroleum вЂ” Jonava,В ЕЅemaitД—s g. 1
      95 benzinas: 1.829 в‚¬/L в†’ 1.899 в‚¬/L
      Dyzelinas: 2.079 в‚¬/L в†’ 2.129 в‚¬/L
      Dujos: 0.939 в‚¬/L в†’ 0.919 в‚¬/L
  ~ Baltic Petroleum вЂ” Senoji VarД—na, Vilniaus g. 6A
      95 benzinas: 1.749 в‚¬/L в†’ 1.939 в‚¬/L
      Dyzelinas: 1.959 в‚¬/L в†’ 2.149 в‚¬/L
      Dujos: 0.969 в‚¬/L в†’ 0.929 в‚¬/L
  ~ Baltic Petroleum вЂ” GriЕЎkabЕ«dis
      95 benzinas: 1.670 в‚¬/L в†’ 1.770 в‚¬/L
  ~ Baltic Petroleum вЂ” Vilnius,В BrazdЕѕionio g. 2
      95 benzinas: 1.749 в‚¬/L в†’ 1.779 в‚¬/L
      Dyzelinas: 1.969 в‚¬/L в†’ 1.979 в‚¬/L
  ~ Baltic Petroleum вЂ” LikiЕЎkД—liЕі k.
      95 benzinas: 1.669 в‚¬/L в†’ 1.769 в‚¬/L
      Dyzelinas: 1.959 в‚¬/L в†’ 1.989 в‚¬/L
      Dujos: 0.899 в‚¬/L в†’ 0.889 в‚¬/L
  ~ Baltic Petroleum вЂ” Е iauliai,В KupiЕЎkio g. 4
      95 benzinas: 1.729 в‚¬/L в†’ 1.799 в‚¬/L
      Dyzelinas: 1.919 в‚¬/L в†’ 1.999 в‚¬/L
      Dujos: 0.910 в‚¬/L в†’ 0.890 в‚¬/L
  ~ Baltic Petroleum вЂ” GrigaiДЌiai, PavilnД—s g.
      95 benzinas: 1.759 в‚¬/L в†’ 1.799 в‚¬/L
      Dyzelinas: 1.999 в‚¬/L в†’ 2.029 в‚¬/L
  ~ Baltic Petroleum вЂ” RingaudЕі k., GД—liЕі g. 1A
      95 benzinas: 1.759 в‚¬/L в†’ 1.799 в‚¬/L
      Dyzelinas: 1.999 в‚¬/L в†’ 2.029 в‚¬/L
  ~ Baltic Petroleum вЂ” Visalaukio g. 2
      95 benzinas: 1.759 в‚¬/L в†’ 1.799 в‚¬/L
      Dyzelinas: 1.999 в‚¬/L в†’ 2.029 в‚¬/L
  ~ Baltic Petroleum вЂ” SarakiЕЎkiЕі k., Vytauto g. 61
      95 benzinas: 1.769 в‚¬/L в†’ 1.879 в‚¬/L
      Dyzelinas: 2.029 в‚¬/L в†’ 2.069 в‚¬/L
      Dujos: 0.909 в‚¬/L в†’ 0.839 в‚¬/L
  ~ Baltic Petroleum вЂ” NoriЕ«nЕі k., Parko g. 3A
      95 benzinas: 1.669 в‚¬/L в†’ 1.709 в‚¬/L
  ~ Baltic Petroleum вЂ” KliЕЎiЕі k., PievЕі g. 2
      95 benzinas: 1.680 в‚¬/L в†’ 1.740 в‚¬/L
      Dujos: 0.900 в‚¬/L в†’ 0.870 в‚¬/L
  ~ Baltic Petroleum вЂ” PadustД—lis, V. Striogos g. 4A
      95 benzinas: 1.769 в‚¬/L в†’ 1.879 в‚¬/L
      Dyzelinas: 2.029 в‚¬/L в†’ 2.069 в‚¬/L
  ~ Baltic Petroleum вЂ” BuДЌiЕі k.
      95 benzinas: 1.770 в‚¬/L в†’ 1.870 в‚¬/L
      Dyzelinas: 2.000 в‚¬/L в†’ 2.070 в‚¬/L
      Dujos: 0.880 в‚¬/L в†’ 0.860 в‚¬/L
  ~ Baltic Petroleum вЂ” TaurЕі k., TilЕѕД—s pl. 36
      95 benzinas: 1.699 в‚¬/L в†’ 1.689 в‚¬/L
  ~ Baltic Petroleum вЂ” Girkalnio k., ЕЅemaiДЌiЕі g. 39
      95 benzinas: 1.769 в‚¬/L в†’ 1.839 в‚¬/L
      Dyzelinas: 1.999 в‚¬/L в†’ 2.059 в‚¬/L
      Dujos: 0.920 в‚¬/L в†’ 0.900 в‚¬/L
  ~ Baltic Petroleum вЂ” Vilnius,В ZujЕ«nЕі g. 2A
      95 benzinas: 1.699 в‚¬/L в†’ 1.799 в‚¬/L
      Dyzelinas: 1.929 в‚¬/L в†’ 1.999 в‚¬/L
  ~ Baltic Petroleum вЂ” TirkЕЎliai, LaukЕі g. 10
      95 benzinas: 1.739 в‚¬/L в†’ 1.879 в‚¬/L
      Dyzelinas: 1.959 в‚¬/L в†’ 2.059 в‚¬/L
  ~ Baltic Petroleum вЂ” Plateliai,  ЕЅ. Kalvarijos g. 1A
      95 benzinas: 1.819 в‚¬/L в†’ 1.939 в‚¬/L
      Dyzelinas: 2.069 в‚¬/L в†’ 2.149 в‚¬/L
      Dujos: 0.889 в‚¬/L в†’ 0.869 в‚¬/L
  ~ Baltic Petroleum вЂ” VeiveriЕі k.
      95 benzinas: 1.819 в‚¬/L в†’ 1.939 в‚¬/L
      Dyzelinas: 2.079 в‚¬/L в†’ 2.149 в‚¬/L
      Dujos: 0.950 в‚¬/L в†’ 0.910 в‚¬/L
  ~ Baltic Petroleum вЂ” MarijampolД—,В P. Armino g. 69
      95 benzinas: 1.719 в‚¬/L в†’ 1.839 в‚¬/L
      Dyzelinas: 1.939 в‚¬/L в†’ 2.019 в‚¬/L
      Dujos: 0.909 в‚¬/L в†’ 0.889 в‚¬/L
  ~ Baltic Petroleum вЂ” RadviliЕЎkis,В Е iauliЕі g. 1A
      95 benzinas: 1.739 в‚¬/L в†’ 1.839 в‚¬/L
      Dyzelinas: 1.949 в‚¬/L в†’ 2.019 в‚¬/L
      Dujos: 0.910 в‚¬/L в†’ 0.890 в‚¬/L
  ~ Baltic Petroleum вЂ” Leipalingis, MerkinД—s g. 37
      95 benzinas: 1.809 в‚¬/L в†’ 1.909 в‚¬/L
      Dyzelinas: 2.049 в‚¬/L в†’ 2.119 в‚¬/L
  ~ Baltic Petroleum вЂ” Palanga,В GanyklЕі g. 28C
      95 benzinas: 1.749 в‚¬/L в†’ 1.849 в‚¬/L
      Dyzelinas: 1.959 в‚¬/L в†’ 2.039 в‚¬/L
  ~ Baltic Petroleum вЂ” AukЕЎtikalnio k., MЕ«ЕЎos g. 19
      95 benzinas: 1.750 в‚¬/L в†’ 1.820 в‚¬/L
      Dyzelinas: 1.980 в‚¬/L в†’ 2.030 в‚¬/L
  ~ Baltic Petroleum вЂ” AnykЕЎДЌiai,В Mindaugo g. 23
      95 benzinas: 1.699 в‚¬/L в†’ 1.759 в‚¬/L
      Dyzelinas: 1.939 в‚¬/L в†’ 1.999 в‚¬/L
      Dujos: 0.869 в‚¬/L в†’ 0.849 в‚¬/L
  ~ Circle K вЂ” GeleЕѕinio Vilko g. 2A,В Vilnius
      95 benzinas: 1.855 в‚¬/L в†’ 1.959 в‚¬/L
      Dyzelinas: 2.039 в‚¬/L в†’ 2.159 в‚¬/L
  ~ Circle K вЂ” Baltupio g. 10,В Vilnius
      95 benzinas: 1.796 в‚¬/L в†’ 1.909 в‚¬/L
      Dyzelinas: 1.949 в‚¬/L в†’ 2.099 в‚¬/L
  ~ Circle K вЂ” A. P. Kavoliuko g. 32A,В Vilnius
      95 benzinas: 1.819 в‚¬/L в†’ 1.939 в‚¬/L
      Dyzelinas: 1.989 в‚¬/L в†’ 2.159 в‚¬/L
  ~ Circle K вЂ” Sporto g. 16A,В Vilnius
      95 benzinas: 1.819 в‚¬/L в†’ 1.929 в‚¬/L
      Dyzelinas: 2.019 в‚¬/L в†’ 2.119 в‚¬/L
  ~ Circle K вЂ” UkmergД—s g. 231,В Vilnius
      95 benzinas: 1.806 в‚¬/L в†’ 1.949 в‚¬/L
      Dyzelinas: 1.989 в‚¬/L в†’ 2.149 в‚¬/L
  ~ Circle K вЂ” KareiviЕі g. 13,В Vilnius
      95 benzinas: 1.797 в‚¬/L в†’ 1.949 в‚¬/L
      Dyzelinas: 1.989 в‚¬/L в†’ 2.129 в‚¬/L
      Dujos: 0.949 в‚¬/L в†’ 0.939 в‚¬/L
  ~ Circle K вЂ” A. GoЕЎtauto g. 13,В Vilnius
      95 benzinas: 1.808 в‚¬/L в†’ 1.949 в‚¬/L
      Dyzelinas: 1.989 в‚¬/L в†’ 2.149 в‚¬/L
  ~ Circle K вЂ” LaisvД—s pr. 43C,В Vilnius
      95 benzinas: 1.819 в‚¬/L в†’ 1.939 в‚¬/L
      Dyzelinas: 1.989 в‚¬/L в†’ 2.159 в‚¬/L
  ~ Circle K вЂ” J. TiЕЎkeviДЌiaus g. 24,В Vilnius
      95 benzinas: 1.844 в‚¬/L в†’ 1.939 в‚¬/L
      Dyzelinas: 2.074 в‚¬/L в†’ 2.149 в‚¬/L
      Dujos: 0.989 в‚¬/L в†’ 0.979 в‚¬/L
  ~ Circle K вЂ” EiЕЎiЕЎkiЕі pl. 11,В Vilnius
      95 benzinas: 1.820 в‚¬/L в†’ 1.959 в‚¬/L
      Dyzelinas: 2.019 в‚¬/L в†’ 2.159 в‚¬/L
  ~ Circle K вЂ” PramonД—s pr. 18,В Kaunas
      95 benzinas: 1.822 в‚¬/L в†’ 1.929 в‚¬/L
      Dyzelinas: 2.049 в‚¬/L в†’ 2.109 в‚¬/L
      Dujos: 0.919 в‚¬/L в†’ 0.949 в‚¬/L
  ~ Circle K вЂ” Baltijos g. 1, MastaiДЌiЕі k.
      95 benzinas: 1.899 в‚¬/L в†’ 1.959 в‚¬/L
      Dyzelinas: 2.149 в‚¬/L в†’ 2.169 в‚¬/L
  ~ Circle K вЂ” Raudondvario pl. 107A,В Kaunas
      95 benzinas: 1.810 в‚¬/L в†’ 1.929 в‚¬/L
      Dyzelinas: 1.999 в‚¬/L в†’ 2.099 в‚¬/L
  ~ Circle K вЂ” SudervД—s g. 2G, AviЕѕieniЕі k.
      95 benzinas: 1.839 в‚¬/L в†’ 1.899 в‚¬/L
      Dyzelinas: 2.029 в‚¬/L в†’ 2.114 в‚¬/L
  ~ Circle K вЂ” R. Kalantos g. 159,В Kaunas
      95 benzinas: 1.823 в‚¬/L в†’ 1.919 в‚¬/L
      Dyzelinas: 2.029 в‚¬/L в†’ 2.109 в‚¬/L
      Dujos: 0.989 в‚¬/L в†’ 0.969 в‚¬/L
  ~ Circle K вЂ” Naujoji g. 120,В Alytus
      95 benzinas: 1.804 в‚¬/L в†’ 1.889 в‚¬/L
      Dyzelinas: 1.979 в‚¬/L в†’ 2.089 в‚¬/L
      Dujos: 0.959 в‚¬/L в†’ 0.949 в‚¬/L
  ~ Circle K вЂ” SavanoriЕі pr. 321,В Kaunas
      95 benzinas: 1.820 в‚¬/L в†’ 1.959 в‚¬/L
      Dyzelinas: 2.039 в‚¬/L в†’ 2.129 в‚¬/L
  ~ Circle K вЂ” VeiveriЕі g. 49A,В Kaunas
      95 benzinas: 1.859 в‚¬/L в†’ 1.939 в‚¬/L
      Dyzelinas: 2.039 в‚¬/L в†’ 2.149 в‚¬/L
  ~ Circle K вЂ” Dubijos g. 20A,В Е iauliai
      95 benzinas: 1.804 в‚¬/L в†’ 1.949 в‚¬/L
      Dyzelinas: 1.959 в‚¬/L в†’ 2.149 в‚¬/L
  ~ Circle K вЂ” Talino g. 2B,В Vilnius
      95 benzinas: 1.855 в‚¬/L в†’ 1.959 в‚¬/L
      Dyzelinas: 1.999 в‚¬/L в†’ 2.139 в‚¬/L
  ~ Circle K вЂ” PramonД—s g. 17a,В Е iauliai
      95 benzinas: 1.816 в‚¬/L в†’ 1.959 в‚¬/L
      Dyzelinas: 1.962 в‚¬/L в†’ 2.159 в‚¬/L
      Dujos: 0.949 в‚¬/L в†’ 0.969 в‚¬/L
  ~ Circle K вЂ” SabaliЕЎkiЕі g. 1F,В ElektrД—nai
      95 benzinas: 1.882 в‚¬/L в†’ 1.959 в‚¬/L
      Dyzelinas: 2.049 в‚¬/L в†’ 2.159 в‚¬/L
      Dujos: 0.949 в‚¬/L в†’ 0.969 в‚¬/L
  ~ Circle K вЂ” J. BasanaviДЌiaus g. 108a,В Utena
      95 benzinas: 1.819 в‚¬/L в†’ 1.959 в‚¬/L
      Dyzelinas: 1.959 в‚¬/L в†’ 2.159 в‚¬/L
  ~ Circle K вЂ” Baltijos Kelio g. 33, ЕЄtos k.
      95 benzinas: 1.798 в‚¬/L в†’ 1.909 в‚¬/L
      Dyzelinas: 1.969 в‚¬/L в†’ 2.119 в‚¬/L
  ~ Circle K вЂ” Kretingos g. 56,В Palanga
      95 benzinas: 1.868 в‚¬/L в†’ 1.949 в‚¬/L
      Dyzelinas: 2.049 в‚¬/L в†’ 2.139 в‚¬/L
  ~ Circle K вЂ” Plento g. 1, KurЕЎД—nai
      95 benzinas: 1.859 в‚¬/L в†’ 1.959 в‚¬/L
      Dyzelinas: 2.099 в‚¬/L в†’ 2.159 в‚¬/L
  ~ Circle K вЂ” Minijos g. 90,В KlaipД—da
      95 benzinas: 1.813 в‚¬/L в†’ 1.959 в‚¬/L
      Dyzelinas: 1.959 в‚¬/L в†’ 2.139 в‚¬/L
  ~ Circle K вЂ” Taikos pr. 61B,В KlaipД—da
      95 benzinas: 1.813 в‚¬/L в†’ 1.959 в‚¬/L
      Dyzelinas: 1.959 в‚¬/L в†’ 2.139 в‚¬/L
  ~ Circle K вЂ” H. Manto g. 96,В KlaipД—da
      95 benzinas: 1.851 в‚¬/L в†’ 1.959 в‚¬/L
      Dyzelinas: 1.997 в‚¬/L в†’ 2.169 в‚¬/L
  ~ Circle K вЂ” Kauno g. 130,В MarijampolД—
      95 benzinas: 1.800 в‚¬/L в†’ 1.909 в‚¬/L
      Dyzelinas: 1.989 в‚¬/L в†’ 2.119 в‚¬/L
      Dujos: 0.950 в‚¬/L в†’ 0.949 в‚¬/L
  ~ Circle K вЂ” RЕ«tЕі g. 2B,В Alytus
      95 benzinas: 1.815 в‚¬/L в†’ 1.919 в‚¬/L
      Dyzelinas: 1.949 в‚¬/L в†’ 2.119 в‚¬/L
  ~ Circle K вЂ” M. K. ДЊiurlionio g. 113,В Druskininkai
      95 benzinas: 1.863 в‚¬/L в†’ 1.929 в‚¬/L
      Dyzelinas: 2.049 в‚¬/L в†’ 2.139 в‚¬/L
  ~ Circle K вЂ” J. BasanaviДЌiaus g. 63,В PanevД—Еѕys
      95 benzinas: 1.816 в‚¬/L в†’ 1.939 в‚¬/L
      Dyzelinas: 1.979 в‚¬/L в†’ 2.139 в‚¬/L
  ~ Circle K вЂ” Parko g. 7A,В PanevД—Еѕys
      95 benzinas: 1.799 в‚¬/L в†’ 1.914 в‚¬/L
      Dyzelinas: 2.059 в‚¬/L в†’ 2.109 в‚¬/L
  ~ Circle K вЂ” Jono DailidД—s g. 10,В MarijampolД—
      95 benzinas: 1.770 в‚¬/L в†’ 1.879 в‚¬/L
      Dyzelinas: 1.969 в‚¬/L в†’ 2.099 в‚¬/L
  ~ Circle K вЂ” J. BasanaviДЌiaus g. 40a,В KД—dainiai
      95 benzinas: 1.826 в‚¬/L в†’ 1.944 в‚¬/L
      Dyzelinas: 1.986 в‚¬/L в†’ 2.144 в‚¬/L
  ~ Circle K вЂ” EЕѕero g. 7, KurД—nЕі k.
      95 benzinas: 1.899 в‚¬/L в†’ 1.959 в‚¬/L
      Dyzelinas: 2.149 в‚¬/L в†’ 2.169 в‚¬/L
  ~ Circle K вЂ” LuokД—s g. 70,В TelЕЎiai
      95 benzinas: 1.811 в‚¬/L в†’ 1.899 в‚¬/L
      Dyzelinas: 2.029 в‚¬/L в†’ 2.119 в‚¬/L
  ~ Circle K вЂ” CintjoniЕЎkiЕі g. 15,В Е ilutД—
      95 benzinas: 1.824 в‚¬/L в†’ 1.859 в‚¬/L
      Dyzelinas: 2.024 в‚¬/L в†’ 2.069 в‚¬/L
  ~ Circle K вЂ” SavanoriЕі g. 5,В VarД—na
      95 benzinas: 1.859 в‚¬/L в†’ 1.949 в‚¬/L
      Dyzelinas: 2.129 в‚¬/L в†’ 2.159 в‚¬/L
      Dujos: 0.979 в‚¬/L в†’ 0.969 в‚¬/L
  ~ Circle K вЂ” ЕЅemaitijos g. 57,В MaЕѕeikiai
      95 benzinas: 1.833 в‚¬/L в†’ 1.899 в‚¬/L
      Dyzelinas: 1.949 в‚¬/L в†’ 2.109 в‚¬/L
      Dujos: 0.929 в‚¬/L в†’ 0.939 в‚¬/L
  ~ Circle K вЂ” Sidabros g. 2A, SatkЕ«nЕі k.
      95 benzinas: 1.821 в‚¬/L в†’ 1.929 в‚¬/L
      Dyzelinas: 1.999 в‚¬/L в†’ 2.079 в‚¬/L
  ~ Circle K вЂ” Respublikos g. 111A,В RokiЕЎkis
      95 benzinas: 1.899 в‚¬/L в†’ 1.959 в‚¬/L
      Dyzelinas: 2.149 в‚¬/L в†’ 2.159 в‚¬/L
  ~ Circle K вЂ” Vasario 16-osios g. 33,В Jonava
      95 benzinas: 1.789 в‚¬/L в†’ 1.944 в‚¬/L
      Dyzelinas: 2.039 в‚¬/L в†’ 2.144 в‚¬/L
      Dujos: 0.969 в‚¬/L в†’ 0.949 в‚¬/L
  ~ Circle K вЂ” GeleЕѕinio Vilko g. 39,В Vilnius
      95 benzinas: 1.808 в‚¬/L в†’ 1.949 в‚¬/L
      Dyzelinas: 1.989 в‚¬/L в†’ 2.149 в‚¬/L
  ~ Circle K вЂ” KlaipД—dos g. 155,В Kretinga
      95 benzinas: 1.899 в‚¬/L в†’ 1.959 в‚¬/L
      Dyzelinas: 2.149 в‚¬/L в†’ 2.159 в‚¬/L
  ~ Circle K вЂ” PrЕ«sЕі g. 26 A,В Vilnius
      95 benzinas: 1.820 в‚¬/L в†’ 1.959 в‚¬/L
      Dyzelinas: 2.019 в‚¬/L в†’ 2.159 в‚¬/L
  ~ Circle K вЂ” Gedimino g. 42B,В RadviliЕЎkis
      95 benzinas: 1.793 в‚¬/L в†’ 1.899 в‚¬/L
      Dyzelinas: 1.949 в‚¬/L в†’ 2.109 в‚¬/L
  ~ Circle K вЂ” Gedimino g. 47,В TauragД—
      95 benzinas: 1.826 в‚¬/L в†’ 1.949 в‚¬/L
      Dyzelinas: 1.964 в‚¬/L в†’ 2.129 в‚¬/L
  ~ Circle K вЂ” PanevД—Еѕio aplinkl. 20, Е ilagalio k.
      95 benzinas: 1.798 в‚¬/L в†’ 1.909 в‚¬/L
      Dyzelinas: 1.969 в‚¬/L в†’ 2.119 в‚¬/L
  ~ Circle K вЂ” Vakarinis aplinkkelis 10,В Kaunas
      95 benzinas: 1.823 в‚¬/L в†’ 1.944 в‚¬/L
      Dyzelinas: 2.007 в‚¬/L в†’ 2.139 в‚¬/L
  ~ Circle K вЂ” ЕЅemaiДЌiЕі pl. 19,В Kaunas
      95 benzinas: 1.785 в‚¬/L в†’ 1.934 в‚¬/L
      Dyzelinas: 1.939 в‚¬/L в†’ 2.094 в‚¬/L
  ~ Circle K вЂ” Dvaro g. 3, KoЕЎiЕі II k.
      95 benzinas: 1.859 в‚¬/L в†’ 1.959 в‚¬/L
      Dyzelinas: 2.129 в‚¬/L в†’ 2.169 в‚¬/L
  ~ Circle K вЂ” Vilniaus pl. 21, JakЕі k.
      95 benzinas: 1.832 в‚¬/L в†’ 1.869 в‚¬/L
      Dyzelinas: 2.119 в‚¬/L в†’ 2.109 в‚¬/L
  ~ Circle K вЂ” GeleЕѕinio Vilko g. 24,В Vilnius
      95 benzinas: 1.796 в‚¬/L в†’ 1.919 в‚¬/L
      Dyzelinas: 1.969 в‚¬/L в†’ 2.109 в‚¬/L
  ~ Circle K вЂ” Taikos pr. 52A,В Kaunas
      95 benzinas: 1.809 в‚¬/L в†’ 1.949 в‚¬/L
      Dyzelinas: 2.029 в‚¬/L в†’ 2.119 в‚¬/L
  ~ Circle K вЂ” KiluДЌiЕі g. 93,В BirЕѕai
      95 benzinas: 1.779 в‚¬/L в†’ 1.874 в‚¬/L
      Dyzelinas: 2.074 в‚¬/L в†’ 2.124 в‚¬/L
  ~ Circle K вЂ” BriedЕѕiЕі takas 6B,В Kaunas
      95 benzinas: 1.899 в‚¬/L в†’ 1.959 в‚¬/L
      Dyzelinas: 2.149 в‚¬/L в†’ 2.159 в‚¬/L
  ~ Circle K вЂ” Islandijos pl. 61C,В Kaunas
      95 benzinas: 1.899 в‚¬/L в†’ 1.959 в‚¬/L
      Dyzelinas: 2.149 в‚¬/L в†’ 2.159 в‚¬/L
  ~ Circle K вЂ” Karaliaus Mindaugo pr. 34A,В Kaunas
      95 benzinas: 1.879 в‚¬/L в†’ 1.959 в‚¬/L
      Dyzelinas: 2.039 в‚¬/L в†’ 2.149 в‚¬/L
  ~ Circle K вЂ” DidЕѕiulio g. 5, DД—deliЕЎkiЕі k.
      95 benzinas: 1.899 в‚¬/L в†’ 1.959 в‚¬/L
      Dyzelinas: 2.149 в‚¬/L в†’ 2.169 в‚¬/L
  ~ Circle K вЂ” J. BasanaviДЌiaus g. 3,В Utena
      95 benzinas: 1.808 в‚¬/L в†’ 1.884 в‚¬/L
      Dyzelinas: 1.949 в‚¬/L в†’ 2.104 в‚¬/L
      Dujos: 0.994 в‚¬/L в†’ 0.964 в‚¬/L
  ~ Circle K вЂ” NekrЕ«nЕі k. 1
      95 benzinas: 1.806 в‚¬/L в†’ 1.809 в‚¬/L
      Dyzelinas: 2.009 в‚¬/L в†’ 2.079 в‚¬/L
      Dujos: 0.969 в‚¬/L в†’ 0.949 в‚¬/L
  ~ Circle K вЂ” VilkaviЕЎkio g. 10, SerdokЕі k.
      95 benzinas: 1.859 в‚¬/L в†’ 1.889 в‚¬/L
      Dyzelinas: 2.099 в‚¬/L в†’ 2.129 в‚¬/L
  ~ Circle K вЂ” Taikos pr. 112A,В KlaipД—da
      95 benzinas: 1.835 в‚¬/L в†’ 1.919 в‚¬/L
      Dyzelinas: 2.035 в‚¬/L в†’ 2.119 в‚¬/L
  ~ Circle K вЂ” Vilniaus pl. 1A,В KlaipД—da
      95 benzinas: 1.809 в‚¬/L в†’ 1.959 в‚¬/L
      Dyzelinas: 1.949 в‚¬/L в†’ 2.159 в‚¬/L
  ~ Circle K вЂ” PikeliЕі k. 1
      95 benzinas: 1.859 в‚¬/L в†’ 1.959 в‚¬/L
      Dyzelinas: 2.129 в‚¬/L в†’ 2.169 в‚¬/L
  ~ Circle K вЂ” Europos g. 13a,В Salaperaugio k.
      95 benzinas: 1.899 в‚¬/L в†’ 1.959 в‚¬/L
      Dyzelinas: 2.149 в‚¬/L в†’ 2.169 в‚¬/L
  ~ Circle K вЂ” MuitinД—s g. 5B,В Brazavo k.
      95 benzinas: 1.899 в‚¬/L в†’ 1.959 в‚¬/L
      Dyzelinas: 2.149 в‚¬/L в†’ 2.169 в‚¬/L
  ~ Circle K вЂ” Vilniaus g. 62,В Е iauliai
      95 benzinas: 1.774 в‚¬/L в†’ 1.919 в‚¬/L
      Dyzelinas: 1.929 в‚¬/L в†’ 2.119 в‚¬/L
  ~ Circle K вЂ” R. Kalantos g. 68,В Kaunas
      95 benzinas: 1.793 в‚¬/L в†’ 1.889 в‚¬/L
      Dyzelinas: 1.999 в‚¬/L в†’ 2.079 в‚¬/L
  ~ Circle K вЂ” VarniЕі g. 46,В Kaunas
      95 benzinas: 1.772 в‚¬/L в†’ 1.889 в‚¬/L
      Dyzelinas: 1.969 в‚¬/L в†’ 2.059 в‚¬/L
  ~ Circle K вЂ” Oslo g. 12,В Vilnius
      95 benzinas: 1.809 в‚¬/L в†’ 1.939 в‚¬/L
      Dyzelinas: 1.993 в‚¬/L в†’ 2.129 в‚¬/L
  ~ Circle K вЂ” Dariaus ir GirД—no g. 83A,В TauragД—
      95 benzinas: 1.787 в‚¬/L в†’ 1.899 в‚¬/L
      Dyzelinas: 1.934 в‚¬/L в†’ 2.069 в‚¬/L
  ~ Circle K вЂ” Islandijos pl. 32,В Kaunas
      95 benzinas: 1.804 в‚¬/L в†’ 1.944 в‚¬/L
      Dyzelinas: 1.951 в‚¬/L в†’ 2.104 в‚¬/L
  ~ Circle K вЂ” SavanoriЕі pr. 118,В Vilnius
      95 benzinas: 1.831 в‚¬/L в†’ 1.924 в‚¬/L
      Dyzelinas: 1.966 в‚¬/L в†’ 2.104 в‚¬/L
      Dujos: 0.979 в‚¬/L в†’ 0.999 в‚¬/L
  ~ Circle K вЂ” P. ЕЅadeikos g. 1a,В Vilnius
      95 benzinas: 1.821 в‚¬/L в†’ 1.879 в‚¬/L
      Dyzelinas: 1.979 в‚¬/L в†’ 2.079 в‚¬/L
  ~ Circle K вЂ” SavanoriЕі pr. 119A,В Vilnius
      95 benzinas: 1.831 в‚¬/L в†’ 1.924 в‚¬/L
      Dyzelinas: 1.966 в‚¬/L в†’ 2.104 в‚¬/L
      Dujos: 0.979 в‚¬/L в†’ 0.999 в‚¬/L
  ~ Circle K вЂ” KareiviЕі g. 3,В Vilnius
      95 benzinas: 1.784 в‚¬/L в†’ 1.879 в‚¬/L
      Dyzelinas: 1.964 в‚¬/L в†’ 2.079 в‚¬/L
      Dujos: 0.989 в‚¬/L в†’ 0.959 в‚¬/L
  ~ Circle K вЂ” GeleЕѕinio Vilko g. 4,В Vilnius
      95 benzinas: 1.808 в‚¬/L в†’ 1.949 в‚¬/L
      Dyzelinas: 1.989 в‚¬/L в†’ 2.149 в‚¬/L
  ~ Circle K вЂ” GariЕ«nЕі g. 45,В Vilnius
      95 benzinas: 1.819 в‚¬/L в†’ 1.949 в‚¬/L
      Dyzelinas: 2.003 в‚¬/L в†’ 2.139 в‚¬/L
  ~ Circle K вЂ” SavanoriЕі pr. 404B,В Kaunas
      95 benzinas: 1.785 в‚¬/L в†’ 1.879 в‚¬/L
      Dyzelinas: 1.969 в‚¬/L в†’ 2.059 в‚¬/L
  ~ Circle K вЂ” TvirtovД—s alД—ja 33a,В Kaunas
      95 benzinas: 1.809 в‚¬/L в†’ 1.929 в‚¬/L
      Dyzelinas: 2.009 в‚¬/L в†’ 2.099 в‚¬/L
  ~ Circle K вЂ” SukilД—liЕі pr. 120,В Kaunas
      95 benzinas: 1.799 в‚¬/L в†’ 1.899 в‚¬/L
      Dyzelinas: 2.029 в‚¬/L в†’ 2.099 в‚¬/L
  ~ Circle K вЂ” K. BarЕЎausko g. 57,В Kaunas
      95 benzinas: 1.849 в‚¬/L в†’ 1.939 в‚¬/L
      Dyzelinas: 2.029 в‚¬/L в†’ 2.129 в‚¬/L
  ~ Circle K вЂ” Jonavos g. 38,В Kaunas
      95 benzinas: 1.839 в‚¬/L в†’ 1.909 в‚¬/L
      Dyzelinas: 2.059 в‚¬/L в†’ 2.079 в‚¬/L
  ~ Circle K вЂ” TilЕѕД—s g. 25,В Е iauliai
      95 benzinas: 1.784 в‚¬/L в†’ 1.939 в‚¬/L
      Dyzelinas: 1.949 в‚¬/L в†’ 2.139 в‚¬/L
  ~ Circle K вЂ” TilЕѕД—s g. 56A,В KlaipД—da
      95 benzinas: 1.787 в‚¬/L в†’ 1.929 в‚¬/L
      Dyzelinas: 1.921 в‚¬/L в†’ 2.119 в‚¬/L
      Dujos: 0.919 в‚¬/L в†’ 0.929 в‚¬/L
  ~ Circle K вЂ” JЕ«rininkЕі pr. 31,В KlaipД—da
      95 benzinas: 1.785 в‚¬/L в†’ 1.929 в‚¬/L
      Dyzelinas: 1.949 в‚¬/L в†’ 2.129 в‚¬/L
  ~ Circle K вЂ” Sausio 15-osios g. 2,В KlaipД—da
      95 benzinas: 1.807 в‚¬/L в†’ 1.949 в‚¬/L
      Dyzelinas: 1.941 в‚¬/L в†’ 2.139 в‚¬/L
  ~ Circle K вЂ” KlaipД—dos g. 92A,В PanevД—Еѕys
      95 benzinas: 1.779 в‚¬/L в†’ 1.894 в‚¬/L
      Dyzelinas: 2.039 в‚¬/L в†’ 2.089 в‚¬/L
  ~ Circle K вЂ” MolД—tЕі g. 15, DidЕѕiosios RieЕЎД—s k.
      95 benzinas: 1.785 в‚¬/L в†’ 1.899 в‚¬/L
      Dyzelinas: 1.959 в‚¬/L в†’ 2.089 в‚¬/L
  ~ GelvybД— вЂ” V. Kudirkos g. 11D, Е akiai
      95 benzinas: 1.670 в‚¬/L в†’ 1.770 в‚¬/L
      Dyzelinas: 1.980 в‚¬/L в†’ 1.950 в‚¬/L
  ~ GelvybД— вЂ” MuitinД—s g. 32, Jurbarkas
      95 benzinas: 1.670 в‚¬/L в†’ 1.770 в‚¬/L
  ~ GelvybД— вЂ” KnygneЕЎiЕі g. 9, Jurbarkas
      95 benzinas: 1.670 в‚¬/L в†’ 1.770 в‚¬/L
      Dyzelinas: 1.980 в‚¬/L в†’ 1.950 в‚¬/L
  ~ GelvybД— вЂ” Aristavos g. 4, Aristava
      95 benzinas: 1.670 в‚¬/L в†’ 1.770 в‚¬/L
  ~ GelvybД— вЂ” MozЕ«riЕЎkiai, MozЕ«riЕЎkiЕі 10
      95 benzinas: 1.670 в‚¬/L в†’ 1.770 в‚¬/L
      Dyzelinas: 1.980 в‚¬/L в†’ 1.950 в‚¬/L
  ~ GelvybД— вЂ” SЕ«duvos g. 3, Kiduliai
      95 benzinas: 1.670 в‚¬/L в†’ 1.770 в‚¬/L
  ~ GelvybД— вЂ” Kauno g. 50, GirД—nai
      95 benzinas: 1.670 в‚¬/L в†’ 1.770 в‚¬/L
      Dyzelinas: 1.980 в‚¬/L в†’ 1.950 в‚¬/L
  ~ GelvybД— вЂ” S. Е imkaus g. 69, SeredЕѕius
      95 benzinas: 1.670 в‚¬/L в†’ 1.770 в‚¬/L
  ~ GelvybД— вЂ” S. Daukanto g. 66, Jurbarkas
      95 benzinas: 1.670 в‚¬/L в†’ 1.770 в‚¬/L
  ~ Eniris вЂ” Puttvinskio g. 29, KelmД—
      95 benzinas: 1.719 в‚¬/L в†’ 1.799 в‚¬/L
  ~ Eniris вЂ” ParЕЎeЕѕerio g.1, VabalЕі k.
      95 benzinas: 1.790 в‚¬/L в†’ 1.760 в‚¬/L
  ~ Eniris вЂ” BaДЌkoniЕі k., PastrД—vio g. 1A,
      95 benzinas: 1.749 в‚¬/L в†’ 1.719 в‚¬/L
      Dyzelinas: 1.999 в‚¬/L в†’ 1.979 в‚¬/L
  ~ Eniris вЂ” Alytaus g. 59, Krosnos k.
      Dujos: 0.939 в‚¬/L в†’ 0.929 в‚¬/L
  ~ Eniris вЂ” RuoЕЎДЌiЕі k. 1
      Dyzelinas: 1.984 в‚¬/L в†’ 1.954 в‚¬/L
      Dujos: 0.890 в‚¬/L в†’ 0.920 в‚¬/L
  ~ Eniris вЂ” KalnuotД—s 1 k.
      95 benzinas: 1.699 в‚¬/L в†’ 1.799 в‚¬/L
      Dyzelinas: 1.929 в‚¬/L в†’ 1.990 в‚¬/L
  ~ Narjanta вЂ” KikoniЕі g. 10, Aleksandrijos k.
      95 benzinas: 1.809 в‚¬/L в†’ 1.829 в‚¬/L
  ~ Narjanta вЂ” PumpuДЌiЕі g. 25, PumpuДЌiai
      95 benzinas: 1.809 в‚¬/L в†’ 1.829 в‚¬/L
  ~ Narjanta вЂ” SausalaukД—s k. 2
      95 benzinas: 1.789 в‚¬/L в†’ 1.809 в‚¬/L
  ~ Narjanta вЂ” S. NД—ries g. 35, Vabalninkas
      95 benzinas: 1.759 в‚¬/L в†’ 1.809 в‚¬/L
  ~ Neste Lietuva вЂ” ServeДЌД—s g. 2, Vilnius
      95 benzinas: 1.739 в‚¬/L в†’ 1.919 в‚¬/L
      Dyzelinas: 1.959 в‚¬/L в†’ 2.099 в‚¬/L
  ~ Neste Lietuva вЂ” UkmergД—s g. 296, Vilnius
      95 benzinas: 1.749 в‚¬/L в†’ 1.889 в‚¬/L
      Dyzelinas: 1.939 в‚¬/L в†’ 2.079 в‚¬/L
  ~ Neste Lietuva вЂ” Talino g. 2C, Vilnius
      95 benzinas: 1.769 в‚¬/L в†’ 1.919 в‚¬/L
      Dyzelinas: 1.959 в‚¬/L в†’ 2.109 в‚¬/L
  ~ Neste Lietuva вЂ” Erfurto g. 41, Vilnius
      95 benzinas: 1.749 в‚¬/L в†’ 1.899 в‚¬/L
      Dyzelinas: 1.949 в‚¬/L в†’ 2.089 в‚¬/L
  ~ Neste Lietuva вЂ” GeleЕѕinio Vilko g. 63, Vilnius
      95 benzinas: 1.729 в‚¬/L в†’ 1.889 в‚¬/L
      Dyzelinas: 1.929 в‚¬/L в†’ 2.079 в‚¬/L
  ~ Neste Lietuva вЂ” S. StaneviДЌiaus g. 3, Vilnius
      95 benzinas: 1.739 в‚¬/L в†’ 1.914 в‚¬/L
      Dyzelinas: 1.949 в‚¬/L в†’ 2.109 в‚¬/L
  ~ Neste Lietuva вЂ” ЕЅirmЕ«nЕі g. 68B, Vilnius
      95 benzinas: 1.749 в‚¬/L в†’ 1.899 в‚¬/L
      Dyzelinas: 1.934 в‚¬/L в†’ 2.094 в‚¬/L
  ~ Neste Lietuva вЂ” Rygos g. 2, Vilnius
      95 benzinas: 1.739 в‚¬/L в†’ 1.899 в‚¬/L
      Dyzelinas: 1.939 в‚¬/L в†’ 2.089 в‚¬/L
  ~ Neste Lietuva вЂ” SavanoriЕі pr. 220A, Vilnius
      95 benzinas: 1.739 в‚¬/L в†’ 1.899 в‚¬/L
      Dyzelinas: 1.929 в‚¬/L в†’ 2.089 в‚¬/L
  ~ Neste Lietuva вЂ” ParodЕі g. 1A, Vilnius
      95 benzinas: 1.759 в‚¬/L в†’ 1.919 в‚¬/L
      Dyzelinas: 1.969 в‚¬/L в†’ 2.109 в‚¬/L
  ~ Neste Lietuva вЂ” Kauno g. 26, Vilnius
      95 benzinas: 1.789 в‚¬/L в†’ 1.919 в‚¬/L
      Dyzelinas: 1.959 в‚¬/L в†’ 2.119 в‚¬/L
  ~ Neste Lietuva вЂ” SavanoriЕі pr. 187, Vilnius
      95 benzinas: 1.779 в‚¬/L в†’ 1.899 в‚¬/L
      Dyzelinas: 1.949 в‚¬/L в†’ 2.089 в‚¬/L
  ~ Neste Lietuva вЂ” KedrЕі g. 2, Vilnius
      95 benzinas: 1.799 в‚¬/L в†’ 1.939 в‚¬/L
      Dyzelinas: 1.969 в‚¬/L в†’ 2.129 в‚¬/L
  ~ Neste Lietuva вЂ” MolД—tЕі pl. 8, Vilnius
      95 benzinas: 1.719 в‚¬/L в†’ 1.879 в‚¬/L
      Dyzelinas: 1.919 в‚¬/L в†’ 2.069 в‚¬/L
  ~ Neste Lietuva вЂ” P. LukЕЎio g. 22, Vilnius
      95 benzinas: 1.739 в‚¬/L в†’ 1.889 в‚¬/L
      Dyzelinas: 1.929 в‚¬/L в†’ 2.089 в‚¬/L
  ~ Neste Lietuva вЂ” ЕЅirmЕ«nЕі g. 54C, Vilnius
      95 benzinas: 1.739 в‚¬/L в†’ 1.899 в‚¬/L
      Dyzelinas: 1.934 в‚¬/L в†’ 2.094 в‚¬/L
  ~ Neste Lietuva вЂ” SubaДЌiaus g. 64, Vilnius
      95 benzinas: 1.769 в‚¬/L в†’ 1.894 в‚¬/L
      Dyzelinas: 1.949 в‚¬/L в†’ 2.084 в‚¬/L
  ~ Neste Lietuva вЂ” Dariaus ir GirД—no g. 17, Vilnius
      95 benzinas: 1.779 в‚¬/L в†’ 1.919 в‚¬/L
      Dyzelinas: 1.979 в‚¬/L в†’ 2.109 в‚¬/L
  ~ Neste Lietuva вЂ” ArchitektЕі g. 130, Vilnius
      95 benzinas: 1.754 в‚¬/L в†’ 1.914 в‚¬/L
      Dyzelinas: 1.964 в‚¬/L в†’ 2.104 в‚¬/L
  ~ Neste Lietuva вЂ” JustiniЕЎkiЕі g. 14B, Vilnius
      95 benzinas: 1.749 в‚¬/L в†’ 1.899 в‚¬/L
      Dyzelinas: 1.949 в‚¬/L в†’ 2.089 в‚¬/L
  ~ Neste Lietuva вЂ” GeleЕѕinio Vilko g. 37A, Vilnius
      95 benzinas: 1.779 в‚¬/L в†’ 1.929 в‚¬/L
      Dyzelinas: 1.969 в‚¬/L в†’ 2.129 в‚¬/L
  ~ Neste Lietuva вЂ” PilaitД—s pr. 27, Vilnius
      95 benzinas: 1.719 в‚¬/L в†’ 1.899 в‚¬/L
      Dyzelinas: 1.939 в‚¬/L в†’ 2.079 в‚¬/L
  ~ Neste Lietuva вЂ” ЕЅirniЕі g. 17, Vilnius
      95 benzinas: 1.749 в‚¬/L в†’ 1.899 в‚¬/L
      Dyzelinas: 1.959 в‚¬/L в†’ 2.099 в‚¬/L
  ~ Neste Lietuva вЂ” J. TiЕЎkeviДЌiaus g. 19, Vilnius
      95 benzinas: 1.789 в‚¬/L в†’ 1.919 в‚¬/L
      Dyzelinas: 1.979 в‚¬/L в†’ 2.129 в‚¬/L
  ~ Neste Lietuva вЂ” EiЕЎiЕЎkiЕі pl. 82, Vilnius
      95 benzinas: 1.789 в‚¬/L в†’ 1.909 в‚¬/L
      Dyzelinas: 1.969 в‚¬/L в†’ 2.099 в‚¬/L
  ~ Neste Lietuva вЂ” GariЕ«nЕі g. 55, Vilnius
      95 benzinas: 1.769 в‚¬/L в†’ 1.919 в‚¬/L
      Dyzelinas: 1.939 в‚¬/L в†’ 2.099 в‚¬/L
  ~ Neste Lietuva вЂ” PaneriЕі g. 42, Vilnius
      95 benzinas: 1.779 в‚¬/L в†’ 1.909 в‚¬/L
      Dyzelinas: 1.939 в‚¬/L в†’ 2.099 в‚¬/L
  ~ Neste Lietuva вЂ” GeleЕѕinio Vilko g. 41, Vilnius
      95 benzinas: 1.779 в‚¬/L в†’ 1.929 в‚¬/L
      Dyzelinas: 1.969 в‚¬/L в†’ 2.129 в‚¬/L
  ~ Neste Lietuva вЂ” PramonД—s pr. 6A, Kaunas
      95 benzinas: 1.749 в‚¬/L в†’ 1.899 в‚¬/L
      Dyzelinas: 1.969 в‚¬/L в†’ 2.084 в‚¬/L
  ~ Neste Lietuva вЂ” Jonavos g. 110, Kaunas
      95 benzinas: 1.749 в‚¬/L в†’ 1.889 в‚¬/L
      Dyzelinas: 1.939 в‚¬/L в†’ 2.059 в‚¬/L
  ~ Neste Lietuva вЂ” VeiveriЕі g. 132D, Kaunas
      95 benzinas: 1.779 в‚¬/L в†’ 1.919 в‚¬/L
      Dyzelinas: 1.979 в‚¬/L в†’ 2.124 в‚¬/L
  ~ Neste Lietuva вЂ” ЕЅemaiДЌiЕі pl. 26, Kaunas
      95 benzinas: 1.749 в‚¬/L в†’ 1.914 в‚¬/L
      Dyzelinas: 1.919 в‚¬/L в†’ 2.054 в‚¬/L
  ~ Neste Lietuva вЂ” R. Kalantos g. 27, Kaunas
      95 benzinas: 1.749 в‚¬/L в†’ 1.889 в‚¬/L
      Dyzelinas: 1.959 в‚¬/L в†’ 2.074 в‚¬/L
  ~ Neste Lietuva вЂ” Ateities pl. 50B, Kaunas
      95 benzinas: 1.729 в‚¬/L в†’ 1.884 в‚¬/L
      Dyzelinas: 1.929 в‚¬/L в†’ 2.054 в‚¬/L
  ~ Neste Lietuva вЂ” Taikos pr. 80A, Kaunas
      95 benzinas: 1.749 в‚¬/L в†’ 1.919 в‚¬/L
      Dyzelinas: 1.959 в‚¬/L в†’ 2.099 в‚¬/L
  ~ Neste Lietuva вЂ” BirЕѕelio 23-iosios g. 23A, Kaunas
      95 benzinas: 1.759 в‚¬/L в†’ 1.919 в‚¬/L
      Dyzelinas: 1.969 в‚¬/L в†’ 2.089 в‚¬/L
  ~ Neste Lietuva вЂ” Islandijos pl. 191E, Kaunas
      95 benzinas: 1.739 в‚¬/L в†’ 1.859 в‚¬/L
      Dyzelinas: 1.939 в‚¬/L в†’ 2.069 в‚¬/L
  ~ Neste Lietuva вЂ” Raudondvario pl. 103, Kaunas
      95 benzinas: 1.734 в‚¬/L в†’ 1.879 в‚¬/L
      Dyzelinas: 1.929 в‚¬/L в†’ 2.069 в‚¬/L
  ~ Neste Lietuva вЂ” KurЕЎiЕі g. 1, Kaunas
      95 benzinas: 1.739 в‚¬/L в†’ 1.889 в‚¬/L
      Dyzelinas: 1.939 в‚¬/L в†’ 2.059 в‚¬/L
  ~ Neste Lietuva вЂ” VijokliЕі g. 1C, RamuДЌiЕі k.
      95 benzinas: 1.759 в‚¬/L в†’ 1.899 в‚¬/L
      Dyzelinas: 1.939 в‚¬/L в†’ 2.084 в‚¬/L
  ~ Neste Lietuva вЂ” Tunelio g. 26, Kaunas
      95 benzinas: 1.759 в‚¬/L в†’ 1.909 в‚¬/L
      Dyzelinas: 1.969 в‚¬/L в†’ 2.099 в‚¬/L
  ~ Neste Lietuva вЂ” VakarЕі g. 14, KumpiЕі k.
      95 benzinas: 1.759 в‚¬/L в†’ 1.904 в‚¬/L
      Dyzelinas: 1.949 в‚¬/L в†’ 2.069 в‚¬/L
  ~ Neste Lietuva вЂ” SavanoriЕі pr. 441C, Kaunas
      95 benzinas: 1.739 в‚¬/L в†’ 1.899 в‚¬/L
      Dyzelinas: 1.939 в‚¬/L в†’ 2.089 в‚¬/L
  ~ Neste Lietuva вЂ” Vakarinis aplinkkelis 18, Kaunas
      95 benzinas: 1.759 в‚¬/L в†’ 1.919 в‚¬/L
      Dyzelinas: 1.959 в‚¬/L в†’ 2.109 в‚¬/L
  ~ Neste Lietuva вЂ” Europos pr. 43, Kaunas
      95 benzinas: 1.784 в‚¬/L в†’ 1.899 в‚¬/L
      Dyzelinas: 1.974 в‚¬/L в†’ 2.109 в‚¬/L
  ~ Neste Lietuva вЂ” Plieno g. 1, KlaipД—da
      95 benzinas: 1.729 в‚¬/L в†’ 1.879 в‚¬/L
      Dyzelinas: 1.919 в‚¬/L в†’ 2.079 в‚¬/L
  ~ Neste Lietuva вЂ” Е ilutД—s pl. 30, KlaipД—da
      95 benzinas: 1.699 в‚¬/L в†’ 1.919 в‚¬/L
      Dyzelinas: 1.899 в‚¬/L в†’ 2.094 в‚¬/L
  ~ Neste Lietuva вЂ” Taikos pr. 60, KlaipД—da
      95 benzinas: 1.749 в‚¬/L в†’ 1.909 в‚¬/L
      Dyzelinas: 1.899 в‚¬/L в†’ 2.099 в‚¬/L
  ~ Neste Lietuva вЂ” Minijos g. 119, KlaipД—da
      95 benzinas: 1.729 в‚¬/L в†’ 1.919 в‚¬/L
      Dyzelinas: 1.929 в‚¬/L в†’ 2.099 в‚¬/L
  ~ Neste Lietuva вЂ” Artojo g. 2, KlaipД—da
      95 benzinas: 1.719 в‚¬/L в†’ 1.899 в‚¬/L
      Dyzelinas: 1.899 в‚¬/L в†’ 2.089 в‚¬/L
  ~ Neste Lietuva вЂ” SmiltelД—s g. 17, KlaipД—da
      95 benzinas: 1.719 в‚¬/L в†’ 1.879 в‚¬/L
      Dyzelinas: 1.919 в‚¬/L в†’ 2.079 в‚¬/L
  ~ Neste Lietuva вЂ” Е ilutД—s pl. 5C, KlaipД—da
      95 benzinas: 1.699 в‚¬/L в†’ 1.909 в‚¬/L
      Dyzelinas: 1.899 в‚¬/L в†’ 2.089 в‚¬/L
  ~ Neste Lietuva вЂ” Vilniaus pl. 9, JakЕі k.
      95 benzinas: 1.749 в‚¬/L в†’ 1.919 в‚¬/L
      Dyzelinas: 1.959 в‚¬/L в†’ 2.119 в‚¬/L
  ~ Neste Lietuva вЂ” Sendvario g. 2, SudmantЕі k.
      95 benzinas: 1.759 в‚¬/L в†’ 1.919 в‚¬/L
      Dyzelinas: 1.949 в‚¬/L в†’ 2.099 в‚¬/L
  ~ Neste Lietuva вЂ” GeguЕѕiЕі g. 28, Е iauliai
      95 benzinas: 1.739 в‚¬/L в†’ 1.899 в‚¬/L
      Dyzelinas: 1.919 в‚¬/L в†’ 2.079 в‚¬/L
  ~ Neste Lietuva вЂ” TilЕѕД—s g. 72, Е iauliai
      95 benzinas: 1.744 в‚¬/L в†’ 1.894 в‚¬/L
      Dyzelinas: 1.924 в‚¬/L в†’ 2.084 в‚¬/L
  ~ Neste Lietuva вЂ” Dubijos g. 18A, Е iauliai
      95 benzinas: 1.749 в‚¬/L в†’ 1.899 в‚¬/L
      Dyzelinas: 1.929 в‚¬/L в†’ 2.099 в‚¬/L
  ~ Neste Lietuva вЂ” KlaipД—dos g. 81, PanevД—Еѕys
      95 benzinas: 1.744 в‚¬/L в†’ 1.894 в‚¬/L
      Dyzelinas: 1.949 в‚¬/L в†’ 2.079 в‚¬/L
  ~ Neste Lietuva вЂ” Ramygalos g. 145B, PanevД—Еѕys
      95 benzinas: 1.729 в‚¬/L в†’ 1.859 в‚¬/L
      Dyzelinas: 1.939 в‚¬/L в†’ 2.079 в‚¬/L
  ~ Neste Lietuva вЂ” KlaipД—dos g. 66,  PanevД—Еѕys
      95 benzinas: 1.744 в‚¬/L в†’ 1.894 в‚¬/L
      Dyzelinas: 1.939 в‚¬/L в†’ 2.079 в‚¬/L
  ~ Neste Lietuva вЂ” Д„ЕѕuolpamЕ«ЕЎio g. 1A, RauboniЕі k..
      95 benzinas: 1.759 в‚¬/L в†’ 1.879 в‚¬/L
      Dyzelinas: 1.989 в‚¬/L в†’ 2.069 в‚¬/L
  ~ Neste Lietuva вЂ” Margirio g. 1B, PanevД—Еѕys
      95 benzinas: 1.699 в‚¬/L в†’ 1.879 в‚¬/L
      Dyzelinas: 1.939 в‚¬/L в†’ 2.069 в‚¬/L
  ~ Neste Lietuva вЂ” KlaipД—dos g. 144B, PanevД—Еѕys
      95 benzinas: 1.749 в‚¬/L в†’ 1.899 в‚¬/L
      Dyzelinas: 1.949 в‚¬/L в†’ 2.079 в‚¬/L
  ~ Neste Lietuva вЂ” PanevД—Еѕio aplinkl. 7, Е ilagalio k.
      95 benzinas: 1.774 в‚¬/L в†’ 1.879 в‚¬/L
      Dyzelinas: 1.969 в‚¬/L в†’ 2.089 в‚¬/L
  ~ Neste Lietuva вЂ” PanevД—Еѕio aplinkl. 22, Е ilagalio k.
      95 benzinas: 1.729 в‚¬/L в†’ 1.869 в‚¬/L
      Dyzelinas: 1.939 в‚¬/L в†’ 2.079 в‚¬/L
  ~ Neste Lietuva вЂ” Santaikos g. 34A, Alytus
      95 benzinas: 1.719 в‚¬/L в†’ 1.899 в‚¬/L
      Dyzelinas: 1.949 в‚¬/L в†’ 2.099 в‚¬/L
  ~ Neste Lietuva вЂ” ЕЄdrijos g. 31, Alytus
      95 benzinas: 1.699 в‚¬/L в†’ 1.899 в‚¬/L
      Dyzelinas: 1.949 в‚¬/L в†’ 2.099 в‚¬/L
  ~ Neste Lietuva вЂ” Stoties g. 4C, MarijampolД—
      95 benzinas: 1.729 в‚¬/L в†’ 1.879 в‚¬/L
      Dyzelinas: 1.929 в‚¬/L в†’ 2.089 в‚¬/L
  ~ Neste Lietuva вЂ” VilkaviЕЎkio g. 61D, MarijampolД—
      95 benzinas: 1.724 в‚¬/L в†’ 1.874 в‚¬/L
      Dyzelinas: 1.924 в‚¬/L в†’ 2.084 в‚¬/L
  ~ Neste Lietuva вЂ” Europos g. 1, Salaperaugio k.
      95 benzinas: 1.759 в‚¬/L в†’ 1.909 в‚¬/L
      Dyzelinas: 1.959 в‚¬/L в†’ 2.119 в‚¬/L
  ~ Neste Lietuva вЂ” Europos g. 6, N.Valios k.
      Dyzelinas: 1.959 в‚¬/L в†’ 2.119 в‚¬/L
  ~ Neste Lietuva вЂ” M. DaukЕЎos g. 29, MaЕѕeikiai
      95 benzinas: 1.739 в‚¬/L в†’ 1.899 в‚¬/L
      Dyzelinas: 1.919 в‚¬/L в†’ 2.099 в‚¬/L
  ~ Neste Lietuva вЂ” KatyДЌiЕі k., Е ilalД—s r.
      95 benzinas: 1.749 в‚¬/L в†’ 1.909 в‚¬/L
      Dyzelinas: 1.989 в‚¬/L в†’ 2.099 в‚¬/L
  ~ Neste Lietuva вЂ” J. BasanaviДЌiaus g. 91E, KД—dainiai
      95 benzinas: 1.729 в‚¬/L в†’ 1.894 в‚¬/L
      Dyzelinas: 1.919 в‚¬/L в†’ 2.094 в‚¬/L
  ~ Neste Lietuva вЂ” Kauno g. 45B, UkmergД—
      95 benzinas: 1.759 в‚¬/L в†’ 1.899 в‚¬/L
      Dyzelinas: 1.949 в‚¬/L в†’ 2.109 в‚¬/L
  ~ Neste Lietuva вЂ” J. BasanaviДЌiaus g. 129, Utena
      95 benzinas: 1.739 в‚¬/L в†’ 1.899 в‚¬/L
      Dyzelinas: 1.919 в‚¬/L в†’ 2.099 в‚¬/L
  ~ Neste Lietuva вЂ” KupiЕЎkio g. 12, Utena
      95 benzinas: 1.719 в‚¬/L в†’ 1.894 в‚¬/L
      Dyzelinas: 1.914 в‚¬/L в†’ 2.094 в‚¬/L
  ~ Neste Lietuva вЂ” Aplinkkelio g. 165, MolД—tai
      95 benzinas: 1.729 в‚¬/L в†’ 1.889 в‚¬/L
      Dyzelinas: 1.939 в‚¬/L в†’ 2.089 в‚¬/L
  ~ Neste Lietuva вЂ” Vilniaus g. 94, PabradД—
      95 benzinas: 1.759 в‚¬/L в†’ 1.919 в‚¬/L
      Dyzelinas: 1.979 в‚¬/L в†’ 2.119 в‚¬/L
  ~ Neste Lietuva вЂ” Plento g. 7, GudЕѕioniЕі k.
      95 benzinas: 1.759 в‚¬/L в†’ 1.914 в‚¬/L
      Dyzelinas: 1.939 в‚¬/L в†’ 2.114 в‚¬/L
  ~ Neste Lietuva вЂ” VersmД—s g. 2, RadviliЕЎkis
      95 benzinas: 1.729 в‚¬/L в†’ 1.879 в‚¬/L
      Dyzelinas: 1.919 в‚¬/L в†’ 2.079 в‚¬/L
  ~ Neste Lietuva вЂ” PuЕЎyno g. 11, YliЕі k.
      95 benzinas: 1.769 в‚¬/L в†’ 1.929 в‚¬/L
      Dyzelinas: 1.999 в‚¬/L в†’ 2.119 в‚¬/L
  ~ Neste Lietuva вЂ” Dariaus ir GirД—no g. 130A, TauragД—
      95 benzinas: 1.729 в‚¬/L в†’ 1.899 в‚¬/L
      Dyzelinas: 1.919 в‚¬/L в†’ 2.069 в‚¬/L
  ~ Neste Lietuva вЂ” SabaliЕЎkiЕі g. 1U, ElektrД—nai
      95 benzinas: 1.789 в‚¬/L в†’ 1.899 в‚¬/L
      Dyzelinas: 1.989 в‚¬/L в†’ 2.109 в‚¬/L
  ~ Neste Lietuva вЂ” Е iauliЕі pl. 1A, GaudikaiДЌiЕі k.
      95 benzinas: 1.719 в‚¬/L в†’ 1.919 в‚¬/L
      Dyzelinas: 1.929 в‚¬/L в†’ 2.099 в‚¬/L
  ~ Orlen вЂ” Kauno g. 73, Alytus
      95 benzinas: 1.759 в‚¬/L в†’ 1.839 в‚¬/L
      Dyzelinas: 1.999 в‚¬/L в†’ 2.059 в‚¬/L
      Dujos: 0.859 в‚¬/L в†’ 0.879 в‚¬/L
  ~ Orlen вЂ” вЂ‹ЕЅilviДЌiЕі g. 1 A, KakliniЕЎkiЕі k.
      95 benzinas: 1.789 в‚¬/L в†’ 1.869 в‚¬/L
      Dyzelinas: 2.069 в‚¬/L в†’ 2.089 в‚¬/L
      Dujos: 0.889 в‚¬/L в†’ 0.899 в‚¬/L
  ~ Orlen вЂ” Alytaus g. 2,В вЂ‹VerbyliЕЎkiЕі k.
      95 benzinas: 1.779 в‚¬/L в†’ 1.859 в‚¬/L
      Dyzelinas: 2.019 в‚¬/L в†’ 2.059 в‚¬/L
  ~ Orlen вЂ” ЕЅieЕѕmariЕі k.
      95 benzinas: 1.789 в‚¬/L в†’ 1.869 в‚¬/L
      Dyzelinas: 2.069 в‚¬/L в†’ 2.089 в‚¬/L
      Dujos: 0.879 в‚¬/L в†’ 0.899 в‚¬/L
  ~ Orlen вЂ” BiruliЕЎkiЕі k.
      95 benzinas: 1.759 в‚¬/L в†’ 1.839 в‚¬/L
      Dyzelinas: 1.999 в‚¬/L в†’ 2.059 в‚¬/L
  ~ Orlen вЂ” BerЕѕЕі g. 2N, Ringaudai
      95 benzinas: 1.779 в‚¬/L в†’ 1.859 в‚¬/L
      Dyzelinas: 2.039 в‚¬/L в†’ 2.069 в‚¬/L
  ~ Orlen вЂ” Kalvarijos g. 138, Kaunas
      95 benzinas: 1.759 в‚¬/L в†’ 1.859 в‚¬/L
      Dyzelinas: 2.039 в‚¬/L в†’ 2.069 в‚¬/L
  ~ Orlen вЂ” PramonД—s pr. 37, Kaunas
      95 benzinas: 1.759 в‚¬/L в†’ 1.859 в‚¬/L
      Dyzelinas: 1.999 в‚¬/L в†’ 2.069 в‚¬/L
      Dujos: 0.859 в‚¬/L в†’ 0.879 в‚¬/L
  ~ Orlen вЂ” VarniЕі g. 50, Kaunas
      95 benzinas: 1.759 в‚¬/L в†’ 1.839 в‚¬/L
      Dyzelinas: 1.989 в‚¬/L в†’ 2.049 в‚¬/L
  ~ Orlen вЂ” VeiveriЕі g. 148 B, Kaunas
      95 benzinas: 1.759 в‚¬/L в†’ 1.859 в‚¬/L
      Dyzelinas: 1.999 в‚¬/L в†’ 2.069 в‚¬/L
      Dujos: 0.859 в‚¬/L в†’ 0.879 в‚¬/L
  ~ Orlen вЂ” Minijos g. 44, KlaipД—da
      95 benzinas: 1.759 в‚¬/L в†’ 1.839 в‚¬/L
      Dyzelinas: 1.969 в‚¬/L в†’ 2.049 в‚¬/L
      Dujos: 0.859 в‚¬/L в†’ 0.899 в‚¬/L
  ~ Orlen вЂ” Е ilutД—s pl. 26 A, KlaipД—da
      95 benzinas: 1.749 в‚¬/L в†’ 1.799 в‚¬/L
      Dyzelinas: 1.959 в‚¬/L в†’ 1.999 в‚¬/L
  ~ Orlen вЂ” Е ilutД—s pl. 94, KlaipД—da
      95 benzinas: 1.759 в‚¬/L в†’ 1.849 в‚¬/L
      Dyzelinas: 1.979 в‚¬/L в†’ 2.059 в‚¬/L
      Dujos: 0.859 в‚¬/L в†’ 0.879 в‚¬/L
  ~ Orlen вЂ” Vilniaus pl. 13, JakЕі k.
      95 benzinas: 1.769 в‚¬/L в†’ 1.849 в‚¬/L
      Dyzelinas: 2.029 в‚¬/L в†’ 2.079 в‚¬/L
  ~ Orlen вЂ” PikeliЕі k. 6
      95 benzinas: 1.799 в‚¬/L в†’ 1.899 в‚¬/L
      Dyzelinas: 2.069 в‚¬/L в†’ 2.119 в‚¬/L
  ~ Orlen вЂ” PikeliЕі k. 8
      95 benzinas: 1.799 в‚¬/L в†’ 1.899 в‚¬/L
      Dyzelinas: 2.069 в‚¬/L в†’ 2.119 в‚¬/L
  ~ Orlen вЂ” Aleksandravo k.
      95 benzinas: 1.749 в‚¬/L в†’ 1.799 в‚¬/L
      Dyzelinas: 1.959 в‚¬/L в†’ 1.999 в‚¬/L
  ~ Orlen вЂ” вЂ‹Skuodo g. 14, MaЕѕeikiai
      95 benzinas: 1.759 в‚¬/L в†’ 1.859 в‚¬/L
      Dyzelinas: 1.969 в‚¬/L в†’ 2.059 в‚¬/L
  ~ Orlen вЂ” ЕЅemaitijos g. 42, MaЕѕeikiai
      95 benzinas: 1.759 в‚¬/L в†’ 1.839 в‚¬/L
      Dyzelinas: 1.969 в‚¬/L в†’ 2.049 в‚¬/L
  ~ Orlen вЂ” VilimiЕЎkД—s k.
      95 benzinas: 1.769 в‚¬/L в†’ 1.849 в‚¬/L
      Dyzelinas: 2.029 в‚¬/L в†’ 2.069 в‚¬/L
      Dujos: 0.869 в‚¬/L в†’ 0.879 в‚¬/L
  ~ Orlen вЂ” KlaipД—dos g. 162 D, PanevД—Еѕys
      95 benzinas: 1.759 в‚¬/L в†’ 1.859 в‚¬/L
      Dyzelinas: 1.999 в‚¬/L в†’ 2.069 в‚¬/L
      Dujos: 0.859 в‚¬/L в†’ 0.879 в‚¬/L
  ~ Orlen вЂ” SenamiesДЌio g. 115, PanevД—Еѕys
      95 benzinas: 1.749 в‚¬/L в†’ 1.819 в‚¬/L
      Dyzelinas: 1.959 в‚¬/L в†’ 2.019 в‚¬/L
      Dujos: 0.859 в‚¬/L в†’ 0.869 в‚¬/L
  ~ Orlen вЂ” Е iauliЕі g. 50, NausodД—s k.
      95 benzinas: 1.779 в‚¬/L в†’ 1.869 в‚¬/L
      Dyzelinas: 2.039 в‚¬/L в†’ 2.099 в‚¬/L
      Dujos: 0.869 в‚¬/L в†’ 0.899 в‚¬/L
  ~ Orlen вЂ” SerbentЕі g. 82, Е iauliai
      95 benzinas: 1.759 в‚¬/L в†’ 1.849 в‚¬/L
      Dyzelinas: 1.989 в‚¬/L в†’ 2.059 в‚¬/L
      Dujos: 0.899 в‚¬/L в†’ 0.889 в‚¬/L
  ~ Orlen вЂ” Gedimino g. 46, TauragД—
      95 benzinas: 1.759 в‚¬/L в†’ 1.849 в‚¬/L
      Dyzelinas: 1.989 в‚¬/L в†’ 2.049 в‚¬/L
      Dujos: 0.869 в‚¬/L в†’ 0.879 в‚¬/L
  ~ Orlen вЂ” вЂ‹PlungД—s g. 33 D, TelЕЎiai
      95 benzinas: 1.759 в‚¬/L в†’ 1.849 в‚¬/L
      Dyzelinas: 1.989 в‚¬/L в†’ 2.059 в‚¬/L
  ~ Orlen вЂ” Juodasis kl. 32, Vilnius
      95 benzinas: 1.779 в‚¬/L в†’ 1.869 в‚¬/L
      Dyzelinas: 2.029 в‚¬/L в†’ 2.059 в‚¬/L
  ~ Orlen вЂ” O.В вЂ‹MilaЕЎiaus g. 31, Vilnius
      95 benzinas: 1.779 в‚¬/L в†’ 1.869 в‚¬/L
      Dyzelinas: 2.029 в‚¬/L в†’ 2.059 в‚¬/L
      Dujos: 0.869 в‚¬/L в†’ 0.889 в‚¬/L
  ~ Orlen вЂ” UkmergД—s g. 319, Vilnius
      95 benzinas: 1.759 в‚¬/L в†’ 1.839 в‚¬/L
      Dyzelinas: 1.999 в‚¬/L в†’ 2.049 в‚¬/L
  ~ Orlen вЂ” ЕЅirmЕ«nЕі g. 1T, Vilnius
      95 benzinas: 1.759 в‚¬/L в†’ 1.839 в‚¬/L
      Dyzelinas: 1.999 в‚¬/L в†’ 2.049 в‚¬/L
  ~ Tomega вЂ” Gardino g. 98, Druskininkai
      Dyzelinas: 2.060 в‚¬/L в†’ 2.040 в‚¬/L
  ~ Tomega вЂ” Tartoko k.
      95 benzinas: 1.839 в‚¬/L в†’ 1.939 в‚¬/L
      Dyzelinas: 2.129 в‚¬/L в†’ 2.149 в‚¬/L
  ~ Tomega вЂ” DumblД—s k.
      95 benzinas: 1.849 в‚¬/L в†’ 1.939 в‚¬/L
      Dyzelinas: 2.139 в‚¬/L в†’ 2.159 в‚¬/L
  ~ Viada вЂ” DaugЕі k., Neveiglo g. 25
      95 benzinas: 1.819 в‚¬/L в†’ 1.959 в‚¬/L
      Dyzelinas: 1.999 в‚¬/L в†’ 2.159 в‚¬/L
  ~ Viada вЂ” Alytus, Naujoji g. 27
      95 benzinas: 1.799 в‚¬/L в†’ 1.949 в‚¬/L
      Dyzelinas: 1.979 в‚¬/L в†’ 2.149 в‚¬/L
  ~ Viada вЂ” Alytus, UlonЕі g. 33B
      95 benzinas: 1.799 в‚¬/L в†’ 1.959 в‚¬/L
      Dyzelinas: 1.949 в‚¬/L в†’ 2.159 в‚¬/L
  ~ Viada вЂ” AnykЕЎДЌiai, A. Vienuolio g. 34
      95 benzinas: 1.759 в‚¬/L в†’ 1.819 в‚¬/L
      Dyzelinas: 1.999 в‚¬/L в†’ 2.049 в‚¬/L
  ~ Viada вЂ” AnykЕЎДЌiai, Piliakalnio g. 9
      95 benzinas: 1.759 в‚¬/L в†’ 1.819 в‚¬/L
      Dyzelinas: 1.999 в‚¬/L в†’ 2.049 в‚¬/L
  ~ Viada вЂ” BirЕѕai, Parodos g. 2
      95 benzinas: 1.779 в‚¬/L в†’ 1.839 в‚¬/L
      Dyzelinas: 2.079 в‚¬/L в†’ 2.089 в‚¬/L
  ~ Viada вЂ” BirЕѕai, Pasvalio g. 1B
      95 benzinas: 1.779 в‚¬/L в†’ 1.839 в‚¬/L
      Dyzelinas: 2.079 в‚¬/L в†’ 2.089 в‚¬/L
  ~ Viada вЂ” ElektrД—nai, ElektrinД—s g. 6
      95 benzinas: 1.889 в‚¬/L в†’ 1.959 в‚¬/L
      Dyzelinas: 2.049 в‚¬/L в†’ 2.159 в‚¬/L
  ~ Viada вЂ” Ignalina, TuristЕі g. 28A
      95 benzinas: 1.899 в‚¬/L в†’ 1.959 в‚¬/L
      Dyzelinas: 2.149 в‚¬/L в†’ 2.159 в‚¬/L
  ~ Viada вЂ” Jonava, DarbininkЕі g. 4D
      95 benzinas: 1.799 в‚¬/L в†’ 1.949 в‚¬/L
      Dyzelinas: 2.059 в‚¬/L в†’ 2.139 в‚¬/L
      Dujos: 0.959 в‚¬/L в†’ 0.949 в‚¬/L
  ~ Viada вЂ” JoniЕЎkis, Vilniaus g. 51
      95 benzinas: 1.779 в‚¬/L в†’ 1.899 в‚¬/L
      Dyzelinas: 1.999 в‚¬/L в†’ 2.139 в‚¬/L
  ~ Viada вЂ” KaiЕЎiadorys, Gedimino g. 135
      95 benzinas: 1.799 в‚¬/L в†’ 1.899 в‚¬/L
      Dyzelinas: 2.079 в‚¬/L в†’ 2.159 в‚¬/L
  ~ Viada вЂ” Kalvarija, Dariaus ir GirД—no g. 81
      95 benzinas: 1.899 в‚¬/L в†’ 1.959 в‚¬/L
      Dyzelinas: 2.149 в‚¬/L в†’ 2.159 в‚¬/L
  ~ Viada вЂ” PelucmurgiЕі k., MuitinД—s g. 35
      95 benzinas: 1.899 в‚¬/L в†’ 1.959 в‚¬/L
      Dyzelinas: 2.149 в‚¬/L в†’ 2.159 в‚¬/L
  ~ Viada вЂ” Kaunas, A. JuozapaviДЌiaus pr. 90
      95 benzinas: 1.839 в‚¬/L в†’ 1.959 в‚¬/L
      Dyzelinas: 2.039 в‚¬/L в†’ 2.159 в‚¬/L
  ~ Viada вЂ” Kaunas, Ateities pl. 105
      95 benzinas: 1.859 в‚¬/L в†’ 1.959 в‚¬/L
      Dyzelinas: 2.099 в‚¬/L в†’ 2.159 в‚¬/L
  ~ Viada вЂ” Kaunas, Ateities pl. 37A
      95 benzinas: 1.829 в‚¬/L в†’ 1.959 в‚¬/L
      Dyzelinas: 2.039 в‚¬/L в†’ 2.159 в‚¬/L
  ~ Viada вЂ” Kaunas, Baltijos g. 90B
      95 benzinas: 1.789 в‚¬/L в†’ 1.939 в‚¬/L
      Dyzelinas: 1.939 в‚¬/L в†’ 2.119 в‚¬/L
  ~ Viada вЂ” Kaunas, BiruliЕЎkiЕі g. 18A
      95 benzinas: 1.839 в‚¬/L в†’ 1.939 в‚¬/L
      Dyzelinas: 2.029 в‚¬/L в†’ 2.139 в‚¬/L
  ~ Viada вЂ” Kaunas, DidЕѕioji g. 84
      95 benzinas: 1.839 в‚¬/L в†’ 1.959 в‚¬/L
      Dyzelinas: 2.039 в‚¬/L в†’ 2.159 в‚¬/L
  ~ Viada вЂ” Kaunas, Islandijos pl. 61A
      95 benzinas: 1.899 в‚¬/L в†’ 1.959 в‚¬/L
      Dyzelinas: 2.149 в‚¬/L в†’ 2.159 в‚¬/L
  ~ Viada вЂ” Kaunas, K. BarЕЎausko g. 64
      95 benzinas: 1.829 в‚¬/L в†’ 1.959 в‚¬/L
      Dyzelinas: 2.029 в‚¬/L в†’ 2.159 в‚¬/L
  ~ Viada вЂ” Kaunas, Karaliaus Mindaugo pr. 54
      95 benzinas: 1.839 в‚¬/L в†’ 1.959 в‚¬/L
      Dyzelinas: 2.039 в‚¬/L в†’ 2.159 в‚¬/L
  ~ Viada вЂ” Kaunas, MarijampolД—s pl. 29
      95 benzinas: 1.839 в‚¬/L в†’ 1.899 в‚¬/L
      Dyzelinas: 2.039 в‚¬/L в†’ 2.099 в‚¬/L
  ~ Viada вЂ” Kaunas, MieЕѕД—nЕі g. 18
      95 benzinas: 1.789 в‚¬/L в†’ 1.939 в‚¬/L
      Dyzelinas: 1.939 в‚¬/L в†’ 2.119 в‚¬/L
  ~ Viada вЂ” Kaunas, P. LukЕЎio g. 66A
      95 benzinas: 1.799 в‚¬/L в†’ 1.959 в‚¬/L
      Dyzelinas: 2.019 в‚¬/L в†’ 2.159 в‚¬/L
  ~ Viada вЂ” Kaunas, PramonД—s pr. 44
      95 benzinas: 1.789 в‚¬/L в†’ 1.939 в‚¬/L
      Dyzelinas: 1.969 в‚¬/L в†’ 2.119 в‚¬/L
  ~ Viada вЂ” Kaunas, Raudondvario pl. 288
      95 benzinas: 1.819 в‚¬/L в†’ 1.939 в‚¬/L
      Dyzelinas: 1.999 в‚¬/L в†’ 2.139 в‚¬/L
  ~ Viada вЂ” Kaunas, StatybininkЕі g. 3A
      95 benzinas: 1.819 в‚¬/L в†’ 1.959 в‚¬/L
      Dyzelinas: 2.029 в‚¬/L в†’ 2.159 в‚¬/L
  ~ Viada вЂ” Kaunas, T. Masiulio g. 22B
      95 benzinas: 1.839 в‚¬/L в†’ 1.899 в‚¬/L
      Dyzelinas: 2.029 в‚¬/L в†’ 2.099 в‚¬/L
  ~ Viada вЂ” Kaunas, VeiveriЕі g. 117
      95 benzinas: 1.839 в‚¬/L в†’ 1.959 в‚¬/L
      Dyzelinas: 2.039 в‚¬/L в†’ 2.159 в‚¬/L
  ~ Viada вЂ” Kaunas, VeiveriЕі g. 124B
      95 benzinas: 1.839 в‚¬/L в†’ 1.959 в‚¬/L
      Dyzelinas: 2.039 в‚¬/L в†’ 2.159 в‚¬/L
  ~ Viada вЂ” GiraitД—s k., AutomagistralД—s g. 4
      95 benzinas: 1.859 в‚¬/L в†’ 1.959 в‚¬/L
      Dyzelinas: 2.099 в‚¬/L в†’ 2.159 в‚¬/L
  ~ Viada вЂ” Ilgakiemio k., PrienЕі g. 22
      95 benzinas: 1.859 в‚¬/L в†’ 1.899 в‚¬/L
      Dyzelinas: 2.099 в‚¬/L в†’ 2.139 в‚¬/L
  ~ Viada вЂ” KampiЕЎkiЕі k., Baltijos g. 41
      95 benzinas: 1.899 в‚¬/L в†’ 1.959 в‚¬/L
      Dyzelinas: 2.149 в‚¬/L в†’ 2.159 в‚¬/L
  ~ Viada вЂ” KumpiЕі k., Verslo g. 13A
      95 benzinas: 1.859 в‚¬/L в†’ 1.959 в‚¬/L
      Dyzelinas: 2.099 в‚¬/L в†’ 2.159 в‚¬/L
  ~ Viada вЂ” Margavos k.
      95 benzinas: 1.839 в‚¬/L в†’ 1.959 в‚¬/L
      Dyzelinas: 2.039 в‚¬/L в†’ 2.159 в‚¬/L
  ~ Viada вЂ” ZapyЕЎkis, Vytauto g. 20A
      95 benzinas: 1.839 в‚¬/L в†’ 1.899 в‚¬/L
      Dyzelinas: 2.039 в‚¬/L в†’ 2.149 в‚¬/L
  ~ Viada вЂ” Д„ЕѕuolЕі BЕ«dos k.
      95 benzinas: 1.859 в‚¬/L в†’ 1.959 в‚¬/L
      Dyzelinas: 2.099 в‚¬/L в†’ 2.159 в‚¬/L
  ~ Viada вЂ” Dotnuva, Tilto g. 2A
      95 benzinas: 1.859 в‚¬/L в†’ 1.959 в‚¬/L
      Dyzelinas: 2.099 в‚¬/L в†’ 2.159 в‚¬/L
  ~ Viada вЂ” GudЕѕiЕ«nЕі k., Baisogalos g. 5
      95 benzinas: 1.859 в‚¬/L в†’ 1.959 в‚¬/L
      Dyzelinas: 2.099 в‚¬/L в†’ 2.159 в‚¬/L
  ~ Viada вЂ” KlaipД—da, Liepojos g. 242
      95 benzinas: 1.819 в‚¬/L в†’ 1.959 в‚¬/L
      Dyzelinas: 1.979 в‚¬/L в†’ 2.159 в‚¬/L
  ~ Viada вЂ” KlaipД—da, Nemuno g. 139
      95 benzinas: 1.819 в‚¬/L в†’ 1.959 в‚¬/L
      Dyzelinas: 1.959 в‚¬/L в†’ 2.139 в‚¬/L
  ~ Viada вЂ” KlaipД—da, PriestoДЌio g. 28
      95 benzinas: 1.819 в‚¬/L в†’ 1.959 в‚¬/L
      Dyzelinas: 1.959 в‚¬/L в†’ 2.139 в‚¬/L
  ~ Viada вЂ” KlaipД—da, Е ilutД—s pl. 52
      95 benzinas: 1.819 в‚¬/L в†’ 1.959 в‚¬/L
      Dyzelinas: 1.979 в‚¬/L в†’ 2.159 в‚¬/L
  ~ Viada вЂ” KlaipД—da, Taikos pr. 70A-1
      95 benzinas: 1.819 в‚¬/L в†’ 1.959 в‚¬/L
      Dyzelinas: 1.959 в‚¬/L в†’ 2.139 в‚¬/L
  ~ Viada вЂ” GargЕѕdai, Vilniaus pl. 65
      95 benzinas: 1.859 в‚¬/L в†’ 1.919 в‚¬/L
      Dyzelinas: 2.119 в‚¬/L в†’ 2.139 в‚¬/L
  ~ Viada вЂ” KretingalД—, KlaipД—dos g. 1A
      95 benzinas: 1.899 в‚¬/L в†’ 1.959 в‚¬/L
      Dyzelinas: 2.149 в‚¬/L в†’ 2.159 в‚¬/L
  ~ Viada вЂ” SudmantЕі k., Vilniaus pl. 6
      95 benzinas: 1.839 в‚¬/L в†’ 1.939 в‚¬/L
      Dyzelinas: 2.099 в‚¬/L в†’ 2.159 в‚¬/L
  ~ Viada вЂ” Kretinga, Vytauto g. 163
      95 benzinas: 1.899 в‚¬/L в†’ 1.959 в‚¬/L
      Dyzelinas: 2.149 в‚¬/L в†’ 2.159 в‚¬/L
  ~ Viada вЂ” KretingsodЕѕio k.
      95 benzinas: 1.899 в‚¬/L в†’ 1.959 в‚¬/L
      Dyzelinas: 2.149 в‚¬/L в†’ 2.159 в‚¬/L
  ~ Viada вЂ” KereliЕі k. 1A
      95 benzinas: 1.799 в‚¬/L в†’ 1.859 в‚¬/L
      Dyzelinas: 2.039 в‚¬/L в†’ 2.059 в‚¬/L
  ~ Viada вЂ” KupiЕЎkis, PergalД—s g. 15
      95 benzinas: 1.799 в‚¬/L в†’ 1.859 в‚¬/L
      Dyzelinas: 2.039 в‚¬/L в†’ 2.059 в‚¬/L
  ~ Viada вЂ” Lazdijai, TuristЕі g. 32
      95 benzinas: 1.749 в‚¬/L в†’ 1.869 в‚¬/L
      Dyzelinas: 1.959 в‚¬/L в†’ 2.119 в‚¬/L
  ~ Viada вЂ” MarijampolД—, GeleЕѕinkelio g. 5
      95 benzinas: 1.799 в‚¬/L в†’ 1.919 в‚¬/L
      Dyzelinas: 1.989 в‚¬/L в†’ 2.119 в‚¬/L
  ~ Viada вЂ” MarijampolД—, J. AmbrazeviДЌiaus-BrazaiДЌio g. 2
      95 benzinas: 1.799 в‚¬/L в†’ 1.919 в‚¬/L
      Dyzelinas: 1.989 в‚¬/L в†’ 2.119 в‚¬/L
  ~ Viada вЂ” MaЕѕeikiai, MontuotojЕі g. 2A
      95 benzinas: 1.829 в‚¬/L в†’ 1.939 в‚¬/L
      Dyzelinas: 1.949 в‚¬/L в†’ 2.139 в‚¬/L
  ~ Viada вЂ” MaЕѕeikiai, ЕЅemaitijos g. 75
      95 benzinas: 1.829 в‚¬/L в†’ 1.939 в‚¬/L
      Dyzelinas: 1.949 в‚¬/L в†’ 2.139 в‚¬/L
      Dujos: 0.929 в‚¬/L в†’ 0.939 в‚¬/L
  ~ Viada вЂ” MolД—tai, Vilniaus g. 101
      95 benzinas: 1.799 в‚¬/L в†’ 1.959 в‚¬/L
      Dyzelinas: 1.999 в‚¬/L в†’ 2.159 в‚¬/L
  ~ Viada вЂ” Gojaus k., Utenos g. 16
      95 benzinas: 1.799 в‚¬/L в†’ 1.959 в‚¬/L
      Dyzelinas: 1.999 в‚¬/L в†’ 2.159 в‚¬/L
  ~ Viada вЂ” Pakruojis, Vytauto DidЕѕiojo g. 98
      95 benzinas: 1.779 в‚¬/L в†’ 1.899 в‚¬/L
      Dyzelinas: 1.999 в‚¬/L в†’ 2.099 в‚¬/L
  ~ Viada вЂ” Krekenava, Tilto g. 35
      95 benzinas: 1.879 в‚¬/L в†’ 1.959 в‚¬/L
      Dyzelinas: 2.099 в‚¬/L в†’ 2.159 в‚¬/L
  ~ Viada вЂ” Ramygala, Vienkiemio g. 1B
      95 benzinas: 1.899 в‚¬/L в†’ 1.959 в‚¬/L
      Dyzelinas: 2.149 в‚¬/L в†’ 2.159 в‚¬/L
  ~ Viada вЂ” Е ilagalio k., PanevД—Еѕio aplinkl. 5
      95 benzinas: 1.789 в‚¬/L в†’ 1.899 в‚¬/L
      Dyzelinas: 1.969 в‚¬/L в†’ 2.119 в‚¬/L
  ~ Viada вЂ” TiДЌkЕ«nЕі k., TiДЌkЕ«nЕі g. 31
      95 benzinas: 1.799 в‚¬/L в†’ 1.899 в‚¬/L
      Dyzelinas: 1.979 в‚¬/L в†’ 2.099 в‚¬/L
  ~ Viada вЂ” PanevД—Еѕys, J. Janonio g. 28A
      95 benzinas: 1.799 в‚¬/L в†’ 1.939 в‚¬/L
      Dyzelinas: 1.979 в‚¬/L в†’ 2.139 в‚¬/L
  ~ Viada вЂ” PanevД—Еѕys, Navadolio g. 31
      95 benzinas: 1.799 в‚¬/L в†’ 1.939 в‚¬/L
      Dyzelinas: 1.979 в‚¬/L в†’ 2.139 в‚¬/L
  ~ Viada вЂ” PanevД—Еѕys, PuЕЎaloto g. 193A
      95 benzinas: 1.799 в‚¬/L в†’ 1.939 в‚¬/L
      Dyzelinas: 1.979 в‚¬/L в†’ 2.139 в‚¬/L
  ~ Viada вЂ” PanevД—Еѕys, Ramygalos g. 155
      95 benzinas: 1.799 в‚¬/L в†’ 1.939 в‚¬/L
      Dyzelinas: 1.979 в‚¬/L в†’ 2.139 в‚¬/L
  ~ Viada вЂ” PanevД—Еѕys, Ramygalos g. 186G
      95 benzinas: 1.799 в‚¬/L в†’ 1.939 в‚¬/L
      Dyzelinas: 1.979 в‚¬/L в†’ 2.139 в‚¬/L
  ~ Viada вЂ” PanevД—Еѕys, SenamiesДЌio g. 116A
      95 benzinas: 1.799 в‚¬/L в†’ 1.899 в‚¬/L
      Dyzelinas: 1.979 в‚¬/L в†’ 2.099 в‚¬/L
  ~ Viada вЂ” PanevД—Еѕys, VenslaviЕЎkio g. 16
      95 benzinas: 1.799 в‚¬/L в†’ 1.939 в‚¬/L
      Dyzelinas: 1.979 в‚¬/L в†’ 2.139 в‚¬/L
  ~ Viada вЂ” Brazdigalos k. 1
      95 benzinas: 1.859 в‚¬/L в†’ 1.939 в‚¬/L
      Dyzelinas: 2.099 в‚¬/L в†’ 2.139 в‚¬/L
  ~ Viada вЂ” Pasvalys, Vilniaus g. 50
      95 benzinas: 1.859 в‚¬/L в†’ 1.899 в‚¬/L
      Dyzelinas: 2.059 в‚¬/L в†’ 2.099 в‚¬/L
  ~ Viada вЂ” PlungД—, J. Tumo-VaiЕѕganto g. 102
      95 benzinas: 1.789 в‚¬/L в†’ 1.819 в‚¬/L
      Dyzelinas: 1.999 в‚¬/L в†’ 2.039 в‚¬/L
      Dujos: 0.959 в‚¬/L в†’ 0.929 в‚¬/L
  ~ Viada вЂ” PlungД—, ЕЅaltakalnio g. 10
      95 benzinas: 1.789 в‚¬/L в†’ 1.819 в‚¬/L
      Dyzelinas: 1.999 в‚¬/L в†’ 2.039 в‚¬/L
      Dujos: 0.959 в‚¬/L в†’ 0.929 в‚¬/L
  ~ Viada вЂ” GrigaliЕ«nЕі k. 11
      95 benzinas: 1.899 в‚¬/L в†’ 1.959 в‚¬/L
      Dyzelinas: 2.149 в‚¬/L в†’ 2.159 в‚¬/L
  ~ Viada вЂ” MaДЌiЕ«nЕі k., Kauno pl. 40
      95 benzinas: 1.859 в‚¬/L в†’ 1.899 в‚¬/L
      Dyzelinas: 2.099 в‚¬/L в†’ 2.159 в‚¬/L
  ~ Viada вЂ” VejukЕі k. 5
      95 benzinas: 1.899 в‚¬/L в†’ 1.959 в‚¬/L
      Dyzelinas: 2.149 в‚¬/L в†’ 2.159 в‚¬/L
  ~ Viada вЂ” RokiЕЎkis, PanevД—Еѕio g. 5
      95 benzinas: 1.899 в‚¬/L в†’ 1.959 в‚¬/L
      Dyzelinas: 2.149 в‚¬/L в†’ 2.159 в‚¬/L
  ~ Viada вЂ” RokiЕЎkis, ЕЅemaitД—s g. 2C
      95 benzinas: 1.899 в‚¬/L в†’ 1.959 в‚¬/L
      Dyzelinas: 2.149 в‚¬/L в†’ 2.159 в‚¬/L
  ~ Viada вЂ” Skuodas, Vilniaus g. 50
      95 benzinas: 1.779 в‚¬/L в†’ 1.899 в‚¬/L
      Dyzelinas: 1.999 в‚¬/L в†’ 2.099 в‚¬/L
  ~ Viada вЂ” JaЕЎiЕ«nai, Lydos g. 13
      95 benzinas: 1.859 в‚¬/L в†’ 1.959 в‚¬/L
      Dyzelinas: 2.139 в‚¬/L в†’ 2.159 в‚¬/L
  ~ Viada вЂ” Е iauliai, Dubijos g. 1C
      95 benzinas: 1.799 в‚¬/L в†’ 1.949 в‚¬/L
      Dyzelinas: 1.959 в‚¬/L в†’ 2.129 в‚¬/L
  ~ Viada вЂ” Е iauliai, GeguЕѕiЕі g. 26
      95 benzinas: 1.799 в‚¬/L в†’ 1.949 в‚¬/L
      Dyzelinas: 1.979 в‚¬/L в†’ 2.129 в‚¬/L
  ~ Viada вЂ” Е iauliai, J. BasanaviДЌiaus g. 122A
      95 benzinas: 1.799 в‚¬/L в†’ 1.959 в‚¬/L
      Dyzelinas: 1.979 в‚¬/L в†’ 2.159 в‚¬/L
  ~ Viada вЂ” Е iauliai, TilЕѕД—s g. 274
      95 benzinas: 1.799 в‚¬/L в†’ 1.959 в‚¬/L
      Dyzelinas: 1.979 в‚¬/L в†’ 2.159 в‚¬/L
  ~ Viada вЂ” Е iauliai, UЕѕmiesДЌio g. 2
      95 benzinas: 1.799 в‚¬/L в†’ 1.959 в‚¬/L
      Dyzelinas: 1.999 в‚¬/L в†’ 2.159 в‚¬/L
  ~ Viada вЂ” AukЕЎtelkД—s k., Ilgoji g. 1
      95 benzinas: 1.859 в‚¬/L в†’ 1.959 в‚¬/L
      Dyzelinas: 2.059 в‚¬/L в†’ 2.159 в‚¬/L
  ~ Viada вЂ” KurЕЎД—nai, Vilniaus g. 38A
      95 benzinas: 1.859 в‚¬/L в†’ 1.959 в‚¬/L
      Dyzelinas: 2.099 в‚¬/L в†’ 2.159 в‚¬/L
  ~ Viada вЂ” KuЕѕiai, DraugystД—s g. 2
      95 benzinas: 1.859 в‚¬/L в†’ 1.959 в‚¬/L
      Dyzelinas: 2.099 в‚¬/L в†’ 2.159 в‚¬/L
  ~ Viada вЂ” KuodaiДЌiЕі k.
      95 benzinas: 1.889 в‚¬/L в†’ 1.959 в‚¬/L
      Dyzelinas: 2.099 в‚¬/L в†’ 2.159 в‚¬/L
  ~ Viada вЂ” Е ilutД—, TilЕѕД—s g. 59
      95 benzinas: 1.829 в‚¬/L в†’ 1.919 в‚¬/L
      Dyzelinas: 2.029 в‚¬/L в†’ 2.129 в‚¬/L
  ~ Viada вЂ” Е irvintos, Plento g. 4
      95 benzinas: 1.789 в‚¬/L в†’ 1.939 в‚¬/L
      Dyzelinas: 1.999 в‚¬/L в†’ 2.139 в‚¬/L
  ~ Viada вЂ” Е venДЌionys, Vilniaus g. 50A
      95 benzinas: 1.899 в‚¬/L в†’ 1.959 в‚¬/L
      Dyzelinas: 2.149 в‚¬/L в†’ 2.159 в‚¬/L
  ~ Viada вЂ” KaltanД—nai, Utenos g. 1
      95 benzinas: 1.899 в‚¬/L в†’ 1.959 в‚¬/L
      Dyzelinas: 2.149 в‚¬/L в†’ 2.159 в‚¬/L
  ~ Viada вЂ” PabradД—, Vilniaus g. 116B
      95 benzinas: 1.819 в‚¬/L в†’ 1.959 в‚¬/L
      Dyzelinas: 2.059 в‚¬/L в†’ 2.159 в‚¬/L
  ~ Viada вЂ” Е venДЌionД—liai, ЕЅemutinД— g. 51A
      95 benzinas: 1.899 в‚¬/L в†’ 1.959 в‚¬/L
      Dyzelinas: 2.149 в‚¬/L в†’ 2.159 в‚¬/L
  ~ Viada вЂ” TauragД—, Dariaus ir GirД—no g. 138A
      95 benzinas: 1.799 в‚¬/L в†’ 1.949 в‚¬/L
      Dyzelinas: 1.969 в‚¬/L в†’ 2.129 в‚¬/L
  ~ Viada вЂ” TauragД—, PramonД—s g. 1
      95 benzinas: 1.799 в‚¬/L в†’ 1.949 в‚¬/L
      Dyzelinas: 1.969 в‚¬/L в†’ 2.129 в‚¬/L
  ~ Viada вЂ” TelЕЎiai, PramonД—s g. 2A
      95 benzinas: 1.819 в‚¬/L в†’ 1.959 в‚¬/L
      Dyzelinas: 2.029 в‚¬/L в†’ 2.159 в‚¬/L
  ~ Viada вЂ” AukЕЎtЕіjЕі SemeniukЕі k., Logistikos g. 9
      95 benzinas: 1.899 в‚¬/L в†’ 1.959 в‚¬/L
      Dyzelinas: 2.149 в‚¬/L в†’ 2.159 в‚¬/L
  ~ Viada вЂ” UkmergД—, ЕЅiedo g. 15
      95 benzinas: 1.789 в‚¬/L в†’ 1.939 в‚¬/L
      Dyzelinas: 1.999 в‚¬/L в†’ 2.139 в‚¬/L
  ~ Viada вЂ” Dukstynos k., Vytauto g. 131
      95 benzinas: 1.899 в‚¬/L в†’ 1.959 в‚¬/L
      Dyzelinas: 2.149 в‚¬/L в†’ 2.159 в‚¬/L
  ~ Viada вЂ” Е ventupД—s k., BerЕѕЕі g. 13
      95 benzinas: 1.899 в‚¬/L в†’ 1.959 в‚¬/L
      Dyzelinas: 2.149 в‚¬/L в†’ 2.159 в‚¬/L
  ~ Viada вЂ” Utena, Metalo g. 8
      95 benzinas: 1.819 в‚¬/L в†’ 1.939 в‚¬/L
      Dyzelinas: 1.959 в‚¬/L в†’ 2.139 в‚¬/L
  ~ Viada вЂ” Utena, PramonД—s g. 23
      95 benzinas: 1.819 в‚¬/L в†’ 1.939 в‚¬/L
      Dyzelinas: 1.959 в‚¬/L в†’ 2.139 в‚¬/L
  ~ Viada вЂ” Gedimino k., Vyturio g. 2
      95 benzinas: 1.819 в‚¬/L в†’ 1.899 в‚¬/L
      Dyzelinas: 1.959 в‚¬/L в†’ 2.099 в‚¬/L
  ~ Viada вЂ” Valkininkai, Vilniaus g. 6
      95 benzinas: 1.899 в‚¬/L в†’ 1.959 в‚¬/L
      Dyzelinas: 2.149 в‚¬/L в†’ 2.159 в‚¬/L
  ~ Viada вЂ” Vievis, Kauno g. 26A
      95 benzinas: 1.899 в‚¬/L в†’ 1.959 в‚¬/L
      Dyzelinas: 2.049 в‚¬/L в†’ 2.159 в‚¬/L
  ~ Viada вЂ” AviЕѕieniЕі k., OЕѕiarЕ«ДЌiЕі g. 1a
      95 benzinas: 1.839 в‚¬/L в†’ 1.959 в‚¬/L
      Dyzelinas: 2.029 в‚¬/L в†’ 2.159 в‚¬/L
  ~ Viada вЂ” Vilnius, Ateities g. 17B
      95 benzinas: 1.789 в‚¬/L в†’ 1.939 в‚¬/L
      Dyzelinas: 1.959 в‚¬/L в†’ 2.119 в‚¬/L
  ~ Viada вЂ” Vilnius, Dariaus ir GirД—no g. 30A
      95 benzinas: 1.829 в‚¬/L в†’ 1.959 в‚¬/L
      Dyzelinas: 2.019 в‚¬/L в†’ 2.159 в‚¬/L
  ~ Viada вЂ” Vilnius, GariЕ«nЕі g. 16A
      95 benzinas: 1.819 в‚¬/L в†’ 1.949 в‚¬/L
      Dyzelinas: 2.039 в‚¬/L в†’ 2.139 в‚¬/L
  ~ Viada вЂ” Vilnius, GrigiЕЎkД—s, Kovo 11-osios g. 75
      95 benzinas: 1.839 в‚¬/L в†’ 1.899 в‚¬/L
      Dyzelinas: 2.039 в‚¬/L в†’ 2.159 в‚¬/L
  ~ Viada вЂ” Vilnius, JustiniЕЎkiЕі g. 12
      95 benzinas: 1.799 в‚¬/L в†’ 1.939 в‚¬/L
      Dyzelinas: 1.999 в‚¬/L в†’ 2.139 в‚¬/L
  ~ Viada вЂ” Vilnius, KirtimЕі g. 29
      95 benzinas: 1.839 в‚¬/L в†’ 1.959 в‚¬/L
      Dyzelinas: 2.039 в‚¬/L в†’ 2.159 в‚¬/L
  ~ Viada вЂ” Vilnius, LaisvД—s pr. 8
      95 benzinas: 1.839 в‚¬/L в†’ 1.959 в‚¬/L
      Dyzelinas: 2.039 в‚¬/L в†’ 2.159 в‚¬/L
  ~ Viada вЂ” Vilnius, Liepkalnio g. 128A
      95 benzinas: 1.839 в‚¬/L в†’ 1.959 в‚¬/L
      Dyzelinas: 2.039 в‚¬/L в†’ 2.159 в‚¬/L
  ~ Viada вЂ” Vilnius, Naugarduko g. 74
      95 benzinas: 1.839 в‚¬/L в†’ 1.959 в‚¬/L
      Dyzelinas: 2.039 в‚¬/L в†’ 2.159 в‚¬/L
  ~ Viada вЂ” Vilnius, NemenДЌinД—s pl. 5
      95 benzinas: 1.839 в‚¬/L в†’ 1.959 в‚¬/L
      Dyzelinas: 2.039 в‚¬/L в†’ 2.159 в‚¬/L
  ~ Viada вЂ” Vilnius, OlandЕі g. 57
      95 benzinas: 1.839 в‚¬/L в†’ 1.959 в‚¬/L
      Dyzelinas: 2.039 в‚¬/L в†’ 2.159 в‚¬/L
  ~ Viada вЂ” Vilnius, Ozo g. 12
      95 benzinas: 1.819 в‚¬/L в†’ 1.959 в‚¬/L
      Dyzelinas: 2.019 в‚¬/L в†’ 2.149 в‚¬/L
  ~ Viada вЂ” Vilnius, PilaitД—s pr. 13
      95 benzinas: 1.839 в‚¬/L в†’ 1.959 в‚¬/L
      Dyzelinas: 2.039 в‚¬/L в†’ 2.159 в‚¬/L
  ~ Viada вЂ” Vilnius, PilaitД—s pr. 28
      95 benzinas: 1.839 в‚¬/L в†’ 1.959 в‚¬/L
      Dyzelinas: 2.039 в‚¬/L в†’ 2.159 в‚¬/L
  ~ Viada вЂ” Vilnius, SaltoniЕЎkiЕі g. 12
      95 benzinas: 1.799 в‚¬/L в†’ 1.959 в‚¬/L
      Dyzelinas: 1.999 в‚¬/L в†’ 2.149 в‚¬/L
  ~ Viada вЂ” Vilnius, SodЕі g. 22
      95 benzinas: 1.839 в‚¬/L в†’ 1.959 в‚¬/L
      Dyzelinas: 2.039 в‚¬/L в†’ 2.159 в‚¬/L
  ~ Viada вЂ” Vilnius, VerkiЕі g. 52
      95 benzinas: 1.789 в‚¬/L в†’ 1.939 в‚¬/L
      Dyzelinas: 1.969 в‚¬/L в†’ 2.139 в‚¬/L
  ~ Viada вЂ” Vilnius, VilkpД—dД—s g. 2
      95 benzinas: 1.839 в‚¬/L в†’ 1.959 в‚¬/L
      Dyzelinas: 1.969 в‚¬/L в†’ 2.159 в‚¬/L
  ~ Viada вЂ” Visaginas, StatybininkЕі g. 1
      95 benzinas: 1.799 в‚¬/L в†’ 1.959 в‚¬/L
      Dyzelinas: 2.059 в‚¬/L в†’ 2.159 в‚¬/L
  ~ Viada вЂ” Visaginas, Taikos pr. 23B
      95 benzinas: 1.799 в‚¬/L в†’ 1.959 в‚¬/L
      Dyzelinas: 2.059 в‚¬/L в†’ 2.159 в‚¬/L
  ~ Viada вЂ” JuodalaukiЕі k. 2
      95 benzinas: 1.799 в‚¬/L в†’ 1.959 в‚¬/L
      Dyzelinas: 2.059 в‚¬/L в†’ 2.159 в‚¬/L
  ~ Autograndas вЂ” Taikos pr. 47
      95 benzinas: 1.743 в‚¬/L в†’ 1.843 в‚¬/L
      Dyzelinas: 1.976 в‚¬/L в†’ 2.043 в‚¬/L
  ~ Nostrada (RV Transport) вЂ” Kazlavo km. 4 Kalvarijos sav.
      95 benzinas: 1.790 в‚¬/L в†’ 1.890 в‚¬/L
      Dyzelinas: 1.980 в‚¬/L в†’ 2.100 в‚¬/L
  ~ Utentra вЂ” Utena, PramonД—s g. 16
      Dyzelinas: 1.939 в‚¬/L в†’ 1.969 в‚¬/L
  ~ Skulas вЂ” Simnas, Alytaus g. 48
      95 benzinas: 1.760 в‚¬/L в†’ 1.800 в‚¬/L
  ~ Skulas вЂ” LikiЕЎkД—liЕі k., KalninД—s g. 5
      95 benzinas: 1.730 в‚¬/L в†’ 1.770 в‚¬/L
      Dyzelinas: 1.960 в‚¬/L в†’ 1.990 в‚¬/L
  ~ Skulas вЂ” Kaunas, AЕЎigalio g. 1 A
      95 benzinas: 1.759 в‚¬/L в†’ 1.779 в‚¬/L
      Dyzelinas: 1.999 в‚¬/L в†’ 1.969 в‚¬/L
  ~ Skulas вЂ” Kaunas, MarvelД—s g. 106 D
      95 benzinas: 1.759 в‚¬/L в†’ 1.779 в‚¬/L
      Dyzelinas: 1.999 в‚¬/L в†’ 1.969 в‚¬/L
  ~ Skulas вЂ” VirbaliЕЎkiЕі k., Verslo g. 2
      95 benzinas: 1.760 в‚¬/L в†’ 1.780 в‚¬/L
      Dyzelinas: 2.000 в‚¬/L в†’ 1.980 в‚¬/L
  ~ Skulas вЂ” Pasvalys, MЕ«ЕЎos g. 2 E
      95 benzinas: 1.750 в‚¬/L в†’ 1.790 в‚¬/L
      Dyzelinas: 1.970 в‚¬/L в†’ 1.990 в‚¬/L
      Dujos: 0.850 в‚¬/L в†’ 0.830 в‚¬/L
  ~ Skulas вЂ” Vilnius, J.Kazlausko g. 34
      95 benzinas: 1.719 в‚¬/L в†’ 1.799 в‚¬/L
      Dyzelinas: 1.929 в‚¬/L в†’ 2.029 в‚¬/L
      Dujos: 0.869 в‚¬/L в†’ 0.849 в‚¬/L
  ~ Deliuvis вЂ” PuЕЎaloto g. 140, PanevД—Еѕys
      95 benzinas: 1.699 в‚¬/L в†’ 1.729 в‚¬/L
  ~ Deliuvis вЂ” G.PetkeviДЌaitД—s-BitД—s 35C, PanevД—Еѕys
      95 benzinas: 1.699 в‚¬/L в†’ 1.729 в‚¬/L
  ~ Deliuvis вЂ” S.KerbedЕѕio 2, PanevД—Еѕys
      95 benzinas: 1.699 в‚¬/L в†’ 1.729 в‚¬/L
  ~ Prie Luksto вЂ” TelЕЎiai, MasДЌio g. 21
      95 benzinas: 1.811 в‚¬/L в†’ 1.955 в‚¬/L
      Dyzelinas: 2.025 в‚¬/L в†’ 2.165 в‚¬/L
  ~ Boost Petrol вЂ” GinkЕ«nЕі k., AuЕЎros g. 26
      95 benzinas: 1.789 в‚¬/L в†’ 1.929 в‚¬/L
      Dyzelinas: 1.989 в‚¬/L в†’ 2.129 в‚¬/L
  ~ Boost Petrol вЂ” KД™stuДЌio g. 1B, KelmД—
      95 benzinas: 1.799 в‚¬/L в†’ 1.929 в‚¬/L
      Dyzelinas: 1.999 в‚¬/L в†’ 2.129 в‚¬/L
  ~ Boost Petrol вЂ” KurЕЎukЕі k., Plento g. 1
      95 benzinas: 1.839 в‚¬/L в†’ 1.959 в‚¬/L
      Dyzelinas: 2.039 в‚¬/L в†’ 2.159 в‚¬/L
  ~ Boost Petrol вЂ” MarvelД—s g. 132, Kaunas
      95 benzinas: 1.829 в‚¬/L в†’ 1.949 в‚¬/L
      Dyzelinas: 2.029 в‚¬/L в†’ 2.149 в‚¬/L
  ~ Boost Petrol вЂ” Dubijos g. 36
      95 benzinas: 1.839 в‚¬/L в†’ 1.959 в‚¬/L
      Dyzelinas: 2.039 в‚¬/L в†’ 2.159 в‚¬/L
  ~ Boost Petrol вЂ” SmД—linkos k.
      95 benzinas: 1.750 в‚¬/L в†’ 1.910 в‚¬/L
      Dyzelinas: 1.950 в‚¬/L в†’ 2.110 в‚¬/L
      Dujos: 0.920 в‚¬/L в†’ 0.890 в‚¬/L
  ~ Boost Petrol вЂ” ZarasЕі g. 9, Utena
      95 benzinas: 1.739 в‚¬/L в†’ 1.919 в‚¬/L
      Dyzelinas: 1.949 в‚¬/L в†’ 2.119 в‚¬/L
      Dujos: 0.919 в‚¬/L в†’ 0.899 в‚¬/L
  ~ Boost Petrol вЂ” MaironiЕі k., KurЕЎiЕі g. 2
      95 benzinas: 1.750 в‚¬/L в†’ 1.820 в‚¬/L
      Dyzelinas: 1.950 в‚¬/L в†’ 2.020 в‚¬/L
  ~ Stateta вЂ” KantaliЕЎkiЕі k.
      95 benzinas: 1.780 в‚¬/L в†’ 1.799 в‚¬/L
      Dyzelinas: 1.950 в‚¬/L в†’ 1.999 в‚¬/L
  ~ Stateta вЂ” UkmergД—s g. 246, Vilnius
      95 benzinas: 1.779 в‚¬/L в†’ 1.799 в‚¬/L
      Dyzelinas: 1.949 в‚¬/L в†’ 1.999 в‚¬/L
  ~ Stateta вЂ” Alytaus k.
      95 benzinas: 1.779 в‚¬/L в†’ 1.799 в‚¬/L
      Dyzelinas: 1.949 в‚¬/L в†’ 1.999 в‚¬/L
  ~ Stateta вЂ” Kauno g.1, MiklusД—nai
      95 benzinas: 1.779 в‚¬/L в†’ 1.799 в‚¬/L
      Dyzelinas: 1.949 в‚¬/L в†’ 1.999 в‚¬/L
  ~ Stateta вЂ” KaniukЕі k.
      95 benzinas: 1.779 в‚¬/L в†’ 1.799 в‚¬/L
      Dyzelinas: 1.949 в‚¬/L в†’ 1.999 в‚¬/L
  ~ Stateta вЂ” GustaiДЌiЕі k.
      95 benzinas: 1.780 в‚¬/L в†’ 1.799 в‚¬/L
      Dyzelinas: 1.950 в‚¬/L в†’ 1.999 в‚¬/L
  ~ Stateta вЂ” ErdvД—s g. 78, RamuДЌiЕі k.
      95 benzinas: 1.779 в‚¬/L в†’ 1.799 в‚¬/L
      Dyzelinas: 1.949 в‚¬/L в†’ 1.999 в‚¬/L
  ~ Stateta вЂ” ЕЅemdirbiЕі g. 15, PaliЕ«niЕЎkio k.
      95 benzinas: 1.779 в‚¬/L в†’ 1.799 в‚¬/L
      Dyzelinas: 1.949 в‚¬/L в†’ 1.999 в‚¬/L
  ~ Stateta вЂ” PanevД—Еѕio g. 9, KupiЕЎkis
      95 benzinas: 1.779 в‚¬/L в†’ 1.799 в‚¬/L
      Dyzelinas: 1.949 в‚¬/L в†’ 1.999 в‚¬/L
  ~ Stateta вЂ” Turgaus g. 4, KreivukД—
      95 benzinas: 1.779 в‚¬/L в†’ 1.799 в‚¬/L
      Dyzelinas: 1.949 в‚¬/L в†’ 1.999 в‚¬/L
  ~ Stateta вЂ” Minijos g. 90, KlaipД—da
      95 benzinas: 1.779 в‚¬/L в†’ 1.799 в‚¬/L
      Dyzelinas: 1.949 в‚¬/L в†’ 1.999 в‚¬/L
  ~ Stateta вЂ” Palangos g. 66, Utena
      95 benzinas: 1.779 в‚¬/L в†’ 1.799 в‚¬/L
      Dyzelinas: 1.949 в‚¬/L в†’ 1.999 в‚¬/L
  ~ Emsi вЂ” ЕЄdrijos g.2, Alytus
      95 benzinas: 1.690 в‚¬/L в†’ 1.750 в‚¬/L
      Dyzelinas: 1.970 в‚¬/L в†’ 1.990 в‚¬/L
      Dujos: 0.900 в‚¬/L в†’ 0.890 в‚¬/L
  ~ Emsi вЂ” ЕЅemaiДЌiЕі g. 34, Ariogala
      95 benzinas: 1.799 в‚¬/L в†’ 1.859 в‚¬/L
      Dyzelinas: 2.049 в‚¬/L в†’ 2.059 в‚¬/L
      Dujos: 0.929 в‚¬/L в†’ 0.919 в‚¬/L
  ~ Emsi вЂ” Ateities pl.40B, Kaunas
      95 benzinas: 1.719 в‚¬/L в†’ 1.759 в‚¬/L
      Dyzelinas: 2.009 в‚¬/L в†’ 1.999 в‚¬/L
  ~ Emsi вЂ” Jaunimo g.2a, BirЕѕai
      95 benzinas: 1.719 в‚¬/L в†’ 1.799 в‚¬/L
      Dyzelinas: 1.990 в‚¬/L в†’ 2.040 в‚¬/L
      Dujos: 0.900 в‚¬/L в†’ 0.890 в‚¬/L
  ~ Emsi вЂ” DraugystД—s g.8B, Kaunas
      95 benzinas: 1.699 в‚¬/L в†’ 1.819 в‚¬/L
      Dyzelinas: 1.999 в‚¬/L в†’ 2.059 в‚¬/L
      Dujos: 0.889 в‚¬/L в†’ 0.869 в‚¬/L
  ~ Emsi вЂ” Vilnius, SpygliЕі g. 2
      95 benzinas: 1.759 в‚¬/L в†’ 1.859 в‚¬/L
      Dyzelinas: 2.019 в‚¬/L в†’ 2.059 в‚¬/L
      Dujos: 0.929 в‚¬/L в†’ 0.909 в‚¬/L
  ~ Emsi вЂ” Ilgakiemio k., Kauno g.25
      95 benzinas: 1.759 в‚¬/L в†’ 1.799 в‚¬/L
      Dujos: 0.900 в‚¬/L в†’ 0.890 в‚¬/L
  ~ Emsi вЂ” JeruzalД—s 2, Vilnius
      95 benzinas: 1.719 в‚¬/L в†’ 1.779 в‚¬/L
      Dyzelinas: 1.999 в‚¬/L в†’ 2.029 в‚¬/L
      Dujos: 0.929 в‚¬/L в†’ 0.899 в‚¬/L
  ~ Emsi вЂ” Vasario 16-osios g.70, Jonava
      95 benzinas: 1.729 в‚¬/L в†’ 1.779 в‚¬/L
  ~ Emsi вЂ” Durpyno 63, JonuЕЎЕі k.
      95 benzinas: 1.739 в‚¬/L в†’ 1.799 в‚¬/L
      Dyzelinas: 2.029 в‚¬/L в†’ 2.019 в‚¬/L
  ~ Emsi вЂ” Juodgirio k.1,
      95 benzinas: 1.799 в‚¬/L в†’ 1.859 в‚¬/L
      Dyzelinas: 2.049 в‚¬/L в†’ 2.059 в‚¬/L
      Dujos: 0.929 в‚¬/L в†’ 0.919 в‚¬/L
  ~ Emsi вЂ” Medelyno g.126 KalotД—s k.
      95 benzinas: 1.730 в‚¬/L в†’ 1.790 в‚¬/L
      Dyzelinas: 2.020 в‚¬/L в†’ 1.990 в‚¬/L
  ~ Emsi вЂ” KareiviЕі g. 4, Vilnius
      95 benzinas: 1.719 в‚¬/L в†’ 1.809 в‚¬/L
      Dyzelinas: 1.999 в‚¬/L в†’ 2.059 в‚¬/L
      Dujos: 0.929 в‚¬/L в†’ 0.899 в‚¬/L
  ~ Emsi вЂ” Jonavos g. 292B, Kaunas
      95 benzinas: 1.759 в‚¬/L в†’ 1.799 в‚¬/L
  ~ Emsi вЂ” KirtimЕі g. 33, Vilnius
      95 benzinas: 1.729 в‚¬/L в†’ 1.839 в‚¬/L
      Dyzelinas: 1.969 в‚¬/L в†’ 2.019 в‚¬/L
  ~ Emsi вЂ” LaisvД—s pr. 80B, Vilnius
      95 benzinas: 1.719 в‚¬/L в†’ 1.799 в‚¬/L
  ~ Emsi вЂ” LazdijЕі sen., Janaslavo k.11
      95 benzinas: 1.669 в‚¬/L в†’ 1.719 в‚¬/L
      Dyzelinas: 1.989 в‚¬/L в†’ 1.949 в‚¬/L
  ~ Emsi вЂ” SodЕі g.3A, Lentvaris
      95 benzinas: 1.730 в‚¬/L в†’ 1.850 в‚¬/L
      Dyzelinas: 1.999 в‚¬/L в†’ 2.050 в‚¬/L
      Dujos: 0.929 в‚¬/L в†’ 0.919 в‚¬/L
  ~ Emsi вЂ” Liepkalnio g.112A, Vilnius
      95 benzinas: 1.739 в‚¬/L в†’ 1.799 в‚¬/L
  ~ Emsi вЂ” Liuksemburgo aklg. 27, Kaunas
      95 benzinas: 1.699 в‚¬/L в†’ 1.759 в‚¬/L
      Dyzelinas: 1.979 в‚¬/L в†’ 1.999 в‚¬/L
      Dujos: 0.899 в‚¬/L в†’ 0.889 в‚¬/L
  ~ Emsi вЂ” Stoties g. 6B, MarijampolД—
      95 benzinas: 1.699 в‚¬/L в†’ 1.839 в‚¬/L
      Dyzelinas: 1.949 в‚¬/L в†’ 2.059 в‚¬/L
  ~ Emsi вЂ” Masiulio g.16C, Kaunas
      95 benzinas: 1.699 в‚¬/L в†’ 1.839 в‚¬/L
      Dyzelinas: 1.999 в‚¬/L в†’ 2.039 в‚¬/L
  ~ Emsi вЂ” MarijampolД—s g. 58, MastaiДЌiЕі k.
      95 benzinas: 1.759 в‚¬/L в†’ 1.799 в‚¬/L
      Dujos: 0.900 в‚¬/L в†’ 0.890 в‚¬/L
  ~ Emsi вЂ” Minijos g.154A, KlaipД—da
      95 benzinas: 1.740 в‚¬/L в†’ 1.780 в‚¬/L
  ~ Emsi вЂ” SavanoriЕі pr.402A, Kaunas
      95 benzinas: 1.739 в‚¬/L в†’ 1.839 в‚¬/L
      Dyzelinas: 1.979 в‚¬/L в†’ 2.059 в‚¬/L
  ~ Emsi вЂ” Taikos g.1, KreivalauЕѕiЕі k.
      95 benzinas: 1.710 в‚¬/L в†’ 1.750 в‚¬/L
  ~ Emsi вЂ” Nemuno g.79A, PanevД—Еѕys
      95 benzinas: 1.699 в‚¬/L в†’ 1.739 в‚¬/L
      Dyzelinas: 1.989 в‚¬/L в†’ 1.979 в‚¬/L
      Dujos: 0.889 в‚¬/L в†’ 0.899 в‚¬/L
  ~ Emsi вЂ” Palemono g. 3A, Kaunas
      95 benzinas: 1.690 в‚¬/L в†’ 1.730 в‚¬/L
      Dyzelinas: 1.980 в‚¬/L в†’ 1.970 в‚¬/L
  ~ Emsi вЂ” Pasvalys, Taikos g.24
      95 benzinas: 1.759 в‚¬/L в†’ 1.829 в‚¬/L
      Dyzelinas: 1.999 в‚¬/L в†’ 2.039 в‚¬/L
  ~ Emsi вЂ” PaukЕЎtininkЕі g.4a, KaiЕЎiadorys
      95 benzinas: 1.739 в‚¬/L в†’ 1.799 в‚¬/L
      Dyzelinas: 2.019 в‚¬/L в†’ 2.059 в‚¬/L
      Dujos: 0.910 в‚¬/L в†’ 0.890 в‚¬/L
  ~ Emsi вЂ” Kauno g.165, PietariЕі k.
      95 benzinas: 1.699 в‚¬/L в†’ 1.799 в‚¬/L
      Dyzelinas: 1.949 в‚¬/L в†’ 2.019 в‚¬/L
  ~ Emsi вЂ” Pajautos g. 31, Vilnius (PilaitД—)
      95 benzinas: 1.699 в‚¬/L в†’ 1.799 в‚¬/L
      Dyzelinas: 1.929 в‚¬/L в†’ 1.999 в‚¬/L
  ~ Emsi вЂ” MiЕЎko g.62, RadviliЕЎkis
      95 benzinas: 1.739 в‚¬/L в†’ 1.839 в‚¬/L
      Dyzelinas: 1.989 в‚¬/L в†’ 2.019 в‚¬/L
  ~ Emsi вЂ” Ramygalos g.186A, PanevД—Еѕys
      95 benzinas: 1.699 в‚¬/L в†’ 1.739 в‚¬/L
      Dyzelinas: 1.989 в‚¬/L в†’ 1.979 в‚¬/L
  ~ Emsi вЂ” RaЕЎДЌiЕі k. 1A
      95 benzinas: 1.699 в‚¬/L в†’ 1.799 в‚¬/L
      Dyzelinas: 1.999 в‚¬/L в†’ 2.019 в‚¬/L
  ~ Emsi вЂ” SausiЕі g.2 SausiЕі k..
      95 benzinas: 1.730 в‚¬/L в†’ 1.820 в‚¬/L
      Dyzelinas: 1.990 в‚¬/L в†’ 2.020 в‚¬/L
      Dujos: 0.910 в‚¬/L в†’ 0.890 в‚¬/L
  ~ Emsi вЂ” SavanoriЕі 225, Vilnius
      95 benzinas: 1.739 в‚¬/L в†’ 1.839 в‚¬/L
      Dyzelinas: 1.979 в‚¬/L в†’ 2.019 в‚¬/L
  ~ Emsi вЂ” SereikoniЕі k., Baltijos kelio g.2
      95 benzinas: 1.759 в‚¬/L в†’ 1.829 в‚¬/L
      Dyzelinas: 1.999 в‚¬/L в†’ 2.039 в‚¬/L
  ~ Emsi вЂ” Sembos g.5, Е iauliai
      95 benzinas: 1.719 в‚¬/L в†’ 1.759 в‚¬/L
      Dyzelinas: 1.999 в‚¬/L в†’ 1.969 в‚¬/L
  ~ Emsi вЂ” Е ilagalio k., PanevД—Еѕio aplinkl.12
      95 benzinas: 1.699 в‚¬/L в†’ 1.799 в‚¬/L
      Dyzelinas: 1.979 в‚¬/L в†’ 2.019 в‚¬/L
  ~ Emsi вЂ” GluosniЕі g.4A, Е ilutД—
      95 benzinas: 1.740 в‚¬/L в†’ 1.770 в‚¬/L
      Dyzelinas: 1.940 в‚¬/L в†’ 1.980 в‚¬/L
  ~ Emsi вЂ” SkaisДЌiЕ«nЕі k., Europos g.11
      95 benzinas: 1.699 в‚¬/L в†’ 1.799 в‚¬/L
      Dyzelinas: 1.949 в‚¬/L в†’ 2.019 в‚¬/L
  ~ Emsi вЂ” Taikos pr.124, KlaipД—da
      95 benzinas: 1.750 в‚¬/L в†’ 1.790 в‚¬/L
  ~ Emsi вЂ” GunkliЕЎkiЕі g.2F, Vilnius
      95 benzinas: 1.739 в‚¬/L в†’ 1.859 в‚¬/L
      Dyzelinas: 1.999 в‚¬/L в†’ 2.059 в‚¬/L
      Dujos: 0.929 в‚¬/L в†’ 0.919 в‚¬/L
  ~ Emsi вЂ” VandЕѕiogalos pl.86A, Kaunas
      95 benzinas: 1.710 в‚¬/L в†’ 1.830 в‚¬/L
      Dyzelinas: 2.010 в‚¬/L в†’ 2.030 в‚¬/L
      Dujos: 0.890 в‚¬/L в†’ 0.910 в‚¬/L
  ~ Emsi вЂ” S.NД—ries g.38, VilkaviЕЎkis
      95 benzinas: 1.779 в‚¬/L в†’ 1.809 в‚¬/L
      Dyzelinas: 2.019 в‚¬/L в†’ 2.049 в‚¬/L
      Dujos: 0.920 в‚¬/L в†’ 0.910 в‚¬/L
  ~ Emsi вЂ” ЕЅemaitkiemis, Stasio Krasausko g. 21
      95 benzinas: 1.699 в‚¬/L в†’ 1.779 в‚¬/L
      Dyzelinas: 1.999 в‚¬/L в†’ 2.019 в‚¬/L
  ~ VirЕЎi вЂ” L.Taunio g. 3, PasЕ«duonД—s km.
      95 benzinas: 1.804 в‚¬/L в†’ 1.814 в‚¬/L
      Dyzelinas: 2.004 в‚¬/L в†’ 2.114 в‚¬/L
      Dujos: 0.875 в‚¬/L в†’ 0.944 в‚¬/L
  ~ GM Circle K вЂ” Kauno g. 68, GirД—nЕі k.
      95 benzinas: 1.847 в‚¬/L в†’ 1.917 в‚¬/L
      Dyzelinas: 2.077 в‚¬/L в†’ 2.117 в‚¬/L
  ~ GM Circle K вЂ” MuitinД—s g. 34A,В Jurbarkas
      95 benzinas: 1.847 в‚¬/L в†’ 1.917 в‚¬/L
      Dyzelinas: 2.077 в‚¬/L в†’ 2.117 в‚¬/L
  ~ ЕЅibalas вЂ” Jonava, Taurostos g. 16a
      95 benzinas: 1.850 в‚¬/L в†’ 1.860 в‚¬/L
      Dyzelinas: 2.110 в‚¬/L в†’ 2.160 в‚¬/L
  ~ Degta вЂ” Vievis, Kauno g. 55A
      95 benzinas: 1.899 в‚¬/L в†’ 1.959 в‚¬/L
      Dyzelinas: 2.149 в‚¬/L в†’ 2.159 в‚¬/L
  ~ Degta вЂ” AnykЕЎДЌiai, Vienuolio g. 34A
      95 benzinas: 1.699 в‚¬/L в†’ 1.769 в‚¬/L
      Dyzelinas: 1.939 в‚¬/L в†’ 1.999 в‚¬/L
  ~ Degta вЂ” RokiЕЎkis, Respublikos g.113B,
      95 benzinas: 1.839 в‚¬/L в†’ 1.899 в‚¬/L
      Dyzelinas: 2.083 в‚¬/L в†’ 2.093 в‚¬/L
  ~ Circle K вЂ” PramogЕі g. 4, TruikiЕі k.
      95 benzinas: 1.819 в‚¬/L в†’ 1.889 в‚¬/L
      Dyzelinas: 2.039 в‚¬/L в†’ 2.089 в‚¬/L
  ~ Regusa вЂ” Medelyno g. 4A, JЕ«rД—s k.
      95 benzinas: 1.750 в‚¬/L в†’ 1.770 в‚¬/L
  ~ Regusa вЂ” Sodo g. 11, Gavaltuvos k.
      95 benzinas: 1.750 в‚¬/L в†’ 1.770 в‚¬/L
  ~ Regusa вЂ” J. BasanaviДЌiaus g. 45A, Kybartai
      95 benzinas: 1.760 в‚¬/L в†’ 1.780 в‚¬/L
  ~ Regusa вЂ” S. Daukanto g. 19D, KazlЕі RЕ«da
      95 benzinas: 1.750 в‚¬/L в†’ 1.770 в‚¬/L
  ~ Circle K вЂ” PlungД—s g. 32, Rietavas
      95 benzinas: 1.769 в‚¬/L в†’ 1.829 в‚¬/L
      Dyzelinas: 2.059 в‚¬/L в†’ 2.069 в‚¬/L
  ~ Propano ir butano dujЕі centras вЂ” Е venДЌioniЕі 35, Ignalina
      95 benzinas: 1.809 в‚¬/L в†’ 1.879 в‚¬/L
      Dyzelinas: 2.059 в‚¬/L в†’ 2.099 в‚¬/L
      Dujos: 0.850 в‚¬/L в†’ 0.880 в‚¬/L
  ~ Propano ir butano dujЕі centras вЂ” AukЕЎtaiДЌiЕі g. 2a, CirkliЕЎkio k.
      95 benzinas: 1.860 в‚¬/L в†’ 1.920 в‚¬/L
      Dujos: 0.950 в‚¬/L в†’ 0.930 в‚¬/L
  ~ Eu Verslas вЂ” ViekЕЎniЕі g. 24, MaЕѕeikiai
      95 benzinas: 1.729 в‚¬/L в†’ 1.869 в‚¬/L
      Dyzelinas: 1.909 в‚¬/L в†’ 2.049 в‚¬/L
  ~ Е ventosios investicijos вЂ” Elijos g.26 Palanga (Е ventoji)
      95 benzinas: 1.829 в‚¬/L в†’ 1.899 в‚¬/L
  ~ Atsiauta вЂ” Vytauto 80, KurЕЎД—nai
      95 benzinas: 1.870 в‚¬/L в†’ 1.830 в‚¬/L
      Dyzelinas: 2.130 в‚¬/L в†’ 2.050 в‚¬/L
  ~ Circle K вЂ” J.BasanaviДЌiaus g. 103, KД—dainiai
      95 benzinas: 1.839 в‚¬/L в†’ 1.944 в‚¬/L
      Dyzelinas: 2.004 в‚¬/L в†’ 2.144 в‚¬/L
  ~ S.Savicko ДЇmonД— вЂ” Е Д—tos g. 120 , KД—dainiai
      95 benzinas: 1.759 в‚¬/L в†’ 1.914 в‚¬/L
      Dyzelinas: 1.959 в‚¬/L в†’ 2.114 в‚¬/L
  ~ S.Savicko ДЇmonД— вЂ” Dariaus ir GirД—no 23 A, KД—dainiai
      95 benzinas: 1.759 в‚¬/L в†’ 1.914 в‚¬/L
      Dyzelinas: 1.959 в‚¬/L в†’ 2.114 в‚¬/L
  ~ S.Savicko ДЇmonД— вЂ” Gedimino g. 50 , KД—dainiai
      95 benzinas: 1.759 в‚¬/L в†’ 1.914 в‚¬/L
      Dyzelinas: 1.959 в‚¬/L в†’ 2.114 в‚¬/L
  ~ S.Savicko ДЇmonД— вЂ” VandЕѕiogalos g 29,SavieДЌiЕі k.
      95 benzinas: 1.759 в‚¬/L в†’ 1.914 в‚¬/L
      Dyzelinas: 1.959 в‚¬/L в†’ 2.114 в‚¬/L
  ~ LaЕЎЕі ЕЅЕЄB вЂ” VytД—nЕі vs 9, VytД—nai
      95 benzinas: 1.870 в‚¬/L в†’ 1.900 в‚¬/L
      Dyzelinas: 2.120 в‚¬/L в†’ 2.130 в‚¬/L
  ~ Littaura вЂ” PramonД—s g. 6, TauragД—
      95 benzinas: 1.770 в‚¬/L в†’ 1.830 в‚¬/L
      Dyzelinas: 1.950 в‚¬/L в†’ 1.990 в‚¬/L
  ~ Andopas вЂ” RamuДЌiЕі g.43
      95 benzinas: 1.750 в‚¬/L в†’ 1.760 в‚¬/L
  ~ Raimondo Balsio IД® вЂ” RamuДЌiЕі k., LuokД—s 2
      95 benzinas: вЂ“ в†’ 1.720 в‚¬/L
      Dyzelinas: вЂ“ в†’ 1.950 в‚¬/L
      Dujos: вЂ“ в†’ 0.900 в‚¬/L
  ~ Visvilas вЂ” LaukЕі g. 2C.,TirkЕЎliЕі m.
      95 benzinas: 1.730 в‚¬/L в†’ 1.870 в‚¬/L
      Dyzelinas: 1.960 в‚¬/L в†’ 2.080 в‚¬/L
  ~ Medelsta вЂ” PagiriЕі k., DurpiЕі g.45
      95 benzinas: 1.780 в‚¬/L в†’ 1.890 в‚¬/L
      Dyzelinas: 1.980 в‚¬/L в†’ 2.100 в‚¬/L
  ~ Vimijula вЂ” Kauno g. 2A, RuДЌiЕ«nЕі k.
      95 benzinas: 1.760 в‚¬/L в†’ 1.870 в‚¬/L
      Dyzelinas: 2.090 в‚¬/L в†’ 2.120 в‚¬/L
  ~ Bemija вЂ” Dariaus ir GirД—mo g. 31, UkmergД—
      95 benzinas: 1.750 в‚¬/L в†’ 1.820 в‚¬/L
      Dyzelinas: 1.960 в‚¬/L в†’ 2.050 в‚¬/L
  ~ Vlantana вЂ” Dvaro g. 1, GobergiЕЎkД—s k.
      Dyzelinas: 1.960 в‚¬/L в†’ 1.980 в‚¬/L
  ~ Vildega вЂ” Vytauto g. 2D, VilkaviЕЎkis
      95 benzinas: 1.779 в‚¬/L в†’ 1.809 в‚¬/L
      Dyzelinas: 2.019 в‚¬/L в†’ 2.049 в‚¬/L
      Dujos: 0.920 в‚¬/L в†’ 0.910 в‚¬/L
  ~ Tripletas вЂ” Sedos g. 16, MaЕѕeikiai
      95 benzinas: 1.720 в‚¬/L в†’ 1.800 в‚¬/L
      Dyzelinas: 1.930 в‚¬/L в†’ 1.980 в‚¬/L

Unchanged: 152 station(s).
