=== 2026-04-23 ===

New stations: none.
Removed stations: none.

Price changes (436):
  ~ Alauša — Palijoniškio g. 1, Utena
      95 benzinas: 1.639 €/L → 1.709 €/L
      Dyzelinas: 1.899 €/L → 1.959 €/L
  ~ Alauša — Kosmoso g. 3, Visaginas
      95 benzinas: 1.639 €/L → 1.688 €/L
      Dyzelinas: 1.899 €/L → 1.988 €/L
      Dujos: 0.839 €/L → 0.899 €/L
  ~ Alauša — Palemono g. 171, Kaunas
      95 benzinas: 1.689 €/L → 1.674 €/L
      Dyzelinas: 1.989 €/L → 1.984 €/L
  ~ Alauša — Kalvarijų g. 204G, Vilnius
      95 benzinas: 1.639 €/L → 1.694 €/L
      Dyzelinas: 1.899 €/L → 1.984 €/L
  ~ Alauša — Kirtimų g. 23A, Vilnius
      95 benzinas: 1.639 €/L → 1.698 €/L
      Dyzelinas: 1.899 €/L → 1.988 €/L
      Dujos: 0.839 €/L → 0.939 €/L
  ~ Alauša — Pelesos g. 1/2, Vilnius
      95 benzinas: 1.699 €/L → 1.718 €/L
      Dyzelinas: 1.999 €/L → 1.988 €/L
      Dujos: 0.899 €/L → 0.929 €/L
  ~ Alauša — Kauno g. 37, Ukmergė
      95 benzinas: 1.639 €/L → 1.699 €/L
      Dyzelinas: 1.899 €/L → 1.974 €/L
  ~ Alauša — Plento g. 17, Daugailiai
      95 benzinas: 1.688 €/L → 1.709 €/L
      Dyzelinas: 1.988 €/L → 1.959 €/L
  ~ Alauša — Vilniaus g. 8, Grigiškės
      95 benzinas: 1.689 €/L → 1.699 €/L
      Dyzelinas: 1.989 €/L → 1.999 €/L
      Dujos: 0.899 €/L → 0.909 €/L
  ~ Alauša — Plytinės g. 2, Puskelnių k.
      95 benzinas: 1.639 €/L → 1.669 €/L
      Dyzelinas: 1.939 €/L → 1.949 €/L
  ~ Alauša — Stoties g. 49, Marijampolė
      95 benzinas: 1.639 €/L → 1.688 €/L
      Dyzelinas: 1.899 €/L → 1.988 €/L
  ~ Alauša — Paširvio g. 1, Paširvinčio k.
      95 benzinas: 1.639 €/L → 1.674 €/L
      Dyzelinas: 1.899 €/L → 1.974 €/L
      Dujos: 0.839 €/L → 0.924 €/L
  ~ Alauša — Šakių g. 51, Kudirkos Naumiestis
      95 benzinas: 1.674 €/L → 1.699 €/L
      Dyzelinas: 2.044 €/L → 2.024 €/L
  ~ Alauša — Skraičionių g. 1, Skraičionių k.
      95 benzinas: 1.699 €/L → 1.734 €/L
      Dyzelinas: 1.999 €/L → 2.054 €/L
  ~ Alauša — Europos g. 17, Salaperaugio k.
      Dyzelinas: 2.059 €/L → 2.019 €/L
  ~ Alauša — Švenčionių g. 29A, Ignalina
      95 benzinas: 1.639 €/L → 1.759 €/L
      Dyzelinas: 1.899 €/L → 2.059 €/L
      Dujos: 0.839 €/L → 0.899 €/L
  ~ Alauša — Šiaurės g. 39, Vilnius
      95 benzinas: 1.639 €/L → 1.694 €/L
      Dyzelinas: 1.899 €/L → 1.964 €/L
      Dujos: 0.849 €/L → 0.899 €/L
  ~ Alauša — Sporto g. 50A, Marijampolė
      95 benzinas: 1.639 €/L → 1.688 €/L
      Dyzelinas: 1.899 €/L → 1.988 €/L
  ~ Alauša — J. Basanavičiaus g. 1C, Utena
      95 benzinas: 1.639 €/L → 1.704 €/L
      Dyzelinas: 1.899 €/L → 1.954 €/L
  ~ Alauša — Šv. Stepono g. 44, Vilnius
      95 benzinas: 1.639 €/L → 1.669 €/L
      Dyzelinas: 1.899 €/L → 1.949 €/L
  ~ Alauša — Buivydiškių g. 5, Vilnius
      95 benzinas: 1.639 €/L → 1.708 €/L
      Dyzelinas: 1.899 €/L → 1.988 €/L
  ~ Alauša — Santaikos g. 2A, Santaikos k.
      95 benzinas: 1.639 €/L → 1.699 €/L
      Dyzelinas: 1.899 €/L → 1.999 €/L
  ~ Alauša — Laisvės pr. 125A, Vilnius
      95 benzinas: 1.639 €/L → 1.699 €/L
      Dyzelinas: 1.899 €/L → 1.998 €/L
  ~ Alauša — Dariaus ir Girėno g. 36, Obeliai
      95 benzinas: 1.639 €/L → 1.739 €/L
      Dyzelinas: 1.899 €/L → 1.999 €/L
  ~ Alauša — A. Vienuolio g. 32A, Anykščiai
      95 benzinas: 1.639 €/L → 1.664 €/L
      Dyzelinas: 1.899 €/L → 1.944 €/L
      Dujos: 0.839 €/L → 0.864 €/L
  ~ Apsaga — Vilniaus g.16, Šiauliai
      Dyzelinas: 1.969 €/L → 1.965 €/L
  ~ Apsaga — Pramonės g. 3A, Šiauliai
      Dyzelinas: 1.979 €/L → 1.975 €/L
  ~ Apsaga — Pramonės g. 28, Šiauliai
      Dyzelinas: 1.979 €/L → 1.975 €/L
  ~ Apsaga — Nuklono g. 4, Šiauliai
      Dyzelinas: 1.979 €/L → 1.975 €/L
  ~ Apsaga — Tilžės g. 223, Šiauliai
      Dyzelinas: 1.979 €/L → 1.975 €/L
  ~ Apsaga — Šiaulių g.12, Radviliškis
      Dyzelinas: 2.079 €/L → 2.069 €/L
      Dujos: 0.960 €/L → 0.959 €/L
  ~ Apsaga — Beržų g. 19, Baisogalos k.
      95 benzinas: 1.769 €/L → 1.765 €/L
      Dyzelinas: 2.099 €/L → 2.069 €/L
  ~ Apsaga — Radikių k.
      95 benzinas: 1.709 €/L → 1.725 €/L
      Dyzelinas: 1.969 €/L → 2.049 €/L
      Dujos: 0.909 €/L → 0.939 €/L
  ~ Baltic Petroleum — Vilnius, Antakalnio g. 128
      Dyzelinas: 2.029 €/L → 1.989 €/L
  ~ Baltic Petroleum — Gudžionių k., Plento g. 24
      95 benzinas: 1.749 €/L → 1.709 €/L
      Dyzelinas: 2.039 €/L → 2.009 €/L
  ~ Baltic Petroleum — Vilnius, Gerosios Vilties g. 33
      Dyzelinas: 2.059 €/L → 2.019 €/L
      Dujos: 0.969 €/L → 0.949 €/L
  ~ Baltic Petroleum — Vilnius, Savanorių pr. 121
      95 benzinas: 1.719 €/L → 1.699 €/L
      Dyzelinas: 1.999 €/L → 1.989 €/L
  ~ Baltic Petroleum — Kaunas, Raudondvario pl. 82
      95 benzinas: 1.679 €/L → 1.659 €/L
      Dyzelinas: 1.959 €/L → 1.929 €/L
  ~ Baltic Petroleum — Kaunas, Jonavos g. 60A
      Dujos: 0.929 €/L → 0.919 €/L
  ~ Baltic Petroleum — Klaipėda, Šilutės pl. 1
      95 benzinas: 1.639 €/L → 1.629 €/L
      Dyzelinas: 1.949 €/L → 1.899 €/L
  ~ Baltic Petroleum — Druskininkai, Gardino g. 79
      95 benzinas: 1.749 €/L → 1.739 €/L
      Dyzelinas: 2.069 €/L → 2.049 €/L
  ~ Baltic Petroleum — Telšiai, Šiaulių pl. 12
      95 benzinas: 1.759 €/L → 1.749 €/L
      Dyzelinas: 2.069 €/L → 2.049 €/L
      Dujos: 0.949 €/L → 0.939 €/L
  ~ Baltic Petroleum — Joniškis, Vilniaus g. 72
      95 benzinas: 1.644 €/L → 1.679 €/L
      Dyzelinas: 1.904 €/L → 2.009 €/L
  ~ Baltic Petroleum — Radviliškis, Miško g. 64
      Dujos: 0.910 €/L → 0.890 €/L
  ~ Baltic Petroleum — Panevėžys, Velžio kelias 74
      95 benzinas: 1.689 €/L → 1.669 €/L
      Dyzelinas: 1.979 €/L → 1.949 €/L
      Dujos: 0.939 €/L → 0.919 €/L
  ~ Baltic Petroleum — Utena, Basanavičiaus g. 1B
      95 benzinas: 1.649 €/L → 1.699 €/L
      Dyzelinas: 1.909 €/L → 1.959 €/L
  ~ Baltic Petroleum — Prienai, Vilniaus g. 3A
      Dyzelinas: 2.019 €/L → 1.959 €/L
      Dujos: 0.929 €/L → 0.909 €/L
  ~ Baltic Petroleum — Kėdainiai, J. Basanavičiaus g. 95B
      Dyzelinas: 2.069 €/L → 2.039 €/L
  ~ Baltic Petroleum — Ukmergė, Kauno g. 49
      95 benzinas: 1.649 €/L → 1.679 €/L
      Dyzelinas: 1.909 €/L → 1.959 €/L
  ~ Baltic Petroleum — Vilnius  Kalvarijų g. 161A
      95 benzinas: 1.649 €/L → 1.669 €/L
      Dyzelinas: 1.909 €/L → 1.989 €/L
  ~ Baltic Petroleum — Trakai, Vilniaus g. 33
      95 benzinas: 1.759 €/L → 1.749 €/L
  ~ Baltic Petroleum — Molėtai, Vilniaus g.104
      95 benzinas: 1.739 €/L → 1.719 €/L
      Dyzelinas: 2.069 €/L → 2.019 €/L
  ~ Baltic Petroleum — Varėna, Čiurlionio g. 63
      Dujos: 0.979 €/L → 0.969 €/L
  ~ Baltic Petroleum — Klaipėda, Tilžės g. 90
      95 benzinas: 1.639 €/L → 1.629 €/L
      Dyzelinas: 1.949 €/L → 1.899 €/L
  ~ Baltic Petroleum — Vilnius, Metalo g. 4B
      95 benzinas: 1.719 €/L → 1.709 €/L
      Dyzelinas: 2.009 €/L → 1.979 €/L
  ~ Baltic Petroleum — Šalčininkai, Vilniaus g. 5A
      95 benzinas: 1.769 €/L → 1.759 €/L
      Dyzelinas: 2.089 €/L → 2.079 €/L
  ~ Baltic Petroleum — Širvintos, Musninkų g. 21
      95 benzinas: 1.649 €/L → 1.679 €/L
      Dyzelinas: 1.909 €/L → 1.979 €/L
      Dujos: 0.929 €/L → 0.919 €/L
  ~ Baltic Petroleum — N. Akmenė, V. Kudirkos g. 21A
      Dujos: 0.890 €/L → 0.870 €/L
  ~ Baltic Petroleum — Panevėžys, Smėlynės g. 169
      95 benzinas: 1.689 €/L → 1.669 €/L
  ~ Baltic Petroleum — Pietarių k. Kauno g. 164
      95 benzinas: 1.649 €/L → 1.689 €/L
      Dyzelinas: 1.909 €/L → 1.979 €/L
  ~ Baltic Petroleum — Vilnius, Molėtų pl. 27A
      Dyzelinas: 1.964 €/L → 1.959 €/L
  ~ Baltic Petroleum — Užubalių k. Senasis Ukmergės kelias 4
      Dujos: 0.949 €/L → 0.899 €/L
  ~ Baltic Petroleum — Vilnius, Rinktinės g. 59
      95 benzinas: 1.689 €/L → 1.669 €/L
      Dyzelinas: 1.999 €/L → 1.959 €/L
  ~ Baltic Petroleum — Marijampolė, Vasaros g. 15
      95 benzinas: 1.649 €/L → 1.689 €/L
      Dyzelinas: 1.909 €/L → 1.979 €/L
  ~ Baltic Petroleum — Ožtakių k., Dariaus ir Girėno g. 77
      95 benzinas: 1.759 €/L → 1.749 €/L
      Dyzelinas: 2.069 €/L → 2.049 €/L
      Dujos: 0.899 €/L → 0.929 €/L
  ~ Baltic Petroleum — Pandėlio k., Elektrinės g. 1
      Dujos: 0.929 €/L → 0.909 €/L
  ~ Baltic Petroleum — Užuovėjos k.
      95 benzinas: 1.709 €/L → 1.689 €/L
      Dyzelinas: 2.019 €/L → 1.999 €/L
  ~ Baltic Petroleum — Kaunas, Vaidoto g. 153
      Dyzelinas: 2.089 €/L → 2.099 €/L
  ~ Baltic Petroleum — Triliškių k., Kauno pl. 5
      Dyzelinas: 2.039 €/L → 1.999 €/L
  ~ Baltic Petroleum — Spanėnų k., Plento g. 46
      Dyzelinas: 2.089 €/L → 2.049 €/L
      Dujos: 0.950 €/L → 0.940 €/L
  ~ Baltic Petroleum — Priekulė, Klaipėdos g. 61
      95 benzinas: 1.750 €/L → 1.660 €/L
      Dyzelinas: 2.080 €/L → 2.000 €/L
  ~ Baltic Petroleum — Užežerės k., Gardenio g. 39
      95 benzinas: 1.699 €/L → 1.689 €/L
      Dyzelinas: 1.999 €/L → 1.959 €/L
      Dujos: 0.919 €/L → 0.909 €/L
  ~ Baltic Petroleum — Kaunas, Taikos pr. 120
      Dyzelinas: 2.049 €/L → 1.979 €/L
  ~ Baltic Petroleum — Klaipėda, Liepų g. 79A
      95 benzinas: 1.659 €/L → 1.629 €/L
      Dyzelinas: 1.949 €/L → 1.899 €/L
  ~ Baltic Petroleum — Mažeikiai, M. Daukšos g. 17
      95 benzinas: 1.699 €/L → 1.689 €/L
      Dyzelinas: 1.979 €/L → 1.959 €/L
      Dujos: 0.929 €/L → 0.899 €/L
  ~ Baltic Petroleum — Druskininkai, Leipalingio g. 26
      95 benzinas: 1.749 €/L → 1.739 €/L
      Dyzelinas: 2.069 €/L → 2.049 €/L
  ~ Baltic Petroleum — Merkinė, Vilniaus g. 87
      95 benzinas: 1.749 €/L → 1.739 €/L
      Dyzelinas: 2.069 €/L → 2.049 €/L
  ~ Baltic Petroleum — Jonava, Žemaitės g. 1
      Dyzelinas: 2.089 €/L → 2.049 €/L
      Dujos: 0.959 €/L → 0.949 €/L
  ~ Baltic Petroleum — Senoji Varėna, Vilniaus g. 6A
      Dujos: 0.989 €/L → 0.969 €/L
  ~ Baltic Petroleum — Šiauliai, Kupiškio g. 4
      Dyzelinas: 1.929 €/L → 1.909 €/L
  ~ Baltic Petroleum — Sarakiškių k., Vytauto g. 61
      95 benzinas: 1.739 €/L → 1.729 €/L
  ~ Baltic Petroleum — Noriūnų k., Parko g. 3A
      95 benzinas: 1.649 €/L → 1.659 €/L
      Dujos: 0.869 €/L → 0.859 €/L
  ~ Baltic Petroleum — Padustėlis, V. Striogos g. 4A
      95 benzinas: 1.739 €/L → 1.729 €/L
  ~ Baltic Petroleum — Tirkšliai, Laukų g. 10
      95 benzinas: 1.699 €/L → 1.689 €/L
      Dyzelinas: 1.999 €/L → 1.959 €/L
  ~ Baltic Petroleum — Marijampolė, P. Armino g. 69
      95 benzinas: 1.649 €/L → 1.689 €/L
      Dyzelinas: 1.909 €/L → 1.979 €/L
      Dujos: 0.909 €/L → 0.919 €/L
  ~ Baltic Petroleum — Leipalingis, Merkinės g. 37
      95 benzinas: 1.749 €/L → 1.739 €/L
      Dyzelinas: 2.069 €/L → 2.049 €/L
  ~ Baltic Petroleum — Anykščiai, Mindaugo g. 23
      95 benzinas: 1.649 €/L → 1.669 €/L
      Dyzelinas: 1.909 €/L → 1.949 €/L
  ~ Borusta — Prienų g. 14, Birštonas
      Dyzelinas: 1.899 €/L → 1.959 €/L
  ~ Circle K — Baltupio g. 10, Vilnius
      95 benzinas: 1.734 €/L → 1.719 €/L
      Dyzelinas: 2.054 €/L → 2.009 €/L
  ~ Circle K — A. P. Kavoliuko g. 32A, Vilnius
      95 benzinas: 1.789 €/L → 1.759 €/L
      Dyzelinas: 2.059 €/L → 2.029 €/L
  ~ Circle K — Ukmergės g. 231, Vilnius
      95 benzinas: 1.799 €/L → 1.734 €/L
      Dyzelinas: 2.099 €/L → 2.029 €/L
  ~ Circle K — Kareivių g. 13, Vilnius
      95 benzinas: 1.799 €/L → 1.749 €/L
      Dyzelinas: 2.099 €/L → 2.034 €/L
      Dujos: 0.939 €/L → 0.969 €/L
  ~ Circle K — A. Goštauto g. 13, Vilnius
      95 benzinas: 1.779 €/L → 1.759 €/L
      Dyzelinas: 2.079 €/L → 2.019 €/L
  ~ Circle K — Laisvės pr. 43C, Vilnius
      95 benzinas: 1.789 €/L → 1.759 €/L
      Dyzelinas: 2.059 €/L → 2.029 €/L
  ~ Circle K — Eišiškių pl. 11, Vilnius
      95 benzinas: 1.799 €/L → 1.779 €/L
      Dyzelinas: 2.079 €/L → 2.049 €/L
  ~ Circle K — Pramonės pr. 18, Kaunas
      95 benzinas: 1.774 €/L → 1.754 €/L
      Dyzelinas: 2.084 €/L → 2.029 €/L
  ~ Circle K — Raudondvario pl. 107A, Kaunas
      95 benzinas: 1.779 €/L → 1.719 €/L
      Dyzelinas: 2.094 €/L → 1.979 €/L
  ~ Circle K — Sudervės g. 2G, Avižienių k.
      95 benzinas: 1.774 €/L → 1.779 €/L
      Dyzelinas: 2.089 €/L → 2.069 €/L
  ~ Circle K — R. Kalantos g. 159, Kaunas
      95 benzinas: 1.784 €/L → 1.749 €/L
      Dyzelinas: 2.074 €/L → 2.029 €/L
  ~ Circle K — Naujoji g. 120, Alytus
      Dyzelinas: 2.059 €/L → 2.029 €/L
  ~ Circle K — Savanorių pr. 321, Kaunas
      95 benzinas: 1.799 €/L → 1.749 €/L
      Dyzelinas: 2.099 €/L → 2.039 €/L
  ~ Circle K — Veiverių g. 49A, Kaunas
      Dyzelinas: 2.089 €/L → 2.069 €/L
  ~ Circle K — Dubijos g. 20A, Šiauliai
      95 benzinas: 1.769 €/L → 1.739 €/L
  ~ Circle K — Talino g. 2B, Vilnius
      95 benzinas: 1.779 €/L → 1.759 €/L
      Dyzelinas: 2.039 €/L → 2.028 €/L
  ~ Circle K — Pramonės g. 17a, Šiauliai
      95 benzinas: 1.769 €/L → 1.749 €/L
      Dyzelinas: 2.039 €/L → 1.999 €/L
  ~ Circle K — Sabališkių g. 1F, Elektrėnai
      Dyzelinas: 2.089 €/L → 2.069 €/L
  ~ Circle K — J. Basanavičiaus g. 108a, Utena
      Dyzelinas: 2.039 €/L → 2.029 €/L
  ~ Circle K — Baltijos Kelio g. 33, Ūtos k.
      95 benzinas: 1.749 €/L → 1.729 €/L
      Dyzelinas: 2.034 €/L → 2.009 €/L
  ~ Circle K — Minijos g. 90, Klaipėda
      95 benzinas: 1.749 €/L → 1.719 €/L
      Dyzelinas: 2.029 €/L → 2.019 €/L
  ~ Circle K — Taikos pr. 61B, Klaipėda
      95 benzinas: 1.749 €/L → 1.719 €/L
      Dyzelinas: 2.029 €/L → 2.019 €/L
  ~ Circle K — H. Manto g. 96, Klaipėda
      95 benzinas: 1.779 €/L → 1.749 €/L
      Dyzelinas: 2.079 €/L → 2.059 €/L
  ~ Circle K — Kauno g. 130, Marijampolė
      95 benzinas: 1.769 €/L → 1.749 €/L
      Dyzelinas: 2.049 €/L → 2.039 €/L
  ~ Circle K — Rūtų g. 2B, Alytus
      Dyzelinas: 2.059 €/L → 2.029 €/L
  ~ Circle K — M. K. Čiurlionio g. 113, Druskininkai
      95 benzinas: 1.769 €/L → 1.759 €/L
      Dyzelinas: 2.089 €/L → 2.069 €/L
  ~ Circle K — J. Basanavičiaus g. 63, Panevėžys
      95 benzinas: 1.759 €/L → 1.719 €/L
      Dyzelinas: 2.059 €/L → 2.009 €/L
  ~ Circle K — Parko g. 7A, Panevėžys
      Dyzelinas: 2.019 €/L → 1.999 €/L
  ~ Circle K — Jono Dailidės g. 10, Marijampolė
      95 benzinas: 1.739 €/L → 1.719 €/L
      Dyzelinas: 2.029 €/L → 2.019 €/L
  ~ Circle K — J. Basanavičiaus g. 40a, Kėdainiai
      Dyzelinas: 2.079 €/L → 2.049 €/L
  ~ Circle K — Luokės g. 70, Telšiai
      95 benzinas: 1.769 €/L → 1.739 €/L
      Dyzelinas: 2.089 €/L → 2.009 €/L
      Dujos: 0.939 €/L → 0.935 €/L
  ~ Circle K — Cintjoniškių g. 15, Šilutė
      95 benzinas: 1.764 €/L → 1.755 €/L
      Dyzelinas: 2.085 €/L → 2.004 €/L
  ~ Circle K — Žemaitijos g. 57, Mažeikiai
      95 benzinas: 1.749 €/L → 1.739 €/L
      Dyzelinas: 2.019 €/L → 2.009 €/L
      Dujos: 0.929 €/L → 0.939 €/L
  ~ Circle K — Sidabros g. 2A, Satkūnų k.
      95 benzinas: 1.769 €/L → 1.734 €/L
      Dyzelinas: 2.099 €/L → 2.039 €/L
      Dujos: 0.939 €/L → 0.909 €/L
  ~ Circle K — Vasario 16-osios g. 33, Jonava
      Dyzelinas: 2.079 €/L → 2.059 €/L
  ~ Circle K — Geležinio Vilko g. 39, Vilnius
      95 benzinas: 1.759 €/L → 1.739 €/L
      Dyzelinas: 2.079 €/L → 2.019 €/L
  ~ Circle K — Prūsų g. 26 A, Vilnius
      95 benzinas: 1.819 €/L → 1.799 €/L
      Dyzelinas: 2.079 €/L → 2.049 €/L
  ~ Circle K — Gedimino g. 42B, Radviliškis
      95 benzinas: 1.779 €/L → 1.759 €/L
      Dujos: 0.950 €/L → 0.960 €/L
  ~ Circle K — Gedimino g. 47, Tauragė
      95 benzinas: 1.749 €/L → 1.719 €/L
      Dyzelinas: 2.029 €/L → 2.009 €/L
  ~ Circle K — Panevėžio aplinkl. 20, Šilagalio k.
      95 benzinas: 1.729 €/L → 1.709 €/L
      Dyzelinas: 2.034 €/L → 2.009 €/L
  ~ Circle K — Vakarinis aplinkkelis 10, Kaunas
      95 benzinas: 1.734 €/L → 1.704 €/L
      Dyzelinas: 2.019 €/L → 1.989 €/L
      Dujos: 0.959 €/L → 0.969 €/L
  ~ Circle K — Žemaičių pl. 19, Kaunas
      95 benzinas: 1.724 €/L → 1.714 €/L
      Dyzelinas: 2.014 €/L → 2.004 €/L
      Dujos: 0.939 €/L → 0.949 €/L
  ~ Circle K — Vilniaus pl. 21, Jakų k.
      Dyzelinas: 2.099 €/L → 2.089 €/L
  ~ Circle K — Geležinio Vilko g. 24, Vilnius
      95 benzinas: 1.739 €/L → 1.729 €/L
      Dyzelinas: 2.034 €/L → 2.019 €/L
  ~ Circle K — Taikos pr. 52A, Kaunas
      95 benzinas: 1.794 €/L → 1.739 €/L
      Dyzelinas: 2.084 €/L → 2.029 €/L
  ~ Circle K — Kilučių g. 93, Biržai
      95 benzinas: 1.759 €/L → 1.754 €/L
      Dyzelinas: 2.099 €/L → 2.074 €/L
  ~ Circle K — Karaliaus Mindaugo pr. 34A, Kaunas
      Dyzelinas: 2.089 €/L → 2.069 €/L
  ~ Circle K — J. Basanavičiaus g. 3, Utena
      95 benzinas: 1.729 €/L → 1.759 €/L
      Dyzelinas: 1.989 €/L → 2.019 €/L
  ~ Circle K — Nekrūnų k. 1
      Dyzelinas: 2.099 €/L → 2.089 €/L
  ~ Circle K — Taikos pr. 112A, Klaipėda
      Dyzelinas: 2.035 €/L → 2.025 €/L
      Dujos: 0.950 €/L → 0.940 €/L
  ~ Circle K — Vilniaus pl. 1A, Klaipėda
      95 benzinas: 1.749 €/L → 1.739 €/L
      Dyzelinas: 2.019 €/L → 2.024 €/L
  ~ Circle K — Vilniaus g. 62, Šiauliai
      95 benzinas: 1.739 €/L → 1.709 €/L
  ~ Circle K — R. Kalantos g. 68, Kaunas
      95 benzinas: 1.754 €/L → 1.719 €/L
      Dyzelinas: 2.044 €/L → 1.999 €/L
  ~ Circle K — Varnių g. 46, Kaunas
      95 benzinas: 1.739 €/L → 1.679 €/L
      Dyzelinas: 2.029 €/L → 1.969 €/L
  ~ Circle K — Oslo g. 12, Vilnius
      95 benzinas: 1.759 €/L → 1.719 €/L
      Dyzelinas: 2.049 €/L → 2.004 €/L
  ~ Circle K — Dariaus ir Girėno g. 83A, Tauragė
      95 benzinas: 1.719 €/L → 1.689 €/L
      Dyzelinas: 1.999 €/L → 1.979 €/L
  ~ Circle K — Islandijos pl. 32, Kaunas
      95 benzinas: 1.734 €/L → 1.724 €/L
      Dyzelinas: 2.024 €/L → 2.014 €/L
  ~ Circle K — Savanorių pr. 118, Vilnius
      95 benzinas: 1.769 €/L → 1.749 €/L
      Dyzelinas: 2.049 €/L → 2.039 €/L
  ~ Circle K — P. Žadeikos g. 1a, Vilnius
      95 benzinas: 1.764 €/L → 1.749 €/L
      Dyzelinas: 2.084 €/L → 2.029 €/L
  ~ Circle K — Savanorių pr. 119A, Vilnius
      95 benzinas: 1.769 €/L → 1.749 €/L
      Dyzelinas: 2.049 €/L → 2.039 €/L
  ~ Circle K — Kareivių g. 3, Vilnius
      95 benzinas: 1.739 €/L → 1.729 €/L
      Dyzelinas: 2.059 €/L → 1.999 €/L
  ~ Circle K — Geležinio Vilko g. 4, Vilnius
      95 benzinas: 1.759 €/L → 1.739 €/L
      Dyzelinas: 2.079 €/L → 2.019 €/L
  ~ Circle K — Gariūnų g. 45, Vilnius
      95 benzinas: 1.769 €/L → 1.729 €/L
      Dyzelinas: 2.059 €/L → 2.014 €/L
  ~ Circle K — Savanorių pr. 404B, Kaunas
      95 benzinas: 1.759 €/L → 1.719 €/L
      Dyzelinas: 2.029 €/L → 2.009 €/L
  ~ Circle K — Tvirtovės alėja 33a, Kaunas
      95 benzinas: 1.779 €/L → 1.719 €/L
      Dyzelinas: 2.069 €/L → 2.009 €/L
  ~ Circle K — Sukilėlių pr. 120, Kaunas
      95 benzinas: 1.779 €/L → 1.719 €/L
      Dyzelinas: 2.079 €/L → 1.999 €/L
      Dujos: 0.929 €/L → 0.920 €/L
  ~ Circle K — K. Baršausko g. 57, Kaunas
      95 benzinas: 1.784 €/L → 1.749 €/L
      Dyzelinas: 2.079 €/L → 2.029 €/L
  ~ Circle K — Jonavos g. 38, Kaunas
      95 benzinas: 1.759 €/L → 1.749 €/L
      Dyzelinas: 2.049 €/L → 2.019 €/L
  ~ Circle K — Tilžės g. 25, Šiauliai
      95 benzinas: 1.759 €/L → 1.739 €/L
      Dyzelinas: 2.029 €/L → 1.989 €/L
  ~ Circle K — Tilžės g. 56A, Klaipėda
      95 benzinas: 1.689 €/L → 1.669 €/L
      Dyzelinas: 1.989 €/L → 1.949 €/L
      Dujos: 0.929 €/L → 0.909 €/L
  ~ Circle K — Jūrininkų pr. 31, Klaipėda
      95 benzinas: 1.729 €/L → 1.699 €/L
      Dyzelinas: 2.040 €/L → 2.020 €/L
  ~ Circle K — Sausio 15-osios g. 2, Klaipėda
      95 benzinas: 1.709 €/L → 1.689 €/L
      Dyzelinas: 2.009 €/L → 1.969 €/L
  ~ Circle K — Klaipėdos g. 92A, Panevėžys
      Dyzelinas: 1.999 €/L → 1.979 €/L
  ~ Circle K — Molėtų g. 15, Didžiosios Riešės k.
      95 benzinas: 1.729 €/L → 1.719 €/L
      Dyzelinas: 2.024 €/L → 2.009 €/L
  ~ Gelvybė — V. Kudirkos g. 11D, Šakiai
      Dyzelinas: 2.049 €/L → 2.029 €/L
  ~ Gelvybė — Muitinės g. 32, Jurbarkas
      Dyzelinas: 2.040 €/L → 2.020 €/L
  ~ Gelvybė — Knygnešių g. 9, Jurbarkas
      Dyzelinas: 2.040 €/L → 2.020 €/L
  ~ Gelvybė — Aristavos g. 4, Aristava
      Dyzelinas: 2.030 €/L → 2.010 €/L
  ~ Gelvybė — Mozūriškiai, Mozūriškių 10
      Dyzelinas: 2.040 €/L → 2.020 €/L
  ~ Gelvybė — Sūduvos g. 3, Kiduliai
      Dyzelinas: 2.040 €/L → 2.020 €/L
  ~ Gelvybė — Kauno g. 50, Girėnai
      Dyzelinas: 2.049 €/L → 2.029 €/L
  ~ Gelvybė — S. Šimkaus g. 69, Seredžius
      Dyzelinas: 2.040 €/L → 2.020 €/L
  ~ Gelvybė — Marijampolės g. 8, Rūdos k.
      Dyzelinas: 2.030 €/L → 2.010 €/L
  ~ Gelvybė — S. Daukanto g. 66, Jurbarkas
      Dyzelinas: 2.040 €/L → 2.020 €/L
  ~ Eniris — Paršežerio g.1, Vabalų k.
      Dyzelinas: 2.090 €/L → 1.990 €/L
  ~ Eniris — Telšių g. 2 b, Rainių k.
      95 benzinas: 1.760 €/L → 1.730 €/L
      Dyzelinas: 2.070 €/L → 1.990 €/L
  ~ Eniris — Jurbarko g. 34, Raseiniai
      Dyzelinas: 2.020 €/L → 1.990 €/L
  ~ Eniris — Bačkonių k., Pastrėvio g. 1A,
      Dyzelinas: 2.049 €/L → 1.999 €/L
      Dujos: 0.929 €/L → 0.899 €/L
  ~ Eniris — Žemaitės g. 52, Užventis
      95 benzinas: 1.690 €/L → 1.660 €/L
  ~ Eniris — Ruoščių k. 1
      Dyzelinas: 2.014 €/L → 1.994 €/L
  ~ Narjanta — S. Nėries g. 35, Vabalninkas
      Dyzelinas: 2.129 €/L → 2.059 €/L
  ~ Neste Lietuva — Servečės g. 2, Vilnius
      Dyzelinas: 2.009 €/L → 1.999 €/L
  ~ Neste Lietuva — Ukmergės g. 296, Vilnius
      95 benzinas: 1.739 €/L → 1.719 €/L
      Dyzelinas: 1.999 €/L → 2.019 €/L
  ~ Neste Lietuva — Talino g. 2C, Vilnius
      95 benzinas: 1.739 €/L → 1.719 €/L
      Dyzelinas: 1.999 €/L → 1.988 €/L
  ~ Neste Lietuva — Erfurto g. 41, Vilnius
      95 benzinas: 1.739 €/L → 1.719 €/L
      Dyzelinas: 1.999 €/L → 2.009 €/L
  ~ Neste Lietuva — Geležinio Vilko g. 63, Vilnius
      95 benzinas: 1.714 €/L → 1.699 €/L
  ~ Neste Lietuva — S. Stanevičiaus g. 3, Vilnius
      95 benzinas: 1.719 €/L → 1.694 €/L
  ~ Neste Lietuva — Žirmūnų g. 68B, Vilnius
      95 benzinas: 1.729 €/L → 1.699 €/L
      Dyzelinas: 2.029 €/L → 1.989 €/L
  ~ Neste Lietuva — Rygos g. 2, Vilnius
      95 benzinas: 1.739 €/L → 1.719 €/L
  ~ Neste Lietuva — Savanorių pr. 220A, Vilnius
      95 benzinas: 1.749 €/L → 1.729 €/L
      Dyzelinas: 2.029 €/L → 2.019 €/L
  ~ Neste Lietuva — Parodų g. 1A, Vilnius
      Dyzelinas: 2.019 €/L → 1.999 €/L
  ~ Neste Lietuva — Kauno g. 26, Vilnius
      Dyzelinas: 2.004 €/L → 1.999 €/L
  ~ Neste Lietuva — Savanorių pr. 187, Vilnius
      95 benzinas: 1.749 €/L → 1.689 €/L
      Dyzelinas: 2.029 €/L → 2.009 €/L
  ~ Neste Lietuva — Kedrų g. 2, Vilnius
      95 benzinas: 1.754 €/L → 1.759 €/L
      Dyzelinas: 2.014 €/L → 2.029 €/L
  ~ Neste Lietuva — Molėtų pl. 8, Vilnius
      95 benzinas: 1.699 €/L → 1.689 €/L
  ~ Neste Lietuva — P. Lukšio g. 22, Vilnius
      95 benzinas: 1.719 €/L → 1.689 €/L
      Dyzelinas: 2.019 €/L → 1.979 €/L
  ~ Neste Lietuva — Žirmūnų g. 54C, Vilnius
      95 benzinas: 1.729 €/L → 1.699 €/L
      Dyzelinas: 2.024 €/L → 1.984 €/L
  ~ Neste Lietuva — Subačiaus g. 64, Vilnius
      95 benzinas: 1.739 €/L → 1.719 €/L
      Dyzelinas: 2.039 €/L → 2.019 €/L
  ~ Neste Lietuva — Dariaus ir Girėno g. 17, Vilnius
      95 benzinas: 1.759 €/L → 1.739 €/L
  ~ Neste Lietuva — Architektų g. 130, Vilnius
      Dyzelinas: 2.014 €/L → 2.019 €/L
  ~ Neste Lietuva — Justiniškių g. 14B, Vilnius
      95 benzinas: 1.729 €/L → 1.719 €/L
  ~ Neste Lietuva — Geležinio Vilko g. 37A, Vilnius
      95 benzinas: 1.739 €/L → 1.719 €/L
      Dyzelinas: 2.029 €/L → 1.999 €/L
  ~ Neste Lietuva — Pilaitės pr. 27, Vilnius
      Dyzelinas: 1.989 €/L → 1.979 €/L
  ~ Neste Lietuva — Žirnių g. 17, Vilnius
      95 benzinas: 1.739 €/L → 1.729 €/L
      Dyzelinas: 2.029 €/L → 2.019 €/L
  ~ Neste Lietuva — J. Tiškevičiaus g. 19, Vilnius
      95 benzinas: 1.739 €/L → 1.704 €/L
  ~ Neste Lietuva — Eišiškių pl. 82, Vilnius
      95 benzinas: 1.749 €/L → 1.729 €/L
  ~ Neste Lietuva — Gariūnų g. 55, Vilnius
      95 benzinas: 1.749 €/L → 1.709 €/L
      Dyzelinas: 2.009 €/L → 1.994 €/L
  ~ Neste Lietuva — Panerių g. 42, Vilnius
      95 benzinas: 1.724 €/L → 1.729 €/L
      Dyzelinas: 1.984 €/L → 1.999 €/L
  ~ Neste Lietuva — Geležinio Vilko g. 41, Vilnius
      95 benzinas: 1.739 €/L → 1.719 €/L
      Dyzelinas: 2.029 €/L → 1.999 €/L
  ~ Neste Lietuva — Pramonės pr. 6A, Kaunas
      95 benzinas: 1.734 €/L → 1.724 €/L
      Dyzelinas: 2.019 €/L → 1.999 €/L
  ~ Neste Lietuva — Jonavos g. 110, Kaunas
      95 benzinas: 1.699 €/L → 1.679 €/L
      Dyzelinas: 1.989 €/L → 1.969 €/L
  ~ Neste Lietuva — Žemaičių pl. 26, Kaunas
      95 benzinas: 1.704 €/L → 1.684 €/L
      Dyzelinas: 1.994 €/L → 1.974 €/L
  ~ Neste Lietuva — R. Kalantos g. 27, Kaunas
      95 benzinas: 1.739 €/L → 1.719 €/L
      Dyzelinas: 2.019 €/L → 1.999 €/L
  ~ Neste Lietuva — Ateities pl. 50B, Kaunas
      95 benzinas: 1.694 €/L → 1.674 €/L
  ~ Neste Lietuva — Taikos pr. 80A, Kaunas
      Dyzelinas: 2.019 €/L → 1.999 €/L
  ~ Neste Lietuva — Birželio 23-iosios g. 23A, Kaunas
      95 benzinas: 1.729 €/L → 1.709 €/L
      Dyzelinas: 2.019 €/L → 1.999 €/L
  ~ Neste Lietuva — Islandijos pl. 191E, Kaunas
      95 benzinas: 1.719 €/L → 1.689 €/L
      Dyzelinas: 1.999 €/L → 1.989 €/L
  ~ Neste Lietuva — Raudondvario pl. 103, Kaunas
      95 benzinas: 1.699 €/L → 1.689 €/L
      Dyzelinas: 1.999 €/L → 1.949 €/L
  ~ Neste Lietuva — Kuršių g. 1, Kaunas
      95 benzinas: 1.699 €/L → 1.679 €/L
  ~ Neste Lietuva — Vijoklių g. 1C, Ramučių k.
      95 benzinas: 1.719 €/L → 1.679 €/L
      Dyzelinas: 2.004 €/L → 1.974 €/L
  ~ Neste Lietuva — Vakarų g. 14, Kumpių k.
      95 benzinas: 1.714 €/L → 1.694 €/L
  ~ Neste Lietuva — Savanorių pr. 441C, Kaunas
      95 benzinas: 1.709 €/L → 1.669 €/L
      Dyzelinas: 1.999 €/L → 1.969 €/L
  ~ Neste Lietuva — Vakarinis aplinkkelis 18, Kaunas
      95 benzinas: 1.714 €/L → 1.684 €/L
      Dyzelinas: 1.999 €/L → 1.969 €/L
  ~ Neste Lietuva — Europos pr. 43, Kaunas
      95 benzinas: 1.739 €/L → 1.719 €/L
      Dyzelinas: 2.039 €/L → 1.999 €/L
  ~ Neste Lietuva — Plieno g. 1, Klaipėda
      95 benzinas: 1.699 €/L → 1.669 €/L
  ~ Neste Lietuva — Šilutės pl. 30, Klaipėda
      95 benzinas: 1.699 €/L → 1.689 €/L
      Dyzelinas: 1.969 €/L → 1.974 €/L
  ~ Neste Lietuva — Taikos pr. 60, Klaipėda
      95 benzinas: 1.689 €/L → 1.669 €/L
      Dyzelinas: 1.979 €/L → 1.969 €/L
  ~ Neste Lietuva — Minijos g. 119, Klaipėda
      95 benzinas: 1.699 €/L → 1.679 €/L
      Dyzelinas: 1.989 €/L → 1.979 €/L
  ~ Neste Lietuva — Artojo g. 2, Klaipėda
      95 benzinas: 1.689 €/L → 1.659 €/L
  ~ Neste Lietuva — Smiltelės g. 17, Klaipėda
      95 benzinas: 1.699 €/L → 1.669 €/L
  ~ Neste Lietuva — Šilutės pl. 5C, Klaipėda
      95 benzinas: 1.669 €/L → 1.649 €/L
      Dyzelinas: 1.969 €/L → 1.929 €/L
  ~ Neste Lietuva — Vilniaus pl. 9, Jakų k.
      95 benzinas: 1.719 €/L → 1.699 €/L
      Dyzelinas: 2.009 €/L → 1.999 €/L
  ~ Neste Lietuva — Sendvario g. 2, Sudmantų k.
      95 benzinas: 1.729 €/L → 1.709 €/L
      Dyzelinas: 1.999 €/L → 1.988 €/L
  ~ Neste Lietuva — Gegužių g. 28, Šiauliai
      95 benzinas: 1.729 €/L → 1.709 €/L
  ~ Neste Lietuva — Tilžės g. 72, Šiauliai
      95 benzinas: 1.729 €/L → 1.714 €/L
  ~ Neste Lietuva — Dubijos g. 18A, Šiauliai
      95 benzinas: 1.719 €/L → 1.699 €/L
      Dyzelinas: 1.959 €/L → 1.949 €/L
  ~ Neste Lietuva — Klaipėdos g. 81, Panevėžys
      95 benzinas: 1.659 €/L → 1.679 €/L
      Dyzelinas: 1.999 €/L → 1.979 €/L
  ~ Neste Lietuva — Ramygalos g. 145B, Panevėžys
      Dyzelinas: 1.989 €/L → 1.979 €/L
  ~ Neste Lietuva — Klaipėdos g. 66,  Panevėžys
      Dyzelinas: 1.999 €/L → 1.979 €/L
  ~ Neste Lietuva — Margirio g. 1B, Panevėžys
      95 benzinas: 1.699 €/L → 1.689 €/L
      Dyzelinas: 1.994 €/L → 1.979 €/L
  ~ Neste Lietuva — Klaipėdos g. 144B, Panevėžys
      Dyzelinas: 1.999 €/L → 1.979 €/L
  ~ Neste Lietuva — Panevėžio aplinkl. 7, Šilagalio k.
      95 benzinas: 1.699 €/L → 1.679 €/L
      Dyzelinas: 1.999 €/L → 1.979 €/L
  ~ Neste Lietuva — Panevėžio aplinkl. 22, Šilagalio k.
      95 benzinas: 1.689 €/L → 1.669 €/L
      Dyzelinas: 1.989 €/L → 1.969 €/L
  ~ Neste Lietuva — Santaikos g. 34A, Alytus
      Dyzelinas: 2.019 €/L → 1.999 €/L
  ~ Neste Lietuva — Ūdrijos g. 31, Alytus
      Dyzelinas: 2.029 €/L → 1.999 €/L
  ~ Neste Lietuva — Stoties g. 4C, Marijampolė
      95 benzinas: 1.729 €/L → 1.709 €/L
      Dyzelinas: 1.999 €/L → 2.009 €/L
  ~ Neste Lietuva — Vilkaviškio g. 61D, Marijampolė
      95 benzinas: 1.724 €/L → 1.704 €/L
      Dyzelinas: 1.994 €/L → 2.004 €/L
  ~ Neste Lietuva — Europos g. 1, Salaperaugio k.
      95 benzinas: 1.759 €/L → 1.739 €/L
      Dyzelinas: 2.029 €/L → 2.039 €/L
  ~ Neste Lietuva — Europos g. 6, N.Valios k.
      Dyzelinas: 2.029 €/L → 2.039 €/L
  ~ Neste Lietuva — M. Daukšos g. 29, Mažeikiai
      95 benzinas: 1.719 €/L → 1.699 €/L
      Dyzelinas: 1.999 €/L → 1.949 €/L
  ~ Neste Lietuva — Katyčių k., Šilalės r.
      Dyzelinas: 2.029 €/L → 2.014 €/L
  ~ Neste Lietuva — J. Basanavičiaus g. 91E, Kėdainiai
      95 benzinas: 1.719 €/L → 1.699 €/L
      Dyzelinas: 2.019 €/L → 1.999 €/L
  ~ Neste Lietuva — Kauno g. 45B, Ukmergė
      95 benzinas: 1.719 €/L → 1.699 €/L
      Dyzelinas: 1.999 €/L → 1.989 €/L
  ~ Neste Lietuva — J. Basanavičiaus g. 129, Utena
      95 benzinas: 1.729 €/L → 1.719 €/L
      Dyzelinas: 1.999 €/L → 1.989 €/L
  ~ Neste Lietuva — Kupiškio g. 12, Utena
      95 benzinas: 1.724 €/L → 1.714 €/L
      Dyzelinas: 2.014 €/L → 1.984 €/L
  ~ Neste Lietuva — Aplinkkelio g. 165, Molėtai
      95 benzinas: 1.719 €/L → 1.699 €/L
  ~ Neste Lietuva — Plento g. 7, Gudžionių k.
      95 benzinas: 1.749 €/L → 1.689 €/L
      Dyzelinas: 2.019 €/L → 1.984 €/L
  ~ Neste Lietuva — Versmės g. 2, Radviliškis
      95 benzinas: 1.749 €/L → 1.729 €/L
  ~ Neste Lietuva — Pušyno g. 11, Ylių k.
      Dyzelinas: 2.049 €/L → 2.034 €/L
  ~ Neste Lietuva — Dariaus ir Girėno g. 130A, Tauragė
      Dyzelinas: 1.979 €/L → 1.959 €/L
  ~ Neste Lietuva — Sabališkių g. 1U, Elektrėnai
      Dyzelinas: 2.029 €/L → 2.019 €/L
  ~ Neste Lietuva — Šiaulių pl. 1A, Gaudikaičių k.
      95 benzinas: 1.739 €/L → 1.724 €/L
  ~ Orlen — Kauno g. 73, Alytus
      95 benzinas: 1.659 €/L → 1.669 €/L
      Dyzelinas: 1.899 €/L → 1.959 €/L
      Dujos: 0.839 €/L → 0.859 €/L
  ~ Orlen — Biruliškių k.
      95 benzinas: 1.659 €/L → 1.669 €/L
      Dyzelinas: 1.899 €/L → 1.969 €/L
  ~ Orlen — Pramonės pr. 37, Kaunas
      Dyzelinas: 1.899 €/L → 1.969 €/L
  ~ Orlen — Varnių g. 50, Kaunas
      Dyzelinas: 1.899 €/L → 1.959 €/L
  ~ Orlen — Veiverių g. 148 B, Kaunas
      Dyzelinas: 1.899 €/L → 1.979 €/L
  ~ Orlen — Minijos g. 44, Klaipėda
      95 benzinas: 1.689 €/L → 1.679 €/L
      Dyzelinas: 1.959 €/L → 1.979 €/L
  ~ Orlen — Šilutės pl. 26 A, Klaipėda
      Dyzelinas: 1.899 €/L → 1.949 €/L
      Dujos: 0.839 €/L → 0.859 €/L
  ~ Orlen — Šilutės pl. 94, Klaipėda
      Dyzelinas: 1.999 €/L → 1.989 €/L
  ~ Orlen — Vilniaus pl. 13, Jakų k.
      95 benzinas: 1.719 €/L → 1.699 €/L
  ~ Orlen — Pikelių k. 6
      Dyzelinas: 2.099 €/L → 2.049 €/L
  ~ Orlen — Pikelių k. 8
      Dyzelinas: 2.099 €/L → 2.049 €/L
  ~ Orlen — Aleksandravo k.
      Dyzelinas: 1.899 €/L → 1.939 €/L
  ~ Orlen — ​Skuodo g. 14, Mažeikiai
      Dyzelinas: 1.899 €/L → 1.959 €/L
  ~ Orlen — Žemaitijos g. 42, Mažeikiai
      Dyzelinas: 1.899 €/L → 1.959 €/L
  ~ Orlen — Vilimiškės k.
      95 benzinas: 1.729 €/L → 1.719 €/L
  ~ Orlen — Klaipėdos g. 162 D, Panevėžys
      Dyzelinas: 1.899 €/L → 1.969 €/L
  ~ Orlen — Senamiesčio g. 115, Panevėžys
      Dyzelinas: 1.899 €/L → 1.959 €/L
      Dujos: 0.839 €/L → 0.859 €/L
  ~ Orlen — Šiaulių g. 50, Nausodės k.
      Dyzelinas: 1.999 €/L → 2.049 €/L
  ~ Orlen — Serbentų g. 82, Šiauliai
      Dyzelinas: 1.899 €/L → 1.959 €/L
  ~ Orlen — Gedimino g. 46, Tauragė
      Dyzelinas: 1.899 €/L → 1.959 €/L
  ~ Orlen — ​Plungės g. 33 D, Telšiai
      Dyzelinas: 1.939 €/L → 1.969 €/L
  ~ Orlen — O. ​Milašiaus g. 31, Vilnius
      Dyzelinas: 1.899 €/L → 1.999 €/L
  ~ Orlen — Ukmergės g. 319, Vilnius
      Dyzelinas: 1.999 €/L → 1.979 €/L
  ~ Orlen — Žirmūnų g. 1T, Vilnius
      Dyzelinas: 1.999 €/L → 1.979 €/L
  ~ Trevena — Kretingos pl. 1, Gargždai
      95 benzinas: 1.670 €/L → 1.700 €/L
      Dyzelinas: 2.020 €/L → 1.970 €/L
  ~ Trevena — Klaipėdos g. 39, Gargždai
      95 benzinas: 1.630 €/L → 1.660 €/L
      Dyzelinas: 1.980 €/L → 1.930 €/L
  ~ Trevena — Tilžės g. 21, Saugų k.
      Dyzelinas: 1.970 €/L → 1.930 €/L
  ~ Trevena — Šv. Kristoforo g. 4, Dituvos k.
      95 benzinas: 1.630 €/L → 1.670 €/L
  ~ Trevena — Liepų g. 4, Žemaitkiemio k.
      Dyzelinas: 1.970 €/L → 1.950 €/L
  ~ Trevena — Kretingos g. 28A, Klaipėda
      95 benzinas: 1.630 €/L → 1.670 €/L
  ~ Trevena — Minijos g. 152A, Klaipėda
      95 benzinas: 1.630 €/L → 1.670 €/L
  ~ Viada — Daugų k., Neveiglo g. 25
      Dyzelinas: 2.079 €/L → 2.049 €/L
  ~ Viada — Alytus, Naujoji g. 27
      Dyzelinas: 2.059 €/L → 2.029 €/L
  ~ Viada — Alytus, Ulonų g. 33B
      Dyzelinas: 2.059 €/L → 2.029 €/L
  ~ Viada — Biržai, Parodos g. 2
      Dyzelinas: 2.099 €/L → 2.079 €/L
  ~ Viada — Biržai, Pasvalio g. 1B
      Dyzelinas: 2.099 €/L → 2.079 €/L
  ~ Viada — Elektrėnai, Elektrinės g. 6
      95 benzinas: 1.799 €/L → 1.789 €/L
      Dyzelinas: 2.089 €/L → 2.069 €/L
  ~ Viada — Jonava, Darbininkų g. 4D
      95 benzinas: 1.799 €/L → 1.779 €/L
      Dyzelinas: 2.099 €/L → 2.059 €/L
  ~ Viada — Joniškis, Vilniaus g. 51
      95 benzinas: 1.769 €/L → 1.739 €/L
      Dyzelinas: 2.099 €/L → 2.039 €/L
  ~ Viada — Kaunas, A. Juozapavičiaus pr. 90
      Dyzelinas: 2.089 €/L → 2.069 €/L
  ~ Viada — Kaunas, Ateities pl. 37A
      95 benzinas: 1.779 €/L → 1.769 €/L
      Dyzelinas: 2.089 €/L → 2.049 €/L
  ~ Viada — Kaunas, Baltijos g. 90B
      95 benzinas: 1.739 €/L → 1.719 €/L
      Dyzelinas: 2.029 €/L → 1.999 €/L
  ~ Viada — Kaunas, Biruliškių g. 18A
      95 benzinas: 1.799 €/L → 1.769 €/L
      Dyzelinas: 2.099 €/L → 2.049 €/L
  ~ Viada — Kaunas, Didžioji g. 84
      95 benzinas: 1.799 €/L → 1.789 €/L
      Dyzelinas: 2.099 €/L → 2.069 €/L
  ~ Viada — Kaunas, K. Baršausko g. 64
      95 benzinas: 1.789 €/L → 1.749 €/L
      Dyzelinas: 2.079 €/L → 2.029 €/L
  ~ Viada — Kaunas, Karaliaus Mindaugo pr. 54
      Dyzelinas: 2.089 €/L → 2.069 €/L
  ~ Viada — Kaunas, Marijampolės pl. 29
      95 benzinas: 1.799 €/L → 1.789 €/L
      Dyzelinas: 2.099 €/L → 2.069 €/L
  ~ Viada — Kaunas, Miežėnų g. 18
      95 benzinas: 1.739 €/L → 1.719 €/L
      Dyzelinas: 2.029 €/L → 1.999 €/L
  ~ Viada — Kaunas, P. Lukšio g. 66A
      95 benzinas: 1.779 €/L → 1.719 €/L
      Dyzelinas: 2.069 €/L → 1.999 €/L
  ~ Viada — Kaunas, Pramonės pr. 44
      95 benzinas: 1.779 €/L → 1.719 €/L
      Dyzelinas: 2.089 €/L → 2.009 €/L
  ~ Viada — Kaunas, Statybininkų g. 3A
      95 benzinas: 1.799 €/L → 1.759 €/L
      Dyzelinas: 2.089 €/L → 2.059 €/L
  ~ Viada — Kaunas, T. Masiulio g. 22B
      95 benzinas: 1.789 €/L → 1.769 €/L
      Dyzelinas: 2.079 €/L → 2.049 €/L
  ~ Viada — Kaunas, Veiverių g. 117
      Dyzelinas: 2.089 €/L → 2.069 €/L
  ~ Viada — Kaunas, Veiverių g. 124B
      Dyzelinas: 2.089 €/L → 2.069 €/L
  ~ Viada — Klaipėda, Liepojos g. 242
      95 benzinas: 1.779 €/L → 1.749 €/L
      Dyzelinas: 2.079 €/L → 2.059 €/L
  ~ Viada — Klaipėda, Nemuno g. 139
      95 benzinas: 1.759 €/L → 1.719 €/L
      Dyzelinas: 2.059 €/L → 2.019 €/L
  ~ Viada — Klaipėda, Priestočio g. 28
      95 benzinas: 1.759 €/L → 1.719 €/L
      Dyzelinas: 2.059 €/L → 2.019 €/L
  ~ Viada — Klaipėda, Šilutės pl. 52
      95 benzinas: 1.779 €/L → 1.749 €/L
      Dyzelinas: 2.079 €/L → 2.059 €/L
  ~ Viada — Klaipėda, Taikos pr. 70A-1
      95 benzinas: 1.759 €/L → 1.719 €/L
      Dyzelinas: 2.059 €/L → 2.019 €/L
  ~ Viada — Gargždai, Vilniaus pl. 65
      95 benzinas: 1.789 €/L → 1.779 €/L
      Dyzelinas: 2.099 €/L → 2.079 €/L
  ~ Viada — Sudmantų k., Vilniaus pl. 6
      95 benzinas: 1.789 €/L → 1.779 €/L
      Dyzelinas: 2.099 €/L → 2.079 €/L
  ~ Viada — Marijampolė, Geležinkelio g. 5
      95 benzinas: 1.769 €/L → 1.759 €/L
      Dyzelinas: 2.049 €/L → 1.989 €/L
  ~ Viada — Marijampolė, J. Ambrazevičiaus-Brazaičio g. 2
      95 benzinas: 1.769 €/L → 1.759 €/L
      Dyzelinas: 2.049 €/L → 1.989 €/L
  ~ Viada — Mažeikiai, Montuotojų g. 2A
      95 benzinas: 1.749 €/L → 1.739 €/L
      Dyzelinas: 2.029 €/L → 1.999 €/L
  ~ Viada — Mažeikiai, Žemaitijos g. 75
      95 benzinas: 1.749 €/L → 1.739 €/L
      Dyzelinas: 2.029 €/L → 1.999 €/L
  ~ Viada — Molėtai, Vilniaus g. 101
      95 benzinas: 1.789 €/L → 1.759 €/L
      Dyzelinas: 2.099 €/L → 2.059 €/L
  ~ Viada — Gojaus k., Utenos g. 16
      95 benzinas: 1.789 €/L → 1.759 €/L
      Dyzelinas: 2.099 €/L → 2.059 €/L
  ~ Viada — Šilagalio k., Panevėžio aplinkl. 5
      95 benzinas: 1.739 €/L → 1.709 €/L
      Dyzelinas: 2.039 €/L → 2.009 €/L
  ~ Viada — Tičkūnų k., Tičkūnų g. 31
      95 benzinas: 1.759 €/L → 1.719 €/L
      Dyzelinas: 2.059 €/L → 1.999 €/L
  ~ Viada — Panevėžys, J. Janonio g. 28A
      95 benzinas: 1.759 €/L → 1.719 €/L
      Dyzelinas: 2.059 €/L → 1.999 €/L
  ~ Viada — Panevėžys, Navadolio g. 31
      95 benzinas: 1.759 €/L → 1.719 €/L
      Dyzelinas: 2.059 €/L → 1.999 €/L
  ~ Viada — Panevėžys, Pušaloto g. 193A
      95 benzinas: 1.759 €/L → 1.719 €/L
      Dyzelinas: 2.059 €/L → 1.999 €/L
  ~ Viada — Panevėžys, Ramygalos g. 155
      95 benzinas: 1.759 €/L → 1.719 €/L
      Dyzelinas: 2.059 €/L → 1.999 €/L
  ~ Viada — Panevėžys, Ramygalos g. 186G
      95 benzinas: 1.759 €/L → 1.719 €/L
      Dyzelinas: 2.059 €/L → 1.999 €/L
  ~ Viada — Panevėžys, Senamiesčio g. 116A
      95 benzinas: 1.759 €/L → 1.719 €/L
      Dyzelinas: 2.059 €/L → 1.999 €/L
  ~ Viada — Panevėžys, Venslaviškio g. 16
      95 benzinas: 1.759 €/L → 1.719 €/L
      Dyzelinas: 2.059 €/L → 1.999 €/L
  ~ Viada — Skuodas, Vilniaus g. 50
      95 benzinas: 1.799 €/L → 1.759 €/L
      Dyzelinas: 2.099 €/L → 2.059 €/L
  ~ Viada — Šiauliai, Dubijos g. 1C
      95 benzinas: 1.779 €/L → 1.759 €/L
      Dyzelinas: 2.049 €/L → 2.019 €/L
  ~ Viada — Šiauliai, Gegužių g. 26
      95 benzinas: 1.779 €/L → 1.759 €/L
      Dyzelinas: 2.049 €/L → 2.019 €/L
  ~ Viada — Šiauliai, J. Basanavičiaus g. 122A
      95 benzinas: 1.779 €/L → 1.759 €/L
      Dyzelinas: 2.049 €/L → 2.019 €/L
  ~ Viada — Šiauliai, Tilžės g. 274
      95 benzinas: 1.779 €/L → 1.759 €/L
      Dyzelinas: 2.049 €/L → 2.019 €/L
  ~ Viada — Šiauliai, Užmiesčio g. 2
      95 benzinas: 1.799 €/L → 1.759 €/L
      Dyzelinas: 2.059 €/L → 2.039 €/L
  ~ Viada — Šilutė, Tilžės g. 59
      95 benzinas: 1.769 €/L → 1.759 €/L
      Dyzelinas: 2.099 €/L → 2.009 €/L
  ~ Viada — Tauragė, Dariaus ir Girėno g. 138A
      95 benzinas: 1.749 €/L → 1.719 €/L
      Dyzelinas: 2.029 €/L → 1.999 €/L
  ~ Viada — Tauragė, Pramonės g. 1
      95 benzinas: 1.749 €/L → 1.719 €/L
      Dyzelinas: 2.029 €/L → 1.999 €/L
  ~ Viada — Telšiai, Pramonės g. 2A
      95 benzinas: 1.769 €/L → 1.739 €/L
      Dyzelinas: 2.089 €/L → 2.009 €/L
  ~ Viada — Utena, Metalo g. 8
      Dyzelinas: 2.059 €/L → 2.029 €/L
  ~ Viada — Utena, Pramonės g. 23
      Dyzelinas: 2.059 €/L → 2.029 €/L
  ~ Viada — Gedimino k., Vyturio g. 2
      Dyzelinas: 2.059 €/L → 2.029 €/L
  ~ Viada — Avižienių k., Ožiarūčių g. 1a
      Dyzelinas: 2.089 €/L → 2.069 €/L
  ~ Viada — Vilnius, Ateities g. 17B
      Dyzelinas: 2.059 €/L → 2.039 €/L
  ~ Viada — Vilnius, Dariaus ir Girėno g. 30A
      95 benzinas: 1.799 €/L → 1.779 €/L
      Dyzelinas: 2.079 €/L → 2.049 €/L
  ~ Viada — Vilnius, Gariūnų g. 16A
      95 benzinas: 1.779 €/L → 1.729 €/L
      Dyzelinas: 2.069 €/L → 2.039 €/L
  ~ Viada — Vilnius, Grigiškės, Kovo 11-osios g. 75
      95 benzinas: 1.799 €/L → 1.779 €/L
  ~ Viada — Vilnius, Kirtimų g. 29
      95 benzinas: 1.769 €/L → 1.759 €/L
  ~ Viada — Vilnius, Laisvės pr. 8
      95 benzinas: 1.799 €/L → 1.779 €/L
      Dyzelinas: 2.099 €/L → 2.079 €/L
  ~ Viada — Vilnius, Liepkalnio g. 128A
      95 benzinas: 1.799 €/L → 1.779 €/L
      Dyzelinas: 2.089 €/L → 2.079 €/L
  ~ Viada — Vilnius, Naugarduko g. 74
      95 benzinas: 1.799 €/L → 1.779 €/L
      Dyzelinas: 2.089 €/L → 2.079 €/L
  ~ Viada — Vilnius, Nemenčinės pl. 5
      95 benzinas: 1.799 €/L → 1.779 €/L
  ~ Viada — Vilnius, Olandų g. 57
      95 benzinas: 1.799 €/L → 1.779 €/L
      Dyzelinas: 2.089 €/L → 2.079 €/L
  ~ Viada — Vilnius, Ozo g. 12
      95 benzinas: 1.759 €/L → 1.749 €/L
      Dyzelinas: 2.079 €/L → 2.069 €/L
  ~ Viada — Vilnius, Pilaitės pr. 13
      Dyzelinas: 2.089 €/L → 2.069 €/L
  ~ Viada — Vilnius, Pilaitės pr. 28
      Dyzelinas: 2.089 €/L → 2.069 €/L
  ~ Viada — Vilnius, Saltoniškių g. 12
      95 benzinas: 1.759 €/L → 1.739 €/L
      Dyzelinas: 2.079 €/L → 2.059 €/L
  ~ Viada — Vilnius, Verkių g. 52
      95 benzinas: 1.739 €/L → 1.729 €/L
      Dyzelinas: 2.059 €/L → 1.999 €/L
  ~ Viada — Vilnius, Vilkpėdės g. 2
      95 benzinas: 1.769 €/L → 1.739 €/L
      Dyzelinas: 2.049 €/L → 2.029 €/L
  ~ Autograndas — Taikos pr. 47
      95 benzinas: 1.654 €/L → 1.687 €/L
  ~ Utentra — Utena, Pramonės g. 16
      Dyzelinas: 1.899 €/L → 1.939 €/L
  ~ Skulas — Likiškėlių k., Kalninės g. 5
      Dyzelinas: 2.000 €/L → 1.990 €/L
  ~ Skulas — Pasvalys, Mūšos g. 2 E
      95 benzinas: 1.650 €/L → 1.660 €/L
      Dujos: 0.870 €/L → 0.880 €/L
  ~ Skulas — Vilnius, J.Kazlausko g. 34
      95 benzinas: 1.689 €/L → 1.679 €/L
      Dyzelinas: 1.999 €/L → 1.979 €/L
      Dujos: 0.879 €/L → 0.889 €/L
  ~ Deliuvis — Pušaloto g. 140, Panevėžys
      Dyzelinas: 1.959 €/L → 1.899 €/L
  ~ Deliuvis — G.Petkevičaitės-Bitės 35C, Panevėžys
      Dyzelinas: 1.959 €/L → 1.899 €/L
  ~ Deliuvis — S.Kerbedžio 2, Panevėžys
      Dyzelinas: 1.959 €/L → 1.899 €/L
  ~ Velseka — Panevėžio g. 5, Kupiškis
      95 benzinas: 1.635 €/L → 1.659 €/L
      Dyzelinas: 1.975 €/L → 1.989 €/L
      Dujos: 0.879 €/L → 0.899 €/L
  ~ Prie Luksto — Telšiai, Masčio g. 21
      95 benzinas: 1.765 €/L → 1.735 €/L
      Dyzelinas: 2.085 €/L → 2.005 €/L
  ~ Boost Petrol — Ginkūnų k., Aušros g. 26
      95 benzinas: 1.799 €/L → 1.749 €/L
      Dyzelinas: 2.099 €/L → 2.019 €/L
  ~ Boost Petrol — Kęstučio g. 1B, Kelmė
      95 benzinas: 1.799 €/L → 1.749 €/L
      Dyzelinas: 2.099 €/L → 2.019 €/L
  ~ Boost Petrol — Kuršukų k., Plento g. 1
      95 benzinas: 1.799 €/L → 1.759 €/L
      Dyzelinas: 2.099 €/L → 2.049 €/L
  ~ Boost Petrol — Marvelės g. 132, Kaunas
      95 benzinas: 1.799 €/L → 1.759 €/L
      Dyzelinas: 2.099 €/L → 2.049 €/L
  ~ Boost Petrol — Dubijos g. 36
      95 benzinas: 1.799 €/L → 1.769 €/L
      Dyzelinas: 2.139 €/L → 2.059 €/L
  ~ Boost Petrol — Smėlinkos k.
      95 benzinas: 1.750 €/L → 1.710 €/L
      Dyzelinas: 2.060 €/L → 2.019 €/L
  ~ Boost Petrol — Zarasų g. 9, Utena
      95 benzinas: 1.759 €/L → 1.719 €/L
  ~ Boost Petrol — Maironių k., Kuršių g. 2
      Dyzelinas: 2.020 €/L → 1.990 €/L
  ~ Emsi — Žemaičių g. 34, Ariogala
      95 benzinas: 1.719 €/L → 1.699 €/L
      Dyzelinas: 2.069 €/L → 2.039 €/L
  ~ Emsi — Ateities pl.40B, Kaunas
      Dyzelinas: 2.049 €/L → 1.999 €/L
  ~ Emsi — Jaunimo g.2a, Biržai
      95 benzinas: 1.699 €/L → 1.679 €/L
      Dyzelinas: 2.039 €/L → 1.999 €/L
  ~ Emsi — Draugystės g.8B, Kaunas
      95 benzinas: 1.699 €/L → 1.669 €/L
      Dyzelinas: 2.029 €/L → 1.969 €/L
  ~ Emsi — Ilgakiemio k., Kauno g.25
      95 benzinas: 1.699 €/L → 1.679 €/L
      Dyzelinas: 2.019 €/L → 1.979 €/L
  ~ Emsi — Jeruzalės 2, Vilnius
      95 benzinas: 1.679 €/L → 1.699 €/L
  ~ Emsi — Vasario 16-osios g.70, Jonava
      95 benzinas: 1.719 €/L → 1.739 €/L
      Dyzelinas: 2.039 €/L → 2.019 €/L
  ~ Emsi — Durpyno 63, Jonušų k.
      Dyzelinas: 2.029 €/L → 1.999 €/L
  ~ Emsi — Juodgirio k.1,
      95 benzinas: 1.719 €/L → 1.699 €/L
      Dyzelinas: 2.069 €/L → 2.039 €/L
  ~ Emsi — Jonavos g. 292B, Kaunas
      Dyzelinas: 1.959 €/L → 1.949 €/L
  ~ Emsi — Lazdijų sen., Janaslavo k.11
      95 benzinas: 1.669 €/L → 1.699 €/L
      Dyzelinas: 2.019 €/L → 1.999 €/L
  ~ Emsi — Liuksemburgo aklg. 27, Kaunas
      Dyzelinas: 2.019 €/L → 1.979 €/L
  ~ Emsi — Mokyklos g. 26, Maišiagalos mstl.
      Dujos: 0.959 €/L → 0.949 €/L
  ~ Emsi — Stoties g. 6B, Marijampolė
      Dyzelinas: 1.999 €/L → 1.979 €/L
  ~ Emsi — Masiulio g.16C, Kaunas
      95 benzinas: 1.699 €/L → 1.679 €/L
      Dyzelinas: 2.019 €/L → 1.979 €/L
  ~ Emsi — Marijampolės g. 58, Mastaičių k.
      Dyzelinas: 2.019 €/L → 1.999 €/L
  ~ Emsi — Minijos g.154A, Klaipėda
      Dyzelinas: 1.950 €/L → 1.940 €/L
  ~ Emsi — Savanorių pr.402A, Kaunas
      95 benzinas: 1.719 €/L → 1.679 €/L
      Dyzelinas: 2.019 €/L → 1.979 €/L
  ~ Emsi — Taikos g.1, Kreivalaužių k.
      95 benzinas: 1.670 €/L → 1.690 €/L
  ~ Emsi — Palemono g. 3A, Kaunas
      Dyzelinas: 2.020 €/L → 1.970 €/L
  ~ Emsi — Pasvalys, Taikos g.24
      95 benzinas: 1.669 €/L → 1.679 €/L
  ~ Emsi — Kauno g.165, Pietarių k.
      Dyzelinas: 1.999 €/L → 1.979 €/L
  ~ Emsi — Pajautos g. 31, Vilnius (Pilaitė)
      95 benzinas: 1.689 €/L → 1.669 €/L
      Dyzelinas: 1.999 €/L → 1.969 €/L
  ~ Emsi — Miško g.62, Radviliškis
      Dyzelinas: 2.019 €/L → 2.009 €/L
  ~ Emsi — Ramygalos g.186A, Panevėžys
      95 benzinas: 1.689 €/L → 1.669 €/L
      Dyzelinas: 1.989 €/L → 1.969 €/L
  ~ Emsi — Raščių k. 1A
      Dyzelinas: 2.039 €/L → 2.019 €/L
  ~ Emsi — Sembos g.5, Šiauliai
      Dyzelinas: 2.019 €/L → 1.999 €/L
      Dujos: 0.910 €/L → 0.890 €/L
  ~ Emsi — Šilagalio k., Panevėžio aplinkl.12
      95 benzinas: 1.699 €/L → 1.679 €/L
      Dyzelinas: 1.999 €/L → 1.979 €/L
  ~ Emsi — Gluosnių g.4A, Šilutė
      95 benzinas: 1.680 €/L → 1.670 €/L
      Dyzelinas: 2.000 €/L → 1.970 €/L
  ~ Emsi — Skaisčiūnų k., Europos g.11
      Dyzelinas: 1.999 €/L → 1.979 €/L
  ~ Emsi — Taikos pr.124, Klaipėda
      Dyzelinas: 1.950 €/L → 1.940 €/L
  ~ Emsi — Vandžiogalos pl.86A, Kaunas
      Dyzelinas: 2.060 €/L → 2.020 €/L
  ~ Emsi — S.Nėries g.38, Vilkaviškis
      Dyzelinas: 2.039 €/L → 2.019 €/L
  ~ Emsi — Žemaitkiemis, Stasio Krasausko g. 21
      Dyzelinas: 2.039 €/L → 2.019 €/L
  ~ Degta — Anykščiai, Vienuolio g. 34A
      Dyzelinas: 1.999 €/L → 1.989 €/L
  ~ Circle K — Plungės g. 32, Rietavas
      95 benzinas: 1.789 €/L → 1.779 €/L
      Dyzelinas: 2.019 €/L → 1.999 €/L
  ~ Propano ir butano dujų centras — Švenčionių 35, Ignalina
      95 benzinas: 1.700 €/L → 1.779 €/L
      Dyzelinas: 1.970 €/L → 2.089 €/L
      Dujos: 0.840 €/L → 0.900 €/L
  ~ Propano ir butano dujų centras — Aukštaičių g. 2a, Cirkliškio k.
      95 benzinas: 1.700 €/L → 1.760 €/L
      Dyzelinas: 1.970 €/L → 2.070 €/L
      Dujos: 0.850 €/L → 0.950 €/L
  ~ Adukesta — Laisvės g. 50, Maciuičių k.
      Dyzelinas: 2.060 €/L → 1.980 €/L
  ~ Melkasta — Kalvelių k., Lazdijų pl. 29
      95 benzinas: 1.690 €/L → 1.670 €/L
      Dyzelinas: 2.040 €/L → 2.020 €/L
  ~ Melkasta — Gulbiniškių k. 7
      Dyzelinas: 2.030 €/L → 2.010 €/L
  ~ Melkasta — Seirijų mstl., Algirdo g. 35A
      95 benzinas: 1.690 €/L → 1.670 €/L
      Dyzelinas: 2.040 €/L → 2.020 €/L
  ~ Eu Verslas — Viekšnių g. 24, Mažeikiai
      95 benzinas: 1.639 €/L → 1.679 €/L
      Dyzelinas: 1.899 €/L → 1.949 €/L
  ~ Circle K — J.Basanavičiaus g. 103, Kėdainiai
      Dyzelinas: 2.079 €/L → 2.049 €/L
  ~ S.Savicko įmonė — Šėtos g. 120 , Kėdainiai
      Dyzelinas: 2.049 €/L → 2.019 €/L
  ~ S.Savicko įmonė — Dariaus ir Girėno 23 A, Kėdainiai
      Dyzelinas: 2.049 €/L → 2.019 €/L
  ~ S.Savicko įmonė — Gedimino g. 50 , Kėdainiai
      Dyzelinas: 2.049 €/L → 2.019 €/L
  ~ S.Savicko įmonė — Vandžiogalos g 29,Saviečių k.
      Dyzelinas: 2.049 €/L → 2.019 €/L
  ~ Lašų ŽŪB — Vytėnų vs 9, Vytėnai
      Dyzelinas: 2.070 €/L → 2.100 €/L
  ~ AS 24 Lietuva — Europos g. 17, Salaperaugio k.
      Dyzelinas: 2.119 €/L → –
  ~ Littaura — Pramonės g. 6, Tauragė
      Dyzelinas: 1.950 €/L → 1.900 €/L
  ~ Valdegra — Prienų g.7, Igliaukos k.
      95 benzinas: 1.739 €/L → 1.719 €/L
      Dyzelinas: 1.999 €/L → 1.939 €/L

Unchanged: 303 station(s).
