=== 2026-04-27 ===

New stations: none.

Removed stations (1):
  - AS 24 Lietuva вЂ” Europos g. 17, Salaperaugio k.

Price changes (514):
  ~ AlauЕЎa вЂ” PalijoniЕЎkio g. 1, Utena
      95 benzinas: 1.689 в‚¬/L в†’ 1.699 в‚¬/L
      Dyzelinas: 1.899 в‚¬/L в†’ 1.919 в‚¬/L
  ~ AlauЕЎa вЂ” Kosmoso g. 3, Visaginas
      95 benzinas: 1.659 в‚¬/L в†’ 1.699 в‚¬/L
      Dyzelinas: 1.959 в‚¬/L в†’ 1.899 в‚¬/L
  ~ AlauЕЎa вЂ” KalvarijЕі g. 204G, Vilnius
      95 benzinas: 1.669 в‚¬/L в†’ 1.699 в‚¬/L
      Dyzelinas: 1.979 в‚¬/L в†’ 1.969 в‚¬/L
  ~ AlauЕЎa вЂ” KirtimЕі g. 23A, Vilnius
      95 benzinas: 1.688 в‚¬/L в†’ 1.699 в‚¬/L
      Dujos: 0.939 в‚¬/L в†’ 0.929 в‚¬/L
  ~ AlauЕЎa вЂ” Pelesos g. 1/2, Vilnius
      Dujos: 0.899 в‚¬/L в†’ 0.929 в‚¬/L
  ~ AlauЕЎa вЂ” Plento g. 17, Daugailiai
      Dyzelinas: 1.959 в‚¬/L в†’ 1.919 в‚¬/L
  ~ AlauЕЎa вЂ” BajorЕі k.
      Dyzelinas: 1.999 в‚¬/L в†’ 1.988 в‚¬/L
      Dujos: 0.909 в‚¬/L в†’ 0.899 в‚¬/L
  ~ AlauЕЎa вЂ” Vilniaus g. 8, GrigiЕЎkД—s
      95 benzinas: 1.689 в‚¬/L в†’ 1.698 в‚¬/L
      Dyzelinas: 1.989 в‚¬/L в†’ 1.898 в‚¬/L
      Dujos: 0.909 в‚¬/L в†’ 0.898 в‚¬/L
  ~ AlauЕЎa вЂ” PlytinД—s g. 2, PuskelniЕі k.
      95 benzinas: 1.669 в‚¬/L в†’ 1.659 в‚¬/L
  ~ AlauЕЎa вЂ” Stoties g. 49, MarijampolД—
      95 benzinas: 1.688 в‚¬/L в†’ 1.699 в‚¬/L
      Dyzelinas: 1.898 в‚¬/L в†’ 1.899 в‚¬/L
      Dujos: 0.934 в‚¬/L в†’ 0.929 в‚¬/L
  ~ AlauЕЎa вЂ” PaЕЎirvio g. 1, PaЕЎirvinДЌio k.
      95 benzinas: 1.659 в‚¬/L в†’ 1.654 в‚¬/L
      Dyzelinas: 1.959 в‚¬/L в†’ 1.954 в‚¬/L
  ~ AlauЕЎa вЂ” Е venДЌioniЕі g. 29A, Ignalina
      Dyzelinas: 2.059 в‚¬/L в†’ 2.049 в‚¬/L
  ~ AlauЕЎa вЂ” Е iaurД—s g. 39, Vilnius
      95 benzinas: 1.649 в‚¬/L в†’ 1.694 в‚¬/L
      Dyzelinas: 1.899 в‚¬/L в†’ 1.964 в‚¬/L
  ~ AlauЕЎa вЂ” Sporto g. 50A, MarijampolД—
      95 benzinas: 1.688 в‚¬/L в†’ 1.699 в‚¬/L
      Dyzelinas: 1.898 в‚¬/L в†’ 1.899 в‚¬/L
  ~ AlauЕЎa вЂ” J. BasanaviДЌiaus g. 1C, Utena
      95 benzinas: 1.689 в‚¬/L в†’ 1.688 в‚¬/L
      Dyzelinas: 1.899 в‚¬/L в†’ 1.898 в‚¬/L
      Dujos: 0.894 в‚¬/L в†’ 0.924 в‚¬/L
  ~ AlauЕЎa вЂ” Е v. Stepono g. 44, Vilnius
      95 benzinas: 1.669 в‚¬/L в†’ 1.639 в‚¬/L
      Dyzelinas: 1.949 в‚¬/L в†’ 1.899 в‚¬/L
  ~ AlauЕЎa вЂ” BuivydiЕЎkiЕі g. 5, Vilnius
      Dyzelinas: 1.959 в‚¬/L в†’ 1.949 в‚¬/L
  ~ AlauЕЎa вЂ” Santaikos g. 2A, Santaikos k.
      Dyzelinas: 1.839 в‚¬/L в†’ 1.959 в‚¬/L
  ~ AlauЕЎa вЂ” LaisvД—s pr. 125A, Vilnius
      Dyzelinas: 1.959 в‚¬/L в†’ 1.939 в‚¬/L
  ~ AlauЕЎa вЂ” Dariaus ir GirД—no g. 36, Obeliai
      95 benzinas: 1.689 в‚¬/L в†’ 1.728 в‚¬/L
      Dyzelinas: 1.989 в‚¬/L в†’ 1.998 в‚¬/L
  ~ AlauЕЎa вЂ” A. Vienuolio g. 32A, AnykЕЎДЌiai
      95 benzinas: 1.619 в‚¬/L в†’ 1.659 в‚¬/L
      Dyzelinas: 1.839 в‚¬/L в†’ 1.939 в‚¬/L
  ~ Apsaga вЂ” Vilniaus g.16, Е iauliai
      Dyzelinas: 1.965 в‚¬/L в†’ 1.939 в‚¬/L
  ~ Apsaga вЂ” PramonД—s g. 3A, Е iauliai
      95 benzinas: 1.720 в‚¬/L в†’ 1.729 в‚¬/L
      Dyzelinas: 1.969 в‚¬/L в†’ 1.959 в‚¬/L
  ~ Apsaga вЂ” PramonД—s g. 28, Е iauliai
      95 benzinas: 1.720 в‚¬/L в†’ 1.729 в‚¬/L
      Dyzelinas: 1.969 в‚¬/L в†’ 1.959 в‚¬/L
  ~ Apsaga вЂ” Nuklono g. 4, Е iauliai
      Dyzelinas: 1.975 в‚¬/L в†’ 1.959 в‚¬/L
  ~ Apsaga вЂ” TilЕѕД—s g. 223, Е iauliai
      Dyzelinas: 1.975 в‚¬/L в†’ 1.959 в‚¬/L
      Dujos: 0.910 в‚¬/L в†’ 0.919 в‚¬/L
  ~ Apsaga вЂ” V. Bielskio g. 47A, Е iauliai
      95 benzinas: 1.720 в‚¬/L в†’ 1.730 в‚¬/L
      Dyzelinas: 1.970 в‚¬/L в†’ 1.960 в‚¬/L
  ~ Apsaga вЂ” Е iauliЕі g.12, RadviliЕЎkis
      95 benzinas: 1.689 в‚¬/L в†’ 1.725 в‚¬/L
      Dyzelinas: 1.909 в‚¬/L в†’ 2.025 в‚¬/L
  ~ Apsaga вЂ” BerЕѕЕі g. 19, Baisogalos k.
      95 benzinas: 1.689 в‚¬/L в†’ 1.735 в‚¬/L
      Dyzelinas: 1.909 в‚¬/L в†’ 2.025 в‚¬/L
  ~ Apsaga вЂ” RadikiЕі k.
      95 benzinas: 1.689 в‚¬/L в†’ 1.745 в‚¬/L
      Dyzelinas: 1.909 в‚¬/L в†’ 2.059 в‚¬/L
      Dujos: 0.939 в‚¬/L в†’ 0.929 в‚¬/L
  ~ Baltic Petroleum вЂ” GudЕѕioniЕі k., Plento g. 24
      95 benzinas: 1.709 в‚¬/L в†’ 1.699 в‚¬/L
      Dyzelinas: 1.989 в‚¬/L в†’ 1.919 в‚¬/L
  ~ Baltic Petroleum вЂ” Vilnius,В Gerosios Vilties g. 33
      Dyzelinas: 2.019 в‚¬/L в†’ 1.959 в‚¬/L
  ~ Baltic Petroleum вЂ” Vilnius,В SavanoriЕі pr. 121
      Dyzelinas: 1.969 в‚¬/L в†’ 1.869 в‚¬/L
  ~ Baltic Petroleum вЂ” Kaunas,В Raudondvario pl. 82
      Dyzelinas: 1.879 в‚¬/L в†’ 1.859 в‚¬/L
  ~ Baltic Petroleum вЂ” Kaunas,В Jonavos g. 60A
      95 benzinas: 1.659 в‚¬/L в†’ 1.649 в‚¬/L
      Dyzelinas: 1.919 в‚¬/L в†’ 1.869 в‚¬/L
  ~ Baltic Petroleum вЂ” JauДЌiakiЕі k.
      Dyzelinas: 2.079 в‚¬/L в†’ 2.019 в‚¬/L
  ~ Baltic Petroleum вЂ” KlaipД—da,В Е ilutД—s pl. 1
      Dyzelinas: 1.869 в‚¬/L в†’ 1.829 в‚¬/L
  ~ Baltic Petroleum вЂ” Palanga,В KlaipД—dos pl. 44
      Dyzelinas: 1.979 в‚¬/L в†’ 1.969 в‚¬/L
  ~ Baltic Petroleum вЂ” Е ilutД—,В KlaipД—dos g. 4A
      Dyzelinas: 1.919 в‚¬/L в†’ 1.879 в‚¬/L
  ~ Baltic Petroleum вЂ” Alytus,В Santaikos g. 33
      95 benzinas: 1.679 в‚¬/L в†’ 1.659 в‚¬/L
      Dyzelinas: 1.959 в‚¬/L в†’ 1.859 в‚¬/L
  ~ Baltic Petroleum вЂ” Lazdijai,В TuristЕі g. 88
      95 benzinas: 1.689 в‚¬/L в†’ 1.649 в‚¬/L
      Dyzelinas: 2.019 в‚¬/L в†’ 1.989 в‚¬/L
  ~ Baltic Petroleum вЂ” TelЕЎiai,В Е iauliЕі pl. 12
      95 benzinas: 1.749 в‚¬/L в†’ 1.709 в‚¬/L
      Dyzelinas: 2.049 в‚¬/L в†’ 1.949 в‚¬/L
  ~ Baltic Petroleum вЂ” RadviliЕЎkis,В MiЕЎko g. 64
      95 benzinas: 1.699 в‚¬/L в†’ 1.659 в‚¬/L
      Dyzelinas: 2.009 в‚¬/L в†’ 1.959 в‚¬/L
  ~ Baltic Petroleum вЂ” PanevД—Еѕys,В VelЕѕio kelias 74
      Dyzelinas: 1.929 в‚¬/L в†’ 1.919 в‚¬/L
  ~ Baltic Petroleum вЂ” Utena,В BasanaviДЌiaus g. 1B
      95 benzinas: 1.699 в‚¬/L в†’ 1.679 в‚¬/L
      Dyzelinas: 1.959 в‚¬/L в†’ 1.919 в‚¬/L
  ~ Baltic Petroleum вЂ” Raseiniai,В Vilniaus g. 30
      95 benzinas: 1.629 в‚¬/L в†’ 1.679 в‚¬/L
      Dyzelinas: 1.849 в‚¬/L в†’ 1.909 в‚¬/L
  ~ Baltic Petroleum вЂ” KД—dainiai,В J. BasanaviДЌiaus g. 95B
      95 benzinas: 1.739 в‚¬/L в†’ 1.719 в‚¬/L
      Dyzelinas: 2.039 в‚¬/L в†’ 1.889 в‚¬/L
  ~ Baltic Petroleum вЂ” UkmergД—,В Kauno g. 49
      95 benzinas: 1.679 в‚¬/L в†’ 1.669 в‚¬/L
      Dyzelinas: 1.939 в‚¬/L в†’ 1.899 в‚¬/L
  ~ Baltic Petroleum вЂ” Е akiai,В SodЕі g. 1
      Dyzelinas: 2.029 в‚¬/L в†’ 2.009 в‚¬/L
  ~ Baltic Petroleum вЂ” Vilnius В KalvarijЕі g. 161A
      Dyzelinas: 1.989 в‚¬/L в†’ 1.979 в‚¬/L
  ~ Baltic Petroleum вЂ” Trakai,В Vilniaus g. 33
      Dyzelinas: 2.039 в‚¬/L в†’ 1.999 в‚¬/L
  ~ Baltic Petroleum вЂ” MolД—tai,В Vilniaus g.104
      Dyzelinas: 1.999 в‚¬/L в†’ 1.949 в‚¬/L
  ~ Baltic Petroleum вЂ” VarД—na,В ДЊiurlionio g. 63
      95 benzinas: 1.739 в‚¬/L в†’ 1.709 в‚¬/L
      Dyzelinas: 2.089 в‚¬/L в†’ 1.929 в‚¬/L
  ~ Baltic Petroleum вЂ” Vilnius,В Metalo g. 4B
      Dyzelinas: 1.959 в‚¬/L в†’ 1.879 в‚¬/L
  ~ Baltic Petroleum вЂ” Kaunas,В Chemijos g. 6
      Dyzelinas: 2.029 в‚¬/L в†’ 1.889 в‚¬/L
  ~ Baltic Petroleum вЂ” N. AkmenД—,В V. Kudirkos g. 21A
      Dyzelinas: 2.040 в‚¬/L в†’ 2.000 в‚¬/L
  ~ Baltic Petroleum вЂ” VilkaraisДЌio k.
      95 benzinas: 1.690 в‚¬/L в†’ 1.670 в‚¬/L
  ~ Baltic Petroleum вЂ” Pakruojis,В StatybininkЕі g. 28
      Dyzelinas: 1.919 в‚¬/L в†’ 1.879 в‚¬/L
  ~ Baltic Petroleum вЂ” PasiekЕі k.
      Dyzelinas: 2.029 в‚¬/L в†’ 1.989 в‚¬/L
  ~ Baltic Petroleum вЂ” Vilnius,В MolД—tЕі pl. 27A
      Dyzelinas: 1.929 в‚¬/L в†’ 1.879 в‚¬/L
  ~ Baltic Petroleum вЂ” Vilnius,В S. Batoro g. 15
      Dyzelinas: 1.959 в‚¬/L в†’ 1.869 в‚¬/L
  ~ Baltic Petroleum вЂ” Vilnius,В RinktinД—s g. 59
      Dyzelinas: 1.919 в‚¬/L в†’ 1.869 в‚¬/L
  ~ Baltic Petroleum вЂ” MarijampolД—,В Vasaros g. 15
      Dyzelinas: 1.909 в‚¬/L в†’ 1.899 в‚¬/L
  ~ Baltic Petroleum вЂ” OЕѕtakiЕі k., Dariaus ir GirД—no g. 77
      95 benzinas: 1.749 в‚¬/L в†’ 1.719 в‚¬/L
      Dyzelinas: 2.049 в‚¬/L в†’ 1.969 в‚¬/L
  ~ Baltic Petroleum вЂ” PandД—lio k., ElektrinД—s g. 1
      95 benzinas: 1.769 в‚¬/L в†’ 1.739 в‚¬/L
      Dyzelinas: 2.049 в‚¬/L в†’ 1.969 в‚¬/L
  ~ Baltic Petroleum вЂ” UЕѕuovД—jos k.
      95 benzinas: 1.689 в‚¬/L в†’ 1.669 в‚¬/L
      Dyzelinas: 1.999 в‚¬/L в†’ 1.959 в‚¬/L
  ~ Baltic Petroleum вЂ” Kaunas,В Vaidoto g. 153
      95 benzinas: 1.769 в‚¬/L в†’ 1.779 в‚¬/L
      Dyzelinas: 2.059 в‚¬/L в†’ 2.019 в‚¬/L
  ~ Baltic Petroleum вЂ” UЕѕeЕѕerД—s k., Gardenio g. 39
      Dyzelinas: 1.899 в‚¬/L в†’ 1.859 в‚¬/L
  ~ Baltic Petroleum вЂ” KalnujЕі k. 1
      95 benzinas: 1.709 в‚¬/L в†’ 1.699 в‚¬/L
      Dyzelinas: 2.009 в‚¬/L в†’ 1.999 в‚¬/L
  ~ Baltic Petroleum вЂ” MaЕѕeikiai,В M. DaukЕЎos g. 17
      Dyzelinas: 1.899 в‚¬/L в†’ 1.859 в‚¬/L
  ~ Baltic Petroleum вЂ” Rietavas,В Dariaus ir GirД—no g. 19
      95 benzinas: 1.650 в‚¬/L в†’ 1.630 в‚¬/L
      Dyzelinas: 1.990 в‚¬/L в†’ 1.920 в‚¬/L
  ~ Baltic Petroleum вЂ” Senoji VarД—na, Vilniaus g. 6A
      95 benzinas: 1.739 в‚¬/L в†’ 1.709 в‚¬/L
      Dyzelinas: 2.089 в‚¬/L в†’ 1.929 в‚¬/L
  ~ Baltic Petroleum вЂ” GriЕЎkabЕ«dis
      Dyzelinas: 2.029 в‚¬/L в†’ 2.009 в‚¬/L
  ~ Baltic Petroleum вЂ” Vilnius,В BrazdЕѕionio g. 2
      95 benzinas: 1.689 в‚¬/L в†’ 1.679 в‚¬/L
      Dyzelinas: 1.939 в‚¬/L в†’ 1.899 в‚¬/L
  ~ Baltic Petroleum вЂ” LikiЕЎkД—liЕі k.
      Dyzelinas: 1.989 в‚¬/L в†’ 1.959 в‚¬/L
  ~ Baltic Petroleum вЂ” BuДЌiЕі k.
      Dyzelinas: 2.040 в‚¬/L в†’ 2.010 в‚¬/L
  ~ Baltic Petroleum вЂ” Vilnius,В ZujЕ«nЕі g. 2A
      Dyzelinas: 1.929 в‚¬/L в†’ 1.879 в‚¬/L
  ~ Baltic Petroleum вЂ” TirkЕЎliai, LaukЕі g. 10
      Dyzelinas: 1.959 в‚¬/L в†’ 1.859 в‚¬/L
  ~ Baltic Petroleum вЂ” MarijampolД—,В P. Armino g. 69
      Dyzelinas: 1.909 в‚¬/L в†’ 1.899 в‚¬/L
  ~ Baltic Petroleum вЂ” RadviliЕЎkis,В Е iauliЕі g. 1A
      95 benzinas: 1.699 в‚¬/L в†’ 1.659 в‚¬/L
      Dyzelinas: 2.009 в‚¬/L в†’ 1.959 в‚¬/L
  ~ Baltic Petroleum вЂ” GargЕѕdai,В Dariaus ir GirД—no g. 10
      95 benzinas: 1.679 в‚¬/L в†’ 1.659 в‚¬/L
      Dyzelinas: 1.939 в‚¬/L в†’ 1.869 в‚¬/L
  ~ Borusta вЂ” Vilniaus g. 2a, AukЕЎtadvaris
      Dyzelinas: 1.900 в‚¬/L в†’ 1.960 в‚¬/L
  ~ Borusta вЂ” Piliakalnio g. 3, StakliЕЎkД—s
      Dyzelinas: 1.879 в‚¬/L в†’ 1.939 в‚¬/L
  ~ Borusta вЂ” PrienЕі g. 14, BirЕЎtonas
      Dyzelinas: 1.899 в‚¬/L в†’ 1.959 в‚¬/L
  ~ Circle K вЂ” GeleЕѕinio Vilko g. 2A,В Vilnius
      Dyzelinas: 2.079 в‚¬/L в†’ 2.049 в‚¬/L
  ~ Circle K вЂ” Baltupio g. 10,В Vilnius
      95 benzinas: 1.719 в‚¬/L в†’ 1.738 в‚¬/L
      Dyzelinas: 1.979 в‚¬/L в†’ 1.919 в‚¬/L
      Dujos: 0.959 в‚¬/L в†’ 0.949 в‚¬/L
  ~ Circle K вЂ” A. P. Kavoliuko g. 32A,В Vilnius
      95 benzinas: 1.759 в‚¬/L в†’ 1.761 в‚¬/L
      Dyzelinas: 2.019 в‚¬/L в†’ 1.959 в‚¬/L
  ~ Circle K вЂ” Sporto g. 16A,В Vilnius
      95 benzinas: 1.759 в‚¬/L в†’ 1.762 в‚¬/L
      Dyzelinas: 2.029 в‚¬/L в†’ 1.989 в‚¬/L
  ~ Circle K вЂ” UkmergД—s g. 231,В Vilnius
      95 benzinas: 1.734 в‚¬/L в†’ 1.749 в‚¬/L
      Dyzelinas: 2.009 в‚¬/L в†’ 1.939 в‚¬/L
  ~ Circle K вЂ” KareiviЕі g. 13,В Vilnius
      95 benzinas: 1.739 в‚¬/L в†’ 1.740 в‚¬/L
      Dyzelinas: 2.009 в‚¬/L в†’ 1.944 в‚¬/L
  ~ Circle K вЂ” A. GoЕЎtauto g. 13,В Vilnius
      95 benzinas: 1.759 в‚¬/L в†’ 1.770 в‚¬/L
      Dyzelinas: 1.999 в‚¬/L в†’ 1.925 в‚¬/L
  ~ Circle K вЂ” LaisvД—s pr. 43C,В Vilnius
      95 benzinas: 1.759 в‚¬/L в†’ 1.761 в‚¬/L
      Dyzelinas: 2.019 в‚¬/L в†’ 1.959 в‚¬/L
  ~ Circle K вЂ” J. TiЕЎkeviДЌiaus g. 24,В Vilnius
      95 benzinas: 1.774 в‚¬/L в†’ 1.787 в‚¬/L
      Dyzelinas: 2.054 в‚¬/L в†’ 2.034 в‚¬/L
  ~ Circle K вЂ” EiЕЎiЕЎkiЕі pl. 11,В Vilnius
      95 benzinas: 1.779 в‚¬/L в†’ 1.769 в‚¬/L
      Dyzelinas: 2.019 в‚¬/L в†’ 1.979 в‚¬/L
  ~ Circle K вЂ” PramonД—s pr. 18,В Kaunas
      95 benzinas: 1.754 в‚¬/L в†’ 1.765 в‚¬/L
      Dyzelinas: 2.029 в‚¬/L в†’ 1.999 в‚¬/L
      Dujos: 0.959 в‚¬/L в†’ 0.949 в‚¬/L
  ~ Circle K вЂ” Baltijos g. 1, MastaiДЌiЕі k.
      95 benzinas: 1.819 в‚¬/L в†’ 1.829 в‚¬/L
  ~ Circle K вЂ” Raudondvario pl. 107A,В Kaunas
      95 benzinas: 1.709 в‚¬/L в†’ 1.753 в‚¬/L
      Dyzelinas: 1.959 в‚¬/L в†’ 1.926 в‚¬/L
  ~ Circle K вЂ” SudervД—s g. 2G, AviЕѕieniЕі k.
      Dyzelinas: 2.059 в‚¬/L в†’ 2.049 в‚¬/L
  ~ Circle K вЂ” R. Kalantos g. 159,В Kaunas
      95 benzinas: 1.749 в‚¬/L в†’ 1.766 в‚¬/L
      Dyzelinas: 2.029 в‚¬/L в†’ 1.929 в‚¬/L
  ~ Circle K вЂ” Naujoji g. 120,В Alytus
      95 benzinas: 1.729 в‚¬/L в†’ 1.747 в‚¬/L
      Dyzelinas: 2.004 в‚¬/L в†’ 1.909 в‚¬/L
      Dujos: 0.989 в‚¬/L в†’ 0.979 в‚¬/L
  ~ Circle K вЂ” SavanoriЕі pr. 321,В Kaunas
      95 benzinas: 1.719 в‚¬/L в†’ 1.763 в‚¬/L
      Dyzelinas: 1.999 в‚¬/L в†’ 1.950 в‚¬/L
  ~ Circle K вЂ” VeiveriЕі g. 49A,В Kaunas
      95 benzinas: 1.759 в‚¬/L в†’ 1.802 в‚¬/L
  ~ Circle K вЂ” Dubijos g. 20A,В Е iauliai
      95 benzinas: 1.759 в‚¬/L в†’ 1.747 в‚¬/L
      Dyzelinas: 1.949 в‚¬/L в†’ 1.921 в‚¬/L
  ~ Circle K вЂ” Talino g. 2B,В Vilnius
      95 benzinas: 1.759 в‚¬/L в†’ 1.798 в‚¬/L
      Dyzelinas: 1.989 в‚¬/L в†’ 1.949 в‚¬/L
  ~ Circle K вЂ” PramonД—s g. 17a,В Е iauliai
      Dyzelinas: 1.949 в‚¬/L в†’ 1.933 в‚¬/L
      Dujos: 0.929 в‚¬/L в†’ 0.919 в‚¬/L
  ~ Circle K вЂ” SabaliЕЎkiЕі g. 1F,В ElektrД—nai
      95 benzinas: 1.789 в‚¬/L в†’ 1.825 в‚¬/L
      Dyzelinas: 2.049 в‚¬/L в†’ 2.029 в‚¬/L
      Dujos: 0.969 в‚¬/L в†’ 0.959 в‚¬/L
  ~ Circle K вЂ” J. BasanaviДЌiaus g. 108a,В Utena
      95 benzinas: 1.739 в‚¬/L в†’ 1.761 в‚¬/L
      Dyzelinas: 1.949 в‚¬/L в†’ 1.929 в‚¬/L
  ~ Circle K вЂ” Baltijos Kelio g. 33, ЕЄtos k.
      95 benzinas: 1.729 в‚¬/L в†’ 1.760 в‚¬/L
      Dyzelinas: 1.999 в‚¬/L в†’ 1.919 в‚¬/L
  ~ Circle K вЂ” Kretingos g. 56,В Palanga
      95 benzinas: 1.799 в‚¬/L в†’ 1.811 в‚¬/L
      Dyzelinas: 2.069 в‚¬/L в†’ 2.059 в‚¬/L
  ~ Circle K вЂ” Minijos g. 90,В KlaipД—da
      95 benzinas: 1.709 в‚¬/L в†’ 1.756 в‚¬/L
      Dyzelinas: 1.959 в‚¬/L в†’ 1.930 в‚¬/L
  ~ Circle K вЂ” Taikos pr. 61B,В KlaipД—da
      95 benzinas: 1.709 в‚¬/L в†’ 1.756 в‚¬/L
      Dyzelinas: 1.959 в‚¬/L в†’ 1.930 в‚¬/L
  ~ Circle K вЂ” H. Manto g. 96,В KlaipД—da
      95 benzinas: 1.737 в‚¬/L в†’ 1.793 в‚¬/L
      Dyzelinas: 1.979 в‚¬/L в†’ 1.967 в‚¬/L
  ~ Circle K вЂ” Kauno g. 130,В MarijampolД—
      95 benzinas: 1.719 в‚¬/L в†’ 1.735 в‚¬/L
      Dyzelinas: 1.959 в‚¬/L в†’ 1.909 в‚¬/L
      Dujos: 0.994 в‚¬/L в†’ 0.959 в‚¬/L
  ~ Circle K вЂ” RЕ«tЕі g. 2B,В Alytus
      95 benzinas: 1.729 в‚¬/L в†’ 1.745 в‚¬/L
      Dyzelinas: 2.009 в‚¬/L в†’ 1.909 в‚¬/L
  ~ Circle K вЂ” M. K. ДЊiurlionio g. 113,В Druskininkai
      95 benzinas: 1.749 в‚¬/L в†’ 1.806 в‚¬/L
  ~ Circle K вЂ” J. BasanaviДЌiaus g. 63,В PanevД—Еѕys
      95 benzinas: 1.719 в‚¬/L в†’ 1.749 в‚¬/L
      Dyzelinas: 1.989 в‚¬/L в†’ 1.909 в‚¬/L
  ~ Circle K вЂ” Parko g. 7A,В PanevД—Еѕys
      95 benzinas: 1.719 в‚¬/L в†’ 1.741 в‚¬/L
      Dyzelinas: 1.979 в‚¬/L в†’ 1.949 в‚¬/L
      Dujos: 0.969 в‚¬/L в†’ 0.959 в‚¬/L
  ~ Circle K вЂ” Jono DailidД—s g. 10,В MarijampolД—
      95 benzinas: 1.689 в‚¬/L в†’ 1.705 в‚¬/L
      Dyzelinas: 1.939 в‚¬/L в†’ 1.889 в‚¬/L
  ~ Circle K вЂ” J. BasanaviДЌiaus g. 40a,В KД—dainiai
      95 benzinas: 1.719 в‚¬/L в†’ 1.769 в‚¬/L
      Dyzelinas: 1.969 в‚¬/L в†’ 1.956 в‚¬/L
  ~ Circle K вЂ” EЕѕero g. 7, KurД—nЕі k.
      95 benzinas: 1.819 в‚¬/L в†’ 1.829 в‚¬/L
  ~ Circle K вЂ” LuokД—s g. 70,В TelЕЎiai
      95 benzinas: 1.739 в‚¬/L в†’ 1.754 в‚¬/L
      Dyzelinas: 2.029 в‚¬/L в†’ 1.989 в‚¬/L
      Dujos: 0.939 в‚¬/L в†’ 0.929 в‚¬/L
  ~ Circle K вЂ” CintjoniЕЎkiЕі g. 15,В Е ilutД—
      95 benzinas: 1.749 в‚¬/L в†’ 1.748 в‚¬/L
      Dyzelinas: 2.004 в‚¬/L в†’ 1.964 в‚¬/L
  ~ Circle K вЂ” SavanoriЕі g. 5,В VarД—na
      95 benzinas: 1.719 в‚¬/L в†’ 1.781 в‚¬/L
      Dyzelinas: 1.939 в‚¬/L в†’ 1.944 в‚¬/L
      Dujos: 0.989 в‚¬/L в†’ 0.979 в‚¬/L
  ~ Circle K вЂ” ЕЅemaitijos g. 57,В MaЕѕeikiai
      95 benzinas: 1.719 в‚¬/L в†’ 1.776 в‚¬/L
      Dujos: 0.939 в‚¬/L в†’ 0.929 в‚¬/L
  ~ Circle K вЂ” Sidabros g. 2A, SatkЕ«nЕі k.
      Dujos: 0.909 в‚¬/L в†’ 0.939 в‚¬/L
  ~ Circle K вЂ” Vasario 16-osios g. 33,В Jonava
      95 benzinas: 1.749 в‚¬/L в†’ 1.739 в‚¬/L
      Dyzelinas: 2.039 в‚¬/L в†’ 1.979 в‚¬/L
      Dujos: 0.989 в‚¬/L в†’ 0.979 в‚¬/L
  ~ Circle K вЂ” GeleЕѕinio Vilko g. 39,В Vilnius
      95 benzinas: 1.739 в‚¬/L в†’ 1.750 в‚¬/L
      Dyzelinas: 1.999 в‚¬/L в†’ 1.925 в‚¬/L
  ~ Circle K вЂ” PrЕ«sЕі g. 26 A,В Vilnius
      95 benzinas: 1.799 в‚¬/L в†’ 1.789 в‚¬/L
      Dyzelinas: 2.019 в‚¬/L в†’ 1.979 в‚¬/L
  ~ Circle K вЂ” Gedimino g. 42B,В RadviliЕЎkis
      95 benzinas: 1.729 в‚¬/L в†’ 1.736 в‚¬/L
      Dyzelinas: 2.029 в‚¬/L в†’ 1.910 в‚¬/L
  ~ Circle K вЂ” Gedimino g. 47,В TauragД—
      95 benzinas: 1.719 в‚¬/L в†’ 1.769 в‚¬/L
      Dyzelinas: 1.979 в‚¬/L в†’ 1.934 в‚¬/L
      Dujos: 0.939 в‚¬/L в†’ 0.929 в‚¬/L
  ~ Circle K вЂ” PanevД—Еѕio aplinkl. 20, Е ilagalio k.
      95 benzinas: 1.709 в‚¬/L в†’ 1.740 в‚¬/L
      Dyzelinas: 1.999 в‚¬/L в†’ 1.919 в‚¬/L
  ~ Circle K вЂ” Vakarinis aplinkkelis 10,В Kaunas
      95 benzinas: 1.724 в‚¬/L в†’ 1.766 в‚¬/L
      Dyzelinas: 1.959 в‚¬/L в†’ 1.977 в‚¬/L
  ~ Circle K вЂ” ЕЅemaiДЌiЕі pl. 19,В Kaunas
      95 benzinas: 1.719 в‚¬/L в†’ 1.728 в‚¬/L
      Dyzelinas: 1.969 в‚¬/L в†’ 1.909 в‚¬/L
  ~ Circle K вЂ” Dvaro g. 3, KoЕЎiЕі II k.
      95 benzinas: 1.819 в‚¬/L в†’ 1.809 в‚¬/L
  ~ Circle K вЂ” Vilniaus pl. 21, JakЕі k.
      Dyzelinas: 2.089 в‚¬/L в†’ 2.069 в‚¬/L
      Dujos: 0.990 в‚¬/L в†’ 0.940 в‚¬/L
  ~ Circle K вЂ” GeleЕѕinio Vilko g. 24,В Vilnius
      95 benzinas: 1.729 в‚¬/L в†’ 1.739 в‚¬/L
      Dyzelinas: 1.939 в‚¬/L в†’ 1.926 в‚¬/L
  ~ Circle K вЂ” Taikos pr. 52A,В Kaunas
      95 benzinas: 1.739 в‚¬/L в†’ 1.742 в‚¬/L
      Dyzelinas: 2.029 в‚¬/L в†’ 1.929 в‚¬/L
  ~ Circle K вЂ” KiluДЌiЕі g. 93,В BirЕѕai
      Dyzelinas: 2.074 в‚¬/L в†’ 2.054 в‚¬/L
      Dujos: 0.969 в‚¬/L в†’ 0.960 в‚¬/L
  ~ Circle K вЂ” Karaliaus Mindaugo pr. 34A,В Kaunas
      95 benzinas: 1.779 в‚¬/L в†’ 1.822 в‚¬/L
  ~ Circle K вЂ” DidЕѕiulio g. 5, DД—deliЕЎkiЕі k.
      95 benzinas: 1.819 в‚¬/L в†’ 1.829 в‚¬/L
  ~ Circle K вЂ” J. BasanaviДЌiaus g. 3,В Utena
      95 benzinas: 1.729 в‚¬/L в†’ 1.750 в‚¬/L
      Dyzelinas: 1.929 в‚¬/L в†’ 1.919 в‚¬/L
      Dujos: 0.964 в‚¬/L в†’ 0.984 в‚¬/L
  ~ Circle K вЂ” NekrЕ«nЕі k. 1
      Dyzelinas: 2.099 в‚¬/L в†’ 2.069 в‚¬/L
  ~ Circle K вЂ” VilkaviЕЎkio g. 10, SerdokЕі k.
      Dyzelinas: 2.099 в‚¬/L в†’ 2.079 в‚¬/L
  ~ Circle K вЂ” Taikos pr. 112A,В KlaipД—da
      95 benzinas: 1.745 в‚¬/L в†’ 1.735 в‚¬/L
      Dyzelinas: 2.025 в‚¬/L в†’ 2.005 в‚¬/L
  ~ Circle K вЂ” Vilniaus pl. 1A,В KlaipД—da
      95 benzinas: 1.709 в‚¬/L в†’ 1.751 в‚¬/L
      Dyzelinas: 1.934 в‚¬/L в†’ 1.913 в‚¬/L
  ~ Circle K вЂ” PikeliЕі k. 1
      95 benzinas: 1.819 в‚¬/L в†’ 1.809 в‚¬/L
  ~ Circle K вЂ” Europos g. 13a,В Salaperaugio k.
      95 benzinas: 1.819 в‚¬/L в†’ 1.829 в‚¬/L
  ~ Circle K вЂ” MuitinД—s g. 5B,В Brazavo k.
      95 benzinas: 1.819 в‚¬/L в†’ 1.829 в‚¬/L
  ~ Circle K вЂ” Vilniaus g. 62,В Е iauliai
      95 benzinas: 1.729 в‚¬/L в†’ 1.717 в‚¬/L
      Dyzelinas: 1.919 в‚¬/L в†’ 1.891 в‚¬/L
  ~ Circle K вЂ” R. Kalantos g. 68,В Kaunas
      95 benzinas: 1.719 в‚¬/L в†’ 1.736 в‚¬/L
      Dyzelinas: 1.999 в‚¬/L в†’ 1.899 в‚¬/L
  ~ Circle K вЂ” VarniЕі g. 46,В Kaunas
      95 benzinas: 1.679 в‚¬/L в†’ 1.715 в‚¬/L
      Dyzelinas: 1.969 в‚¬/L в†’ 1.878 в‚¬/L
  ~ Circle K вЂ” Oslo g. 12,В Vilnius
      95 benzinas: 1.739 в‚¬/L в†’ 1.752 в‚¬/L
      Dyzelinas: 1.959 в‚¬/L в†’ 1.963 в‚¬/L
  ~ Circle K вЂ” Dariaus ir GirД—no g. 83A,В TauragД—
      95 benzinas: 1.679 в‚¬/L в†’ 1.729 в‚¬/L
      Dyzelinas: 1.949 в‚¬/L в†’ 1.904 в‚¬/L
  ~ Circle K вЂ” Islandijos pl. 32,В Kaunas
      95 benzinas: 1.729 в‚¬/L в†’ 1.746 в‚¬/L
      Dyzelinas: 1.979 в‚¬/L в†’ 1.921 в‚¬/L
  ~ Circle K вЂ” SavanoriЕі pr. 118,В Vilnius
      95 benzinas: 1.719 в‚¬/L в†’ 1.774 в‚¬/L
      Dyzelinas: 1.979 в‚¬/L в†’ 1.937 в‚¬/L
  ~ Circle K вЂ” P. ЕЅadeikos g. 1a,В Vilnius
      95 benzinas: 1.749 в‚¬/L в†’ 1.764 в‚¬/L
      Dyzelinas: 2.019 в‚¬/L в†’ 1.929 в‚¬/L
      Dujos: 0.989 в‚¬/L в†’ 0.979 в‚¬/L
  ~ Circle K вЂ” SavanoriЕі pr. 119A,В Vilnius
      95 benzinas: 1.719 в‚¬/L в†’ 1.774 в‚¬/L
      Dyzelinas: 1.979 в‚¬/L в†’ 1.937 в‚¬/L
  ~ Circle K вЂ” KareiviЕі g. 3,В Vilnius
      95 benzinas: 1.709 в‚¬/L в†’ 1.726 в‚¬/L
      Dyzelinas: 1.974 в‚¬/L в†’ 1.902 в‚¬/L
  ~ Circle K вЂ” GeleЕѕinio Vilko g. 4,В Vilnius
      95 benzinas: 1.739 в‚¬/L в†’ 1.750 в‚¬/L
      Dyzelinas: 1.999 в‚¬/L в†’ 1.925 в‚¬/L
  ~ Circle K вЂ” GariЕ«nЕі g. 45,В Vilnius
      95 benzinas: 1.749 в‚¬/L в†’ 1.762 в‚¬/L
      Dyzelinas: 1.969 в‚¬/L в†’ 1.973 в‚¬/L
  ~ Circle K вЂ” SavanoriЕі pr. 404B,В Kaunas
      95 benzinas: 1.729 в‚¬/L в†’ 1.728 в‚¬/L
      Dyzelinas: 1.949 в‚¬/L в†’ 1.919 в‚¬/L
      Dujos: 0.979 в‚¬/L в†’ 0.969 в‚¬/L
  ~ Circle K вЂ” TvirtovД—s alД—ja 33a,В Kaunas
      95 benzinas: 1.719 в‚¬/L в†’ 1.729 в‚¬/L
      Dyzelinas: 2.009 в‚¬/L в†’ 1.928 в‚¬/L
  ~ Circle K вЂ” SukilД—liЕі pr. 120,В Kaunas
      95 benzinas: 1.719 в‚¬/L в†’ 1.725 в‚¬/L
      Dyzelinas: 2.019 в‚¬/L в†’ 1.899 в‚¬/L
  ~ Circle K вЂ” K. BarЕЎausko g. 57,В Kaunas
      95 benzinas: 1.749 в‚¬/L в†’ 1.726 в‚¬/L
      Dyzelinas: 2.029 в‚¬/L в†’ 1.929 в‚¬/L
  ~ Circle K вЂ” Jonavos g. 38,В Kaunas
      95 benzinas: 1.749 в‚¬/L в†’ 1.753 в‚¬/L
      Dyzelinas: 2.019 в‚¬/L в†’ 1.939 в‚¬/L
  ~ Circle K вЂ” TilЕѕД—s g. 25,В Е iauliai
      95 benzinas: 1.749 в‚¬/L в†’ 1.727 в‚¬/L
      Dyzelinas: 1.939 в‚¬/L в†’ 1.901 в‚¬/L
  ~ Circle K вЂ” TilЕѕД—s g. 56A,В KlaipД—da
      95 benzinas: 1.699 в‚¬/L в†’ 1.730 в‚¬/L
      Dyzelinas: 1.899 в‚¬/L в†’ 1.891 в‚¬/L
      Dujos: 0.929 в‚¬/L в†’ 0.919 в‚¬/L
  ~ Circle K вЂ” JЕ«rininkЕі pr. 31,В KlaipД—da
      95 benzinas: 1.709 в‚¬/L в†’ 1.728 в‚¬/L
  ~ Circle K вЂ” Sausio 15-osios g. 2,В KlaipД—da
      95 benzinas: 1.719 в‚¬/L в†’ 1.750 в‚¬/L
      Dyzelinas: 1.919 в‚¬/L в†’ 1.911 в‚¬/L
  ~ Circle K вЂ” KlaipД—dos g. 92A,В PanevД—Еѕys
      95 benzinas: 1.699 в‚¬/L в†’ 1.721 в‚¬/L
      Dyzelinas: 1.959 в‚¬/L в†’ 1.929 в‚¬/L
  ~ Circle K вЂ” MolД—tЕі g. 15, DidЕѕiosios RieЕЎД—s k.
      95 benzinas: 1.719 в‚¬/L в†’ 1.728 в‚¬/L
      Dyzelinas: 1.929 в‚¬/L в†’ 1.915 в‚¬/L
  ~ GelvybД— вЂ” Aristavos g. 4, Aristava
      95 benzinas: 1.680 в‚¬/L в†’ 1.679 в‚¬/L
      Dyzelinas: 2.010 в‚¬/L в†’ 1.979 в‚¬/L
  ~ GelvybД— вЂ” MarijampolД—s g. 8, RЕ«dos k.
      95 benzinas: 1.690 в‚¬/L в†’ 1.679 в‚¬/L
      Dyzelinas: 2.010 в‚¬/L в†’ 1.979 в‚¬/L
  ~ Jozita вЂ” Е oliЕі k., Pietinio Kelio g. 9
      95 benzinas: 1.650 в‚¬/L в†’ 1.750 в‚¬/L
      Dyzelinas: 1.830 в‚¬/L в†’ 1.950 в‚¬/L
  ~ Jozita вЂ” Vilnius, UkmergД—s g. 130
      95 benzinas: 1.650 в‚¬/L в†’ 1.750 в‚¬/L
      Dyzelinas: 1.830 в‚¬/L в†’ 1.950 в‚¬/L
  ~ Jozita вЂ” Vilnius, Parko g. 64
      95 benzinas: 1.650 в‚¬/L в†’ 1.750 в‚¬/L
      Dyzelinas: 1.830 в‚¬/L в†’ 1.950 в‚¬/L
  ~ Jozita вЂ” Vilnius, PramonД—s g. 18
      95 benzinas: 1.650 в‚¬/L в†’ 1.750 в‚¬/L
      Dyzelinas: 1.830 в‚¬/L в†’ 1.950 в‚¬/L
  ~ Jozita вЂ” Rudamina, JaЕЎiЕ«nЕі g. 2
      95 benzinas: 1.650 в‚¬/L в†’ 1.750 в‚¬/L
      Dyzelinas: 1.830 в‚¬/L в†’ 1.950 в‚¬/L
  ~ Jozita вЂ” Kaunas, KurЕЎiЕі 13A
      95 benzinas: 1.650 в‚¬/L в†’ 1.750 в‚¬/L
      Dyzelinas: 1.830 в‚¬/L в†’ 1.950 в‚¬/L
  ~ Jozita вЂ” Kaunas, Jonavos g. 51
      95 benzinas: 1.650 в‚¬/L в†’ 1.750 в‚¬/L
      Dyzelinas: 1.830 в‚¬/L в†’ 1.950 в‚¬/L
  ~ Jozita вЂ” Kaunas, Betygalos g. 8
      95 benzinas: 1.650 в‚¬/L в†’ 1.750 в‚¬/L
      Dyzelinas: 1.830 в‚¬/L в†’ 1.950 в‚¬/L
  ~ Jozita вЂ” Kaunas, BaltЕі pr. 141A
      95 benzinas: 1.650 в‚¬/L в†’ 1.750 в‚¬/L
      Dyzelinas: 1.830 в‚¬/L в†’ 1.950 в‚¬/L
  ~ Jozita вЂ” Kaunas, PartizanЕі g. 87G
      95 benzinas: 1.650 в‚¬/L в†’ 1.750 в‚¬/L
      Dyzelinas: 1.830 в‚¬/L в†’ 1.950 в‚¬/L
  ~ Jozita вЂ” Garliava, Vytauto g. 111A
      95 benzinas: 1.650 в‚¬/L в†’ 1.750 в‚¬/L
      Dyzelinas: 1.830 в‚¬/L в†’ 1.950 в‚¬/L
  ~ Jozita вЂ” RamuДЌiai, K. Bielinio g. 2A
      95 benzinas: 1.650 в‚¬/L в†’ 1.750 в‚¬/L
      Dyzelinas: 1.830 в‚¬/L в†’ 1.950 в‚¬/L
  ~ Jozita вЂ” KlipЕЎДЌiЕі k., Е ileliЕі g.1
      95 benzinas: 1.650 в‚¬/L в†’ 1.750 в‚¬/L
      Dyzelinas: 1.830 в‚¬/L в†’ 1.950 в‚¬/L
  ~ Jozita вЂ” KlaipД—da, Taikos pr. 157
      95 benzinas: 1.610 в‚¬/L в†’ 1.750 в‚¬/L
      Dyzelinas: 1.830 в‚¬/L в†’ 1.950 в‚¬/L
  ~ Jozita вЂ” GargЕѕdai, Gamyklos g. 1
      95 benzinas: 1.610 в‚¬/L в†’ 1.650 в‚¬/L
      Dyzelinas: 1.830 в‚¬/L в†’ 1.860 в‚¬/L
  ~ Jozita вЂ” TrepkalniЕі k., Mokyklos g. 2
      95 benzinas: 1.650 в‚¬/L в†’ 1.750 в‚¬/L
      Dyzelinas: 1.830 в‚¬/L в†’ 1.950 в‚¬/L
  ~ Jozita вЂ” Е iauliai, ArchitektЕі g. 80
      95 benzinas: 1.650 в‚¬/L в†’ 1.750 в‚¬/L
      Dyzelinas: 1.830 в‚¬/L в†’ 1.950 в‚¬/L
  ~ Jozita вЂ” Е iauliai, GiruliЕі g. 1
      95 benzinas: 1.650 в‚¬/L в†’ 1.750 в‚¬/L
      Dyzelinas: 1.830 в‚¬/L в†’ 1.950 в‚¬/L
  ~ Jozita вЂ” TolioДЌiai, Plento g. 2B
      95 benzinas: 1.650 в‚¬/L в†’ 1.750 в‚¬/L
      Dyzelinas: 1.830 в‚¬/L в†’ 1.950 в‚¬/L
  ~ Jozita вЂ” KelmД—, V.Putvinskio g. 37
      95 benzinas: 1.610 в‚¬/L в†’ 1.750 в‚¬/L
      Dyzelinas: 1.830 в‚¬/L в†’ 1.950 в‚¬/L
  ~ Jozita вЂ” Raseiniai, Maironio g. 78b
      95 benzinas: 1.650 в‚¬/L в†’ 1.750 в‚¬/L
      Dyzelinas: 1.830 в‚¬/L в†’ 1.950 в‚¬/L
  ~ Jozita вЂ” KuosiЕЎkiЕі k. 4
      95 benzinas: 1.610 в‚¬/L в†’ 1.640 в‚¬/L
      Dyzelinas: 1.830 в‚¬/L в†’ 1.870 в‚¬/L
  ~ Jozita вЂ” TraksД—dЕѕiЕі k., KlaipД—dos. 1
      95 benzinas: 1.650 в‚¬/L в†’ 1.750 в‚¬/L
      Dyzelinas: 1.830 в‚¬/L в†’ 1.950 в‚¬/L
  ~ Jozita вЂ” Varkaliai, ЕЅemaiДЌiЕі g. 2A
      95 benzinas: 1.650 в‚¬/L в†’ 1.750 в‚¬/L
      Dyzelinas: 1.830 в‚¬/L в†’ 1.950 в‚¬/L
  ~ Jozita вЂ” PapuЕЎynД—s k, Е ilalД—s g. 105
      95 benzinas: 1.650 в‚¬/L в†’ 1.750 в‚¬/L
      Dyzelinas: 1.830 в‚¬/L в†’ 1.950 в‚¬/L
  ~ Jozita вЂ” PanevД—Еѕys, S. KerbedЕѕio g. 7F
      95 benzinas: 1.610 в‚¬/L в†’ 1.750 в‚¬/L
      Dyzelinas: 1.830 в‚¬/L в†’ 1.950 в‚¬/L
  ~ Eniris вЂ” Alytaus pl. 2, MardosЕі k.
      Dyzelinas: 2.040 в‚¬/L в†’ 1.950 в‚¬/L
      Dujos: 0.960 в‚¬/L в†’ 0.970 в‚¬/L
  ~ Eniris вЂ” Puttvinskio g. 29, KelmД—
      95 benzinas: 1.659 в‚¬/L в†’ 1.639 в‚¬/L
      Dyzelinas: 1.909 в‚¬/L в†’ 1.889 в‚¬/L
  ~ Eniris вЂ” ParЕЎeЕѕerio g.1, VabalЕі k.
      95 benzinas: 1.730 в‚¬/L в†’ 1.700 в‚¬/L
      Dyzelinas: 1.960 в‚¬/L в†’ 1.950 в‚¬/L
  ~ Eniris вЂ” KlaipД—dos g. 6b, PagД—giai
      95 benzinas: 1.750 в‚¬/L в†’ 1.690 в‚¬/L
      Dyzelinas: 2.080 в‚¬/L в†’ 1.990 в‚¬/L
  ~ Eniris вЂ” TelЕЎiЕі g. 2 b, RainiЕі k.
      Dyzelinas: 1.990 в‚¬/L в†’ 1.970 в‚¬/L
  ~ Eniris вЂ” Adakavo g. 1, SkaudvilД—
      Dyzelinas: 2.080 в‚¬/L в†’ 1.990 в‚¬/L
  ~ Eniris вЂ” Rytinio Kelio g. 2a, Е ilalД—
      Dyzelinas: 1.920 в‚¬/L в†’ 1.910 в‚¬/L
  ~ Eniris вЂ” MaЕѕeikiЕі g. 1, TelЕЎiai
      95 benzinas: 1.750 в‚¬/L в†’ 1.730 в‚¬/L
      Dyzelinas: 2.040 в‚¬/L в†’ 1.970 в‚¬/L
  ~ Eniris вЂ” KlaipД—dos g. 76, ЕЅemaiДЌiЕі Naumiestis
      Dyzelinas: 2.010 в‚¬/L в†’ 1.980 в‚¬/L
  ~ Eniris вЂ” BaДЌkoniЕі k., PastrД—vio g. 1A,
      95 benzinas: 1.699 в‚¬/L в†’ 1.689 в‚¬/L
      Dyzelinas: 1.999 в‚¬/L в†’ 1.989 в‚¬/L
  ~ Eniris вЂ” LaiЕѕuvos g. 82 d, MaЕѕeikiai,
      Dyzelinas: 1.949 в‚¬/L в†’ 1.879 в‚¬/L
  ~ Eniris вЂ” Skuodo g. 7, StripiniЕі k.
      Dyzelinas: 2.029 в‚¬/L в†’ 1.999 в‚¬/L
  ~ Eniris вЂ” Alytaus g. 59, Krosnos k.
      Dyzelinas: 2.029 в‚¬/L в†’ 1.999 в‚¬/L
  ~ Eniris вЂ” ЕЅemaitД—s g. 52, UЕѕventis
      Dyzelinas: 1.900 в‚¬/L в†’ 1.890 в‚¬/L
  ~ Eniris вЂ” RuoЕЎДЌiЕі k. 1
      Dyzelinas: 1.984 в‚¬/L в†’ 1.974 в‚¬/L
  ~ Eniris вЂ” SkabeikiЕі k. 4
      Dyzelinas: 2.029 в‚¬/L в†’ 1.999 в‚¬/L
  ~ Eniris вЂ” KalnuotД—s 1 k.
      95 benzinas: 1.679 в‚¬/L в†’ 1.659 в‚¬/L
      Dyzelinas: 1.999 в‚¬/L в†’ 1.879 в‚¬/L
  ~ Eniris вЂ” BerЕѕЕі g. 24/DrД…siЕіjЕі 7, TryЕЎkiai
      Dyzelinas: 2.050 в‚¬/L в†’ 1.970 в‚¬/L
  ~ Naftrus вЂ” PievЕі g. 17, Slabados k.
      Dyzelinas: 1.920 в‚¬/L в†’ 1.850 в‚¬/L
  ~ Naftrus вЂ” Vilniaus g. 3B, Raseiniai
      95 benzinas: 1.630 в‚¬/L в†’ 1.670 в‚¬/L
      Dyzelinas: 1.849 в‚¬/L в†’ 1.909 в‚¬/L
  ~ Narjanta вЂ” KikoniЕі g. 10, Aleksandrijos k.
      Dyzelinas: 2.059 в‚¬/L в†’ 1.999 в‚¬/L
  ~ Narjanta вЂ” PumpuДЌiЕі g. 25, PumpuДЌiai
      Dyzelinas: 2.059 в‚¬/L в†’ 1.999 в‚¬/L
  ~ Narjanta вЂ” SausalaukД—s k. 2
      95 benzinas: 1.769 в‚¬/L в†’ 1.739 в‚¬/L
      Dyzelinas: 2.029 в‚¬/L в†’ 1.989 в‚¬/L
  ~ Neste Lietuva вЂ” ServeДЌД—s g. 2, Vilnius
      95 benzinas: 1.709 в‚¬/L в†’ 1.699 в‚¬/L
      Dyzelinas: 1.929 в‚¬/L в†’ 1.889 в‚¬/L
  ~ Neste Lietuva вЂ” UkmergД—s g. 296, Vilnius
      95 benzinas: 1.699 в‚¬/L в†’ 1.674 в‚¬/L
      Dyzelinas: 1.939 в‚¬/L в†’ 1.894 в‚¬/L
  ~ Neste Lietuva вЂ” Talino g. 2C, Vilnius
      95 benzinas: 1.719 в‚¬/L в†’ 1.694 в‚¬/L
      Dyzelinas: 1.949 в‚¬/L в†’ 1.884 в‚¬/L
  ~ Neste Lietuva вЂ” Erfurto g. 41, Vilnius
      95 benzinas: 1.699 в‚¬/L в†’ 1.689 в‚¬/L
      Dyzelinas: 1.919 в‚¬/L в†’ 1.889 в‚¬/L
  ~ Neste Lietuva вЂ” GeleЕѕinio Vilko g. 63, Vilnius
      95 benzinas: 1.699 в‚¬/L в†’ 1.674 в‚¬/L
      Dyzelinas: 1.909 в‚¬/L в†’ 1.869 в‚¬/L
  ~ Neste Lietuva вЂ” S. StaneviДЌiaus g. 3, Vilnius
      95 benzinas: 1.694 в‚¬/L в†’ 1.689 в‚¬/L
      Dyzelinas: 1.929 в‚¬/L в†’ 1.869 в‚¬/L
  ~ Neste Lietuva вЂ” ЕЅirmЕ«nЕі g. 68B, Vilnius
      95 benzinas: 1.699 в‚¬/L в†’ 1.674 в‚¬/L
      Dyzelinas: 1.904 в‚¬/L в†’ 1.859 в‚¬/L
  ~ Neste Lietuva вЂ” Rygos g. 2, Vilnius
      95 benzinas: 1.699 в‚¬/L в†’ 1.684 в‚¬/L
      Dyzelinas: 1.939 в‚¬/L в†’ 1.889 в‚¬/L
  ~ Neste Lietuva вЂ” SavanoriЕі pr. 220A, Vilnius
      95 benzinas: 1.699 в‚¬/L в†’ 1.669 в‚¬/L
      Dyzelinas: 1.939 в‚¬/L в†’ 1.879 в‚¬/L
  ~ Neste Lietuva вЂ” ParodЕі g. 1A, Vilnius
      95 benzinas: 1.719 в‚¬/L в†’ 1.714 в‚¬/L
      Dyzelinas: 1.959 в‚¬/L в†’ 1.914 в‚¬/L
  ~ Neste Lietuva вЂ” Kauno g. 26, Vilnius
      95 benzinas: 1.734 в‚¬/L в†’ 1.699 в‚¬/L
      Dyzelinas: 1.999 в‚¬/L в†’ 1.929 в‚¬/L
  ~ Neste Lietuva вЂ” SavanoriЕі pr. 187, Vilnius
      95 benzinas: 1.699 в‚¬/L в†’ 1.694 в‚¬/L
      Dyzelinas: 1.939 в‚¬/L в†’ 1.879 в‚¬/L
  ~ Neste Lietuva вЂ” KedrЕі g. 2, Vilnius
      95 benzinas: 1.759 в‚¬/L в†’ 1.719 в‚¬/L
      Dyzelinas: 2.019 в‚¬/L в†’ 1.939 в‚¬/L
  ~ Neste Lietuva вЂ” MolД—tЕі pl. 8, Vilnius
      95 benzinas: 1.689 в‚¬/L в†’ 1.654 в‚¬/L
      Dyzelinas: 1.899 в‚¬/L в†’ 1.859 в‚¬/L
  ~ Neste Lietuva вЂ” P. LukЕЎio g. 22, Vilnius
      95 benzinas: 1.689 в‚¬/L в†’ 1.664 в‚¬/L
      Dyzelinas: 1.899 в‚¬/L в†’ 1.854 в‚¬/L
  ~ Neste Lietuva вЂ” ЕЅirmЕ«nЕі g. 54C, Vilnius
      95 benzinas: 1.699 в‚¬/L в†’ 1.679 в‚¬/L
      Dyzelinas: 1.904 в‚¬/L в†’ 1.869 в‚¬/L
  ~ Neste Lietuva вЂ” SubaДЌiaus g. 64, Vilnius
      95 benzinas: 1.719 в‚¬/L в†’ 1.689 в‚¬/L
      Dyzelinas: 1.979 в‚¬/L в†’ 1.899 в‚¬/L
  ~ Neste Lietuva вЂ” Dariaus ir GirД—no g. 17, Vilnius
      95 benzinas: 1.739 в‚¬/L в†’ 1.719 в‚¬/L
      Dyzelinas: 1.979 в‚¬/L в†’ 1.899 в‚¬/L
  ~ Neste Lietuva вЂ” ArchitektЕі g. 130, Vilnius
      95 benzinas: 1.734 в‚¬/L в†’ 1.714 в‚¬/L
      Dyzelinas: 1.994 в‚¬/L в†’ 1.899 в‚¬/L
  ~ Neste Lietuva вЂ” JustiniЕЎkiЕі g. 14B, Vilnius
      95 benzinas: 1.699 в‚¬/L в†’ 1.684 в‚¬/L
      Dyzelinas: 1.939 в‚¬/L в†’ 1.889 в‚¬/L
  ~ Neste Lietuva вЂ” GeleЕѕinio Vilko g. 37A, Vilnius
      95 benzinas: 1.719 в‚¬/L в†’ 1.694 в‚¬/L
      Dyzelinas: 1.979 в‚¬/L в†’ 1.894 в‚¬/L
  ~ Neste Lietuva вЂ” PilaitД—s pr. 27, Vilnius
      95 benzinas: 1.689 в‚¬/L в†’ 1.659 в‚¬/L
      Dyzelinas: 1.889 в‚¬/L в†’ 1.869 в‚¬/L
  ~ Neste Lietuva вЂ” ЕЅirniЕі g. 17, Vilnius
      95 benzinas: 1.729 в‚¬/L в†’ 1.704 в‚¬/L
      Dyzelinas: 1.989 в‚¬/L в†’ 1.899 в‚¬/L
  ~ Neste Lietuva вЂ” J. TiЕЎkeviДЌiaus g. 19, Vilnius
      95 benzinas: 1.714 в‚¬/L в†’ 1.699 в‚¬/L
      Dyzelinas: 1.954 в‚¬/L в†’ 1.919 в‚¬/L
  ~ Neste Lietuva вЂ” EiЕЎiЕЎkiЕі pl. 82, Vilnius
      95 benzinas: 1.729 в‚¬/L в†’ 1.694 в‚¬/L
      Dyzelinas: 1.969 в‚¬/L в†’ 1.899 в‚¬/L
  ~ Neste Lietuva вЂ” GariЕ«nЕі g. 55, Vilnius
      95 benzinas: 1.729 в‚¬/L в†’ 1.699 в‚¬/L
      Dyzelinas: 1.949 в‚¬/L в†’ 1.884 в‚¬/L
  ~ Neste Lietuva вЂ” PaneriЕі g. 42, Vilnius
      95 benzinas: 1.729 в‚¬/L в†’ 1.689 в‚¬/L
      Dyzelinas: 1.979 в‚¬/L в†’ 1.899 в‚¬/L
  ~ Neste Lietuva вЂ” GeleЕѕinio Vilko g. 41, Vilnius
      95 benzinas: 1.729 в‚¬/L в†’ 1.694 в‚¬/L
      Dyzelinas: 1.999 в‚¬/L в†’ 1.894 в‚¬/L
  ~ Neste Lietuva вЂ” PramonД—s pr. 6A, Kaunas
      95 benzinas: 1.739 в‚¬/L в†’ 1.694 в‚¬/L
      Dyzelinas: 1.929 в‚¬/L в†’ 1.899 в‚¬/L
  ~ Neste Lietuva вЂ” Jonavos g. 110, Kaunas
      95 benzinas: 1.669 в‚¬/L в†’ 1.649 в‚¬/L
      Dyzelinas: 1.899 в‚¬/L в†’ 1.859 в‚¬/L
  ~ Neste Lietuva вЂ” VeiveriЕі g. 132D, Kaunas
      95 benzinas: 1.714 в‚¬/L в†’ 1.699 в‚¬/L
      Dyzelinas: 1.979 в‚¬/L в†’ 1.929 в‚¬/L
  ~ Neste Lietuva вЂ” ЕЅemaiДЌiЕі pl. 26, Kaunas
      95 benzinas: 1.699 в‚¬/L в†’ 1.669 в‚¬/L
      Dyzelinas: 1.949 в‚¬/L в†’ 1.874 в‚¬/L
  ~ Neste Lietuva вЂ” R. Kalantos g. 27, Kaunas
      95 benzinas: 1.734 в‚¬/L в†’ 1.704 в‚¬/L
      Dyzelinas: 1.919 в‚¬/L в†’ 1.889 в‚¬/L
  ~ Neste Lietuva вЂ” Ateities pl. 50B, Kaunas
      95 benzinas: 1.664 в‚¬/L в†’ 1.649 в‚¬/L
      Dyzelinas: 1.884 в‚¬/L в†’ 1.869 в‚¬/L
  ~ Neste Lietuva вЂ” Taikos pr. 80A, Kaunas
      95 benzinas: 1.729 в‚¬/L в†’ 1.684 в‚¬/L
      Dyzelinas: 1.949 в‚¬/L в†’ 1.894 в‚¬/L
  ~ Neste Lietuva вЂ” BirЕѕelio 23-iosios g. 23A, Kaunas
      95 benzinas: 1.679 в‚¬/L в†’ 1.694 в‚¬/L
      Dyzelinas: 1.929 в‚¬/L в†’ 1.899 в‚¬/L
  ~ Neste Lietuva вЂ” Islandijos pl. 191E, Kaunas
      95 benzinas: 1.689 в‚¬/L в†’ 1.684 в‚¬/L
      Dyzelinas: 1.939 в‚¬/L в†’ 1.869 в‚¬/L
  ~ Neste Lietuva вЂ” Raudondvario pl. 103, Kaunas
      95 benzinas: 1.679 в‚¬/L в†’ 1.649 в‚¬/L
      Dyzelinas: 1.899 в‚¬/L в†’ 1.859 в‚¬/L
  ~ Neste Lietuva вЂ” KurЕЎiЕі g. 1, Kaunas
      95 benzinas: 1.669 в‚¬/L в†’ 1.664 в‚¬/L
      Dyzelinas: 1.919 в‚¬/L в†’ 1.854 в‚¬/L
  ~ Neste Lietuva вЂ” VijokliЕі g. 1C, RamuДЌiЕі k.
      Dyzelinas: 1.914 в‚¬/L в†’ 1.884 в‚¬/L
  ~ Neste Lietuva вЂ” Tunelio g. 26, Kaunas
      95 benzinas: 1.704 в‚¬/L в†’ 1.689 в‚¬/L
      Dyzelinas: 1.949 в‚¬/L в†’ 1.899 в‚¬/L
  ~ Neste Lietuva вЂ” VakarЕі g. 14, KumpiЕі k.
      95 benzinas: 1.684 в‚¬/L в†’ 1.689 в‚¬/L
      Dyzelinas: 1.909 в‚¬/L в†’ 1.899 в‚¬/L
  ~ Neste Lietuva вЂ” SavanoriЕі pr. 441C, Kaunas
      Dyzelinas: 1.899 в‚¬/L в†’ 1.879 в‚¬/L
  ~ Neste Lietuva вЂ” Vakarinis aplinkkelis 18, Kaunas
      95 benzinas: 1.689 в‚¬/L в†’ 1.704 в‚¬/L
      Dyzelinas: 1.924 в‚¬/L в†’ 1.884 в‚¬/L
  ~ Neste Lietuva вЂ” Europos pr. 43, Kaunas
      95 benzinas: 1.699 в‚¬/L в†’ 1.694 в‚¬/L
      Dyzelinas: 1.979 в‚¬/L в†’ 1.914 в‚¬/L
  ~ Neste Lietuva вЂ” Plieno g. 1, KlaipД—da
      95 benzinas: 1.679 в‚¬/L в†’ 1.659 в‚¬/L
      Dyzelinas: 1.899 в‚¬/L в†’ 1.859 в‚¬/L
  ~ Neste Lietuva вЂ” Е ilutД—s pl. 30, KlaipД—da
      Dyzelinas: 1.884 в‚¬/L в†’ 1.849 в‚¬/L
  ~ Neste Lietuva вЂ” Taikos pr. 60, KlaipД—da
      95 benzinas: 1.678 в‚¬/L в†’ 1.649 в‚¬/L
      Dyzelinas: 1.899 в‚¬/L в†’ 1.859 в‚¬/L
  ~ Neste Lietuva вЂ” Minijos g. 119, KlaipД—da
      95 benzinas: 1.688 в‚¬/L в†’ 1.659 в‚¬/L
      Dyzelinas: 1.919 в‚¬/L в†’ 1.869 в‚¬/L
  ~ Neste Lietuva вЂ” Artojo g. 2, KlaipД—da
      Dyzelinas: 1.879 в‚¬/L в†’ 1.849 в‚¬/L
  ~ Neste Lietuva вЂ” SmiltelД—s g. 17, KlaipД—da
      95 benzinas: 1.669 в‚¬/L в†’ 1.659 в‚¬/L
      Dyzelinas: 1.899 в‚¬/L в†’ 1.859 в‚¬/L
  ~ Neste Lietuva вЂ” Е ilutД—s pl. 5C, KlaipД—da
      95 benzinas: 1.659 в‚¬/L в†’ 1.644 в‚¬/L
      Dyzelinas: 1.869 в‚¬/L в†’ 1.849 в‚¬/L
  ~ Neste Lietuva вЂ” Vilniaus pl. 9, JakЕі k.
      95 benzinas: 1.708 в‚¬/L в†’ 1.679 в‚¬/L
      Dyzelinas: 1.969 в‚¬/L в†’ 1.919 в‚¬/L
  ~ Neste Lietuva вЂ” Sendvario g. 2, SudmantЕі k.
      95 benzinas: 1.709 в‚¬/L в†’ 1.659 в‚¬/L
      Dyzelinas: 1.929 в‚¬/L в†’ 1.869 в‚¬/L
  ~ Neste Lietuva вЂ” GeguЕѕiЕі g. 28, Е iauliai
      95 benzinas: 1.719 в‚¬/L в†’ 1.659 в‚¬/L
      Dyzelinas: 1.899 в‚¬/L в†’ 1.859 в‚¬/L
  ~ Neste Lietuva вЂ” TilЕѕД—s g. 72, Е iauliai
      95 benzinas: 1.724 в‚¬/L в†’ 1.659 в‚¬/L
      Dyzelinas: 1.904 в‚¬/L в†’ 1.859 в‚¬/L
  ~ Neste Lietuva вЂ” Dubijos g. 18A, Е iauliai
      95 benzinas: 1.719 в‚¬/L в†’ 1.664 в‚¬/L
      Dyzelinas: 1.919 в‚¬/L в†’ 1.859 в‚¬/L
  ~ Neste Lietuva вЂ” KlaipД—dos g. 81, PanevД—Еѕys
      95 benzinas: 1.669 в‚¬/L в†’ 1.668 в‚¬/L
      Dyzelinas: 1.959 в‚¬/L в†’ 1.899 в‚¬/L
  ~ Neste Lietuva вЂ” Ramygalos g. 145B, PanevД—Еѕys
      95 benzinas: 1.699 в‚¬/L в†’ 1.659 в‚¬/L
      Dyzelinas: 1.959 в‚¬/L в†’ 1.869 в‚¬/L
  ~ Neste Lietuva вЂ” KlaipД—dos g. 66,  PanevД—Еѕys
      95 benzinas: 1.699 в‚¬/L в†’ 1.668 в‚¬/L
      Dyzelinas: 1.959 в‚¬/L в†’ 1.894 в‚¬/L
  ~ Neste Lietuva вЂ” Д„ЕѕuolpamЕ«ЕЎio g. 1A, RauboniЕі k..
      95 benzinas: 1.699 в‚¬/L в†’ 1.674 в‚¬/L
      Dyzelinas: 1.979 в‚¬/L в†’ 1.899 в‚¬/L
  ~ Neste Lietuva вЂ” Margirio g. 1B, PanevД—Еѕys
      95 benzinas: 1.689 в‚¬/L в†’ 1.654 в‚¬/L
      Dyzelinas: 1.929 в‚¬/L в†’ 1.884 в‚¬/L
  ~ Neste Lietuva вЂ” KlaipД—dos g. 144B, PanevД—Еѕys
      95 benzinas: 1.719 в‚¬/L в†’ 1.673 в‚¬/L
      Dyzelinas: 1.959 в‚¬/L в†’ 1.899 в‚¬/L
  ~ Neste Lietuva вЂ” PanevД—Еѕio aplinkl. 7, Е ilagalio k.
      95 benzinas: 1.679 в‚¬/L в†’ 1.659 в‚¬/L
      Dyzelinas: 1.979 в‚¬/L в†’ 1.899 в‚¬/L
  ~ Neste Lietuva вЂ” PanevД—Еѕio aplinkl. 22, Е ilagalio k.
      95 benzinas: 1.679 в‚¬/L в†’ 1.649 в‚¬/L
      Dyzelinas: 1.969 в‚¬/L в†’ 1.889 в‚¬/L
  ~ Neste Lietuva вЂ” Santaikos g. 34A, Alytus
      95 benzinas: 1.699 в‚¬/L в†’ 1.659 в‚¬/L
      Dyzelinas: 1.889 в‚¬/L в†’ 1.879 в‚¬/L
  ~ Neste Lietuva вЂ” ЕЄdrijos g. 31, Alytus
      95 benzinas: 1.699 в‚¬/L в†’ 1.659 в‚¬/L
      Dyzelinas: 1.929 в‚¬/L в†’ 1.879 в‚¬/L
  ~ Neste Lietuva вЂ” Stoties g. 4C, MarijampolД—
      95 benzinas: 1.689 в‚¬/L в†’ 1.669 в‚¬/L
      Dyzelinas: 1.899 в‚¬/L в†’ 1.879 в‚¬/L
  ~ Neste Lietuva вЂ” VilkaviЕЎkio g. 61D, MarijampolД—
      95 benzinas: 1.694 в‚¬/L в†’ 1.664 в‚¬/L
      Dyzelinas: 1.929 в‚¬/L в†’ 1.874 в‚¬/L
  ~ Neste Lietuva вЂ” Europos g. 1, Salaperaugio k.
      95 benzinas: 1.729 в‚¬/L в†’ 1.699 в‚¬/L
      Dyzelinas: 1.929 в‚¬/L в†’ 1.909 в‚¬/L
  ~ Neste Lietuva вЂ” Europos g. 6, N.Valios k.
      Dyzelinas: 1.929 в‚¬/L в†’ 1.909 в‚¬/L
  ~ Neste Lietuva вЂ” M. DaukЕЎos g. 29, MaЕѕeikiai
      95 benzinas: 1.689 в‚¬/L в†’ 1.669 в‚¬/L
      Dyzelinas: 1.899 в‚¬/L в†’ 1.849 в‚¬/L
  ~ Neste Lietuva вЂ” KatyДЌiЕі k., Е ilalД—s r.
      95 benzinas: 1.719 в‚¬/L в†’ 1.679 в‚¬/L
      Dyzelinas: 1.979 в‚¬/L в†’ 1.939 в‚¬/L
  ~ Neste Lietuva вЂ” J. BasanaviДЌiaus g. 91E, KД—dainiai
      95 benzinas: 1.684 в‚¬/L в†’ 1.669 в‚¬/L
      Dyzelinas: 1.904 в‚¬/L в†’ 1.869 в‚¬/L
  ~ Neste Lietuva вЂ” Kauno g. 45B, UkmergД—
      95 benzinas: 1.699 в‚¬/L в†’ 1.674 в‚¬/L
      Dyzelinas: 1.919 в‚¬/L в†’ 1.864 в‚¬/L
  ~ Neste Lietuva вЂ” J. BasanaviДЌiaus g. 129, Utena
      95 benzinas: 1.699 в‚¬/L в†’ 1.684 в‚¬/L
      Dyzelinas: 1.899 в‚¬/L в†’ 1.874 в‚¬/L
  ~ Neste Lietuva вЂ” KupiЕЎkio g. 12, Utena
      95 benzinas: 1.694 в‚¬/L в†’ 1.669 в‚¬/L
      Dyzelinas: 1.894 в‚¬/L в†’ 1.859 в‚¬/L
  ~ Neste Lietuva вЂ” Aplinkkelio g. 165, MolД—tai
      95 benzinas: 1.699 в‚¬/L в†’ 1.664 в‚¬/L
      Dyzelinas: 1.939 в‚¬/L в†’ 1.879 в‚¬/L
  ~ Neste Lietuva вЂ” Vilniaus g. 94, PabradД—
      95 benzinas: 1.729 в‚¬/L в†’ 1.704 в‚¬/L
      Dyzelinas: 1.979 в‚¬/L в†’ 1.929 в‚¬/L
  ~ Neste Lietuva вЂ” Plento g. 7, GudЕѕioniЕі k.
      95 benzinas: 1.684 в‚¬/L в†’ 1.699 в‚¬/L
      Dyzelinas: 1.919 в‚¬/L в†’ 1.879 в‚¬/L
  ~ Neste Lietuva вЂ” VersmД—s g. 2, RadviliЕЎkis
      95 benzinas: 1.699 в‚¬/L в†’ 1.679 в‚¬/L
      Dyzelinas: 1.999 в‚¬/L в†’ 1.869 в‚¬/L
  ~ Neste Lietuva вЂ” PuЕЎyno g. 11, YliЕі k.
      95 benzinas: 1.739 в‚¬/L в†’ 1.699 в‚¬/L
      Dyzelinas: 1.999 в‚¬/L в†’ 1.959 в‚¬/L
  ~ Neste Lietuva вЂ” Dariaus ir GirД—no g. 130A, TauragД—
      95 benzinas: 1.679 в‚¬/L в†’ 1.669 в‚¬/L
      Dyzelinas: 1.929 в‚¬/L в†’ 1.869 в‚¬/L
  ~ Neste Lietuva вЂ” SabaliЕЎkiЕі g. 1U, ElektrД—nai
      95 benzinas: 1.749 в‚¬/L в†’ 1.699 в‚¬/L
      Dyzelinas: 1.999 в‚¬/L в†’ 1.939 в‚¬/L
  ~ Neste Lietuva вЂ” Е iauliЕі pl. 1A, GaudikaiДЌiЕі k.
      95 benzinas: 1.714 в‚¬/L в†’ 1.669 в‚¬/L
      Dyzelinas: 1.969 в‚¬/L в†’ 1.899 в‚¬/L
  ~ Orlen вЂ” Vilniaus pl. 13, JakЕі k.
      95 benzinas: 1.699 в‚¬/L в†’ 1.719 в‚¬/L
  ~ Orlen вЂ” PikeliЕі k. 6
      95 benzinas: 1.769 в‚¬/L в†’ 1.779 в‚¬/L
  ~ Orlen вЂ” PikeliЕі k. 8
      95 benzinas: 1.769 в‚¬/L в†’ 1.779 в‚¬/L
  ~ Orlen вЂ” вЂ‹Skuodo g. 14, MaЕѕeikiai
      Dujos: 0.839 в‚¬/L в†’ 0.859 в‚¬/L
  ~ Orlen вЂ” ЕЅemaitijos g. 42, MaЕѕeikiai
      Dyzelinas: 1.939 в‚¬/L в†’ 1.959 в‚¬/L
  ~ Orlen вЂ” SenamiesДЌio g. 115, PanevД—Еѕys
      95 benzinas: 1.659 в‚¬/L в†’ 1.679 в‚¬/L
  ~ Orlen вЂ” Gedimino g. 46, TauragД—
      95 benzinas: 1.679 в‚¬/L в†’ 1.699 в‚¬/L
  ~ Orlen вЂ” вЂ‹PlungД—s g. 33 D, TelЕЎiai
      95 benzinas: 1.669 в‚¬/L в†’ 1.679 в‚¬/L
  ~ Tomega вЂ” Gardino g. 98, Druskininkai
      Dyzelinas: 2.060 в‚¬/L в†’ 2.040 в‚¬/L
  ~ Trevena вЂ” Kretingos pl. 1, GargЕѕdai
      Dyzelinas: 1.970 в‚¬/L в†’ 1.950 в‚¬/L
  ~ Trevena вЂ” KlaipД—dos g. 39, GargЕѕdai
      Dyzelinas: 1.930 в‚¬/L в†’ 1.910 в‚¬/L
  ~ Trevena вЂ” TilЕѕД—s g. 21, SaugЕі k.
      Dyzelinas: 1.930 в‚¬/L в†’ 1.910 в‚¬/L
  ~ Trevena вЂ” Е v. Kristoforo g. 4, Dituvos k.
      Dyzelinas: 1.970 в‚¬/L в†’ 1.910 в‚¬/L
  ~ Trevena вЂ” LД—gЕі k. 1, Rietavas
      Dyzelinas: 2.020 в‚¬/L в†’ 1.950 в‚¬/L
  ~ Trevena вЂ” VeivirЕѕД—nЕі g. 29, PyktiЕЎkД—s k.
      Dyzelinas: 2.020 в‚¬/L в†’ 1.950 в‚¬/L
  ~ Trevena вЂ” LiepЕі g. 4, ЕЅemaitkiemio k.
      Dyzelinas: 1.950 в‚¬/L в†’ 1.910 в‚¬/L
  ~ Trevena вЂ” KvД—darnos g. 2, VatuЕЎiЕі k.
      Dyzelinas: 2.010 в‚¬/L в†’ 1.980 в‚¬/L
  ~ Trevena вЂ” Kretingos g. 28A, KlaipД—da
      Dyzelinas: 1.970 в‚¬/L в†’ 1.910 в‚¬/L
  ~ Trevena вЂ” Minijos g. 152A, KlaipД—da
      Dyzelinas: 1.970 в‚¬/L в†’ 1.910 в‚¬/L
  ~ Viada вЂ” DaugЕі k., Neveiglo g. 25
      95 benzinas: 1.799 в‚¬/L в†’ 1.779 в‚¬/L
      Dyzelinas: 2.019 в‚¬/L в†’ 1.959 в‚¬/L
  ~ Viada вЂ” Alytus, Naujoji g. 27
      95 benzinas: 1.779 в‚¬/L в†’ 1.759 в‚¬/L
      Dyzelinas: 1.999 в‚¬/L в†’ 1.909 в‚¬/L
  ~ Viada вЂ” Alytus, UlonЕі g. 33B
      95 benzinas: 1.779 в‚¬/L в†’ 1.759 в‚¬/L
      Dyzelinas: 1.999 в‚¬/L в†’ 1.909 в‚¬/L
  ~ Viada вЂ” AnykЕЎДЌiai, A. Vienuolio g. 34
      95 benzinas: 1.759 в‚¬/L в†’ 1.719 в‚¬/L
      Dyzelinas: 2.049 в‚¬/L в†’ 1.999 в‚¬/L
  ~ Viada вЂ” AnykЕЎДЌiai, Piliakalnio g. 9
      95 benzinas: 1.759 в‚¬/L в†’ 1.719 в‚¬/L
      Dyzelinas: 2.049 в‚¬/L в†’ 1.999 в‚¬/L
  ~ Viada вЂ” BirЕѕai, Parodos g. 2
      95 benzinas: 1.799 в‚¬/L в†’ 1.759 в‚¬/L
  ~ Viada вЂ” BirЕѕai, Pasvalio g. 1B
      95 benzinas: 1.799 в‚¬/L в†’ 1.759 в‚¬/L
  ~ Viada вЂ” ElektrД—nai, ElektrinД—s g. 6
      Dyzelinas: 2.049 в‚¬/L в†’ 2.029 в‚¬/L
  ~ Viada вЂ” Jonava, DarbininkЕі g. 4D
      95 benzinas: 1.799 в‚¬/L в†’ 1.779 в‚¬/L
  ~ Viada вЂ” KaiЕЎiadorys, Gedimino g. 135
      Dyzelinas: 2.099 в‚¬/L в†’ 2.089 в‚¬/L
  ~ Viada вЂ” Kaunas, A. JuozapaviДЌiaus pr. 90
      Dyzelinas: 2.069 в‚¬/L в†’ 2.019 в‚¬/L
  ~ Viada вЂ” Kaunas, Ateities pl. 37A
      Dyzelinas: 2.029 в‚¬/L в†’ 1.999 в‚¬/L
      Dujos: 0.959 в‚¬/L в†’ 0.949 в‚¬/L
  ~ Viada вЂ” Kaunas, Baltijos g. 90B
      95 benzinas: 1.749 в‚¬/L в†’ 1.729 в‚¬/L
      Dyzelinas: 1.979 в‚¬/L в†’ 1.909 в‚¬/L
  ~ Viada вЂ” Kaunas, BiruliЕЎkiЕі g. 18A
      Dyzelinas: 2.029 в‚¬/L в†’ 1.999 в‚¬/L
  ~ Viada вЂ” Kaunas, DidЕѕioji g. 84
      Dyzelinas: 2.069 в‚¬/L в†’ 2.059 в‚¬/L
  ~ Viada вЂ” Kaunas, K. BarЕЎausko g. 64
      Dyzelinas: 2.029 в‚¬/L в†’ 1.949 в‚¬/L
  ~ Viada вЂ” Kaunas, Karaliaus Mindaugo pr. 54
      Dyzelinas: 2.069 в‚¬/L в†’ 2.019 в‚¬/L
  ~ Viada вЂ” Kaunas, MarijampolД—s pl. 29
      Dyzelinas: 2.069 в‚¬/L в†’ 2.059 в‚¬/L
  ~ Viada вЂ” Kaunas, MieЕѕД—nЕі g. 18
      95 benzinas: 1.749 в‚¬/L в†’ 1.729 в‚¬/L
      Dyzelinas: 1.979 в‚¬/L в†’ 1.909 в‚¬/L
  ~ Viada вЂ” Kaunas, P. LukЕЎio g. 66A
      Dyzelinas: 1.999 в‚¬/L в†’ 1.949 в‚¬/L
  ~ Viada вЂ” Kaunas, PramonД—s pr. 44
      95 benzinas: 1.749 в‚¬/L в†’ 1.759 в‚¬/L
      Dyzelinas: 1.989 в‚¬/L в†’ 1.919 в‚¬/L
  ~ Viada вЂ” Kaunas, Raudondvario pl. 288
      95 benzinas: 1.749 в‚¬/L в†’ 1.759 в‚¬/L
      Dyzelinas: 1.979 в‚¬/L в†’ 1.929 в‚¬/L
  ~ Viada вЂ” Kaunas, StatybininkЕі g. 3A
      95 benzinas: 1.769 в‚¬/L в†’ 1.759 в‚¬/L
      Dyzelinas: 1.999 в‚¬/L в†’ 1.949 в‚¬/L
  ~ Viada вЂ” Kaunas, T. Masiulio g. 22B
      Dyzelinas: 2.029 в‚¬/L в†’ 1.959 в‚¬/L
  ~ Viada вЂ” Kaunas, VeiveriЕі g. 117
      95 benzinas: 1.799 в‚¬/L в†’ 1.789 в‚¬/L
      Dyzelinas: 2.039 в‚¬/L в†’ 2.019 в‚¬/L
  ~ Viada вЂ” Kaunas, VeiveriЕі g. 124B
      95 benzinas: 1.799 в‚¬/L в†’ 1.789 в‚¬/L
      Dyzelinas: 2.039 в‚¬/L в†’ 2.019 в‚¬/L
  ~ Viada вЂ” Ilgakiemio k., PrienЕі g. 22
      95 benzinas: 1.779 в‚¬/L в†’ 1.759 в‚¬/L
  ~ Viada вЂ” Margavos k.
      95 benzinas: 1.799 в‚¬/L в†’ 1.789 в‚¬/L
      Dyzelinas: 2.059 в‚¬/L в†’ 1.999 в‚¬/L
  ~ Viada вЂ” KlaipД—da, Liepojos g. 242
      Dyzelinas: 1.979 в‚¬/L в†’ 1.959 в‚¬/L
  ~ Viada вЂ” KlaipД—da, Nemuno g. 139
      95 benzinas: 1.749 в‚¬/L в†’ 1.739 в‚¬/L
      Dyzelinas: 1.959 в‚¬/L в†’ 1.929 в‚¬/L
  ~ Viada вЂ” KlaipД—da, PriestoДЌio g. 28
      95 benzinas: 1.749 в‚¬/L в†’ 1.739 в‚¬/L
      Dyzelinas: 1.959 в‚¬/L в†’ 1.929 в‚¬/L
  ~ Viada вЂ” KlaipД—da, Е ilutД—s pl. 52
      Dyzelinas: 1.979 в‚¬/L в†’ 1.959 в‚¬/L
  ~ Viada вЂ” KlaipД—da, Taikos pr. 70A-1
      95 benzinas: 1.749 в‚¬/L в†’ 1.739 в‚¬/L
      Dyzelinas: 1.959 в‚¬/L в†’ 1.929 в‚¬/L
  ~ Viada вЂ” KereliЕі k. 1A
      Dyzelinas: 2.019 в‚¬/L в†’ 2.059 в‚¬/L
  ~ Viada вЂ” KupiЕЎkis, PergalД—s g. 15
      Dyzelinas: 2.019 в‚¬/L в†’ 2.059 в‚¬/L
  ~ Viada вЂ” MarijampolД—, GeleЕѕinkelio g. 5
      95 benzinas: 1.779 в‚¬/L в†’ 1.749 в‚¬/L
      Dyzelinas: 1.989 в‚¬/L в†’ 1.909 в‚¬/L
  ~ Viada вЂ” MarijampolД—, J. AmbrazeviДЌiaus-BrazaiДЌio g. 2
      95 benzinas: 1.779 в‚¬/L в†’ 1.749 в‚¬/L
      Dyzelinas: 1.989 в‚¬/L в†’ 1.909 в‚¬/L
  ~ Viada вЂ” MaЕѕeikiai, MontuotojЕі g. 2A
      95 benzinas: 1.769 в‚¬/L в†’ 1.749 в‚¬/L
      Dujos: 0.939 в‚¬/L в†’ 0.929 в‚¬/L
  ~ Viada вЂ” MaЕѕeikiai, ЕЅemaitijos g. 75
      95 benzinas: 1.769 в‚¬/L в†’ 1.749 в‚¬/L
      Dujos: 0.939 в‚¬/L в†’ 0.929 в‚¬/L
  ~ Viada вЂ” MolД—tai, Vilniaus g. 101
      95 benzinas: 1.779 в‚¬/L в†’ 1.739 в‚¬/L
      Dyzelinas: 2.039 в‚¬/L в†’ 1.949 в‚¬/L
  ~ Viada вЂ” Gojaus k., Utenos g. 16
      95 benzinas: 1.779 в‚¬/L в†’ 1.739 в‚¬/L
      Dyzelinas: 2.039 в‚¬/L в†’ 1.949 в‚¬/L
  ~ Viada вЂ” Pakruojis, Vytauto DidЕѕiojo g. 98
      95 benzinas: 1.759 в‚¬/L в†’ 1.719 в‚¬/L
      Dyzelinas: 2.059 в‚¬/L в†’ 1.979 в‚¬/L
  ~ Viada вЂ” Е ilagalio k., PanevД—Еѕio aplinkl. 5
      Dyzelinas: 1.999 в‚¬/L в†’ 1.919 в‚¬/L
  ~ Viada вЂ” TiДЌkЕ«nЕі k., TiДЌkЕ«nЕі g. 31
      95 benzinas: 1.749 в‚¬/L в†’ 1.719 в‚¬/L
      Dyzelinas: 1.989 в‚¬/L в†’ 1.949 в‚¬/L
  ~ Viada вЂ” PanevД—Еѕys, J. Janonio g. 28A
      Dyzelinas: 1.989 в‚¬/L в†’ 1.949 в‚¬/L
  ~ Viada вЂ” PanevД—Еѕys, Navadolio g. 31
      Dyzelinas: 1.989 в‚¬/L в†’ 1.899 в‚¬/L
  ~ Viada вЂ” PanevД—Еѕys, PuЕЎaloto g. 193A
      Dyzelinas: 1.989 в‚¬/L в†’ 1.949 в‚¬/L
  ~ Viada вЂ” PanevД—Еѕys, Ramygalos g. 155
      Dyzelinas: 1.989 в‚¬/L в†’ 1.899 в‚¬/L
  ~ Viada вЂ” PanevД—Еѕys, Ramygalos g. 186G
      Dyzelinas: 1.989 в‚¬/L в†’ 1.899 в‚¬/L
  ~ Viada вЂ” PanevД—Еѕys, SenamiesДЌio g. 116A
      95 benzinas: 1.749 в‚¬/L в†’ 1.719 в‚¬/L
      Dyzelinas: 1.989 в‚¬/L в†’ 1.949 в‚¬/L
  ~ Viada вЂ” PanevД—Еѕys, VenslaviЕЎkio g. 16
      Dyzelinas: 1.989 в‚¬/L в†’ 1.949 в‚¬/L
  ~ Viada вЂ” Brazdigalos k. 1
      95 benzinas: 1.799 в‚¬/L в†’ 1.779 в‚¬/L
  ~ Viada вЂ” PlungД—, J. Tumo-VaiЕѕganto g. 102
      95 benzinas: 1.769 в‚¬/L в†’ 1.789 в‚¬/L
      Dyzelinas: 2.069 в‚¬/L в†’ 2.029 в‚¬/L
  ~ Viada вЂ” PlungД—, ЕЅaltakalnio g. 10
      95 benzinas: 1.769 в‚¬/L в†’ 1.789 в‚¬/L
      Dyzelinas: 2.069 в‚¬/L в†’ 2.029 в‚¬/L
  ~ Viada вЂ” MaДЌiЕ«nЕі k., Kauno pl. 40
      95 benzinas: 1.779 в‚¬/L в†’ 1.759 в‚¬/L
  ~ Viada вЂ” JaЕЎiЕ«nai, Lydos g. 13
      95 benzinas: 1.799 в‚¬/L в†’ 1.779 в‚¬/L
  ~ Viada вЂ” Е iauliai, Dubijos g. 1C
      Dyzelinas: 1.969 в‚¬/L в†’ 1.919 в‚¬/L
  ~ Viada вЂ” Е iauliai, GeguЕѕiЕі g. 26
      Dyzelinas: 1.969 в‚¬/L в†’ 1.929 в‚¬/L
  ~ Viada вЂ” Е iauliai, J. BasanaviДЌiaus g. 122A
      Dyzelinas: 1.969 в‚¬/L в†’ 1.929 в‚¬/L
  ~ Viada вЂ” Е iauliai, TilЕѕД—s g. 274
      Dyzelinas: 1.969 в‚¬/L в†’ 1.929 в‚¬/L
  ~ Viada вЂ” Е iauliai, UЕѕmiesДЌio g. 2
      Dyzelinas: 1.979 в‚¬/L в†’ 1.939 в‚¬/L
  ~ Viada вЂ” AukЕЎtelkД—s k., Ilgoji g. 1
      Dyzelinas: 2.099 в‚¬/L в†’ 2.019 в‚¬/L
  ~ Viada вЂ” Е ilutД—, TilЕѕД—s g. 59
      95 benzinas: 1.789 в‚¬/L в†’ 1.799 в‚¬/L
      Dyzelinas: 1.999 в‚¬/L в†’ 1.969 в‚¬/L
  ~ Viada вЂ” Е irvintos, Plento g. 4
      95 benzinas: 1.759 в‚¬/L в†’ 1.719 в‚¬/L
  ~ Viada вЂ” PabradД—, Vilniaus g. 116B
      95 benzinas: 1.799 в‚¬/L в†’ 1.779 в‚¬/L
      Dyzelinas: 2.059 в‚¬/L в†’ 1.999 в‚¬/L
  ~ Viada вЂ” TauragД—, Dariaus ir GirД—no g. 138A
      95 benzinas: 1.749 в‚¬/L в†’ 1.769 в‚¬/L
      Dyzelinas: 1.979 в‚¬/L в†’ 1.959 в‚¬/L
  ~ Viada вЂ” TauragД—, PramonД—s g. 1
      95 benzinas: 1.749 в‚¬/L в†’ 1.769 в‚¬/L
      Dyzelinas: 1.979 в‚¬/L в†’ 1.939 в‚¬/L
  ~ Viada вЂ” TelЕЎiai, PramonД—s g. 2A
      Dyzelinas: 2.009 в‚¬/L в†’ 1.989 в‚¬/L
      Dujos: 0.939 в‚¬/L в†’ 0.929 в‚¬/L
  ~ Viada вЂ” UkmergД—, ЕЅiedo g. 15
      95 benzinas: 1.759 в‚¬/L в†’ 1.719 в‚¬/L
      Dyzelinas: 1.999 в‚¬/L в†’ 1.969 в‚¬/L
  ~ Viada вЂ” Utena, Metalo g. 8
      95 benzinas: 1.799 в‚¬/L в†’ 1.769 в‚¬/L
      Dyzelinas: 1.999 в‚¬/L в†’ 1.929 в‚¬/L
  ~ Viada вЂ” Utena, PramonД—s g. 23
      95 benzinas: 1.799 в‚¬/L в†’ 1.769 в‚¬/L
      Dyzelinas: 1.999 в‚¬/L в†’ 1.929 в‚¬/L
  ~ Viada вЂ” Gedimino k., Vyturio g. 2
      95 benzinas: 1.799 в‚¬/L в†’ 1.769 в‚¬/L
      Dyzelinas: 1.999 в‚¬/L в†’ 1.929 в‚¬/L
  ~ Viada вЂ” AviЕѕieniЕі k., OЕѕiarЕ«ДЌiЕі g. 1a
      Dyzelinas: 2.059 в‚¬/L в†’ 1.999 в‚¬/L
  ~ Viada вЂ” Vilnius, Ateities g. 17B
      95 benzinas: 1.739 в‚¬/L в†’ 1.749 в‚¬/L
      Dyzelinas: 1.999 в‚¬/L в†’ 1.919 в‚¬/L
      Dujos: 0.959 в‚¬/L в†’ 0.949 в‚¬/L
  ~ Viada вЂ” Vilnius, Dariaus ir GirД—no g. 30A
      Dyzelinas: 2.029 в‚¬/L в†’ 1.979 в‚¬/L
  ~ Viada вЂ” Vilnius, GariЕ«nЕі g. 16A
      Dyzelinas: 1.999 в‚¬/L в†’ 1.979 в‚¬/L
  ~ Viada вЂ” Vilnius, GrigiЕЎkД—s, Kovo 11-osios g. 75
      Dyzelinas: 2.049 в‚¬/L в†’ 1.999 в‚¬/L
  ~ Viada вЂ” Vilnius, JustiniЕЎkiЕі g. 12
      Dyzelinas: 1.999 в‚¬/L в†’ 1.919 в‚¬/L
  ~ Viada вЂ” Vilnius, KirtimЕі g. 29
      Dyzelinas: 2.049 в‚¬/L в†’ 1.999 в‚¬/L
  ~ Viada вЂ” Vilnius, LaisvД—s pr. 8
      Dyzelinas: 2.049 в‚¬/L в†’ 1.999 в‚¬/L
  ~ Viada вЂ” Vilnius, Liepkalnio g. 128A
      95 benzinas: 1.799 в‚¬/L в†’ 1.779 в‚¬/L
      Dyzelinas: 2.049 в‚¬/L в†’ 1.999 в‚¬/L
  ~ Viada вЂ” Vilnius, Naugarduko g. 74
      95 benzinas: 1.799 в‚¬/L в†’ 1.779 в‚¬/L
      Dyzelinas: 2.049 в‚¬/L в†’ 1.999 в‚¬/L
  ~ Viada вЂ” Vilnius, NemenДЌinД—s pl. 5
      Dyzelinas: 2.049 в‚¬/L в†’ 1.959 в‚¬/L
  ~ Viada вЂ” Vilnius, OlandЕі g. 57
      95 benzinas: 1.799 в‚¬/L в†’ 1.779 в‚¬/L
      Dyzelinas: 2.049 в‚¬/L в†’ 1.999 в‚¬/L
  ~ Viada вЂ” Vilnius, Ozo g. 12
      Dyzelinas: 2.029 в‚¬/L в†’ 1.939 в‚¬/L
  ~ Viada вЂ” Vilnius, PilaitД—s pr. 13
      95 benzinas: 1.799 в‚¬/L в†’ 1.759 в‚¬/L
      Dyzelinas: 2.049 в‚¬/L в†’ 1.999 в‚¬/L
  ~ Viada вЂ” Vilnius, PilaitД—s pr. 28
      95 benzinas: 1.799 в‚¬/L в†’ 1.759 в‚¬/L
      Dyzelinas: 2.049 в‚¬/L в†’ 1.999 в‚¬/L
  ~ Viada вЂ” Vilnius, SaltoniЕЎkiЕі g. 12
      Dyzelinas: 2.019 в‚¬/L в†’ 1.929 в‚¬/L
  ~ Viada вЂ” Vilnius, SodЕі g. 22
      95 benzinas: 1.769 в‚¬/L в†’ 1.739 в‚¬/L
      Dyzelinas: 2.049 в‚¬/L в†’ 1.959 в‚¬/L
  ~ Viada вЂ” Vilnius, VerkiЕі g. 52
      95 benzinas: 1.759 в‚¬/L в†’ 1.739 в‚¬/L
      Dyzelinas: 1.979 в‚¬/L в†’ 1.949 в‚¬/L
  ~ Viada вЂ” Vilnius, VilkpД—dД—s g. 2
      95 benzinas: 1.779 в‚¬/L в†’ 1.719 в‚¬/L
      Dyzelinas: 2.039 в‚¬/L в†’ 1.939 в‚¬/L
  ~ Viada вЂ” JuodalaukiЕі k. 2
      95 benzinas: 1.799 в‚¬/L в†’ 1.759 в‚¬/L
      Dyzelinas: 2.099 в‚¬/L в†’ 2.059 в‚¬/L
  ~ Autograndas вЂ” Taikos pr. 47
      95 benzinas: 1.687 в‚¬/L в†’ 1.698 в‚¬/L
      Dyzelinas: 1.987 в‚¬/L в†’ 1.943 в‚¬/L
  ~ Nostrada (RV Transport) вЂ” Kazlavo km. 4 Kalvarijos sav.
      95 benzinas: 1.640 в‚¬/L в†’ 1.720 в‚¬/L
      Dyzelinas: 1.920 в‚¬/L в†’ 1.990 в‚¬/L
  ~ Utentra вЂ” Utena, PramonД—s g. 16
      Dyzelinas: 1.869 в‚¬/L в†’ 1.909 в‚¬/L
  ~ Skulas вЂ” Simnas, Alytaus g. 48
      95 benzinas: 1.690 в‚¬/L в†’ 1.700 в‚¬/L
      Dyzelinas: 2.010 в‚¬/L в†’ 1.990 в‚¬/L
  ~ Skulas вЂ” LikiЕЎkД—liЕі k., KalninД—s g. 5
      95 benzinas: 1.660 в‚¬/L в†’ 1.670 в‚¬/L
      Dyzelinas: 1.990 в‚¬/L в†’ 1.960 в‚¬/L
  ~ Skulas вЂ” Kaunas, AЕЎigalio g. 1 A
      Dyzelinas: 1.949 в‚¬/L в†’ 1.889 в‚¬/L
  ~ Skulas вЂ” Kaunas, MarvelД—s g. 106 D
      Dyzelinas: 1.959 в‚¬/L в†’ 1.899 в‚¬/L
  ~ Skulas вЂ” VirbaliЕЎkiЕі k., Verslo g. 2
      Dyzelinas: 1.960 в‚¬/L в†’ 1.900 в‚¬/L
  ~ Skulas вЂ” Pasvalys, MЕ«ЕЎos g. 2 E
      95 benzinas: 1.660 в‚¬/L в†’ 1.670 в‚¬/L
      Dyzelinas: 1.940 в‚¬/L в†’ 1.930 в‚¬/L
  ~ Skulas вЂ” Vilnius, J.Kazlausko g. 34
      Dyzelinas: 1.899 в‚¬/L в†’ 1.869 в‚¬/L
  ~ Deliuvis вЂ” PuЕЎaloto g. 140, PanevД—Еѕys
      Dyzelinas: 1.919 в‚¬/L в†’ 1.899 в‚¬/L
  ~ Deliuvis вЂ” G.PetkeviДЌaitД—s-BitД—s 35C, PanevД—Еѕys
      Dyzelinas: 1.919 в‚¬/L в†’ 1.899 в‚¬/L
  ~ Deliuvis вЂ” S.KerbedЕѕio 2, PanevД—Еѕys
      Dyzelinas: 1.919 в‚¬/L в†’ 1.899 в‚¬/L
  ~ Prie Luksto вЂ” TelЕЎiai, MasДЌio g. 21
      95 benzinas: 1.765 в‚¬/L в†’ 1.750 в‚¬/L
      Dyzelinas: 2.025 в‚¬/L в†’ 1.985 в‚¬/L
      Dujos: 0.939 в‚¬/L в†’ 0.929 в‚¬/L
  ~ Boost Petrol вЂ” GinkЕ«nЕі k., AuЕЎros g. 26
      95 benzinas: 1.759 в‚¬/L в†’ 1.749 в‚¬/L
      Dyzelinas: 1.999 в‚¬/L в†’ 1.979 в‚¬/L
  ~ Boost Petrol вЂ” KД™stuДЌio g. 1B, KelmД—
      95 benzinas: 1.759 в‚¬/L в†’ 1.749 в‚¬/L
      Dyzelinas: 1.999 в‚¬/L в†’ 1.979 в‚¬/L
  ~ Boost Petrol вЂ” KurЕЎukЕі k., Plento g. 1
      Dyzelinas: 2.029 в‚¬/L в†’ 2.019 в‚¬/L
  ~ Boost Petrol вЂ” MarvelД—s g. 132, Kaunas
      Dyzelinas: 2.029 в‚¬/L в†’ 2.019 в‚¬/L
  ~ Boost Petrol вЂ” Dubijos g. 36
      Dyzelinas: 2.049 в‚¬/L в†’ 2.029 в‚¬/L
  ~ Boost Petrol вЂ” SmД—linkos k.
      Dyzelinas: 1.990 в‚¬/L в†’ 1.930 в‚¬/L
  ~ Boost Petrol вЂ” ZarasЕі g. 9, Utena
      Dyzelinas: 1.989 в‚¬/L в†’ 1.929 в‚¬/L
  ~ Boost Petrol вЂ” MaironiЕі k., KurЕЎiЕі g. 2
      95 benzinas: 1.700 в‚¬/L в†’ 1.710 в‚¬/L
      Dyzelinas: 1.980 в‚¬/L в†’ 1.920 в‚¬/L
  ~ Stateta вЂ” KantaliЕЎkiЕі k.
      95 benzinas: 1.671 в‚¬/L в†’ 1.681 в‚¬/L
      Dyzelinas: 1.950 в‚¬/L в†’ 1.929 в‚¬/L
  ~ Stateta вЂ” UkmergД—s g. 246, Vilnius
      95 benzinas: 1.671 в‚¬/L в†’ 1.681 в‚¬/L
      Dyzelinas: 1.949 в‚¬/L в†’ 1.929 в‚¬/L
  ~ Stateta вЂ” Alytaus k.
      95 benzinas: 1.671 в‚¬/L в†’ 1.681 в‚¬/L
      Dyzelinas: 1.949 в‚¬/L в†’ 1.929 в‚¬/L
  ~ Stateta вЂ” Kauno g.1, MiklusД—nai
      95 benzinas: 1.671 в‚¬/L в†’ 1.681 в‚¬/L
      Dyzelinas: 1.949 в‚¬/L в†’ 1.929 в‚¬/L
  ~ Stateta вЂ” KaniukЕі k.
      95 benzinas: 1.671 в‚¬/L в†’ 1.681 в‚¬/L
      Dyzelinas: 1.949 в‚¬/L в†’ 1.929 в‚¬/L
  ~ Stateta вЂ” GustaiДЌiЕі k.
      95 benzinas: 1.671 в‚¬/L в†’ 1.681 в‚¬/L
      Dyzelinas: 1.999 в‚¬/L в†’ 1.949 в‚¬/L
  ~ Stateta вЂ” ErdvД—s g. 78, RamuДЌiЕі k.
      95 benzinas: 1.671 в‚¬/L в†’ 1.681 в‚¬/L
      Dyzelinas: 1.949 в‚¬/L в†’ 1.929 в‚¬/L
  ~ Stateta вЂ” ЕЅemdirbiЕі g. 15, PaliЕ«niЕЎkio k.
      95 benzinas: 1.671 в‚¬/L в†’ 1.681 в‚¬/L
      Dyzelinas: 1.999 в‚¬/L в†’ 1.949 в‚¬/L
  ~ Stateta вЂ” PanevД—Еѕio g. 9, KupiЕЎkis
      95 benzinas: 1.671 в‚¬/L в†’ 1.681 в‚¬/L
      Dyzelinas: 1.999 в‚¬/L в†’ 1.949 в‚¬/L
  ~ Stateta вЂ” Turgaus g. 4, KreivukД—
      95 benzinas: 1.671 в‚¬/L в†’ 1.681 в‚¬/L
      Dyzelinas: 1.949 в‚¬/L в†’ 1.929 в‚¬/L
  ~ Stateta вЂ” Minijos g. 90, KlaipД—da
      95 benzinas: 1.671 в‚¬/L в†’ 1.681 в‚¬/L
      Dyzelinas: 1.949 в‚¬/L в†’ 1.929 в‚¬/L
  ~ Stateta вЂ” Palangos g. 66, Utena
      95 benzinas: 1.671 в‚¬/L в†’ 1.681 в‚¬/L
      Dyzelinas: 1.999 в‚¬/L в†’ 1.949 в‚¬/L
  ~ Emsi вЂ” ЕЄdrijos g.2, Alytus
      95 benzinas: 1.660 в‚¬/L в†’ 1.650 в‚¬/L
      Dyzelinas: 1.990 в‚¬/L в†’ 1.950 в‚¬/L
      Dujos: 0.930 в‚¬/L в†’ 0.920 в‚¬/L
  ~ Emsi вЂ” ЕЅemaiДЌiЕі g. 34, Ariogala
      Dyzelinas: 2.039 в‚¬/L в†’ 1.999 в‚¬/L
      Dujos: 0.939 в‚¬/L в†’ 0.929 в‚¬/L
  ~ Emsi вЂ” Ateities pl.40B, Kaunas
      95 benzinas: 1.699 в‚¬/L в†’ 1.679 в‚¬/L
      Dyzelinas: 1.999 в‚¬/L в†’ 1.979 в‚¬/L
  ~ Emsi вЂ” Jaunimo g.2a, BirЕѕai
      Dyzelinas: 1.999 в‚¬/L в†’ 1.979 в‚¬/L
      Dujos: 0.900 в‚¬/L в†’ 0.890 в‚¬/L
  ~ Emsi вЂ” BukiЕЎkio k. UkmergД—s g.437
      95 benzinas: 1.699 в‚¬/L в†’ 1.679 в‚¬/L
      Dyzelinas: 1.999 в‚¬/L в†’ 1.959 в‚¬/L
      Dujos: 0.900 в‚¬/L в†’ 0.890 в‚¬/L
  ~ Emsi вЂ” DraugystД—s g.8B, Kaunas
      Dyzelinas: 1.979 в‚¬/L в†’ 1.939 в‚¬/L
      Dujos: 0.899 в‚¬/L в†’ 0.889 в‚¬/L
  ~ Emsi вЂ” Vilnius, SpygliЕі g. 2
      95 benzinas: 1.699 в‚¬/L в†’ 1.679 в‚¬/L
      Dyzelinas: 1.999 в‚¬/L в†’ 1.959 в‚¬/L
      Dujos: 0.929 в‚¬/L в†’ 0.909 в‚¬/L
  ~ Emsi вЂ” Ilgakiemio k., Kauno g.25
      95 benzinas: 1.679 в‚¬/L в†’ 1.659 в‚¬/L
      Dyzelinas: 1.979 в‚¬/L в†’ 1.959 в‚¬/L
  ~ Emsi вЂ” JeruzalД—s 2, Vilnius
      Dyzelinas: 1.989 в‚¬/L в†’ 1.949 в‚¬/L
  ~ Emsi вЂ” Vasario 16-osios g.70, Jonava
      95 benzinas: 1.699 в‚¬/L в†’ 1.689 в‚¬/L
      Dyzelinas: 1.999 в‚¬/L в†’ 1.969 в‚¬/L
  ~ Emsi вЂ” Durpyno 63, JonuЕЎЕі k.
      Dyzelinas: 1.999 в‚¬/L в†’ 1.979 в‚¬/L
      Dujos: 0.940 в‚¬/L в†’ 0.890 в‚¬/L
  ~ Emsi вЂ” Juodgirio k.1,
      Dyzelinas: 2.039 в‚¬/L в†’ 1.999 в‚¬/L
      Dujos: 0.939 в‚¬/L в†’ 0.929 в‚¬/L
  ~ Emsi вЂ” Medelyno g.126 KalotД—s k.
      95 benzinas: 1.690 в‚¬/L в†’ 1.670 в‚¬/L
      Dyzelinas: 1.990 в‚¬/L в†’ 1.970 в‚¬/L
  ~ Emsi вЂ” KareiviЕі g. 4, Vilnius
      95 benzinas: 1.689 в‚¬/L в†’ 1.669 в‚¬/L
      Dyzelinas: 1.989 в‚¬/L в†’ 1.949 в‚¬/L
  ~ Emsi вЂ” Jonavos g. 292B, Kaunas
      95 benzinas: 1.669 в‚¬/L в†’ 1.659 в‚¬/L
      Dyzelinas: 1.949 в‚¬/L в†’ 1.919 в‚¬/L
      Dujos: 0.890 в‚¬/L в†’ 0.880 в‚¬/L
  ~ Emsi вЂ” KirtimЕі g. 33, Vilnius
      Dyzelinas: 1.979 в‚¬/L в†’ 1.959 в‚¬/L
      Dujos: 0.909 в‚¬/L в†’ 0.899 в‚¬/L
  ~ Emsi вЂ” LaisvД—s pr. 80B, Vilnius
      95 benzinas: 1.699 в‚¬/L в†’ 1.679 в‚¬/L
      Dyzelinas: 1.999 в‚¬/L в†’ 1.949 в‚¬/L
      Dujos: 0.929 в‚¬/L в†’ 0.919 в‚¬/L
  ~ Emsi вЂ” LazdijЕі sen., Janaslavo k.11
      95 benzinas: 1.699 в‚¬/L в†’ 1.659 в‚¬/L
      Dyzelinas: 1.999 в‚¬/L в†’ 1.959 в‚¬/L
  ~ Emsi вЂ” SodЕі g.3A, Lentvaris
      95 benzinas: 1.690 в‚¬/L в†’ 1.670 в‚¬/L
      Dyzelinas: 1.970 в‚¬/L в†’ 1.950 в‚¬/L
  ~ Emsi вЂ” Liepkalnio g.112A, Vilnius
      95 benzinas: 1.699 в‚¬/L в†’ 1.689 в‚¬/L
      Dyzelinas: 1.999 в‚¬/L в†’ 1.949 в‚¬/L
  ~ Emsi вЂ” Liuksemburgo aklg. 27, Kaunas
      95 benzinas: 1.679 в‚¬/L в†’ 1.659 в‚¬/L
      Dyzelinas: 1.979 в‚¬/L в†’ 1.959 в‚¬/L
  ~ Emsi вЂ” Mokyklos g. 26, MaiЕЎiagalos mstl.
      95 benzinas: 1.699 в‚¬/L в†’ 1.679 в‚¬/L
      Dyzelinas: 1.999 в‚¬/L в†’ 1.959 в‚¬/L
      Dujos: 0.949 в‚¬/L в†’ 0.899 в‚¬/L
  ~ Emsi вЂ” Stoties g. 6B, MarijampolД—
      95 benzinas: 1.689 в‚¬/L в†’ 1.629 в‚¬/L
      Dyzelinas: 1.989 в‚¬/L в†’ 1.929 в‚¬/L
      Dujos: 0.940 в‚¬/L в†’ 0.930 в‚¬/L
  ~ Emsi вЂ” Masiulio g.16C, Kaunas
      Dyzelinas: 1.979 в‚¬/L в†’ 1.959 в‚¬/L
      Dujos: 0.929 в‚¬/L в†’ 0.899 в‚¬/L
  ~ Emsi вЂ” MarijampolД—s g. 58, MastaiДЌiЕі k.
      95 benzinas: 1.699 в‚¬/L в†’ 1.659 в‚¬/L
      Dyzelinas: 1.999 в‚¬/L в†’ 1.959 в‚¬/L
      Dujos: 0.920 в‚¬/L в†’ 0.890 в‚¬/L
  ~ Emsi вЂ” MedininkЕі k., PasienieДЌiЕі g.10
      Dyzelinas: 2.139 в‚¬/L в†’ 2.119 в‚¬/L
  ~ Emsi вЂ” Minijos g.154A, KlaipД—da
      95 benzinas: 1.660 в‚¬/L в†’ 1.650 в‚¬/L
      Dyzelinas: 1.940 в‚¬/L в†’ 1.920 в‚¬/L
  ~ Emsi вЂ” SavanoriЕі pr.402A, Kaunas
      Dyzelinas: 1.969 в‚¬/L в†’ 1.929 в‚¬/L
      Dujos: 0.929 в‚¬/L в†’ 0.919 в‚¬/L
  ~ Emsi вЂ” Nemuno g.79A, PanevД—Еѕys
      Dyzelinas: 1.959 в‚¬/L в†’ 1.919 в‚¬/L
      Dujos: 0.899 в‚¬/L в†’ 0.889 в‚¬/L
  ~ Emsi вЂ” Palemono g. 3A, Kaunas
      95 benzinas: 1.670 в‚¬/L в†’ 1.650 в‚¬/L
      Dyzelinas: 1.970 в‚¬/L в†’ 1.950 в‚¬/L
  ~ Emsi вЂ” Pasvalys, Taikos g.24
      95 benzinas: 1.679 в‚¬/L в†’ 1.669 в‚¬/L
      Dyzelinas: 1.979 в‚¬/L в†’ 1.969 в‚¬/L
      Dujos: 0.910 в‚¬/L в†’ 0.890 в‚¬/L
  ~ Emsi вЂ” PaukЕЎtininkЕі g.4a, KaiЕЎiadorys
      95 benzinas: 1.699 в‚¬/L в†’ 1.689 в‚¬/L
      Dyzelinas: 1.999 в‚¬/L в†’ 1.989 в‚¬/L
      Dujos: 0.920 в‚¬/L в†’ 0.910 в‚¬/L
  ~ Emsi вЂ” Kauno g.165, PietariЕі k.
      95 benzinas: 1.689 в‚¬/L в†’ 1.629 в‚¬/L
      Dyzelinas: 1.989 в‚¬/L в†’ 1.929 в‚¬/L
      Dujos: 0.949 в‚¬/L в†’ 0.939 в‚¬/L
  ~ Emsi вЂ” Pajautos g. 31, Vilnius (PilaitД—)
      Dyzelinas: 1.969 в‚¬/L в†’ 1.919 в‚¬/L
  ~ Emsi вЂ” MiЕЎko g.62, RadviliЕЎkis
      95 benzinas: 1.699 в‚¬/L в†’ 1.659 в‚¬/L
      Dyzelinas: 1.999 в‚¬/L в†’ 1.959 в‚¬/L
  ~ Emsi вЂ” Ramygalos g.186A, PanevД—Еѕys
      95 benzinas: 1.669 в‚¬/L в†’ 1.659 в‚¬/L
      Dyzelinas: 1.969 в‚¬/L в†’ 1.919 в‚¬/L
      Dujos: 0.890 в‚¬/L в†’ 0.880 в‚¬/L
  ~ Emsi вЂ” RaЕЎДЌiЕі k. 1A
      95 benzinas: 1.699 в‚¬/L в†’ 1.679 в‚¬/L
      Dyzelinas: 1.999 в‚¬/L в†’ 1.979 в‚¬/L
  ~ Emsi вЂ” SausiЕі g.2 SausiЕі k..
      95 benzinas: 1.670 в‚¬/L в†’ 1.650 в‚¬/L
      Dyzelinas: 1.970 в‚¬/L в†’ 1.930 в‚¬/L
      Dujos: 0.920 в‚¬/L в†’ 0.900 в‚¬/L
  ~ Emsi вЂ” SavanoriЕі 225, Vilnius
      95 benzinas: 1.699 в‚¬/L в†’ 1.679 в‚¬/L
      Dyzelinas: 1.989 в‚¬/L в†’ 1.959 в‚¬/L
  ~ Emsi вЂ” SereikoniЕі k., Baltijos kelio g.2
      95 benzinas: 1.699 в‚¬/L в†’ 1.679 в‚¬/L
      Dyzelinas: 1.999 в‚¬/L в†’ 1.979 в‚¬/L
      Dujos: 0.939 в‚¬/L в†’ 0.909 в‚¬/L
  ~ Emsi вЂ” Sembos g.5, Е iauliai
      95 benzinas: 1.679 в‚¬/L в†’ 1.659 в‚¬/L
      Dyzelinas: 1.979 в‚¬/L в†’ 1.959 в‚¬/L
      Dujos: 0.890 в‚¬/L в†’ 0.870 в‚¬/L
  ~ Emsi вЂ” Е ilagalio k., PanevД—Еѕio aplinkl.12
      Dyzelinas: 1.969 в‚¬/L в†’ 1.939 в‚¬/L
  ~ Emsi вЂ” GluosniЕі g.4A, Е ilutД—
      95 benzinas: 1.680 в‚¬/L в†’ 1.660 в‚¬/L
      Dyzelinas: 1.940 в‚¬/L в†’ 1.920 в‚¬/L
  ~ Emsi вЂ” SkaisДЌiЕ«nЕі k., Europos g.11
      95 benzinas: 1.689 в‚¬/L в†’ 1.629 в‚¬/L
      Dyzelinas: 1.989 в‚¬/L в†’ 1.929 в‚¬/L
      Dujos: 0.949 в‚¬/L в†’ 0.939 в‚¬/L
  ~ Emsi вЂ” Taikos pr.124, KlaipД—da
      95 benzinas: 1.660 в‚¬/L в†’ 1.650 в‚¬/L
      Dyzelinas: 1.940 в‚¬/L в†’ 1.920 в‚¬/L
  ~ Emsi вЂ” GunkliЕЎkiЕі g.2F, Vilnius
      95 benzinas: 1.699 в‚¬/L в†’ 1.679 в‚¬/L
      Dyzelinas: 1.979 в‚¬/L в†’ 1.959 в‚¬/L
  ~ Emsi вЂ” VandЕѕiogalos pl.86A, Kaunas
      Dyzelinas: 2.020 в‚¬/L в†’ 1.990 в‚¬/L
      Dujos: 0.910 в‚¬/L в†’ 0.890 в‚¬/L
  ~ Emsi вЂ” S.NД—ries g.38, VilkaviЕЎkis
      Dyzelinas: 2.039 в‚¬/L в†’ 1.999 в‚¬/L
  ~ Emsi вЂ” ЕЅemaitkiemis, Stasio Krasausko g. 21
      95 benzinas: 1.699 в‚¬/L в†’ 1.679 в‚¬/L
      Dyzelinas: 1.999 в‚¬/L в†’ 1.979 в‚¬/L
  ~ ЕЅibalas вЂ” Jonava, Taurostos g. 16a
      95 benzinas: 1.750 в‚¬/L в†’ 1.800 в‚¬/L
  ~ RV вЂ” DaukЕЎos g. 29/ЕЅemaitijos g. 69, MaЕѕeikiai
      Dujos: 0.900 в‚¬/L в†’ 0.890 в‚¬/L
  ~ Degta вЂ” AnykЕЎДЌiai, Vienuolio g. 34A
      95 benzinas: 1.699 в‚¬/L в†’ 1.659 в‚¬/L
      Dyzelinas: 1.989 в‚¬/L в†’ 1.939 в‚¬/L
  ~ Circle K вЂ” PramogЕі g. 4, TruikiЕі k.
      95 benzinas: 1.769 в‚¬/L в†’ 1.789 в‚¬/L
      Dyzelinas: 1.999 в‚¬/L в†’ 2.029 в‚¬/L
  ~ Regusa вЂ” MarijampolД—s pl. 20, Kaunas
      Dyzelinas: 1.970 в‚¬/L в†’ 1.950 в‚¬/L
  ~ Propano ir butano dujЕі centras вЂ” Е venДЌioniЕі 35, Ignalina
      95 benzinas: 1.779 в‚¬/L в†’ 1.769 в‚¬/L
      Dyzelinas: 2.089 в‚¬/L в†’ 2.069 в‚¬/L
  ~ Eu Verslas вЂ” ViekЕЎniЕі g. 24, MaЕѕeikiai
      95 benzinas: 1.679 в‚¬/L в†’ 1.659 в‚¬/L
      Dyzelinas: 1.949 в‚¬/L в†’ 1.859 в‚¬/L
  ~ Circle K вЂ” J.BasanaviДЌiaus g. 103, KД—dainiai
      95 benzinas: 1.779 в‚¬/L в†’ 1.769 в‚¬/L
      Dyzelinas: 1.969 в‚¬/L в†’ 1.956 в‚¬/L
  ~ S.Savicko ДЇmonД— вЂ” Е Д—tos g. 120 , KД—dainiai
      95 benzinas: 1.689 в‚¬/L в†’ 1.669 в‚¬/L
      Dyzelinas: 1.939 в‚¬/L в†’ 1.869 в‚¬/L
  ~ S.Savicko ДЇmonД— вЂ” Dariaus ir GirД—no 23 A, KД—dainiai
      95 benzinas: 1.689 в‚¬/L в†’ 1.669 в‚¬/L
      Dyzelinas: 1.939 в‚¬/L в†’ 1.869 в‚¬/L
  ~ S.Savicko ДЇmonД— вЂ” Gedimino g. 50 , KД—dainiai
      95 benzinas: 1.689 в‚¬/L в†’ 1.669 в‚¬/L
      Dyzelinas: 1.939 в‚¬/L в†’ 1.869 в‚¬/L
  ~ S.Savicko ДЇmonД— вЂ” VandЕѕiogalos g 29,SavieДЌiЕі k.
      95 benzinas: 1.689 в‚¬/L в†’ 1.669 в‚¬/L
      Dyzelinas: 1.939 в‚¬/L в†’ 1.869 в‚¬/L
  ~ Valdegra вЂ” PrienЕі g.7, Igliaukos k.
      95 benzinas: 1.719 в‚¬/L в†’ вЂ“
      Dyzelinas: 1.939 в‚¬/L в†’ вЂ“
      Dujos: 0.959 в‚¬/L в†’ вЂ“

Unchanged: 224 station(s).
