=== 2026-04-21 ===

New stations: none.
Removed stations: none.

Price changes (612):
  ~ Alauša — Palijoniškio g. 1, Utena
      95 benzinas: 1.679 €/L → 1.724 €/L
  ~ Alauša — Kosmoso g. 3, Visaginas
      95 benzinas: 1.639 €/L → 1.699 €/L
      Dyzelinas: 1.959 €/L → 1.999 €/L
      Dujos: 0.859 €/L → 0.899 €/L
  ~ Alauša — Palemono g. 171, Kaunas
      95 benzinas: 1.679 €/L → 1.719 €/L
      Dyzelinas: 1.989 €/L → 1.999 €/L
  ~ Alauša — Kalvarijų g. 204G, Vilnius
      95 benzinas: 1.649 €/L → 1.694 €/L
      Dyzelinas: 1.989 €/L → 1.994 €/L
  ~ Alauša — Kirtimų g. 23A, Vilnius
      95 benzinas: 1.669 €/L → 1.769 €/L
      Dyzelinas: 1.984 €/L → 2.034 €/L
  ~ Alauša — Pelesos g. 1/2, Vilnius
      95 benzinas: 1.699 €/L → 1.759 €/L
      Dyzelinas: 1.999 €/L → 2.039 €/L
  ~ Alauša — Kauno g. 37, Ukmergė
      95 benzinas: 1.634 €/L → 1.714 €/L
      Dyzelinas: 1.944 €/L → 1.994 €/L
  ~ Alauša — Plento g. 17, Daugailiai
      95 benzinas: 1.679 €/L → 1.724 €/L
  ~ Alauša — Bajorų k.
      Dyzelinas: 2.079 €/L → 1.999 €/L
  ~ Alauša — Plento g. 2B, Kairiai
      Dyzelinas: 2.049 €/L → 1.999 €/L
  ~ Alauša — Vilniaus g. 8, Grigiškės
      Dyzelinas: 1.999 €/L → 2.019 €/L
  ~ Alauša — Plytinės g. 2, Puskelnių k.
      95 benzinas: 1.644 €/L → 1.679 €/L
      Dyzelinas: 1.984 €/L → 1.999 €/L
  ~ Alauša — Stoties g. 49, Marijampolė
      95 benzinas: 1.644 €/L → 1.679 €/L
      Dyzelinas: 1.984 €/L → 1.999 €/L
  ~ Alauša — Skraičionių g. 1, Skraičionių k.
      95 benzinas: 1.699 €/L → 1.739 €/L
      Dyzelinas: 1.999 €/L → 2.069 €/L
  ~ Alauša — Europos g. 17, Salaperaugio k.
      95 benzinas: 1.689 €/L → 1.729 €/L
      Dyzelinas: 2.049 €/L → 2.059 €/L
  ~ Alauša — Švenčionių g. 29A, Ignalina
      95 benzinas: 1.729 €/L → 1.759 €/L
      Dyzelinas: 2.049 €/L → 2.059 €/L
  ~ Alauša — Šiaurės g. 39, Vilnius
      Dyzelinas: 2.049 €/L → 1.999 €/L
      Dujos: 0.934 €/L → 0.899 €/L
  ~ Alauša — Sporto g. 50A, Marijampolė
      95 benzinas: 1.644 €/L → 1.679 €/L
      Dyzelinas: 1.984 €/L → 1.999 €/L
  ~ Alauša — J. Basanavičiaus g. 1C, Utena
      95 benzinas: 1.654 €/L → 1.724 €/L
      Dyzelinas: 1.974 €/L → 1.999 €/L
  ~ Alauša — Šv. Stepono g. 44, Vilnius
      95 benzinas: 1.639 €/L → 1.699 €/L
      Dyzelinas: 1.959 €/L → 1.999 €/L
  ~ Alauša — Buivydiškių g. 5, Vilnius
      95 benzinas: 1.679 €/L → 1.739 €/L
      Dyzelinas: 1.999 €/L → 1.998 €/L
  ~ Alauša — Laisvės pr. 125A, Vilnius
      95 benzinas: 1.679 €/L → 1.739 €/L
      Dyzelinas: 1.999 €/L → 1.998 €/L
  ~ Alauša — Dariaus ir Girėno g. 36, Obeliai
      Dyzelinas: 2.033 €/L → 1.999 €/L
  ~ Alauša — A. Vienuolio g. 32A, Anykščiai
      95 benzinas: 1.654 €/L → 1.684 €/L
      Dyzelinas: 1.969 €/L → 1.974 €/L
  ~ Apsaga — Vilniaus g.16, Šiauliai
      95 benzinas: 1.739 €/L → 1.709 €/L
      Dyzelinas: 2.089 €/L → 2.009 €/L
      Dujos: 0.919 €/L → 0.899 €/L
  ~ Apsaga — Pramonės g. 3A, Šiauliai
      95 benzinas: 1.739 €/L → 1.729 €/L
      Dyzelinas: 2.069 €/L → 2.029 €/L
  ~ Apsaga — Pramonės g. 28, Šiauliai
      95 benzinas: 1.739 €/L → 1.729 €/L
      Dyzelinas: 2.089 €/L → 2.029 €/L
  ~ Apsaga — Nuklono g. 4, Šiauliai
      95 benzinas: 1.749 €/L → 1.729 €/L
      Dyzelinas: 2.069 €/L → 2.029 €/L
  ~ Apsaga — Tilžės g. 223, Šiauliai
      95 benzinas: 1.739 €/L → 1.729 €/L
      Dyzelinas: 2.069 €/L → 2.029 €/L
  ~ Apsaga — V. Bielskio g. 47A, Šiauliai
      95 benzinas: 1.740 €/L → 1.720 €/L
      Dyzelinas: 2.060 €/L → 2.020 €/L
      Dujos: 0.900 €/L → 0.910 €/L
  ~ Apsaga — Šiaulių g.12, Radviliškis
      95 benzinas: 1.755 €/L → 1.769 €/L
      Dyzelinas: 2.095 €/L → 2.119 €/L
  ~ Apsaga — Beržų g. 19, Baisogalos k.
      95 benzinas: 1.765 €/L → 1.769 €/L
      Dyzelinas: 2.105 €/L → 2.119 €/L
      Dujos: 0.965 €/L → 0.959 €/L
  ~ Baltic Petroleum — Vilnius, Antakalnio g. 128
      95 benzinas: 1.679 €/L → 1.699 €/L
  ~ Baltic Petroleum — Gudžionių k., Plento g. 24
      95 benzinas: 1.709 €/L → 1.799 €/L
      Dyzelinas: 2.039 €/L → 2.099 €/L
  ~ Baltic Petroleum — Vilnius, Gerosios Vilties g. 33
      95 benzinas: 1.739 €/L → 1.759 €/L
      Dyzelinas: 2.049 €/L → 2.079 €/L
  ~ Baltic Petroleum — Vilnius, Savanorių pr. 121
      95 benzinas: 1.649 €/L → 1.719 €/L
      Dyzelinas: 1.979 €/L → 2.019 €/L
  ~ Baltic Petroleum — Kaunas, Raudondvario pl. 82
      95 benzinas: 1.669 €/L → 1.699 €/L
      Dyzelinas: 1.989 €/L → 2.019 €/L
  ~ Baltic Petroleum — Kaunas, Jonavos g. 60A
      95 benzinas: 1.659 €/L → 1.669 €/L
  ~ Baltic Petroleum — Jaučiakių k.
      95 benzinas: 1.749 €/L → 1.779 €/L
      Dyzelinas: 2.079 €/L → 2.099 €/L
  ~ Baltic Petroleum — Klaipėda, Šilutės pl. 1
      95 benzinas: 1.599 €/L → 1.699 €/L
      Dyzelinas: 1.929 €/L → 2.009 €/L
  ~ Baltic Petroleum — Palanga, Klaipėdos pl. 44
      Dyzelinas: 2.069 €/L → 2.019 €/L
  ~ Baltic Petroleum — Šilutė, Klaipėdos g. 4A
      Dyzelinas: 2.009 €/L → 1.999 €/L
      Dujos: 0.939 €/L → 0.909 €/L
  ~ Baltic Petroleum — Alytus, Santaikos g. 33
      95 benzinas: 1.639 €/L → 1.699 €/L
      Dyzelinas: 1.989 €/L → 2.039 €/L
  ~ Baltic Petroleum — Druskininkai, Gardino g. 79
      95 benzinas: 1.729 €/L → 1.769 €/L
      Dyzelinas: 2.109 €/L → 2.089 €/L
  ~ Baltic Petroleum — Telšiai, Šiaulių pl. 12
      95 benzinas: 1.719 €/L → 1.779 €/L
      Dyzelinas: 2.049 €/L → 2.099 €/L
  ~ Baltic Petroleum — Joniškis, Vilniaus g. 72
      Dyzelinas: 2.009 €/L → 1.999 €/L
  ~ Baltic Petroleum — Radviliškis, Miško g. 64
      95 benzinas: 1.689 €/L → 1.709 €/L
      Dyzelinas: 2.029 €/L → 2.059 €/L
  ~ Baltic Petroleum — Panevėžys, Velžio kelias 74
      95 benzinas: 1.649 €/L → 1.719 €/L
      Dyzelinas: 1.979 €/L → 2.019 €/L
  ~ Baltic Petroleum — Utena, Basanavičiaus g. 1B
      95 benzinas: 1.659 €/L → 1.729 €/L
      Dyzelinas: 1.979 €/L → 2.009 €/L
  ~ Baltic Petroleum — Prienai, Vilniaus g. 3A
      Dyzelinas: 1.999 €/L → 2.019 €/L
  ~ Baltic Petroleum — Kėdainiai, J. Basanavičiaus g. 95B
      95 benzinas: 1.709 €/L → 1.779 €/L
      Dyzelinas: 2.039 €/L → 2.089 €/L
  ~ Baltic Petroleum — Ukmergė, Kauno g. 49
      95 benzinas: 1.639 €/L → 1.719 €/L
      Dyzelinas: 1.949 €/L → 1.999 €/L
  ~ Baltic Petroleum — Valantiškio k.
      95 benzinas: 1.709 €/L → 1.749 €/L
  ~ Baltic Petroleum — Skuodas, Vytauto g. 22
      95 benzinas: 1.689 €/L → 1.699 €/L
      Dyzelinas: 2.009 €/L → 1.999 €/L
  ~ Baltic Petroleum — Trakai, Vilniaus g. 33
      95 benzinas: 1.729 €/L → 1.789 €/L
      Dyzelinas: 2.059 €/L → 2.109 €/L
  ~ Baltic Petroleum — Molėtai, Vilniaus g.104
      95 benzinas: 1.679 €/L → 1.779 €/L
      Dyzelinas: 2.009 €/L → 2.099 €/L
  ~ Baltic Petroleum — Kaunas, Minkovskių g. 132
      Dujos: 0.889 €/L → 0.919 €/L
  ~ Baltic Petroleum — Varėna, Čiurlionio g. 63
      95 benzinas: 1.719 €/L → 1.779 €/L
      Dyzelinas: 2.069 €/L → 2.089 €/L
      Dujos: 0.989 €/L → 0.979 €/L
  ~ Baltic Petroleum — Klaipėda, Tilžės g. 90
      95 benzinas: 1.619 €/L → 1.709 €/L
      Dyzelinas: 1.929 €/L → 1.989 €/L
  ~ Baltic Petroleum — Vilnius, Metalo g. 4B
      95 benzinas: 1.679 €/L → 1.719 €/L
      Dyzelinas: 1.989 €/L → 2.019 €/L
  ~ Baltic Petroleum — Šalčininkai, Vilniaus g. 5A
      95 benzinas: 1.759 €/L → 1.769 €/L
      Dyzelinas: 2.089 €/L → 2.099 €/L
  ~ Baltic Petroleum — Širvintos, Musninkų g. 21
      95 benzinas: 1.639 €/L → 1.659 €/L
      Dujos: 0.949 €/L → 0.929 €/L
  ~ Baltic Petroleum — N. Akmenė, V. Kudirkos g. 21A
      Dujos: 0.900 €/L → 0.890 €/L
  ~ Baltic Petroleum — Panevėžys, Smėlynės g. 169
      95 benzinas: 1.649 €/L → 1.719 €/L
      Dyzelinas: 1.979 €/L → 2.019 €/L
  ~ Baltic Petroleum — Pakruojis, Statybininkų g. 28
      95 benzinas: 1.639 €/L → 1.649 €/L
      Dujos: 0.910 €/L → 0.900 €/L
  ~ Baltic Petroleum — Šilalė, Rytinio Kelio g. 2
      95 benzinas: 1.709 €/L → 1.659 €/L
      Dyzelinas: 2.029 €/L → 1.959 €/L
      Dujos: 0.919 €/L → 0.899 €/L
  ~ Baltic Petroleum — Pietarių k. Kauno g. 164
      95 benzinas: 1.649 €/L → 1.689 €/L
      Dyzelinas: 1.969 €/L → 1.999 €/L
      Dujos: 0.929 €/L → 0.939 €/L
  ~ Baltic Petroleum — Vilnius, Molėtų pl. 27A
      95 benzinas: 1.629 €/L → 1.649 €/L
      Dyzelinas: 1.939 €/L → 2.029 €/L
  ~ Baltic Petroleum — Vilnius, S. Batoro g. 15
      95 benzinas: 1.659 €/L → 1.699 €/L
      Dyzelinas: 1.979 €/L → 2.029 €/L
  ~ Baltic Petroleum — Užubalių k. Senasis Ukmergės kelias 4
      95 benzinas: 1.679 €/L → 1.699 €/L
  ~ Baltic Petroleum — Vilnius, Rinktinės g. 59
      95 benzinas: 1.639 €/L → 1.719 €/L
      Dyzelinas: 1.959 €/L → 2.019 €/L
  ~ Baltic Petroleum — Marijampolė, Vasaros g. 15
      95 benzinas: 1.649 €/L → 1.689 €/L
      Dyzelinas: 1.969 €/L → 1.999 €/L
      Dujos: 0.949 €/L → 0.939 €/L
  ~ Baltic Petroleum — Ožtakių k., Dariaus ir Girėno g. 77
      95 benzinas: 1.719 €/L → 1.779 €/L
      Dyzelinas: 2.049 €/L → 2.129 €/L
  ~ Baltic Petroleum — Pandėlio k., Elektrinės g. 1
      Dyzelinas: 2.089 €/L → 2.099 €/L
  ~ Baltic Petroleum — Užuovėjos k.
      95 benzinas: 1.689 €/L → 1.709 €/L
      Dyzelinas: 2.029 €/L → 2.059 €/L
  ~ Baltic Petroleum — Kaunas, Vaidoto g. 153
      95 benzinas: 1.749 €/L → 1.769 €/L
      Dyzelinas: 2.079 €/L → 2.089 €/L
  ~ Baltic Petroleum — Triliškių k., Kauno pl. 5
      95 benzinas: 1.689 €/L → 1.699 €/L
      Dyzelinas: 2.069 €/L → 2.039 €/L
  ~ Baltic Petroleum — Pagirių k., Marijampolės g. 1
      Dyzelinas: 2.039 €/L → 1.999 €/L
  ~ Baltic Petroleum — Spanėnų k., Plento g. 46
      95 benzinas: 1.729 €/L → 1.789 €/L
      Dyzelinas: 2.069 €/L → 2.089 €/L
      Dujos: 0.950 €/L → 0.940 €/L
  ~ Baltic Petroleum — Užežerės k., Gardenio g. 39
      95 benzinas: 1.639 €/L → 1.699 €/L
      Dyzelinas: 1.979 €/L → 1.999 €/L
  ~ Baltic Petroleum — Kaunas, Taikos pr. 120
      95 benzinas: 1.709 €/L → 1.699 €/L
  ~ Baltic Petroleum — Klaipėda, Liepų g. 79A
      95 benzinas: 1.609 €/L → 1.669 €/L
      Dyzelinas: 1.939 €/L → 1.989 €/L
      Dujos: 0.939 €/L → 0.909 €/L
  ~ Baltic Petroleum — Mažeikiai, M. Daukšos g. 17
      95 benzinas: 1.639 €/L → 1.699 €/L
      Dyzelinas: 1.979 €/L → 1.999 €/L
  ~ Baltic Petroleum — Druskininkai, Leipalingio g. 26
      95 benzinas: 1.729 €/L → 1.769 €/L
      Dyzelinas: 2.109 €/L → 2.089 €/L
  ~ Baltic Petroleum — Merkinė, Vilniaus g. 87
      95 benzinas: 1.729 €/L → 1.759 €/L
      Dyzelinas: 2.109 €/L → 2.089 €/L
  ~ Baltic Petroleum — Rietavas, Dariaus ir Girėno g. 19
      95 benzinas: 1.690 €/L → 1.650 €/L
      Dyzelinas: 2.030 €/L → 2.010 €/L
      Dujos: 0.910 €/L → 0.900 €/L
  ~ Baltic Petroleum — Jonava, Žemaitės g. 1
      95 benzinas: 1.729 €/L → 1.789 €/L
      Dyzelinas: 2.069 €/L → 2.089 €/L
      Dujos: 0.969 €/L → 0.959 €/L
  ~ Baltic Petroleum — Senoji Varėna, Vilniaus g. 6A
      95 benzinas: 1.719 €/L → 1.779 €/L
      Dyzelinas: 2.069 €/L → 2.089 €/L
  ~ Baltic Petroleum — Šiauliai, Kupiškio g. 4
      95 benzinas: 1.679 €/L → 1.699 €/L
      Dyzelinas: 1.999 €/L → 1.969 €/L
  ~ Baltic Petroleum — Sarakiškių k., Vytauto g. 61
      Dujos: 0.929 €/L → 0.909 €/L
  ~ Baltic Petroleum — Bučių k.
      Dujos: 0.930 €/L → 0.900 €/L
  ~ Baltic Petroleum — Taurų k., Tilžės pl. 36
      95 benzinas: 1.689 €/L → 1.679 €/L
      Dyzelinas: 1.949 €/L → 1.939 €/L
  ~ Baltic Petroleum — Vilnius, Zujūnų g. 2A
      95 benzinas: 1.639 €/L → 1.689 €/L
      Dyzelinas: 1.959 €/L → 2.019 €/L
      Dujos: 0.949 €/L → 0.929 €/L
  ~ Baltic Petroleum — Tirkšliai, Laukų g. 10
      95 benzinas: 1.639 €/L → 1.699 €/L
      Dyzelinas: 1.979 €/L → 1.999 €/L
  ~ Baltic Petroleum — Plateliai,  Ž. Kalvarijos g. 1A
      95 benzinas: 1.749 €/L → 1.769 €/L
      Dyzelinas: 2.079 €/L → 2.099 €/L
  ~ Baltic Petroleum — Veiverių k.
      95 benzinas: 1.749 €/L → 1.769 €/L
      Dyzelinas: 2.079 €/L → 2.089 €/L
      Dujos: 0.960 €/L → 0.950 €/L
  ~ Baltic Petroleum — Marijampolė, P. Armino g. 69
      95 benzinas: 1.649 €/L → 1.689 €/L
      Dyzelinas: 1.969 €/L → 1.999 €/L
      Dujos: 0.929 €/L → 0.909 €/L
  ~ Baltic Petroleum — Radviliškis, Šiaulių g. 1A
      95 benzinas: 1.689 €/L → 1.709 €/L
      Dyzelinas: 2.029 €/L → 2.059 €/L
  ~ Baltic Petroleum — Leipalingis, Merkinės g. 37
      95 benzinas: 1.729 €/L → 1.749 €/L
      Dyzelinas: 2.109 €/L → 2.089 €/L
  ~ Baltic Petroleum — Palanga, Ganyklų g. 28C
      Dyzelinas: 2.029 €/L → 1.999 €/L
  ~ Baltic Petroleum — Aukštikalnio k., Mūšos g. 19
      95 benzinas: 1.690 €/L → 1.630 €/L
      Dyzelinas: 1.990 €/L → 1.940 €/L
  ~ Baltic Petroleum — Anykščiai, Mindaugo g. 23
      95 benzinas: 1.659 €/L → 1.669 €/L
      Dyzelinas: 1.939 €/L → 1.949 €/L
  ~ Baltic Petroleum — Gargždai, Dariaus ir Girėno g. 10
      Dyzelinas: 1.999 €/L → 1.979 €/L
  ~ Borusta — Prienų g. 14, Birštonas
      Dyzelinas: 2.029 €/L → 2.019 €/L
  ~ Circle K — Geležinio Vilko g. 2A, Vilnius
      95 benzinas: 1.769 €/L → 1.799 €/L
      Dyzelinas: 2.079 €/L → 2.099 €/L
  ~ Circle K — Baltupio g. 10, Vilnius
      95 benzinas: 1.679 €/L → 1.769 €/L
      Dyzelinas: 2.004 €/L → 2.079 €/L
  ~ Circle K — A. P. Kavoliuko g. 32A, Vilnius
      95 benzinas: 1.719 €/L → 1.819 €/L
      Dyzelinas: 2.039 €/L → 2.099 €/L
  ~ Circle K — Sporto g. 16A, Vilnius
      95 benzinas: 1.739 €/L → 1.799 €/L
      Dyzelinas: 2.109 €/L → 2.099 €/L
  ~ Circle K — Ukmergės g. 231, Vilnius
      95 benzinas: 1.694 €/L → 1.819 €/L
      Dyzelinas: 2.029 €/L → 2.099 €/L
  ~ Circle K — Kareivių g. 13, Vilnius
      95 benzinas: 1.709 €/L → 1.819 €/L
      Dyzelinas: 2.029 €/L → 2.099 €/L
  ~ Circle K — A. Goštauto g. 13, Vilnius
      95 benzinas: 1.729 €/L → 1.819 €/L
      Dyzelinas: 2.053 €/L → 2.089 €/L
  ~ Circle K — Laisvės pr. 43C, Vilnius
      95 benzinas: 1.719 €/L → 1.819 €/L
      Dyzelinas: 2.039 €/L → 2.099 €/L
  ~ Circle K — J. Tiškevičiaus g. 24, Vilnius
      95 benzinas: 1.774 €/L → 1.809 €/L
      Dyzelinas: 2.104 €/L → 2.099 €/L
  ~ Circle K — Eišiškių pl. 11, Vilnius
      95 benzinas: 1.739 €/L → 1.799 €/L
      Dyzelinas: 2.059 €/L → 2.099 €/L
  ~ Circle K — Pramonės pr. 18, Kaunas
      95 benzinas: 1.729 €/L → 1.819 €/L
  ~ Circle K — Baltijos g. 1, Mastaičių k.
      95 benzinas: 1.839 €/L → 1.819 €/L
      Dyzelinas: 2.189 €/L → 2.129 €/L
  ~ Circle K — Raudondvario pl. 107A, Kaunas
      95 benzinas: 1.774 €/L → 1.819 €/L
      Dyzelinas: 2.134 €/L → 2.099 €/L
  ~ Circle K — Sudervės g. 2G, Avižienių k.
      95 benzinas: 1.769 €/L → 1.774 €/L
      Dyzelinas: 2.069 €/L → 2.089 €/L
  ~ Circle K — R. Kalantos g. 159, Kaunas
      95 benzinas: 1.749 €/L → 1.819 €/L
      Dyzelinas: 2.074 €/L → 2.099 €/L
  ~ Circle K — Naujoji g. 120, Alytus
      95 benzinas: 1.719 €/L → 1.779 €/L
      Dyzelinas: 2.059 €/L → 2.080 €/L
      Dujos: 0.999 €/L → 0.989 €/L
  ~ Circle K — Savanorių pr. 321, Kaunas
      95 benzinas: 1.769 €/L → 1.799 €/L
  ~ Circle K — Veiverių g. 49A, Kaunas
      95 benzinas: 1.764 €/L → 1.809 €/L
      Dyzelinas: 2.084 €/L → 2.099 €/L
  ~ Circle K — Dubijos g. 20A, Šiauliai
      95 benzinas: 1.689 €/L → 1.789 €/L
      Dyzelinas: 2.019 €/L → 2.069 €/L
  ~ Circle K — Talino g. 2B, Vilnius
      95 benzinas: 1.719 €/L → 1.819 €/L
      Dyzelinas: 2.039 €/L → 2.099 €/L
  ~ Circle K — Pramonės g. 17a, Šiauliai
      95 benzinas: 1.739 €/L → 1.809 €/L
      Dyzelinas: 2.029 €/L → 2.089 €/L
      Dujos: 0.959 €/L → 0.929 €/L
  ~ Circle K — Sabališkių g. 1F, Elektrėnai
      95 benzinas: 1.749 €/L → 1.819 €/L
      Dyzelinas: 2.149 €/L → 2.099 €/L
      Dujos: 0.959 €/L → 0.949 €/L
  ~ Circle K — J. Basanavičiaus g. 108a, Utena
      95 benzinas: 1.714 €/L → 1.799 €/L
      Dyzelinas: 2.054 €/L → 2.099 €/L
  ~ Circle K — Baltijos Kelio g. 33, Ūtos k.
      95 benzinas: 1.714 €/L → 1.799 €/L
      Dyzelinas: 2.034 €/L → 2.079 €/L
      Dujos: 0.999 €/L → 0.969 €/L
  ~ Circle K — Kretingos g. 56, Palanga
      Dyzelinas: 2.159 €/L → 2.099 €/L
  ~ Circle K — Plento g. 1, Kuršėnai
      95 benzinas: 1.769 €/L → 1.799 €/L
  ~ Circle K — Minijos g. 90, Klaipėda
      95 benzinas: 1.684 €/L → 1.779 €/L
      Dyzelinas: 2.024 €/L → 2.099 €/L
  ~ Circle K — Taikos pr. 61B, Klaipėda
      95 benzinas: 1.684 €/L → 1.779 €/L
      Dyzelinas: 2.024 €/L → 2.099 €/L
  ~ Circle K — H. Manto g. 96, Klaipėda
      95 benzinas: 1.709 €/L → 1.809 €/L
      Dyzelinas: 2.049 €/L → 2.099 €/L
  ~ Circle K — Kauno g. 130, Marijampolė
      95 benzinas: 1.689 €/L → 1.789 €/L
      Dyzelinas: 2.029 €/L → 2.099 €/L
      Dujos: 0.999 €/L → 0.990 €/L
  ~ Circle K — Rūtų g. 2B, Alytus
      95 benzinas: 1.709 €/L → 1.799 €/L
      Dyzelinas: 2.049 €/L → 2.099 €/L
  ~ Circle K — M. K. Čiurlionio g. 113, Druskininkai
      95 benzinas: 1.729 €/L → 1.769 €/L
      Dyzelinas: 2.129 €/L → 2.089 €/L
      Dujos: 0.979 €/L → 0.989 €/L
  ~ Circle K — J. Basanavičiaus g. 63, Panevėžys
      95 benzinas: 1.719 €/L → 1.779 €/L
      Dyzelinas: 2.049 €/L → 2.079 €/L
  ~ Circle K — Parko g. 7A, Panevėžys
      95 benzinas: 1.699 €/L → 1.789 €/L
      Dyzelinas: 2.009 €/L → 2.079 €/L
  ~ Circle K — Jono Dailidės g. 10, Marijampolė
      95 benzinas: 1.659 €/L → 1.759 €/L
      Dyzelinas: 2.009 €/L → 2.079 €/L
  ~ Circle K — J. Basanavičiaus g. 40a, Kėdainiai
      95 benzinas: 1.699 €/L → 1.819 €/L
      Dyzelinas: 2.039 €/L → 2.099 €/L
  ~ Circle K — Ežero g. 7, Kurėnų k.
      95 benzinas: 1.839 €/L → 1.819 €/L
      Dyzelinas: 2.189 €/L → 2.129 €/L
  ~ Circle K — Luokės g. 70, Telšiai
      95 benzinas: 1.739 €/L → 1.769 €/L
  ~ Circle K — Cintjoniškių g. 15, Šilutė
      95 benzinas: 1.754 €/L → 1.764 €/L
      Dyzelinas: 2.084 €/L → 2.095 €/L
  ~ Circle K — Savanorių g. 5, Varėna
      95 benzinas: 1.729 €/L → 1.759 €/L
      Dyzelinas: 2.077 €/L → 2.099 €/L
  ~ Circle K — Žemaitijos g. 57, Mažeikiai
      95 benzinas: 1.684 €/L → 1.769 €/L
      Dyzelinas: 2.019 €/L → 2.089 €/L
  ~ Circle K — Sidabros g. 2A, Satkūnų k.
      Dyzelinas: 2.089 €/L → 2.099 €/L
      Dujos: 0.949 €/L → 0.939 €/L
  ~ Circle K — Respublikos g. 111A, Rokiškis
      95 benzinas: 1.769 €/L → 1.799 €/L
  ~ Circle K — Vasario 16-osios g. 33, Jonava
      95 benzinas: 1.739 €/L → 1.804 €/L
      Dyzelinas: 2.079 €/L → 2.099 €/L
  ~ Circle K — Geležinio Vilko g. 39, Vilnius
      95 benzinas: 1.709 €/L → 1.799 €/L
      Dyzelinas: 2.053 €/L → 2.089 €/L
  ~ Circle K — Klaipėdos g. 155, Kretinga
      95 benzinas: 1.769 €/L → 1.799 €/L
  ~ Circle K — Prūsų g. 26 A, Vilnius
      95 benzinas: 1.759 €/L → 1.819 €/L
      Dyzelinas: 2.059 €/L → 2.099 €/L
  ~ Circle K — Gedimino g. 42B, Radviliškis
      95 benzinas: 1.709 €/L → 1.799 €/L
      Dyzelinas: 2.019 €/L → 2.079 €/L
  ~ Circle K — Gedimino g. 47, Tauragė
      95 benzinas: 1.677 €/L → 1.809 €/L
      Dyzelinas: 2.014 €/L → 2.109 €/L
      Dujos: 0.949 €/L → 0.939 €/L
  ~ Circle K — Panevėžio aplinkl. 20, Šilagalio k.
      95 benzinas: 1.694 €/L → 1.779 €/L
      Dyzelinas: 2.034 €/L → 2.079 €/L
      Dujos: 0.999 €/L → 0.969 €/L
  ~ Circle K — Vakarinis aplinkkelis 10, Kaunas
      95 benzinas: 1.699 €/L → 1.774 €/L
      Dyzelinas: 2.019 €/L → 2.054 €/L
  ~ Circle K — Žemaičių pl. 19, Kaunas
      95 benzinas: 1.699 €/L → 1.789 €/L
      Dyzelinas: 2.019 €/L → 2.059 €/L
  ~ Circle K — Dvaro g. 3, Košių II k.
      95 benzinas: 1.839 €/L → 1.819 €/L
      Dyzelinas: 2.189 €/L → 2.129 €/L
      Dujos: 0.979 €/L → 0.959 €/L
  ~ Circle K — Vilniaus pl. 21, Jakų k.
      Dyzelinas: 2.149 €/L → 2.099 €/L
  ~ Circle K — Geležinio Vilko g. 24, Vilnius
      95 benzinas: 1.699 €/L → 1.789 €/L
      Dyzelinas: 2.029 €/L → 2.099 €/L
  ~ Circle K — Taikos pr. 52A, Kaunas
      95 benzinas: 1.729 €/L → 1.819 €/L
  ~ Circle K — Kilučių g. 93, Biržai
      95 benzinas: 1.799 €/L → 1.754 €/L
      Dyzelinas: 2.129 €/L → 2.099 €/L
  ~ Circle K — Briedžių takas 6B, Kaunas
      95 benzinas: 1.769 €/L → 1.799 €/L
  ~ Circle K — Islandijos pl. 61C, Kaunas
      95 benzinas: 1.769 €/L → 1.799 €/L
  ~ Circle K — Karaliaus Mindaugo pr. 34A, Kaunas
      95 benzinas: 1.784 €/L → 1.829 €/L
      Dyzelinas: 2.084 €/L → 2.099 €/L
  ~ Circle K — Didžiulio g. 5, Dėdeliškių k.
      95 benzinas: 1.839 €/L → 1.819 €/L
      Dyzelinas: 2.189 €/L → 2.129 €/L
  ~ Circle K — J. Basanavičiaus g. 3, Utena
      95 benzinas: 1.704 €/L → 1.789 €/L
      Dyzelinas: 2.044 €/L → 2.084 €/L
  ~ Circle K — Nekrūnų k. 1
      95 benzinas: 1.799 €/L → 1.749 €/L
      Dyzelinas: 2.129 €/L → 2.099 €/L
  ~ Circle K — Vilkaviškio g. 10, Serdokų k.
      95 benzinas: 1.819 €/L → 1.779 €/L
      Dyzelinas: 2.129 €/L → 2.099 €/L
  ~ Circle K — Taikos pr. 112A, Klaipėda
      95 benzinas: 1.755 €/L → 1.749 €/L
      Dyzelinas: 2.075 €/L → 2.079 €/L
      Dujos: 0.960 €/L → 0.950 €/L
  ~ Circle K — Vilniaus pl. 1A, Klaipėda
      95 benzinas: 1.679 €/L → 1.779 €/L
      Dyzelinas: 2.019 €/L → 2.094 €/L
  ~ Circle K — Pikelių k. 1
      95 benzinas: 1.839 €/L → 1.819 €/L
      Dyzelinas: 2.189 €/L → 2.129 €/L
      Dujos: 0.979 €/L → 0.959 €/L
  ~ Circle K — Europos g. 13a, Salaperaugio k.
      95 benzinas: 1.839 €/L → 1.819 €/L
      Dyzelinas: 2.189 €/L → 2.129 €/L
  ~ Circle K — Muitinės g. 5B, Brazavo k.
      95 benzinas: 1.839 €/L → 1.819 €/L
      Dyzelinas: 2.189 €/L → 2.129 €/L
  ~ Circle K — Vilniaus g. 62, Šiauliai
      95 benzinas: 1.659 €/L → 1.759 €/L
      Dyzelinas: 1.989 €/L → 2.039 €/L
  ~ Circle K — R. Kalantos g. 68, Kaunas
      95 benzinas: 1.719 €/L → 1.789 €/L
      Dyzelinas: 2.044 €/L → 2.069 €/L
  ~ Circle K — Varnių g. 46, Kaunas
      95 benzinas: 1.719 €/L → 1.779 €/L
  ~ Circle K — Oslo g. 12, Vilnius
      95 benzinas: 1.689 €/L → 1.799 €/L
      Dyzelinas: 2.009 €/L → 2.079 €/L
  ~ Circle K — Dariaus ir Girėno g. 83A, Tauragė
      95 benzinas: 1.639 €/L → 1.749 €/L
      Dyzelinas: 1.984 €/L → 2.049 €/L
  ~ Circle K — Islandijos pl. 32, Kaunas
      95 benzinas: 1.709 €/L → 1.799 €/L
      Dyzelinas: 2.029 €/L → 2.069 €/L
  ~ Circle K — Savanorių pr. 118, Vilnius
      95 benzinas: 1.689 €/L → 1.784 €/L
      Dyzelinas: 2.019 €/L → 2.089 €/L
  ~ Circle K — P. Žadeikos g. 1a, Vilnius
      95 benzinas: 1.764 €/L → 1.809 €/L
      Dyzelinas: 2.134 €/L → 2.099 €/L
      Dujos: 0.999 €/L → 0.989 €/L
  ~ Circle K — Savanorių pr. 119A, Vilnius
      95 benzinas: 1.689 €/L → 1.784 €/L
      Dyzelinas: 2.019 €/L → 2.089 €/L
  ~ Circle K — Kareivių g. 3, Vilnius
      95 benzinas: 1.679 €/L → 1.779 €/L
      Dyzelinas: 1.999 €/L → 2.089 €/L
  ~ Circle K — Geležinio Vilko g. 4, Vilnius
      95 benzinas: 1.709 €/L → 1.799 €/L
      Dyzelinas: 2.053 €/L → 2.089 €/L
  ~ Circle K — Gariūnų g. 45, Vilnius
      95 benzinas: 1.699 €/L → 1.809 €/L
      Dyzelinas: 2.019 €/L → 2.089 €/L
  ~ Circle K — Savanorių pr. 404B, Kaunas
      Dyzelinas: 2.109 €/L → 2.089 €/L
      Dujos: 0.989 €/L → 0.979 €/L
  ~ Circle K — Tvirtovės alėja 33a, Kaunas
      95 benzinas: 1.759 €/L → 1.819 €/L
  ~ Circle K — Sukilėlių pr. 120, Kaunas
      95 benzinas: 1.759 €/L → 1.779 €/L
      Dyzelinas: 2.119 €/L → 2.099 €/L
  ~ Circle K — K. Baršausko g. 57, Kaunas
      95 benzinas: 1.749 €/L → 1.799 €/L
  ~ Circle K — Jonavos g. 38, Kaunas
      95 benzinas: 1.779 €/L → 1.799 €/L
      Dyzelinas: 2.129 €/L → 2.079 €/L
  ~ Circle K — Tilžės g. 25, Šiauliai
      95 benzinas: 1.729 €/L → 1.799 €/L
      Dyzelinas: 2.019 €/L → 2.079 €/L
  ~ Circle K — Tilžės g. 56A, Klaipėda
      95 benzinas: 1.639 €/L → 1.739 €/L
      Dyzelinas: 1.979 €/L → 2.069 €/L
  ~ Circle K — Jūrininkų pr. 31, Klaipėda
      95 benzinas: 1.680 €/L → 1.759 €/L
      Dyzelinas: 2.110 €/L → 2.099 €/L
  ~ Circle K — Sausio 15-osios g. 2, Klaipėda
      95 benzinas: 1.659 €/L → 1.759 €/L
      Dyzelinas: 1.999 €/L → 2.089 €/L
  ~ Circle K — Klaipėdos g. 92A, Panevėžys
      95 benzinas: 1.679 €/L → 1.769 €/L
      Dyzelinas: 1.989 €/L → 2.059 €/L
  ~ Circle K — Molėtų g. 15, Didžiosios Riešės k.
      95 benzinas: 1.689 €/L → 1.779 €/L
      Dyzelinas: 2.019 €/L → 2.089 €/L
  ~ Gelvybė — Aristavos g. 4, Aristava
      95 benzinas: 1.729 €/L → 1.680 €/L
      Dyzelinas: 2.060 €/L → 2.030 €/L
  ~ Gelvybė — Marijampolės g. 8, Rūdos k.
      Dyzelinas: 2.070 €/L → 2.030 €/L
  ~ Jozita — Šolių k., Pietinio Kelio g. 9
      Dyzelinas: 1.950 €/L → 1.900 €/L
  ~ Jozita — Vilnius, Ukmergės g. 130
      Dyzelinas: 1.950 €/L → 1.900 €/L
  ~ Jozita — Vilnius, Parko g. 64
      Dyzelinas: 1.950 €/L → 1.900 €/L
  ~ Jozita — Vilnius, Pramonės g. 18
      Dyzelinas: 1.950 €/L → 1.900 €/L
  ~ Jozita — Rudamina, Jašiūnų g. 2
      Dyzelinas: 1.950 €/L → 1.900 €/L
  ~ Jozita — Kaunas, Kuršių 13A
      Dyzelinas: 1.950 €/L → 1.900 €/L
  ~ Jozita — Kaunas, Jonavos g. 51
      Dyzelinas: 1.950 €/L → 1.900 €/L
  ~ Jozita — Kaunas, Betygalos g. 8
      Dyzelinas: 1.950 €/L → 1.900 €/L
  ~ Jozita — Kaunas, Baltų pr. 141A
      Dyzelinas: 1.950 €/L → 1.900 €/L
  ~ Jozita — Kaunas, Partizanų g. 87G
      Dyzelinas: 1.950 €/L → 1.900 €/L
  ~ Jozita — Garliava, Vytauto g. 111A
      Dyzelinas: 1.950 €/L → 1.900 €/L
  ~ Jozita — Ramučiai, K. Bielinio g. 2A
      Dyzelinas: 1.950 €/L → 1.900 €/L
  ~ Jozita — Klipščių k., Šilelių g.1
      Dyzelinas: 1.950 €/L → 1.900 €/L
  ~ Jozita — Klaipėda, Taikos pr. 157
      Dyzelinas: 1.950 €/L → 1.900 €/L
  ~ Jozita — Gargždai, Gamyklos g. 1
      Dyzelinas: 1.950 €/L → 1.900 €/L
  ~ Jozita — Trepkalnių k., Mokyklos g. 2
      Dyzelinas: 1.950 €/L → 1.900 €/L
  ~ Jozita — Šiauliai, Architektų g. 80
      Dyzelinas: 1.950 €/L → 1.900 €/L
  ~ Jozita — Šiauliai, Girulių g. 1
      Dyzelinas: 1.950 €/L → 1.900 €/L
  ~ Jozita — Toliočiai, Plento g. 2B
      Dyzelinas: 1.950 €/L → 1.900 €/L
  ~ Jozita — Kelmė, V.Putvinskio g. 37
      Dyzelinas: 1.950 €/L → 1.900 €/L
  ~ Jozita — Raseiniai, Maironio g. 78b
      Dyzelinas: 1.950 €/L → 1.900 €/L
  ~ Jozita — Kuosiškių k. 4
      Dyzelinas: 1.950 €/L → 1.900 €/L
  ~ Jozita — Traksėdžių k., Klaipėdos. 1
      Dyzelinas: 1.950 €/L → 1.900 €/L
  ~ Jozita — Varkaliai, Žemaičių g. 2A
      Dyzelinas: 1.950 €/L → 1.900 €/L
  ~ Jozita — Papušynės k, Šilalės g. 105
      Dyzelinas: 1.950 €/L → 1.900 €/L
  ~ Jozita — Panevėžys, S. Kerbedžio g. 7F
      Dyzelinas: 1.950 €/L → 1.900 €/L
  ~ Eniris — Puttvinskio g. 29, Kelmė
      95 benzinas: 1.709 €/L → 1.659 €/L
      Dyzelinas: 1.969 €/L → 1.959 €/L
  ~ Eniris — Telšių g. 2 b, Rainių k.
      95 benzinas: 1.730 €/L → 1.780 €/L
  ~ Eniris — Rytinio Kelio g. 2a, Šilalė
      95 benzinas: 1.700 €/L → 1.650 €/L
  ~ Eniris — Mažeikių g. 1, Telšiai
      95 benzinas: 1.720 €/L → 1.770 €/L
      Dyzelinas: 2.070 €/L → 2.090 €/L
  ~ Eniris — Klaipėdos g. 76, Žemaičių Naumiestis
      95 benzinas: 1.750 €/L → 1.760 €/L
  ~ Eniris — Bačkonių k., Pastrėvio g. 1A,
      Dyzelinas: 2.089 €/L → 2.049 €/L
      Dujos: 0.949 €/L → 0.929 €/L
  ~ Eniris — Alytaus g. 59, Krosnos k.
      95 benzinas: 1.719 €/L → 1.689 €/L
      Dyzelinas: 2.099 €/L → 2.029 €/L
  ~ Eniris — Ruoščių k. 1
      95 benzinas: 1.703 €/L → 1.693 €/L
      Dyzelinas: 2.094 €/L → 2.014 €/L
  ~ Naftrus — Šilo g. 1, Ylių k.
      95 benzinas: 1.710 €/L → 1.660 €/L
      Dyzelinas: 2.040 €/L → 1.980 €/L
  ~ Naftrus — Pievų g. 17, Slabados k.
      95 benzinas: 1.680 €/L → 1.670 €/L
      Dyzelinas: 2.070 €/L → 1.970 €/L
      Dujos: 0.870 €/L → 0.890 €/L
  ~ Naftrus — Topolių g. 1, Degučių k.
      Dyzelinas: 1.980 €/L → 1.950 €/L
  ~ Narjanta — Vilniaus g. 32, Troškūnai
      Dyzelinas: 2.139 €/L → 2.129 €/L
  ~ Narjanta — Dvariškių vs. 2
      Dyzelinas: 2.129 €/L → 2.029 €/L
  ~ Neste Lietuva — Servečės g. 2, Vilnius
      95 benzinas: 1.669 €/L → 1.749 €/L
      Dyzelinas: 1.999 €/L → 2.069 €/L
  ~ Neste Lietuva — Ukmergės g. 296, Vilnius
      95 benzinas: 1.674 €/L → 1.769 €/L
      Dyzelinas: 1.999 €/L → 2.069 €/L
  ~ Neste Lietuva — Talino g. 2C, Vilnius
      95 benzinas: 1.669 €/L → 1.779 €/L
      Dyzelinas: 1.989 €/L → 2.059 €/L
  ~ Neste Lietuva — Erfurto g. 41, Vilnius
      95 benzinas: 1.674 €/L → 1.769 €/L
      Dyzelinas: 1.989 €/L → 2.069 €/L
  ~ Neste Lietuva — Geležinio Vilko g. 63, Vilnius
      95 benzinas: 1.659 €/L → 1.759 €/L
      Dyzelinas: 1.979 €/L → 2.069 €/L
  ~ Neste Lietuva — S. Stanevičiaus g. 3, Vilnius
      95 benzinas: 1.654 €/L → 1.759 €/L
      Dyzelinas: 1.979 €/L → 2.059 €/L
  ~ Neste Lietuva — Žirmūnų g. 68B, Vilnius
      95 benzinas: 1.664 €/L → 1.749 €/L
      Dyzelinas: 1.984 €/L → 2.069 €/L
  ~ Neste Lietuva — Rygos g. 2, Vilnius
      95 benzinas: 1.674 €/L → 1.769 €/L
      Dyzelinas: 1.989 €/L → 2.069 €/L
  ~ Neste Lietuva — Savanorių pr. 220A, Vilnius
      95 benzinas: 1.659 €/L → 1.749 €/L
      Dyzelinas: 1.989 €/L → 2.059 €/L
  ~ Neste Lietuva — Parodų g. 1A, Vilnius
      95 benzinas: 1.694 €/L → 1.779 €/L
      Dyzelinas: 2.009 €/L → 2.079 €/L
  ~ Neste Lietuva — Kauno g. 26, Vilnius
      95 benzinas: 1.699 €/L → 1.774 €/L
      Dyzelinas: 2.029 €/L → 2.064 €/L
  ~ Neste Lietuva — Savanorių pr. 187, Vilnius
      95 benzinas: 1.659 €/L → 1.749 €/L
      Dyzelinas: 1.989 €/L → 2.059 €/L
  ~ Neste Lietuva — Kedrų g. 2, Vilnius
      95 benzinas: 1.719 €/L → 1.779 €/L
      Dyzelinas: 2.039 €/L → 2.079 €/L
  ~ Neste Lietuva — Molėtų pl. 8, Vilnius
      95 benzinas: 1.649 €/L → 1.749 €/L
      Dyzelinas: 1.969 €/L → 2.059 €/L
  ~ Neste Lietuva — P. Lukšio g. 22, Vilnius
      95 benzinas: 1.654 €/L → 1.739 €/L
      Dyzelinas: 1.974 €/L → 2.059 €/L
  ~ Neste Lietuva — Žirmūnų g. 54C, Vilnius
      95 benzinas: 1.664 €/L → 1.749 €/L
      Dyzelinas: 1.979 €/L → 2.064 €/L
  ~ Neste Lietuva — Subačiaus g. 64, Vilnius
      95 benzinas: 1.679 €/L → 1.774 €/L
      Dyzelinas: 1.999 €/L → 2.074 €/L
  ~ Neste Lietuva — Dariaus ir Girėno g. 17, Vilnius
      95 benzinas: 1.694 €/L → 1.779 €/L
      Dyzelinas: 2.009 €/L → 2.069 €/L
  ~ Neste Lietuva — Architektų g. 130, Vilnius
      95 benzinas: 1.689 €/L → 1.779 €/L
      Dyzelinas: 1.999 €/L → 2.079 €/L
  ~ Neste Lietuva — Justiniškių g. 14B, Vilnius
      95 benzinas: 1.674 €/L → 1.764 €/L
      Dyzelinas: 1.989 €/L → 2.064 €/L
  ~ Neste Lietuva — Geležinio Vilko g. 37A, Vilnius
      95 benzinas: 1.679 €/L → 1.769 €/L
      Dyzelinas: 1.999 €/L → 2.069 €/L
  ~ Neste Lietuva — Pilaitės pr. 27, Vilnius
      95 benzinas: 1.649 €/L → 1.729 €/L
      Dyzelinas: 1.979 €/L → 2.049 €/L
  ~ Neste Lietuva — Žirnių g. 17, Vilnius
      95 benzinas: 1.659 €/L → 1.769 €/L
      Dyzelinas: 1.999 €/L → 2.069 €/L
  ~ Neste Lietuva — J. Tiškevičiaus g. 19, Vilnius
      95 benzinas: 1.699 €/L → 1.779 €/L
      Dyzelinas: 2.029 €/L → 2.034 €/L
  ~ Neste Lietuva — Eišiškių pl. 82, Vilnius
      95 benzinas: 1.684 €/L → 1.774 €/L
      Dyzelinas: 1.999 €/L → 2.079 €/L
  ~ Neste Lietuva — Gariūnų g. 55, Vilnius
      95 benzinas: 1.674 €/L → 1.779 €/L
      Dyzelinas: 1.984 €/L → 2.069 €/L
  ~ Neste Lietuva — Panerių g. 42, Vilnius
      95 benzinas: 1.689 €/L → 1.764 €/L
      Dyzelinas: 1.999 €/L → 2.044 €/L
  ~ Neste Lietuva — Geležinio Vilko g. 41, Vilnius
      95 benzinas: 1.679 €/L → 1.769 €/L
      Dyzelinas: 1.999 €/L → 2.069 €/L
  ~ Neste Lietuva — Pramonės pr. 6A, Kaunas
      95 benzinas: 1.674 €/L → 1.744 €/L
      Dyzelinas: 2.014 €/L → 2.054 €/L
  ~ Neste Lietuva — Jonavos g. 110, Kaunas
      95 benzinas: 1.664 €/L → 1.739 €/L
      Dyzelinas: 1.984 €/L → 2.029 €/L
  ~ Neste Lietuva — Veiverių g. 132D, Kaunas
      95 benzinas: 1.724 €/L → 1.764 €/L
      Dyzelinas: 2.044 €/L → 2.059 €/L
  ~ Neste Lietuva — Žemaičių pl. 26, Kaunas
      95 benzinas: 1.669 €/L → 1.754 €/L
      Dyzelinas: 1.989 €/L → 2.039 €/L
  ~ Neste Lietuva — R. Kalantos g. 27, Kaunas
      95 benzinas: 1.679 €/L → 1.754 €/L
      Dyzelinas: 2.019 €/L → 2.044 €/L
  ~ Neste Lietuva — Ateities pl. 50B, Kaunas
      95 benzinas: 1.659 €/L → 1.754 €/L
      Dyzelinas: 1.979 €/L → 2.034 €/L
  ~ Neste Lietuva — Taikos pr. 80A, Kaunas
      95 benzinas: 1.659 €/L → 1.764 €/L
      Dyzelinas: 2.014 €/L → 2.054 €/L
  ~ Neste Lietuva — Birželio 23-iosios g. 23A, Kaunas
      95 benzinas: 1.689 €/L → 1.769 €/L
      Dyzelinas: 2.019 €/L → 2.059 €/L
  ~ Neste Lietuva — Islandijos pl. 191E, Kaunas
      95 benzinas: 1.684 €/L → 1.749 €/L
      Dyzelinas: 1.989 €/L → 2.049 €/L
  ~ Neste Lietuva — Raudondvario pl. 103, Kaunas
      95 benzinas: 1.674 €/L → 1.749 €/L
      Dyzelinas: 1.994 €/L → 2.049 €/L
  ~ Neste Lietuva — Kuršių g. 1, Kaunas
      95 benzinas: 1.679 €/L → 1.759 €/L
      Dyzelinas: 1.979 €/L → 2.039 €/L
  ~ Neste Lietuva — Vijoklių g. 1C, Ramučių k.
      95 benzinas: 1.689 €/L → 1.749 €/L
      Dyzelinas: 2.009 €/L → 2.049 €/L
  ~ Neste Lietuva — Tunelio g. 26, Kaunas
      95 benzinas: 1.679 €/L → 1.754 €/L
      Dyzelinas: 2.029 €/L → 2.049 €/L
  ~ Neste Lietuva — Vakarų g. 14, Kumpių k.
      95 benzinas: 1.714 €/L → 1.754 €/L
      Dyzelinas: 1.999 €/L → 2.039 €/L
  ~ Neste Lietuva — Savanorių pr. 441C, Kaunas
      95 benzinas: 1.689 €/L → 1.739 €/L
      Dyzelinas: 1.999 €/L → 2.039 €/L
  ~ Neste Lietuva — Vakarinis aplinkkelis 18, Kaunas
      95 benzinas: 1.669 €/L → 1.754 €/L
      Dyzelinas: 1.989 €/L → 2.034 €/L
  ~ Neste Lietuva — Europos pr. 43, Kaunas
      95 benzinas: 1.699 €/L → 1.759 €/L
      Dyzelinas: 2.019 €/L → 2.054 €/L
  ~ Neste Lietuva — Plieno g. 1, Klaipėda
      95 benzinas: 1.639 €/L → 1.729 €/L
      Dyzelinas: 1.969 €/L → 2.059 €/L
  ~ Neste Lietuva — Šilutės pl. 30, Klaipėda
      95 benzinas: 1.629 €/L → 1.699 €/L
      Dyzelinas: 1.969 €/L → 2.044 €/L
  ~ Neste Lietuva — Taikos pr. 60, Klaipėda
      95 benzinas: 1.634 €/L → 1.729 €/L
      Dyzelinas: 1.974 €/L → 2.049 €/L
  ~ Neste Lietuva — Minijos g. 119, Klaipėda
      95 benzinas: 1.644 €/L → 1.739 €/L
      Dyzelinas: 1.984 €/L → 2.059 €/L
  ~ Neste Lietuva — Artojo g. 2, Klaipėda
      95 benzinas: 1.619 €/L → 1.689 €/L
      Dyzelinas: 1.959 €/L → 2.039 €/L
  ~ Neste Lietuva — Smiltelės g. 17, Klaipėda
      95 benzinas: 1.639 €/L → 1.729 €/L
      Dyzelinas: 1.969 €/L → 2.059 €/L
  ~ Neste Lietuva — Šilutės pl. 5C, Klaipėda
      95 benzinas: 1.609 €/L → 1.719 €/L
      Dyzelinas: 1.949 €/L → 2.039 €/L
  ~ Neste Lietuva — Vilniaus pl. 9, Jakų k.
      95 benzinas: 1.649 €/L → 1.759 €/L
      Dyzelinas: 2.029 €/L → 2.059 €/L
  ~ Neste Lietuva — Sendvario g. 2, Sudmantų k.
      95 benzinas: 1.664 €/L → 1.749 €/L
      Dyzelinas: 2.014 €/L → 2.049 €/L
  ~ Neste Lietuva — Gegužių g. 28, Šiauliai
      95 benzinas: 1.669 €/L → 1.759 €/L
      Dyzelinas: 1.989 €/L → 2.039 €/L
  ~ Neste Lietuva — Tilžės g. 72, Šiauliai
      95 benzinas: 1.669 €/L → 1.764 €/L
      Dyzelinas: 1.994 €/L → 2.044 €/L
  ~ Neste Lietuva — Dubijos g. 18A, Šiauliai
      95 benzinas: 1.659 €/L → 1.759 €/L
      Dyzelinas: 1.979 €/L → 2.039 €/L
  ~ Neste Lietuva — Klaipėdos g. 81, Panevėžys
      95 benzinas: 1.649 €/L → 1.729 €/L
      Dyzelinas: 1.979 €/L → 2.059 €/L
  ~ Neste Lietuva — Ramygalos g. 145B, Panevėžys
      95 benzinas: 1.659 €/L → 1.759 €/L
      Dyzelinas: 1.999 €/L → 2.054 €/L
  ~ Neste Lietuva — Klaipėdos g. 66,  Panevėžys
      95 benzinas: 1.654 €/L → 1.774 €/L
      Dyzelinas: 1.974 €/L → 2.059 €/L
  ~ Neste Lietuva — Ąžuolpamūšio g. 1A, Raubonių k..
      95 benzinas: 1.669 €/L → 1.759 €/L
      Dyzelinas: 1.989 €/L → 2.059 €/L
  ~ Neste Lietuva — Margirio g. 1B, Panevėžys
      95 benzinas: 1.649 €/L → 1.774 €/L
      Dyzelinas: 1.979 €/L → 2.054 €/L
  ~ Neste Lietuva — Klaipėdos g. 144B, Panevėžys
      95 benzinas: 1.649 €/L → 1.779 €/L
      Dyzelinas: 1.984 €/L → 2.059 €/L
  ~ Neste Lietuva — Panevėžio aplinkl. 7, Šilagalio k.
      95 benzinas: 1.679 €/L → 1.759 €/L
      Dyzelinas: 2.019 €/L → 2.059 €/L
  ~ Neste Lietuva — Panevėžio aplinkl. 22, Šilagalio k.
      95 benzinas: 1.664 €/L → 1.749 €/L
      Dyzelinas: 2.004 €/L → 2.049 €/L
  ~ Neste Lietuva — Santaikos g. 34A, Alytus
      95 benzinas: 1.659 €/L → 1.769 €/L
      Dyzelinas: 2.014 €/L → 2.059 €/L
  ~ Neste Lietuva — Ūdrijos g. 31, Alytus
      95 benzinas: 1.674 €/L → 1.769 €/L
      Dyzelinas: 2.014 €/L → 2.059 €/L
  ~ Neste Lietuva — Stoties g. 4C, Marijampolė
      95 benzinas: 1.644 €/L → 1.759 €/L
      Dyzelinas: 1.984 €/L → 2.059 €/L
  ~ Neste Lietuva — Vilkaviškio g. 61D, Marijampolė
      95 benzinas: 1.639 €/L → 1.754 €/L
      Dyzelinas: 1.979 €/L → 2.054 €/L
  ~ Neste Lietuva — Europos g. 1, Salaperaugio k.
      95 benzinas: 1.674 €/L → 1.799 €/L
      Dyzelinas: 2.014 €/L → 2.079 €/L
  ~ Neste Lietuva — Europos g. 6, N.Valios k.
      Dyzelinas: 2.014 €/L → 2.079 €/L
  ~ Neste Lietuva — M. Daukšos g. 29, Mažeikiai
      95 benzinas: 1.659 €/L → 1.759 €/L
      Dyzelinas: 1.999 €/L → 2.059 €/L
  ~ Neste Lietuva — Katyčių k., Šilalės r.
      95 benzinas: 1.669 €/L → 1.749 €/L
      Dyzelinas: 2.039 €/L → 2.074 €/L
  ~ Neste Lietuva — J. Basanavičiaus g. 91E, Kėdainiai
      95 benzinas: 1.669 €/L → 1.724 €/L
      Dyzelinas: 2.009 €/L → 2.069 €/L
  ~ Neste Lietuva — Kauno g. 45B, Ukmergė
      95 benzinas: 1.649 €/L → 1.759 €/L
      Dyzelinas: 1.959 €/L → 2.049 €/L
  ~ Neste Lietuva — J. Basanavičiaus g. 129, Utena
      95 benzinas: 1.674 €/L → 1.759 €/L
      Dyzelinas: 2.014 €/L → 2.059 €/L
  ~ Neste Lietuva — Kupiškio g. 12, Utena
      95 benzinas: 1.664 €/L → 1.754 €/L
      Dyzelinas: 1.999 €/L → 2.054 €/L
  ~ Neste Lietuva — Aplinkkelio g. 165, Molėtai
      95 benzinas: 1.649 €/L → 1.759 €/L
      Dyzelinas: 1.989 €/L → 2.079 €/L
  ~ Neste Lietuva — Vilniaus g. 94, Pabradė
      95 benzinas: 1.689 €/L → 1.749 €/L
      Dyzelinas: 2.014 €/L → 2.059 €/L
  ~ Neste Lietuva — Plento g. 7, Gudžionių k.
      95 benzinas: 1.689 €/L → 1.774 €/L
      Dyzelinas: 2.014 €/L → 2.079 €/L
  ~ Neste Lietuva — Versmės g. 2, Radviliškis
      95 benzinas: 1.679 €/L → 1.779 €/L
      Dyzelinas: 1.989 €/L → 2.039 €/L
  ~ Neste Lietuva — Pušyno g. 11, Ylių k.
      95 benzinas: 1.689 €/L → 1.769 €/L
      Dyzelinas: 2.059 €/L → 2.079 €/L
  ~ Neste Lietuva — Dariaus ir Girėno g. 130A, Tauragė
      95 benzinas: 1.639 €/L → 1.749 €/L
      Dyzelinas: 1.984 €/L → 2.049 €/L
  ~ Neste Lietuva — Sabališkių g. 1U, Elektrėnai
      95 benzinas: 1.689 €/L → 1.779 €/L
      Dyzelinas: 2.069 €/L → 2.049 €/L
  ~ Neste Lietuva — Šiaulių pl. 1A, Gaudikaičių k.
      95 benzinas: 1.699 €/L → 1.774 €/L
      Dyzelinas: 2.029 €/L → 2.079 €/L
  ~ Orlen — Kauno g. 73, Alytus
      Dyzelinas: 2.029 €/L → 1.999 €/L
  ~ Orlen — ​Žilvičių g. 1 A, Kakliniškių k.
      Dyzelinas: 2.119 €/L → 2.039 €/L
      Dujos: 0.919 €/L → 0.899 €/L
  ~ Orlen — Alytaus g. 2, ​Verbyliškių k.
      Dyzelinas: 2.079 €/L → 2.039 €/L
      Dujos: 0.899 €/L → 0.889 €/L
  ~ Orlen — Žiežmarių k.
      Dyzelinas: 2.119 €/L → 2.039 €/L
      Dujos: 0.919 €/L → 0.899 €/L
  ~ Orlen — Biruliškių k.
      Dyzelinas: 2.059 €/L → 1.999 €/L
  ~ Orlen — Beržų g. 2N, Ringaudai
      Dyzelinas: 2.079 €/L → 2.029 €/L
      Dujos: 0.919 €/L → 0.899 €/L
  ~ Orlen — Kalvarijos g. 138, Kaunas
      Dyzelinas: 2.079 €/L → 2.029 €/L
      Dujos: 0.899 €/L → 0.889 €/L
  ~ Orlen — Pramonės pr. 37, Kaunas
      Dyzelinas: 2.059 €/L → 2.019 €/L
  ~ Orlen — Varnių g. 50, Kaunas
      Dyzelinas: 2.039 €/L → 2.019 €/L
  ~ Orlen — Veiverių g. 148 B, Kaunas
      95 benzinas: 1.719 €/L → 1.699 €/L
      Dyzelinas: 2.059 €/L → 2.019 €/L
  ~ Orlen — Minijos g. 44, Klaipėda
      Dyzelinas: 2.059 €/L → 2.019 €/L
      Dujos: 0.899 €/L → 0.869 €/L
  ~ Orlen — Šilutės pl. 26 A, Klaipėda
      Dujos: 0.869 €/L → 0.859 €/L
  ~ Orlen — Šilutės pl. 94, Klaipėda
      Dyzelinas: 2.059 €/L → 2.039 €/L
  ~ Orlen — Vilniaus pl. 13, Jakų k.
      95 benzinas: 1.739 €/L → 1.719 €/L
      Dyzelinas: 2.119 €/L → 2.039 €/L
      Dujos: 0.899 €/L → 0.889 €/L
  ~ Orlen — Pikelių k. 6
      95 benzinas: 1.799 €/L → 1.769 €/L
      Dyzelinas: 2.149 €/L → 2.099 €/L
      Dujos: 0.969 €/L → 0.939 €/L
  ~ Orlen — Pikelių k. 8
      95 benzinas: 1.799 €/L → 1.769 €/L
      Dyzelinas: 2.149 €/L → 2.099 €/L
      Dujos: 0.949 €/L → 0.919 €/L
  ~ Orlen — ​Skuodo g. 14, Mažeikiai
      95 benzinas: 1.679 €/L → 1.699 €/L
      Dyzelinas: 2.029 €/L → 2.019 €/L
      Dujos: 0.879 €/L → 0.869 €/L
  ~ Orlen — Žemaitijos g. 42, Mažeikiai
      95 benzinas: 1.679 €/L → 1.699 €/L
      Dyzelinas: 2.029 €/L → 2.019 €/L
      Dujos: 0.879 €/L → 0.869 €/L
  ~ Orlen — Vilimiškės k.
      95 benzinas: 1.769 €/L → 1.729 €/L
      Dyzelinas: 2.119 €/L → 2.029 €/L
      Dujos: 0.919 €/L → 0.889 €/L
  ~ Orlen — Klaipėdos g. 162 D, Panevėžys
      Dyzelinas: 2.059 €/L → 2.019 €/L
      Dujos: 0.899 €/L → 0.879 €/L
  ~ Orlen — Senamiesčio g. 115, Panevėžys
      Dyzelinas: 2.019 €/L → 1.999 €/L
  ~ Orlen — Šiaulių g. 50, Nausodės k.
      Dyzelinas: 2.119 €/L → 2.079 €/L
      Dujos: 0.919 €/L → 0.889 €/L
  ~ Orlen — Serbentų g. 82, Šiauliai
      Dyzelinas: 2.049 €/L → 2.019 €/L
      Dujos: 0.879 €/L → 0.859 €/L
  ~ Orlen — Gedimino g. 46, Tauragė
      95 benzinas: 1.689 €/L → 1.699 €/L
      Dyzelinas: 2.039 €/L → 2.019 €/L
      Dujos: 0.879 €/L → 0.869 €/L
  ~ Orlen — ​Plungės g. 33 D, Telšiai
      95 benzinas: 1.689 €/L → 1.699 €/L
      Dyzelinas: 2.039 €/L → 2.019 €/L
  ~ Orlen — Juodasis kl. 32, Vilnius
      Dyzelinas: 2.079 €/L → 2.039 €/L
      Dujos: 0.919 €/L → 0.899 €/L
  ~ Orlen — O. ​Milašiaus g. 31, Vilnius
      95 benzinas: 1.718 €/L → 1.719 €/L
      Dyzelinas: 2.079 €/L → 2.039 €/L
      Dujos: 0.919 €/L → 0.899 €/L
  ~ Orlen — Ukmergės g. 319, Vilnius
      95 benzinas: 1.719 €/L → 1.699 €/L
      Dyzelinas: 2.069 €/L → 2.019 €/L
      Dujos: 0.919 €/L → 0.889 €/L
  ~ Orlen — Žirmūnų g. 1T, Vilnius
      Dyzelinas: 2.069 €/L → 2.019 €/L
      Dujos: 0.899 €/L → 0.889 €/L
  ~ Tomega — Gardino g. 98, Druskininkai
      Dujos: – → 0.950 €/L
  ~ Tomega — Tartoko k.
      95 benzinas: 1.799 €/L → 1.769 €/L
      Dyzelinas: 2.209 €/L → 2.099 €/L
  ~ Tomega — Dumblės k.
      95 benzinas: 1.809 €/L → 1.779 €/L
      Dyzelinas: 2.219 €/L → 2.109 €/L
  ~ Trevena — Kretingos pl. 1, Gargždai
      95 benzinas: 1.690 €/L → 1.670 €/L
      Dyzelinas: 2.060 €/L → 2.020 €/L
      Dujos: 0.930 €/L → 0.910 €/L
  ~ Trevena — Klaipėdos g. 39, Gargždai
      95 benzinas: 1.660 €/L → 1.630 €/L
      Dyzelinas: 2.060 €/L → 1.980 €/L
      Dujos: 0.890 €/L → 0.870 €/L
  ~ Trevena — Tilžės g. 21, Saugų k.
      95 benzinas: 1.690 €/L → 1.650 €/L
      Dyzelinas: 2.030 €/L → 1.970 €/L
  ~ Trevena — Šv. Kristoforo g. 4, Dituvos k.
      95 benzinas: 1.660 €/L → 1.630 €/L
      Dyzelinas: 2.030 €/L → 1.970 €/L
      Dujos: 0.930 €/L → 0.910 €/L
  ~ Trevena — Lėgų k. 1, Rietavas
      95 benzinas: 1.690 €/L → 1.670 €/L
      Dyzelinas: 2.060 €/L → 2.020 €/L
      Dujos: 0.930 €/L → 0.910 €/L
  ~ Trevena — Veiviržėnų g. 29, Pyktiškės k.
      95 benzinas: 1.690 €/L → 1.670 €/L
      Dyzelinas: 2.060 €/L → 2.020 €/L
      Dujos: 0.930 €/L → 0.910 €/L
  ~ Trevena — Liepų g. 4, Žemaitkiemio k.
      95 benzinas: 1.690 €/L → 1.650 €/L
      Dyzelinas: 2.030 €/L → 1.970 €/L
  ~ Trevena — Kvėdarnos g. 2, Vatušių k.
      95 benzinas: 1.690 €/L → 1.670 €/L
      Dyzelinas: 2.060 €/L → 2.010 €/L
  ~ Trevena — Kretingos g. 28A, Klaipėda
      95 benzinas: 1.660 €/L → 1.630 €/L
      Dyzelinas: 2.030 €/L → 1.970 €/L
      Dujos: 0.930 €/L → 0.910 €/L
  ~ Trevena — Minijos g. 152A, Klaipėda
      95 benzinas: 1.660 €/L → 1.630 €/L
      Dyzelinas: 2.030 €/L → 1.970 €/L
      Dujos: 0.930 €/L → 0.910 €/L
  ~ Viada — Daugų k., Neveiglo g. 25
      95 benzinas: 1.769 €/L → 1.799 €/L
  ~ Viada — Alytus, Naujoji g. 27
      95 benzinas: 1.749 €/L → 1.799 €/L
      Dyzelinas: 2.069 €/L → 2.099 €/L
  ~ Viada — Alytus, Ulonų g. 33B
      95 benzinas: 1.749 €/L → 1.799 €/L
      Dyzelinas: 2.069 €/L → 2.099 €/L
  ~ Viada — Anykščiai, A. Vienuolio g. 34
      95 benzinas: 1.699 €/L → 1.759 €/L
      Dyzelinas: 1.999 €/L → 2.059 €/L
  ~ Viada — Anykščiai, Piliakalnio g. 9
      95 benzinas: 1.699 €/L → 1.759 €/L
      Dyzelinas: 1.999 €/L → 2.059 €/L
  ~ Viada — Biržai, Parodos g. 2
      95 benzinas: 1.739 €/L → 1.799 €/L
  ~ Viada — Biržai, Pasvalio g. 1B
      95 benzinas: 1.739 €/L → 1.799 €/L
  ~ Viada — Elektrėnai, Elektrinės g. 6
      95 benzinas: 1.749 €/L → 1.799 €/L
      Dujos: 0.959 €/L → 0.949 €/L
  ~ Viada — Ignalina, Turistų g. 28A
      95 benzinas: 1.769 €/L → 1.799 €/L
  ~ Viada — Jonava, Darbininkų g. 4D
      95 benzinas: 1.749 €/L → 1.799 €/L
      Dyzelinas: 2.089 €/L → 2.099 €/L
  ~ Viada — Joniškis, Vilniaus g. 51
      95 benzinas: 1.769 €/L → 1.799 €/L
      Dyzelinas: 2.089 €/L → 2.099 €/L
      Dujos: 0.959 €/L → 0.939 €/L
  ~ Viada — Kaišiadorys, Gedimino g. 135
      95 benzinas: 1.769 €/L → 1.789 €/L
  ~ Viada — Kalvarija, Dariaus ir Girėno g. 81
      95 benzinas: 1.769 €/L → 1.799 €/L
  ~ Viada — Pelucmurgių k., Muitinės g. 35
      95 benzinas: 1.769 €/L → 1.799 €/L
  ~ Viada — Kaunas, A. Juozapavičiaus pr. 90
      95 benzinas: 1.769 €/L → 1.799 €/L
      Dyzelinas: 2.089 €/L → 2.099 €/L
  ~ Viada — Kaunas, Ateities pl. 105
      95 benzinas: 1.769 €/L → 1.799 €/L
  ~ Viada — Kaunas, Ateities pl. 37A
      95 benzinas: 1.729 €/L → 1.799 €/L
  ~ Viada — Kaunas, Baltijos g. 90B
      95 benzinas: 1.699 €/L → 1.799 €/L
      Dyzelinas: 2.019 €/L → 2.069 €/L
  ~ Viada — Kaunas, Biruliškių g. 18A
      95 benzinas: 1.769 €/L → 1.799 €/L
  ~ Viada — Kaunas, Didžioji g. 84
      95 benzinas: 1.769 €/L → 1.799 €/L
  ~ Viada — Kaunas, Islandijos pl. 61A
      95 benzinas: 1.769 €/L → 1.799 €/L
  ~ Viada — Kaunas, K. Baršausko g. 64
      95 benzinas: 1.749 €/L → 1.799 €/L
  ~ Viada — Kaunas, Karaliaus Mindaugo pr. 54
      95 benzinas: 1.769 €/L → 1.799 €/L
      Dyzelinas: 2.089 €/L → 2.099 €/L
  ~ Viada — Kaunas, Marijampolės pl. 29
      95 benzinas: 1.769 €/L → 1.799 €/L
  ~ Viada — Kaunas, Miežėnų g. 18
      95 benzinas: 1.699 €/L → 1.799 €/L
      Dyzelinas: 2.019 €/L → 2.069 €/L
  ~ Viada — Kaunas, P. Lukšio g. 66A
      95 benzinas: 1.759 €/L → 1.799 €/L
  ~ Viada — Kaunas, Pramonės pr. 44
      95 benzinas: 1.769 €/L → 1.779 €/L
      Dyzelinas: 2.099 €/L → 2.089 €/L
  ~ Viada — Kaunas, Raudondvario pl. 288
      95 benzinas: 1.769 €/L → 1.799 €/L
  ~ Viada — Kaunas, Statybininkų g. 3A
      95 benzinas: 1.759 €/L → 1.799 €/L
  ~ Viada — Kaunas, T. Masiulio g. 22B
      95 benzinas: 1.749 €/L → 1.799 €/L
      Dyzelinas: 2.079 €/L → 2.099 €/L
  ~ Viada — Kaunas, Veiverių g. 117
      95 benzinas: 1.769 €/L → 1.799 €/L
      Dyzelinas: 2.089 €/L → 2.099 €/L
  ~ Viada — Kaunas, Veiverių g. 124B
      95 benzinas: 1.769 €/L → 1.799 €/L
      Dyzelinas: 2.089 €/L → 2.099 €/L
  ~ Viada — Giraitės k., Automagistralės g. 4
      95 benzinas: 1.769 €/L → 1.799 €/L
  ~ Viada — Ilgakiemio k., Prienų g. 22
      95 benzinas: 1.769 €/L → 1.799 €/L
  ~ Viada — Kampiškių k., Baltijos g. 41
      95 benzinas: 1.769 €/L → 1.799 €/L
  ~ Viada — Kumpių k., Verslo g. 13A
      95 benzinas: 1.769 €/L → 1.799 €/L
  ~ Viada — Margavos k.
      95 benzinas: 1.769 €/L → 1.799 €/L
  ~ Viada — Zapyškis, Vytauto g. 20A
      95 benzinas: 1.769 €/L → 1.799 €/L
  ~ Viada — Ąžuolų Būdos k.
      95 benzinas: 1.769 €/L → 1.799 €/L
  ~ Viada — Dotnuva, Tilto g. 2A
      95 benzinas: 1.769 €/L → 1.799 €/L
  ~ Viada — Gudžiūnų k., Baisogalos g. 5
      95 benzinas: 1.769 €/L → 1.799 €/L
  ~ Viada — Klaipėda, Liepojos g. 242
      95 benzinas: 1.699 €/L → 1.799 €/L
      Dyzelinas: 2.059 €/L → 2.099 €/L
  ~ Viada — Klaipėda, Nemuno g. 139
      95 benzinas: 1.689 €/L → 1.779 €/L
      Dyzelinas: 2.039 €/L → 2.099 €/L
  ~ Viada — Klaipėda, Priestočio g. 28
      95 benzinas: 1.689 €/L → 1.779 €/L
      Dyzelinas: 2.039 €/L → 2.099 €/L
  ~ Viada — Klaipėda, Šilutės pl. 52
      95 benzinas: 1.699 €/L → 1.799 €/L
      Dyzelinas: 2.059 €/L → 2.099 €/L
  ~ Viada — Klaipėda, Taikos pr. 70A-1
      95 benzinas: 1.689 €/L → 1.779 €/L
      Dyzelinas: 2.039 €/L → 2.099 €/L
  ~ Viada — Gargždai, Vilniaus pl. 65
      95 benzinas: 1.769 €/L → 1.799 €/L
  ~ Viada — Kretingalė, Klaipėdos g. 1A
      95 benzinas: 1.769 €/L → 1.799 €/L
  ~ Viada — Sudmantų k., Vilniaus pl. 6
      95 benzinas: 1.769 €/L → 1.799 €/L
  ~ Viada — Kretinga, Vytauto g. 163
      95 benzinas: 1.769 €/L → 1.799 €/L
  ~ Viada — Kretingsodžio k.
      95 benzinas: 1.769 €/L → 1.799 €/L
  ~ Viada — Kerelių k. 1A
      95 benzinas: 1.769 €/L → 1.789 €/L
  ~ Viada — Kupiškis, Pergalės g. 15
      95 benzinas: 1.769 €/L → 1.789 €/L
  ~ Viada — Lazdijai, Turistų g. 32
      95 benzinas: 1.729 €/L → 1.799 €/L
      Dyzelinas: 2.079 €/L → 2.099 €/L
  ~ Viada — Marijampolė, Geležinkelio g. 5
      95 benzinas: 1.689 €/L → 1.789 €/L
      Dyzelinas: 2.029 €/L → 2.099 €/L
  ~ Viada — Marijampolė, J. Ambrazevičiaus-Brazaičio g. 2
      95 benzinas: 1.689 €/L → 1.789 €/L
      Dyzelinas: 2.029 €/L → 2.099 €/L
  ~ Viada — Mažeikiai, Montuotojų g. 2A
      95 benzinas: 1.689 €/L → 1.799 €/L
      Dyzelinas: 2.039 €/L → 2.099 €/L
  ~ Viada — Mažeikiai, Žemaitijos g. 75
      95 benzinas: 1.689 €/L → 1.799 €/L
      Dyzelinas: 2.039 €/L → 2.099 €/L
  ~ Viada — Molėtai, Vilniaus g. 101
      95 benzinas: 1.699 €/L → 1.799 €/L
      Dyzelinas: 2.059 €/L → 2.099 €/L
  ~ Viada — Gojaus k., Utenos g. 16
      95 benzinas: 1.699 €/L → 1.799 €/L
      Dyzelinas: 2.059 €/L → 2.099 €/L
  ~ Viada — Pakruojis, Vytauto Didžiojo g. 98
      95 benzinas: 1.739 €/L → 1.759 €/L
  ~ Viada — Krekenava, Tilto g. 35
      95 benzinas: 1.769 €/L → 1.799 €/L
  ~ Viada — Ramygala, Vienkiemio g. 1B
      95 benzinas: 1.769 €/L → 1.799 €/L
  ~ Viada — Šilagalio k., Panevėžio aplinkl. 5
      95 benzinas: 1.699 €/L → 1.779 €/L
      Dyzelinas: 2.039 €/L → 2.079 €/L
  ~ Viada — Tičkūnų k., Tičkūnų g. 31
      95 benzinas: 1.719 €/L → 1.759 €/L
      Dyzelinas: 2.049 €/L → 2.059 €/L
  ~ Viada — Panevėžys, J. Janonio g. 28A
      95 benzinas: 1.719 €/L → 1.779 €/L
      Dyzelinas: 2.049 €/L → 2.079 €/L
  ~ Viada — Panevėžys, Navadolio g. 31
      95 benzinas: 1.719 €/L → 1.779 €/L
      Dyzelinas: 2.049 €/L → 2.079 €/L
  ~ Viada — Panevėžys, Pušaloto g. 193A
      95 benzinas: 1.719 €/L → 1.779 €/L
      Dyzelinas: 2.049 €/L → 2.079 €/L
  ~ Viada — Panevėžys, Ramygalos g. 155
      95 benzinas: 1.719 €/L → 1.779 €/L
      Dyzelinas: 2.049 €/L → 2.079 €/L
  ~ Viada — Panevėžys, Ramygalos g. 186G
      95 benzinas: 1.719 €/L → 1.779 €/L
      Dyzelinas: 2.049 €/L → 2.079 €/L
  ~ Viada — Panevėžys, Senamiesčio g. 116A
      95 benzinas: 1.719 €/L → 1.759 €/L
      Dyzelinas: 2.049 €/L → 2.059 €/L
  ~ Viada — Panevėžys, Venslaviškio g. 16
      95 benzinas: 1.719 €/L → 1.779 €/L
      Dyzelinas: 2.049 €/L → 2.079 €/L
  ~ Viada — Brazdigalos k. 1
      95 benzinas: 1.769 €/L → 1.799 €/L
  ~ Viada — Pasvalys, Vilniaus g. 50
      95 benzinas: 1.739 €/L → 1.799 €/L
      Dyzelinas: 2.059 €/L → 2.099 €/L
  ~ Viada — Plungė, J. Tumo-Vaižganto g. 102
      Dyzelinas: 2.099 €/L → 2.069 €/L
  ~ Viada — Plungė, Žaltakalnio g. 10
      Dyzelinas: 2.099 €/L → 2.069 €/L
  ~ Viada — Grigaliūnų k. 11
      95 benzinas: 1.769 €/L → 1.799 €/L
  ~ Viada — Mačiūnų k., Kauno pl. 40
      95 benzinas: 1.769 €/L → 1.799 €/L
  ~ Viada — Vejukų k. 5
      95 benzinas: 1.769 €/L → 1.799 €/L
  ~ Viada — Rokiškis, Panevėžio g. 5
      95 benzinas: 1.769 €/L → 1.799 €/L
  ~ Viada — Rokiškis, Žemaitės g. 2C
      95 benzinas: 1.769 €/L → 1.799 €/L
  ~ Viada — Skuodas, Vilniaus g. 50
      95 benzinas: 1.769 €/L → 1.799 €/L
  ~ Viada — Jašiūnai, Lydos g. 13
      95 benzinas: 1.769 €/L → 1.799 €/L
  ~ Viada — Šiauliai, Dubijos g. 1C
      95 benzinas: 1.699 €/L → 1.799 €/L
      Dyzelinas: 2.019 €/L → 2.069 €/L
  ~ Viada — Šiauliai, Gegužių g. 26
      95 benzinas: 1.719 €/L → 1.799 €/L
      Dyzelinas: 2.069 €/L → 2.099 €/L
  ~ Viada — Šiauliai, J. Basanavičiaus g. 122A
      95 benzinas: 1.719 €/L → 1.799 €/L
      Dyzelinas: 2.069 €/L → 2.099 €/L
  ~ Viada — Šiauliai, Tilžės g. 274
      95 benzinas: 1.719 €/L → 1.799 €/L
      Dyzelinas: 2.069 €/L → 2.099 €/L
  ~ Viada — Šiauliai, Užmiesčio g. 2
      95 benzinas: 1.729 €/L → 1.799 €/L
      Dyzelinas: 2.079 €/L → 2.099 €/L
  ~ Viada — Aukštelkės k., Ilgoji g. 1
      95 benzinas: 1.769 €/L → 1.799 €/L
  ~ Viada — Kuršėnai, Vilniaus g. 38A
      95 benzinas: 1.769 €/L → 1.799 €/L
  ~ Viada — Kužiai, Draugystės g. 2
      95 benzinas: 1.769 €/L → 1.799 €/L
  ~ Viada — Kuodaičių k.
      95 benzinas: 1.769 €/L → 1.799 €/L
  ~ Viada — Šilutė, Tilžės g. 59
      95 benzinas: 1.759 €/L → 1.799 €/L
      Dyzelinas: 2.089 €/L → 2.099 €/L
  ~ Viada — Širvintos, Plento g. 4
      95 benzinas: 1.699 €/L → 1.779 €/L
      Dyzelinas: 1.999 €/L → 2.079 €/L
  ~ Viada — Švenčionys, Vilniaus g. 50A
      95 benzinas: 1.769 €/L → 1.799 €/L
  ~ Viada — Kaltanėnai, Utenos g. 1
      95 benzinas: 1.769 €/L → 1.799 €/L
  ~ Viada — Pabradė, Vilniaus g. 116B
      95 benzinas: 1.769 €/L → 1.799 €/L
  ~ Viada — Švenčionėliai, Žemutinė g. 51A
      95 benzinas: 1.769 €/L → 1.799 €/L
  ~ Viada — Tauragė, Dariaus ir Girėno g. 138A
      95 benzinas: 1.679 €/L → 1.799 €/L
      Dyzelinas: 2.029 €/L → 2.099 €/L
      Dujos: 0.949 €/L → 0.939 €/L
  ~ Viada — Tauragė, Pramonės g. 1
      95 benzinas: 1.679 €/L → 1.799 €/L
      Dyzelinas: 2.029 €/L → 2.099 €/L
      Dujos: 0.949 €/L → 0.939 €/L
  ~ Viada — Telšiai, Pramonės g. 2A
      95 benzinas: 1.739 €/L → 1.799 €/L
      Dyzelinas: 2.089 €/L → 2.099 €/L
  ~ Viada — Aukštųjų Semeniukų k., Logistikos g. 9
      95 benzinas: 1.769 €/L → 1.799 €/L
  ~ Viada — Ukmergė, Žiedo g. 15
      95 benzinas: 1.699 €/L → 1.779 €/L
      Dyzelinas: 1.999 €/L → 2.079 €/L
  ~ Viada — Dukstynos k., Vytauto g. 131
      95 benzinas: 1.769 €/L → 1.799 €/L
  ~ Viada — Šventupės k., Beržų g. 13
      95 benzinas: 1.769 €/L → 1.799 €/L
  ~ Viada — Utena, Metalo g. 8
      95 benzinas: 1.719 €/L → 1.799 €/L
      Dyzelinas: 2.059 €/L → 2.099 €/L
  ~ Viada — Utena, Pramonės g. 23
      95 benzinas: 1.719 €/L → 1.799 €/L
      Dyzelinas: 2.059 €/L → 2.099 €/L
  ~ Viada — Gedimino k., Vyturio g. 2
      95 benzinas: 1.719 €/L → 1.799 €/L
      Dyzelinas: 2.059 €/L → 2.099 €/L
  ~ Viada — Valkininkai, Vilniaus g. 6
      95 benzinas: 1.769 €/L → 1.799 €/L
  ~ Viada — Vievis, Kauno g. 26A
      95 benzinas: 1.769 €/L → 1.799 €/L
  ~ Viada — Vilkaviškis, Vytauto g. 105
      95 benzinas: 1.769 €/L → 1.799 €/L
  ~ Viada — Avižienių k., Ožiarūčių g. 1a
      95 benzinas: 1.769 €/L → 1.779 €/L
      Dyzelinas: 2.069 €/L → 2.089 €/L
  ~ Viada — Vilnius, Ateities g. 17B
      95 benzinas: 1.679 €/L → 1.769 €/L
      Dyzelinas: 2.019 €/L → 2.079 €/L
  ~ Viada — Vilnius, Dariaus ir Girėno g. 30A
      95 benzinas: 1.739 €/L → 1.799 €/L
      Dyzelinas: 2.079 €/L → 2.099 €/L
  ~ Viada — Vilnius, Gariūnų g. 16A
      95 benzinas: 1.699 €/L → 1.799 €/L
      Dyzelinas: 2.019 €/L → 2.089 €/L
  ~ Viada — Vilnius, Grigiškės, Kovo 11-osios g. 75
      95 benzinas: 1.769 €/L → 1.799 €/L
  ~ Viada — Vilnius, Justiniškių g. 12
      95 benzinas: 1.699 €/L → 1.799 €/L
      Dyzelinas: 2.039 €/L → 2.099 €/L
  ~ Viada — Vilnius, Kirtimų g. 29
      95 benzinas: 1.769 €/L → 1.799 €/L
      Dyzelinas: 2.079 €/L → 2.099 €/L
  ~ Viada — Vilnius, Laisvės pr. 8
      95 benzinas: 1.769 €/L → 1.799 €/L
      Dyzelinas: 2.079 €/L → 2.099 €/L
  ~ Viada — Vilnius, Liepkalnio g. 128A
      95 benzinas: 1.769 €/L → 1.799 €/L
      Dyzelinas: 2.079 €/L → 2.099 €/L
  ~ Viada — Vilnius, Naugarduko g. 74
      95 benzinas: 1.769 €/L → 1.799 €/L
      Dyzelinas: 2.079 €/L → 2.099 €/L
  ~ Viada — Vilnius, Nemenčinės pl. 5
      95 benzinas: 1.769 €/L → 1.799 €/L
      Dyzelinas: 2.079 €/L → 2.099 €/L
  ~ Viada — Vilnius, Olandų g. 57
      95 benzinas: 1.769 €/L → 1.799 €/L
      Dyzelinas: 2.079 €/L → 2.099 €/L
  ~ Viada — Vilnius, Ozo g. 12
      95 benzinas: 1.769 €/L → 1.799 €/L
      Dyzelinas: 2.079 €/L → 2.099 €/L
  ~ Viada — Vilnius, Pilaitės pr. 13
      95 benzinas: 1.739 €/L → 1.799 €/L
      Dyzelinas: 2.059 €/L → 2.099 €/L
  ~ Viada — Vilnius, Pilaitės pr. 28
      95 benzinas: 1.739 €/L → 1.799 €/L
      Dyzelinas: 2.059 €/L → 2.099 €/L
  ~ Viada — Vilnius, Saltoniškių g. 12
      95 benzinas: 1.699 €/L → 1.799 €/L
      Dyzelinas: 2.059 €/L → 2.089 €/L
  ~ Viada — Vilnius, Sodų g. 22
      95 benzinas: 1.699 €/L → 1.799 €/L
      Dyzelinas: 2.059 €/L → 2.099 €/L
  ~ Viada — Vilnius, Verkių g. 52
      95 benzinas: 1.719 €/L → 1.779 €/L
      Dyzelinas: 2.049 €/L → 2.089 €/L
  ~ Viada — Vilnius, Vilkpėdės g. 2
      95 benzinas: 1.689 €/L → 1.779 €/L
      Dyzelinas: 2.039 €/L → 2.089 €/L
  ~ Viada — Visaginas, Statybininkų g. 1
      95 benzinas: 1.699 €/L → 1.799 €/L
      Dyzelinas: 2.059 €/L → 2.099 €/L
  ~ Viada — Visaginas, Taikos pr. 23B
      95 benzinas: 1.699 €/L → 1.799 €/L
      Dyzelinas: 2.059 €/L → 2.099 €/L
  ~ Viada — Juodalaukių k. 2
      95 benzinas: 1.769 €/L → 1.799 €/L
  ~ Skulas — Simnas, Alytaus g. 48
      Dyzelinas: 2.050 €/L → 2.030 €/L
  ~ Skulas — Likiškėlių k., Kalninės g. 5
      95 benzinas: 1.690 €/L → 1.670 €/L
      Dyzelinas: 2.030 €/L → 2.010 €/L
  ~ Skulas — Pasvalys, Mūšos g. 2 E
      95 benzinas: 1.690 €/L → 1.650 €/L
      Dyzelinas: 1.980 €/L → 1.940 €/L
      Dujos: 0.910 €/L → 0.870 €/L
  ~ Skulas — Vilnius, J.Kazlausko g. 34
      95 benzinas: 1.649 €/L → 1.689 €/L
      Dyzelinas: 1.989 €/L → 2.029 €/L
  ~ Madalva — Žygaičių k., Žygaičių g.2
      Dyzelinas: 2.060 €/L → 1.960 €/L
  ~ Prie Luksto — Telšiai, Masčio g. 21
      95 benzinas: 1.735 €/L → 1.795 €/L
      Dyzelinas: 2.085 €/L → 2.095 €/L
  ~ Boost Petrol — Ginkūnų k., Aušros g. 26
      95 benzinas: 1.729 €/L → 1.749 €/L
  ~ Boost Petrol — Kęstučio g. 1B, Kelmė
      95 benzinas: 1.749 €/L → 1.759 €/L
  ~ Boost Petrol — Kuršukų k., Plento g. 1
      95 benzinas: 1.759 €/L → 1.769 €/L
  ~ Boost Petrol — Marvelės g. 132, Kaunas
      95 benzinas: 1.749 €/L → 1.769 €/L
  ~ Boost Petrol — Dubijos g. 36
      95 benzinas: 1.759 €/L → 1.769 €/L
      Dujos: 0.969 €/L → 0.959 €/L
  ~ Boost Petrol — Smėlinkos k.
      95 benzinas: 1.670 €/L → 1.750 €/L
      Dyzelinas: 2.020 €/L → 2.060 €/L
  ~ Boost Petrol — Zarasų g. 9, Utena
      95 benzinas: 1.689 €/L → 1.749 €/L
      Dyzelinas: 2.029 €/L → 2.059 €/L
  ~ Boost Petrol — Maironių k., Kuršių g. 2
      95 benzinas: 1.670 €/L → 1.700 €/L
  ~ Stateta — Kantališkių k.
      95 benzinas: 1.654 €/L → 1.651 €/L
      Dyzelinas: 1.997 €/L → 1.987 €/L
  ~ Stateta — Ukmergės g. 246, Vilnius
      95 benzinas: 1.654 €/L → 1.651 €/L
      Dyzelinas: 1.997 €/L → 1.987 €/L
  ~ Stateta — Alytaus k.
      95 benzinas: 1.654 €/L → 1.651 €/L
      Dyzelinas: 1.997 €/L → 1.987 €/L
  ~ Stateta — Kauno g.1, Miklusėnai
      95 benzinas: 1.654 €/L → 1.651 €/L
      Dyzelinas: 1.997 €/L → 1.987 €/L
  ~ Stateta — Kaniukų k.
      95 benzinas: 1.654 €/L → 1.651 €/L
      Dyzelinas: 1.997 €/L → 1.987 €/L
  ~ Stateta — Gustaičių k.
      95 benzinas: 1.654 €/L → 1.651 €/L
      Dyzelinas: 1.997 €/L → 1.987 €/L
  ~ Stateta — Erdvės g. 78, Ramučių k.
      95 benzinas: 1.654 €/L → 1.651 €/L
      Dyzelinas: 1.997 €/L → 1.987 €/L
  ~ Stateta — Žemdirbių g. 15, Paliūniškio k.
      Dyzelinas: 1.997 €/L → 1.981 €/L
  ~ Stateta — Panevėžio g. 9, Kupiškis
      Dyzelinas: 1.997 €/L → 1.981 €/L
  ~ Stateta — Turgaus g. 4, Kreivukė
      95 benzinas: 1.654 €/L → 1.651 €/L
      Dyzelinas: 1.997 €/L → 1.987 €/L
  ~ Stateta — Minijos g. 90, Klaipėda
      95 benzinas: 1.647 €/L → 1.651 €/L
      Dyzelinas: 1.997 €/L → 1.987 €/L
  ~ Stateta — Palangos g. 66, Utena
      95 benzinas: 1.654 €/L → 1.651 €/L
      Dyzelinas: 1.997 €/L → 1.987 €/L
  ~ Emsi — Ūdrijos g.2, Alytus
      95 benzinas: 1.660 €/L → 1.650 €/L
      Dyzelinas: 2.030 €/L → 1.990 €/L
      Dujos: 0.940 €/L → 0.930 €/L
  ~ Emsi — Žemaičių g. 34, Ariogala
      Dujos: 0.949 €/L → 0.929 €/L
  ~ Emsi — Ateities pl.40B, Kaunas
      Dyzelinas: 2.039 €/L → 2.049 €/L
  ~ Emsi — Bukiškio k. Ukmergės g.437
      95 benzinas: 1.679 €/L → 1.699 €/L
  ~ Emsi — Draugystės g.8B, Kaunas
      95 benzinas: 1.689 €/L → 1.669 €/L
      Dyzelinas: 2.039 €/L → 2.019 €/L
      Dujos: 0.899 €/L → 0.889 €/L
  ~ Emsi — Vilnius, Spyglių g. 2
      95 benzinas: 1.679 €/L → 1.699 €/L
      Dyzelinas: 1.999 €/L → 2.019 €/L
  ~ Emsi — Ilgakiemio k., Kauno g.25
      Dujos: 0.930 €/L → 0.890 €/L
  ~ Emsi — Vasario 16-osios g.70, Jonava
      95 benzinas: 1.699 €/L → 1.689 €/L
      Dyzelinas: 2.039 €/L → 2.019 €/L
  ~ Emsi — Durpyno 63, Jonušų k.
      Dyzelinas: 2.059 €/L → 2.039 €/L
  ~ Emsi — Juodgirio k.1,
      Dujos: 0.949 €/L → 0.929 €/L
  ~ Emsi — Medelyno g.126 Kalotės k.
      Dyzelinas: 2.030 €/L → 2.000 €/L
  ~ Emsi — Kareivių g. 4, Vilnius
      95 benzinas: 1.679 €/L → 1.699 €/L
      Dyzelinas: 1.999 €/L → 2.019 €/L
  ~ Emsi — Jonavos g. 292B, Kaunas
      95 benzinas: 1.689 €/L → 1.659 €/L
      Dyzelinas: 1.999 €/L → 1.969 €/L
      Dujos: 0.900 €/L → 0.890 €/L
  ~ Emsi — Kirtimų g. 33, Vilnius
      95 benzinas: 1.679 €/L → 1.699 €/L
      Dyzelinas: 1.999 €/L → 2.019 €/L
  ~ Emsi — Laisvės pr. 80B, Vilnius
      Dujos: 0.939 €/L → 0.929 €/L
  ~ Emsi — Lazdijų sen., Janaslavo k.11
      95 benzinas: 1.669 €/L → 1.679 €/L
  ~ Emsi — Sodų g.3A, Lentvaris
      95 benzinas: 1.670 €/L → 1.690 €/L
      Dyzelinas: 1.990 €/L → 2.030 €/L
  ~ Emsi — Liepkalnio g.112A, Vilnius
      Dujos: 0.930 €/L → 0.890 €/L
  ~ Emsi — Liuksemburgo aklg. 27, Kaunas
      Dujos: 0.909 €/L → 0.899 €/L
  ~ Emsi — Mokyklos g. 26, Maišiagalos mstl.
      95 benzinas: 1.699 €/L → 1.679 €/L
      Dyzelinas: 2.019 €/L → 1.999 €/L
  ~ Emsi — Stoties g. 6B, Marijampolė
      95 benzinas: 1.659 €/L → 1.679 €/L
      Dujos: 0.940 €/L → 0.930 €/L
  ~ Emsi — Marijampolės g. 58, Mastaičių k.
      Dyzelinas: 2.039 €/L → 2.059 €/L
      Dujos: 0.930 €/L → 0.920 €/L
  ~ Emsi — Medininkų k., Pasieniečių g.10
      Dyzelinas: 2.199 €/L → 2.109 €/L
  ~ Emsi — Minijos g.154A, Klaipėda
      95 benzinas: 1.680 €/L → 1.670 €/L
      Dyzelinas: 2.000 €/L → 1.970 €/L
      Dujos: 0.880 €/L → 0.870 €/L
  ~ Emsi — Savanorių pr.402A, Kaunas
      Dyzelinas: 2.029 €/L → 2.009 €/L
      Dujos: 0.939 €/L → 0.929 €/L
  ~ Emsi — Taikos g.1, Kreivalaužių k.
      Dujos: 0.910 €/L → 0.890 €/L
  ~ Emsi — Nemuno g.79A, Panevėžys
      Dyzelinas: 2.019 €/L → 1.999 €/L
  ~ Emsi — Palemono g. 3A, Kaunas
      Dyzelinas: 2.010 €/L → 2.020 €/L
  ~ Emsi — Pasvalys, Taikos g.24
      Dyzelinas: 2.019 €/L → 1.999 €/L
      Dujos: 0.930 €/L → 0.920 €/L
  ~ Emsi — Paukštininkų g.4a, Kaišiadorys
      95 benzinas: 1.699 €/L → 1.689 €/L
      Dujos: 0.940 €/L → 0.910 €/L
  ~ Emsi — Kauno g.165, Pietarių k.
      95 benzinas: 1.669 €/L → 1.679 €/L
      Dyzelinas: 2.019 €/L → 1.999 €/L
      Dujos: 0.949 €/L → 0.939 €/L
  ~ Emsi — Pajautos g. 31, Vilnius (Pilaitė)
      95 benzinas: 1.669 €/L → 1.639 €/L
      Dyzelinas: 1.999 €/L → 1.969 €/L
      Dujos: 0.940 €/L → 0.930 €/L
  ~ Emsi — Miško g.62, Radviliškis
      95 benzinas: 1.689 €/L → 1.709 €/L
      Dyzelinas: 2.029 €/L → 2.059 €/L
  ~ Emsi — Ramygalos g.186A, Panevėžys
      Dyzelinas: 2.019 €/L → 1.999 €/L
  ~ Emsi — Sausių g.2 Sausių k..
      95 benzinas: 1.650 €/L → 1.670 €/L
      Dyzelinas: 1.970 €/L → 1.990 €/L
  ~ Emsi — Savanorių 225, Vilnius
      95 benzinas: 1.679 €/L → 1.699 €/L
      Dyzelinas: 1.999 €/L → 2.019 €/L
  ~ Emsi — Sereikonių k., Baltijos kelio g.2
      Dyzelinas: 2.029 €/L → 2.009 €/L
  ~ Emsi — Sembos g.5, Šiauliai
      Dyzelinas: 2.049 €/L → 1.999 €/L
      Dujos: 0.890 €/L → 0.880 €/L
  ~ Emsi — Šilagalio k., Panevėžio aplinkl.12
      95 benzinas: 1.679 €/L → 1.669 €/L
      Dyzelinas: 2.019 €/L → 1.999 €/L
      Dujos: 0.929 €/L → 0.899 €/L
  ~ Emsi — Gluosnių g.4A, Šilutė
      95 benzinas: 1.670 €/L → 1.680 €/L
  ~ Emsi — Skaisčiūnų k., Europos g.11
      95 benzinas: 1.669 €/L → 1.679 €/L
      Dyzelinas: 2.019 €/L → 1.999 €/L
  ~ Emsi — Taikos pr.124, Klaipėda
      95 benzinas: 1.670 €/L → 1.660 €/L
      Dyzelinas: 1.990 €/L → 1.960 €/L
      Dujos: 0.880 €/L → 0.870 €/L
  ~ Emsi — Gunkliškių g.2F, Vilnius
      95 benzinas: 1.679 €/L → 1.699 €/L
      Dyzelinas: 1.999 €/L → 2.039 €/L
  ~ Emsi — Vandžiogalos pl.86A, Kaunas
      Dyzelinas: 2.050 €/L → 2.060 €/L
      Dujos: 0.920 €/L → 0.910 €/L
  ~ Saurida — Akmenės I kaimas Plento g. 1
      Dyzelinas: 2.120 €/L → 2.100 €/L
  ~ Saurida — Pašakarnių km. Pašakarnių g. 1
      Dyzelinas: 2.130 €/L → 2.100 €/L
  ~ Saurida — Šiauliai Vilniaus g. 373A
      95 benzinas: 1.710 €/L → 1.690 €/L
      Dyzelinas: 2.070 €/L → 2.030 €/L
  ~ Saurida — Šiauliai Pramonės g. 7C
      95 benzinas: 1.710 €/L → 1.690 €/L
      Dyzelinas: 2.070 €/L → 2.030 €/L
  ~ Saurida — Radviliškis Gedimino g. 50C
      95 benzinas: 1.720 €/L → 1.700 €/L
      Dyzelinas: 2.090 €/L → 2.050 €/L
  ~ Saurida — Velžių km .Radviliškio plentas 2
      95 benzinas: 1.720 €/L → 1.700 €/L
      Dyzelinas: 2.070 €/L → 2.050 €/L
  ~ Saurida — Klaipėda Jūrininkų pr. 29
      95 benzinas: 1.670 €/L → 1.640 €/L
      Dyzelinas: 2.060 €/L → 2.030 €/L
  ~ Saurida — Šilalė Rytinio kelio g. 19
      95 benzinas: 1.720 €/L → 1.690 €/L
      Dyzelinas: 2.090 €/L → 2.060 €/L
  ~ Saurida — Pašvenčio km.
      95 benzinas: 1.700 €/L → 1.690 €/L
  ~ Saurida — Kušliškių km. Suvalkijos g. 15
      95 benzinas: 1.720 €/L → 1.690 €/L
      Dyzelinas: 2.060 €/L → 2.020 €/L
  ~ Saurida — Marijampolė Statybininkų g. 8
      95 benzinas: 1.720 €/L → 1.690 €/L
      Dyzelinas: 2.040 €/L → 2.020 €/L
  ~ Saurida — Alytus Miškininkų g. 7
      95 benzinas: 1.700 €/L → 1.690 €/L
      Dyzelinas: 2.070 €/L → 2.020 €/L
  ~ Saurida — Alytus Pramonės g. 5
      95 benzinas: 1.700 €/L → 1.690 €/L
      Dyzelinas: 2.070 €/L → 2.020 €/L
  ~ Saurida — Panarvės km.
      95 benzinas: 1.720 €/L → 1.690 €/L
      Dyzelinas: 2.100 €/L → 2.040 €/L
  ~ Saurida — Ignacavos km. Kauno pl. 18
      95 benzinas: 1.700 €/L → 1.680 €/L
      Dyzelinas: 2.100 €/L → 2.050 €/L
  ~ Saurida — Domeikava Muitinės g. 2
      95 benzinas: 1.740 €/L → 1.690 €/L
      Dyzelinas: 2.120 €/L → 2.060 €/L
  ~ Saurida — Kaunas Garažų g. 20
      95 benzinas: 1.700 €/L → 1.690 €/L
      Dyzelinas: 2.000 €/L → 1.980 €/L
  ~ Saurida — Babtai Vandžiogalos g. 3
      95 benzinas: 1.730 €/L → 1.690 €/L
      Dyzelinas: 2.100 €/L → 1.990 €/L
  ~ Saurida — Rumšiškės Lekavičiaus g. 71
      95 benzinas: 1.740 €/L → 1.690 €/L
      Dyzelinas: 2.090 €/L → 2.020 €/L
  ~ Saurida — Lėkėčių km. Šakių g. 3
      95 benzinas: 1.700 €/L → 1.690 €/L
      Dyzelinas: 2.100 €/L → 2.080 €/L
  ~ Saurida — Mauručiai Liepų g. 20
      95 benzinas: 1.740 €/L → 1.690 €/L
      Dyzelinas: 2.050 €/L → 2.020 €/L
  ~ Saurida — Ukmergė Kareivinių g. 64
      95 benzinas: 1.680 €/L → 1.670 €/L
      Dyzelinas: 2.020 €/L → 2.000 €/L
  ~ Saurida — Ukmergė Vilniaus g. 122
      95 benzinas: 1.680 €/L → 1.670 €/L
      Dyzelinas: 2.020 €/L → 2.000 €/L
  ~ Saurida — Pageležių km.
      95 benzinas: 1.720 €/L → 1.690 €/L
      Dyzelinas: 2.120 €/L → 2.080 €/L
  ~ Saurida — Čekoniškių km
      95 benzinas: 1.720 €/L → 1.680 €/L
      Dyzelinas: 2.120 €/L → 2.020 €/L
  ~ Saurida — Zujūnai Buivydiškių g. 1A
      95 benzinas: 1.700 €/L → 1.680 €/L
      Dyzelinas: 2.090 €/L → 2.040 €/L
  ~ Saurida — Visaginas Kosmoso g. 1
      95 benzinas: 1.700 €/L → 1.690 €/L
      Dyzelinas: 2.100 €/L → 2.020 €/L
  ~ Saurida — Vilnius, Jankiškių g. 43a
      95 benzinas: 1.700 €/L → 1.680 €/L
      Dyzelinas: 2.090 €/L → 2.000 €/L
  ~ Virši — L.Taunio g. 3, Pasūduonės km.
      95 benzinas: 1.684 €/L → 1.784 €/L
      Dyzelinas: 2.024 €/L → 2.094 €/L
  ~ Skaistčio ŽŪB — Skaistgirys, Liepų g.22
      Dyzelinas: 2.090 €/L → 1.990 €/L
  ~ Antivis — Tytuvėnai, Žemaitės g.14
      95 benzinas: 1.790 €/L → 1.760 €/L
      Dyzelinas: 2.090 €/L → 2.040 €/L
  ~ Propano ir butano dujų centras — Švenčionių 35, Ignalina
      Dyzelinas: 2.109 €/L → 2.099 €/L
      Dujos: 0.900 €/L → 0.970 €/L
  ~ Propano ir butano dujų centras — Aukštaičių g. 2a, Cirkliškio k.
      95 benzinas: 1.749 €/L → 1.760 €/L
  ~ Melkasta — Kalvelių k., Lazdijų pl. 29
      95 benzinas: 1.710 €/L → 1.690 €/L
      Dyzelinas: 2.080 €/L → 2.040 €/L
  ~ Melkasta — Gulbiniškių k. 7
      Dyzelinas: 2.070 €/L → 2.030 €/L
  ~ Melkasta — Seirijų mstl., Algirdo g. 35A
      95 benzinas: 1.710 €/L → 1.690 €/L
      Dyzelinas: 2.080 €/L → 2.040 €/L
  ~ Eu Verslas — Viekšnių g. 24, Mažeikiai
      95 benzinas: 1.679 €/L → 1.689 €/L
      Dyzelinas: 2.009 €/L → 1.989 €/L
  ~ Šventosios investicijos — Elijos g.26 Palanga (Šventoji)
      95 benzinas: 1.759 €/L → 1.789 €/L
  ~ Topgas — Stoties g.25, Pasvalys
      Dujos: 0.880 €/L → 0.860 €/L
  ~ Circle K — J.Basanavičiaus g. 103, Kėdainiai
      95 benzinas: 1.699 €/L → 1.819 €/L
      Dyzelinas: 2.049 €/L → 2.099 €/L
  ~ S.Savicko įmonė — Šėtos g. 120 , Kėdainiai
      95 benzinas: 1.689 €/L → 1.799 €/L
      Dyzelinas: 2.019 €/L → 2.079 €/L
  ~ S.Savicko įmonė — Dariaus ir Girėno 23 A, Kėdainiai
      95 benzinas: 1.689 €/L → 1.799 €/L
      Dyzelinas: 2.019 €/L → 2.079 €/L
  ~ S.Savicko įmonė — Gedimino g. 50 , Kėdainiai
      95 benzinas: 1.689 €/L → 1.799 €/L
      Dyzelinas: 2.019 €/L → 2.079 €/L
  ~ S.Savicko įmonė — Vandžiogalos g 29,Saviečių k.
      95 benzinas: 1.689 €/L → 1.799 €/L
      Dyzelinas: 2.019 €/L → 2.079 €/L
  ~ Littaura — Pramonės g. 6, Tauragė
      Dyzelinas: 2.050 €/L → 1.950 €/L

Unchanged: 127 station(s).
