=== 2026-04-13 ===

New stations (12):
  + Eniris — Puttvinskio g. 29, Kelmė, Kelmės r. sav.
    Coords: 55.64126, 22.92688
    95: 1.709 €/L  |  Dyzelinas: 2.099 €/L  |  Dujos: 0.929 €/L
  + Topgas — Slavinčiškio g.18, Slavinčiškis, Kupiškio r. sav.
    Coords: 55.83243, 25.02008
    95: –  |  Dyzelinas: –  |  Dujos: 0.860 €/L
  + Topgas — Paukštininkų g.13, Kaišiadorys, Kaišiadorių r. sav.
    Coords: 54.86212, 24.39510
    95: –  |  Dyzelinas: –  |  Dujos: 0.920 €/L
  + Topgas — Gėlyno g.25, Marijampolė, Marijampolės sav.
    Coords: 54.58407, 23.36096
    95: –  |  Dyzelinas: –  |  Dujos: 0.920 €/L
  + Topgas — Stoties g.25, Pasvalys, Pasvalio r. sav.
    Coords: 56.06730, 24.38591
    95: –  |  Dyzelinas: –  |  Dujos: 0.900 €/L
  + S.Savicko įmonė (Circle K) — J.Basanavičiaus g. 103, Kėdainiai, Kėdainių r. sav.
    Coords: 55.27423, 23.94497
    95: 1.764 €/L  |  Dyzelinas: 2.199 €/L  |  Dujos: 0.949 €/L
  + S.Savicko įmonė — Šėtos g. 120 , Kėdainiai, Kėdainių r. sav.
    Coords: 55.29730, 24.00128
    95: 1.699 €/L  |  Dyzelinas: 2.129 €/L  |  Dujos: –
  + S.Savicko įmonė — Dariaus ir Girėno 23 A, Kėdainiai, Kėdainių r. sav.
    Coords: 55.31271, 23.97811
    95: 1.699 €/L  |  Dyzelinas: 2.129 €/L  |  Dujos: 0.910 €/L
  + S.Savicko įmonė — Gedimino g. 50 , Kėdainiai, Kėdainių r. sav.
    Coords: 55.29148, 23.96054
    95: 1.699 €/L  |  Dyzelinas: 2.129 €/L  |  Dujos: 0.910 €/L
  + S.Savicko įmonė — Vandžiogalos g 29,Saviečių k., Kėdainių r. sav.
    Coords: 55.16688, 23.99486
    95: 1.699 €/L  |  Dyzelinas: 2.129 €/L  |  Dujos: 0.910 €/L
  + Lašų ŽŪB — Vytėnų vs 9, Vytėnai, Rokiškio r. sav.
    Coords: 55.85754, 25.73361
    95: 1.810 €/L  |  Dyzelinas: 2.170 €/L  |  Dujos: –
  + AS 24 Lietuva — Europos g. 17, Salaperaugio k., Kalvarijos sav.
    Coords: 54.32038, 23.13985
    95: –  |  Dyzelinas: 2.209 €/L  |  Dujos: –

Removed stations (1):
  - Eniris — Putvinskio g. 29, Kelmė

Price changes (585):
  ~ Alauša — Palijoniškio g. 1, Utena
      95 benzinas: 1.669 €/L → 1.699 €/L
      Dyzelinas: 2.089 €/L → 2.109 €/L
  ~ Alauša — Palemono g. 171, Kaunas
      Dyzelinas: 2.139 €/L → 2.149 €/L
  ~ Alauša — Kalvarijų g. 204G, Vilnius
      95 benzinas: 1.669 €/L → 1.719 €/L
      Dyzelinas: 2.089 €/L → 2.129 €/L
      Dujos: 0.924 €/L → 0.929 €/L
  ~ Alauša — Kirtimų g. 23A, Vilnius
      95 benzinas: 1.699 €/L → 1.729 €/L
  ~ Alauša — Pelesos g. 1/2, Vilnius
      Dyzelinas: 2.139 €/L → 2.129 €/L
  ~ Alauša — Kauno g. 37, Ukmergė
      Dyzelinas: 2.089 €/L → 2.069 €/L
      Dujos: 0.934 €/L → 0.939 €/L
  ~ Alauša — Plento g. 17, Daugailiai
      95 benzinas: 1.669 €/L → 1.739 €/L
      Dyzelinas: 2.089 €/L → 2.139 €/L
      Dujos: 0.929 €/L → 0.949 €/L
  ~ Alauša — Bajorų k.
      95 benzinas: 1.739 €/L → 1.749 €/L
      Dyzelinas: 2.139 €/L → 2.149 €/L
  ~ Alauša — Plento g. 2B, Kairiai
      95 benzinas: 1.699 €/L → 1.749 €/L
      Dyzelinas: 2.159 €/L → 2.149 €/L
      Dujos: 0.879 €/L → 0.929 €/L
  ~ Alauša — Vilniaus g. 8, Grigiškės
      Dyzelinas: 2.099 €/L → 2.149 €/L
  ~ Alauša — Plytinės g. 2, Puskelnių k.
      95 benzinas: 1.669 €/L → 1.699 €/L
      Dyzelinas: 2.089 €/L → 2.099 €/L
  ~ Alauša — Stoties g. 49, Marijampolė
      95 benzinas: 1.669 €/L → 1.689 €/L
      Dyzelinas: 2.089 €/L → 2.119 €/L
  ~ Alauša — Paširvio g. 1, Paširvinčio k.
      Dujos: 0.944 €/L → 0.949 €/L
  ~ Alauša — Šakių g. 51, Kudirkos Naumiestis
      95 benzinas: 1.669 €/L → 1.749 €/L
      Dyzelinas: 2.089 €/L → 2.149 €/L
  ~ Alauša — Skraičionių g. 1, Skraičionių k.
      95 benzinas: 1.759 €/L → 1.749 €/L
      Dyzelinas: 2.179 €/L → 2.099 €/L
  ~ Alauša — Europos g. 17, Salaperaugio k.
      95 benzinas: 1.739 €/L → 1.759 €/L
      Dyzelinas: 2.169 €/L → 2.159 €/L
  ~ Alauša — Švenčionių g. 29A, Ignalina
      95 benzinas: 1.759 €/L → 1.789 €/L
      Dyzelinas: 2.149 €/L → 2.169 €/L
      Dujos: 0.919 €/L → 0.939 €/L
  ~ Alauša — Šiaurės g. 39, Vilnius
      95 benzinas: 1.759 €/L → 1.749 €/L
      Dyzelinas: 2.179 €/L → 2.149 €/L
      Dujos: 0.899 €/L → 0.949 €/L
  ~ Alauša — Sporto g. 50A, Marijampolė
      95 benzinas: 1.669 €/L → 1.689 €/L
      Dyzelinas: 2.089 €/L → 2.119 €/L
  ~ Alauša — J. Basanavičiaus g. 1C, Utena
      95 benzinas: 1.669 €/L → 1.659 €/L
      Dujos: 0.924 €/L → 0.929 €/L
  ~ Alauša — Šv. Stepono g. 44, Vilnius
      95 benzinas: 1.739 €/L → 1.699 €/L
  ~ Alauša — Buivydiškių g. 5, Vilnius
      95 benzinas: 1.689 €/L → 1.729 €/L
      Dyzelinas: 2.089 €/L → 2.149 €/L
  ~ Alauša — Santaikos g. 2A, Santaikos k.
      95 benzinas: 1.669 €/L → 1.699 €/L
      Dyzelinas: 2.089 €/L → 2.119 €/L
      Dujos: 0.934 €/L → 0.939 €/L
  ~ Alauša — Laisvės pr. 125A, Vilnius
      95 benzinas: 1.689 €/L → 1.729 €/L
      Dyzelinas: 2.089 €/L → 2.149 €/L
  ~ Alauša — A. Vienuolio g. 32A, Anykščiai
      95 benzinas: 1.669 €/L → 1.704 €/L
      Dyzelinas: 2.089 €/L → 2.094 €/L
      Dujos: 0.879 €/L → 0.889 €/L
  ~ Apsaga — Vilniaus g.16, Šiauliai
      95 benzinas: 1.769 €/L → 1.779 €/L
      Dyzelinas: 2.229 €/L → 2.189 €/L
  ~ Apsaga — Pramonės g. 3A, Šiauliai
      Dyzelinas: 2.229 €/L → 2.185 €/L
  ~ Apsaga — Pramonės g. 28, Šiauliai
      95 benzinas: 1.769 €/L → 1.779 €/L
      Dyzelinas: 2.229 €/L → 2.185 €/L
      Dujos: 0.965 €/L → 0.950 €/L
  ~ Apsaga — Nuklono g. 4, Šiauliai
      95 benzinas: 1.769 €/L → 1.779 €/L
      Dyzelinas: 2.229 €/L → 2.179 €/L
  ~ Apsaga — Tilžės g. 223, Šiauliai
      95 benzinas: 1.769 €/L → 1.779 €/L
      Dyzelinas: 2.229 €/L → 2.179 €/L
      Dujos: 0.950 €/L → 0.940 €/L
  ~ Apsaga — V. Bielskio g. 47A, Šiauliai
      95 benzinas: 1.660 €/L → 1.770 €/L
      Dyzelinas: 2.080 €/L → 2.170 €/L
  ~ Apsaga — Beržų g. 19, Baisogalos k.
      95 benzinas: 1.759 €/L → 1.789 €/L
      Dyzelinas: 2.159 €/L → 2.229 €/L
      Dujos: 0.975 €/L → 0.970 €/L
  ~ Apsaga — Radikių k.
      95 benzinas: 1.739 €/L → 1.779 €/L
      Dyzelinas: 2.159 €/L → 2.209 €/L
  ~ Baltic Petroleum — Alytus, Santaikos g. 33
      95 benzinas: 1.755 €/L → 1.799 €/L
      Dyzelinas: 2.205 €/L → 2.165 €/L
      Dujos: 0.949 €/L → 0.929 €/L
  ~ Baltic Petroleum — Anykščiai, Mindaugo g. 23
      95 benzinas: 1.709 €/L → 1.739 €/L
      Dyzelinas: 2.099 €/L → 2.169 €/L
      Dujos: 0.859 €/L → 0.929 €/L
  ~ Baltic Petroleum — Valantiškio k.
      95 benzinas: 1.809 €/L → 1.759 €/L
      Dyzelinas: 2.159 €/L → 2.169 €/L
      Dujos: 0.899 €/L → 0.969 €/L
  ~ Baltic Petroleum — Druskininkai, Gardino g. 79
      95 benzinas: 1.809 €/L → 1.689 €/L
      Dyzelinas: 2.229 €/L → 2.099 €/L
      Dujos: 0.949 €/L → 0.909 €/L
  ~ Baltic Petroleum — Druskininkai, Leipalingio g. 26
      95 benzinas: 1.809 €/L → 1.679 €/L
      Dyzelinas: 2.229 €/L → 2.079 €/L
      Dujos: 0.949 €/L → 0.889 €/L
  ~ Baltic Petroleum — Leipalingis, Merkinės g. 37
      95 benzinas: 1.809 €/L → 1.659 €/L
      Dyzelinas: 2.229 €/L → 2.059 €/L
      Dujos: 0.949 €/L → 0.929 €/L
  ~ Baltic Petroleum — Spanėnų k., Plento g. 46
      95 benzinas: 1.829 €/L → 1.809 €/L
      Dyzelinas: 2.189 €/L → 2.169 €/L
      Dujos: 0.930 €/L → 0.959 €/L
  ~ Baltic Petroleum — Šilų sen., Gudžionių k., Plento g. 24
      95 benzinas: 1.789 €/L → 1.659 €/L
      Dyzelinas: 2.229 €/L → 2.079 €/L
      Dujos: 0.929 €/L → 0.939 €/L
  ~ Baltic Petroleum — Jurbarkas, Muitinės g. 22A
      95 benzinas: 1.700 €/L → 1.749 €/L
      Dyzelinas: 2.120 €/L → 2.159 €/L
      Dujos: 0.900 €/L → 0.919 €/L
  ~ Baltic Petroleum — Triliškių k., Kauno pl. 5
      95 benzinas: 1.769 €/L → 1.729 €/L
      Dyzelinas: 2.189 €/L → 2.099 €/L
  ~ Baltic Petroleum — Kaunas, Chemijos g. 6
      95 benzinas: 1.739 €/L → 1.829 €/L
      Dyzelinas: 2.099 €/L → 2.299 €/L
      Dujos: 0.919 €/L → 0.949 €/L
  ~ Baltic Petroleum — Kaunas, Jonavos g. 60A
      95 benzinas: 1.739 €/L → 1.699 €/L
      Dyzelinas: 2.149 €/L → 2.099 €/L
      Dujos: 0.929 €/L → 0.949 €/L
  ~ Baltic Petroleum — Kaunas, Minkovskių g. 132
      Dyzelinas: 2.199 €/L → 2.189 €/L
      Dujos: 0.889 €/L → 0.949 €/L
  ~ Baltic Petroleum — Kaunas, Raudondvario pl. 82
      95 benzinas: 1.749 €/L → 1.699 €/L
      Dyzelinas: 2.149 €/L → 2.099 €/L
      Dujos: 0.889 €/L → 0.949 €/L
  ~ Baltic Petroleum — Kaunas, Taikos pr. 120
      95 benzinas: 1.749 €/L → 1.749 €/L
      Dujos: 0.919 €/L → 0.899 €/L
  ~ Baltic Petroleum — Kaunas, Vaidoto g. 153
      95 benzinas: 1.829 €/L → 1.779 €/L
      Dyzelinas: 2.159 €/L → 2.129 €/L
      Dujos: 0.959 €/L → 0.910 €/L
  ~ Baltic Petroleum — Pagirių k., Marijampolės g. 1
      95 benzinas: 1.769 €/L → 1.719 €/L
      Dyzelinas: 2.179 €/L → 2.149 €/L
      Dujos: 0.949 €/L → 0.939 €/L
  ~ Baltic Petroleum — Jaučiakių k.
      95 benzinas: 1.809 €/L → 1.679 €/L
      Dyzelinas: 2.169 €/L → 2.089 €/L
      Dujos: 0.959 €/L → 0.929 €/L
  ~ Baltic Petroleum — Klaipėda, Liepų g. 79A
      95 benzinas: 1.699 €/L → 1.659 €/L
      Dyzelinas: 2.119 €/L → 2.089 €/L
      Dujos: 0.939 €/L → 0.900 €/L
  ~ Baltic Petroleum — Klaipėda, Šilutės pl. 1
      95 benzinas: 1.709 €/L → 1.679 €/L
      Dyzelinas: 2.119 €/L → 2.099 €/L
      Dujos: 0.939 €/L → 0.900 €/L
  ~ Baltic Petroleum — Kėdainiai, J. Basanavičiaus g. 95B
      95 benzinas: 1.749 €/L → 1.700 €/L
      Dyzelinas: 2.229 €/L → 2.120 €/L
      Dujos: 0.929 €/L → 0.949 €/L
  ~ Baltic Petroleum — Lazdijai, Turistų g. 88
      95 benzinas: 1.709 €/L → 1.739 €/L
      Dujos: 0.949 €/L → 0.929 €/L
  ~ Baltic Petroleum — Marijampolė, P. Armino g. 69
      95 benzinas: 1.739 €/L → 1.699 €/L
      Dyzelinas: 2.099 €/L → 2.159 €/L
      Dujos: 0.919 €/L → 0.939 €/L
  ~ Baltic Petroleum — Marijampolė, Vasaros g. 15
      95 benzinas: 1.739 €/L → 1.669 €/L
      Dyzelinas: 2.099 €/L → 2.069 €/L
      Dujos: 0.949 €/L → 0.899 €/L
  ~ Baltic Petroleum — Pietarių k. Kauno g. 164
      95 benzinas: 1.739 €/L → 1.769 €/L
      Dyzelinas: 2.099 €/L → 2.159 €/L
      Dujos: 0.919 €/L → 0.929 €/L
  ~ Baltic Petroleum — Pasiekų k.
      95 benzinas: 1.789 €/L → 1.769 €/L
      Dyzelinas: 2.199 €/L → 2.219 €/L
      Dujos: 0.939 €/L → 0.900 €/L
  ~ Baltic Petroleum — Mažeikiai, M. Daukšos g. 17
      95 benzinas: 1.739 €/L → 1.729 €/L
  ~ Baltic Petroleum — Užežerės k., Gardenio g. 39
      95 benzinas: 1.739 €/L → 1.719 €/L
      Dyzelinas: 2.099 €/L → 2.129 €/L
      Dujos: 0.899 €/L → 0.969 €/L
  ~ Baltic Petroleum — Molėtai, Vilniaus g.104
      95 benzinas: 1.799 €/L → 1.759 €/L
      Dyzelinas: 2.199 €/L → 2.159 €/L
  ~ Baltic Petroleum — N. Akmenė, V. Kudirkos g. 21A
      95 benzinas: 1.720 €/L → 1.719 €/L
      Dyzelinas: 2.180 €/L → 2.129 €/L
      Dujos: 0.900 €/L → 0.889 €/L
  ~ Baltic Petroleum — Neringa, Nidos-Smiltynės pl. 6
      95 benzinas: 1.829 €/L → 1.789 €/L
      Dyzelinas: 2.299 €/L → 2.199 €/L
  ~ Baltic Petroleum — Pakruojis, Statybininkų g. 28
      95 benzinas: 1.739 €/L → 1.789 €/L
      Dyzelinas: 2.099 €/L → 2.129 €/L
      Dujos: 0.910 €/L → 0.989 €/L
  ~ Baltic Petroleum — Palanga, Ganyklų g. 28C
      95 benzinas: 1.749 €/L → 1.709 €/L
      Dyzelinas: 2.179 €/L → 2.099 €/L
      Dujos: 0.919 €/L → 0.939 €/L
  ~ Baltic Petroleum — Palanga, Klaipėdos pl. 44
      95 benzinas: 1.759 €/L → 1.729 €/L
      Dyzelinas: 2.179 €/L → 2.109 €/L
  ~ Baltic Petroleum — Panevėžys, Smėlynės g. 169
      95 benzinas: 1.699 €/L → 1.819 €/L
      Dyzelinas: 2.129 €/L → 2.199 €/L
      Dujos: 0.940 €/L → 0.949 €/L
  ~ Baltic Petroleum — Panevėžys, Velžio kelias 74
      95 benzinas: 1.699 €/L → 1.719 €/L
      Dyzelinas: 2.129 €/L → 2.099 €/L
      Dujos: 0.939 €/L → 0.949 €/L
  ~ Baltic Petroleum — Aukštikalnio k., Mūšos g. 19
      95 benzinas: 1.730 €/L → 1.739 €/L
      Dyzelinas: 2.100 €/L → 2.099 €/L
  ~ Baltic Petroleum — Plateliai,  Ž. Kalvarijos g. 1A
      95 benzinas: 1.799 €/L → 1.720 €/L
      Dyzelinas: 2.229 €/L → 2.180 €/L
      Dujos: 0.889 €/L → 0.919 €/L
  ~ Baltic Petroleum — Priekulė, Klaipėdos g. 61
      95 benzinas: 1.830 €/L → 1.770 €/L
      Dyzelinas: 2.250 €/L → 2.190 €/L
      Dujos: 0.970 €/L → 0.900 €/L
  ~ Baltic Petroleum — Prienai, Vilniaus g. 3A
      95 benzinas: 1.739 €/L → 1.679 €/L
      Dyzelinas: 2.159 €/L → 2.099 €/L
      Dujos: 0.949 €/L → 0.910 €/L
  ~ Baltic Petroleum — Veiverių k.
      95 benzinas: 1.769 €/L → 1.739 €/L
      Dyzelinas: 2.129 €/L → 2.099 €/L
      Dujos: 0.950 €/L → 0.940 €/L
  ~ Baltic Petroleum — Užuovėjos k.
      95 benzinas: 1.749 €/L → 1.769 €/L
      Dujos: 0.900 €/L → 0.910 €/L
  ~ Baltic Petroleum — Radviliškis, Miško g. 64
      95 benzinas: 1.719 €/L → 1.789 €/L
      Dyzelinas: 2.149 €/L → 2.169 €/L
      Dujos: 0.910 €/L → 0.919 €/L
  ~ Baltic Petroleum — Radviliškis, Šiaulių g. 1A
      Dyzelinas: 2.149 €/L → 2.099 €/L
      Dujos: 0.910 €/L → 0.939 €/L
  ~ Baltic Petroleum — Raseiniai, Vilniaus g. 30
      95 benzinas: 1.679 €/L → 1.689 €/L
      Dujos: 0.900 €/L → 0.929 €/L
  ~ Baltic Petroleum — Kalnujų k. 1
      95 benzinas: 1.759 €/L → 1.699 €/L
      Dyzelinas: 2.179 €/L → 2.109 €/L
      Dujos: 0.909 €/L → 0.939 €/L
  ~ Baltic Petroleum — Pandėlio k., Elektrinės g. 1
      95 benzinas: 1.829 €/L → 1.739 €/L
      Dyzelinas: 2.229 €/L → 2.129 €/L
      Dujos: 0.929 €/L → 0.919 €/L
  ~ Baltic Petroleum — Telšiai, Šiaulių pl. 12
      95 benzinas: 1.789 €/L → 1.679 €/L
      Dyzelinas: 2.149 €/L → 2.079 €/L
      Dujos: 0.949 €/L → 0.949 €/L
  ~ Baltic Petroleum — Ožtakių k., Dariaus ir Girėno g. 77
      95 benzinas: 1.829 €/L → 1.719 €/L
      Dyzelinas: 2.229 €/L → 2.099 €/L
      Dujos: 0.899 €/L → 0.949 €/L
  ~ Baltic Petroleum — Trakai, Vilniaus g. 33
      95 benzinas: 1.789 €/L → 1.829 €/L
      Dyzelinas: 2.199 €/L → 2.229 €/L
      Dujos: 0.969 €/L → 0.949 €/L
  ~ Baltic Petroleum — Ukmergė, Kauno g. 49
      95 benzinas: 1.759 €/L → 1.829 €/L
      Dyzelinas: 2.149 €/L → 2.229 €/L
      Dujos: 0.939 €/L → 0.899 €/L
  ~ Baltic Petroleum — Utena, Basanavičiaus g. 1B
      95 benzinas: 1.719 €/L → 1.709 €/L
      Dyzelinas: 2.149 €/L → 2.139 €/L
  ~ Baltic Petroleum — Varėna, Čiurlionio g. 63
      95 benzinas: 1.819 €/L → 1.829 €/L
      Dyzelinas: 2.229 €/L → 2.159 €/L
      Dujos: 0.989 €/L → 0.900 €/L
  ~ Baltic Petroleum — Merkinė, Vilniaus g. 87
      95 benzinas: 1.809 €/L → 1.749 €/L
      Dyzelinas: 2.229 €/L → 2.159 €/L
      Dujos: 0.969 €/L → 0.959 €/L
  ~ Baltic Petroleum — Senoji Varėna, Vilniaus g. 6A
      95 benzinas: 1.819 €/L → 1.769 €/L
      Dyzelinas: 2.229 €/L → 2.179 €/L
      Dujos: 0.989 €/L → 0.939 €/L
  ~ Baltic Petroleum — Vilkaraisčio k.
      95 benzinas: 1.770 €/L → 1.769 €/L
      Dyzelinas: 2.190 €/L → 2.179 €/L
      Dujos: 0.910 €/L → 0.949 €/L
  ~ Baltic Petroleum — Vilnius, Antakalnio g. 128
      95 benzinas: 1.769 €/L → 1.830 €/L
      Dyzelinas: 2.149 €/L → 2.250 €/L
      Dujos: 0.929 €/L → 0.930 €/L
  ~ Baltic Petroleum — Vilnius, Gerosios Vilties g. 33
      95 benzinas: 1.799 €/L → 1.739 €/L
      Dyzelinas: 2.199 €/L → 2.099 €/L
      Dujos: 0.969 €/L → 0.970 €/L
  ~ Baltic Petroleum — Vilnius  Kalvarijų g. 161A
      95 benzinas: 1.769 €/L → 1.749 €/L
      Dujos: 0.929 €/L → 0.899 €/L
  ~ Baltic Petroleum — Vilnius, Metalo g. 4B
      95 benzinas: 1.779 €/L → 1.759 €/L
  ~ Baltic Petroleum — Vilnius, Molėtų pl. 27A
      95 benzinas: 1.729 €/L → 1.669 €/L
      Dyzelinas: 2.139 €/L → 2.079 €/L
      Dujos: 0.939 €/L → 0.909 €/L
  ~ Baltic Petroleum — Vilnius, Rinktinės g. 59
      95 benzinas: 1.729 €/L → 1.699 €/L
      Dyzelinas: 2.159 €/L → 2.099 €/L
      Dujos: 0.949 €/L → 0.939 €/L
  ~ Baltic Petroleum — Vilnius, S. Batoro g. 15
      95 benzinas: 1.749 €/L → 1.789 €/L
      Dyzelinas: 2.149 €/L → 2.189 €/L
      Dujos: 0.919 €/L → 0.929 €/L
  ~ Baltic Petroleum — Vilnius, Savanorių pr. 121
      95 benzinas: 1.699 €/L → 1.789 €/L
      Dyzelinas: 2.129 €/L → 2.189 €/L
      Dujos: 0.909 €/L → 0.949 €/L
  ~ Baltic Petroleum — Šakiai, Sodų g. 1
      95 benzinas: 1.759 €/L → 1.700 €/L
      Dyzelinas: 2.179 €/L → 2.150 €/L
      Dujos: 0.900 €/L → 0.969 €/L
  ~ Baltic Petroleum — Šalčininkai, Vilniaus g. 5A
      95 benzinas: 1.819 €/L → 1.769 €/L
      Dyzelinas: 2.199 €/L → 2.179 €/L
      Dujos: 0.949 €/L → 0.900 €/L
  ~ Baltic Petroleum — Šilalė, Rytinio Kelio g. 2
      95 benzinas: 1.769 €/L → 1.789 €/L
      Dyzelinas: 2.189 €/L → 2.129 €/L
      Dujos: 0.919 €/L → 0.949 €/L
  ~ Baltic Petroleum — Šilutė, Klaipėdos g. 4A
      95 benzinas: 1.729 €/L → 1.699 €/L
      Dyzelinas: 2.099 €/L → 2.119 €/L
      Dujos: 0.939 €/L → 0.989 €/L
  ~ Baltic Petroleum — Širvintos, Musninkų g. 21
      95 benzinas: 1.739 €/L → 1.699 €/L
  ~ Baltic Petroleum — Rietavas, Dariaus ir Girėno g. 19
      95 benzinas: 1.720 €/L → 1.699 €/L
      Dyzelinas: 2.190 €/L → 2.119 €/L
      Dujos: 0.900 €/L → 0.910 €/L
  ~ Baltic Petroleum — Jonava, Žemaitės g. 1
      95 benzinas: 1.829 €/L → 1.739 €/L
      Dyzelinas: 2.189 €/L → 2.099 €/L
      Dujos: 0.949 €/L → 0.939 €/L
  ~ Baltic Petroleum — Užubalių k. Senasis Ukmergės kelias 4
      95 benzinas: 1.739 €/L → 1.759 €/L
      Dyzelinas: 2.129 €/L → 2.149 €/L
  ~ Baltic Petroleum — Griškabūdis
      Dyzelinas: 2.179 €/L → 2.149 €/L
  ~ Baltic Petroleum — Vilnius, Brazdžionio g. 2
      95 benzinas: 1.749 €/L → 1.759 €/L
  ~ Baltic Petroleum — Likiškėlių k.
      95 benzinas: 1.699 €/L → 1.739 €/L
      Dyzelinas: 2.119 €/L → 2.099 €/L
      Dujos: 0.939 €/L → 0.929 €/L
  ~ Baltic Petroleum — Šiauliai, Kupiškio g. 4
      95 benzinas: 1.739 €/L → 1.689 €/L
      Dyzelinas: 2.099 €/L → 2.089 €/L
      Dujos: 0.910 €/L → 0.929 €/L
  ~ Baltic Petroleum — Joniškis, Vilniaus g. 72
      95 benzinas: 1.739 €/L → 1.700 €/L
      Dyzelinas: 2.099 €/L → 2.120 €/L
  ~ Baltic Petroleum — Grigaičiai, Pavilnės g.
      95 benzinas: 1.759 €/L → 1.739 €/L
      Dyzelinas: 2.159 €/L → 2.099 €/L
      Dujos: 0.939 €/L → 0.900 €/L
  ~ Baltic Petroleum — Ringaudų k., Gėlių g. 1A
      95 benzinas: 1.759 €/L → 1.730 €/L
      Dyzelinas: 2.159 €/L → 2.100 €/L
      Dujos: 0.949 €/L → 0.930 €/L
  ~ Baltic Petroleum — Sarakiškių k., Vytauto g. 61
      95 benzinas: 1.739 €/L → 1.749 €/L
      Dyzelinas: 2.099 €/L → 2.179 €/L
      Dujos: 0.929 €/L → 0.940 €/L
  ~ Baltic Petroleum — Visalaukio g. 2
      95 benzinas: 1.759 €/L → 1.739 €/L
      Dyzelinas: 2.159 €/L → 2.169 €/L
      Dujos: 0.929 €/L → 0.920 €/L
  ~ Baltic Petroleum — Klaipėda, Tilžės g. 90
      95 benzinas: 1.709 €/L → 1.749 €/L
      Dyzelinas: 2.119 €/L → 2.129 €/L
      Dujos: 0.939 €/L → 0.949 €/L
  ~ Baltic Petroleum — Klišių k., Pievų g. 2
      95 benzinas: 1.700 €/L → 1.739 €/L
      Dyzelinas: 2.120 €/L → 2.099 €/L
      Dujos: 0.900 €/L → 0.889 €/L
  ~ Baltic Petroleum — Noriūnų k., Parko g. 3A
      95 benzinas: 1.689 €/L → 1.799 €/L
      Dyzelinas: 2.089 €/L → 2.229 €/L
      Dujos: 0.899 €/L → 0.950 €/L
  ~ Baltic Petroleum — Padustėlis, V. Striogos g. 4A
      95 benzinas: 1.739 €/L → 1.769 €/L
      Dyzelinas: 2.099 €/L → 2.129 €/L
  ~ Baltic Petroleum — Taurų k., Tilžės pl. 36
      95 benzinas: 1.749 €/L → 1.719 €/L
      Dyzelinas: 2.179 €/L → 2.099 €/L
      Dujos: 0.940 €/L → 0.929 €/L
  ~ Baltic Petroleum — Skuodas, Vytauto g. 22
      95 benzinas: 1.729 €/L → 1.719 €/L
      Dyzelinas: 2.099 €/L → 2.149 €/L
      Dujos: 0.900 €/L → 0.910 €/L
  ~ Baltic Petroleum — Girkalnio k., Žemaičių g. 39
      95 benzinas: 1.739 €/L → 1.789 €/L
      Dyzelinas: 2.169 €/L → 2.189 €/L
      Dujos: 0.920 €/L → 0.949 €/L
  ~ Baltic Petroleum — Bučių k.
      95 benzinas: 1.730 €/L → 1.749 €/L
      Dyzelinas: 2.100 €/L → 2.159 €/L
      Dujos: 0.930 €/L → 0.919 €/L
  ~ Baltic Petroleum — Tirkšliai, Laukų g. 10
      95 benzinas: 1.739 €/L → 1.730 €/L
      Dyzelinas: 2.099 €/L → 2.100 €/L
  ~ Baltic Petroleum — Vilnius, Zujūnų g. 2A
      95 benzinas: 1.749 €/L → 1.709 €/L
      Dyzelinas: 2.159 €/L → 2.099 €/L
      Dujos: 0.949 €/L → 0.869 €/L
  ~ Circle K — Geležinio Vilko g. 2A, Vilnius
      95 benzinas: 1.839 €/L → 1.819 €/L
  ~ Circle K — Baltupio g. 10, Vilnius
      95 benzinas: 1.784 €/L → 1.799 €/L
  ~ Circle K — A. P. Kavoliuko g. 32A, Vilnius
      95 benzinas: 1.829 €/L → 1.799 €/L
      Dyzelinas: 2.219 €/L → 2.199 €/L
  ~ Circle K — Sporto g. 16A, Vilnius
      95 benzinas: 1.809 €/L → 1.789 €/L
      Dyzelinas: 2.239 €/L → 2.229 €/L
  ~ Circle K — Ukmergės g. 231, Vilnius
      95 benzinas: 1.814 €/L → 1.759 €/L
      Dyzelinas: 2.239 €/L → 2.184 €/L
  ~ Circle K — Kareivių g. 13, Vilnius
      95 benzinas: 1.839 €/L → 1.759 €/L
      Dyzelinas: 2.239 €/L → 2.199 €/L
  ~ Circle K — A. Goštauto g. 13, Vilnius
      95 benzinas: 1.829 €/L → 1.799 €/L
      Dyzelinas: 2.209 €/L → 2.189 €/L
  ~ Circle K — Laisvės pr. 43C, Vilnius
      95 benzinas: 1.829 €/L → 1.799 €/L
      Dyzelinas: 2.219 €/L → 2.199 €/L
  ~ Circle K — J. Tiškevičiaus g. 24, Vilnius
      95 benzinas: 1.824 €/L → 1.804 €/L
      Dyzelinas: 2.259 €/L → 2.224 €/L
  ~ Circle K — Eišiškių pl. 11, Vilnius
      95 benzinas: 1.839 €/L → 1.819 €/L
  ~ Circle K — Pramonės pr. 18, Kaunas
      95 benzinas: 1.849 €/L → 1.799 €/L
      Dyzelinas: 2.259 €/L → 2.209 €/L
  ~ Circle K — Raudondvario pl. 107A, Kaunas
      95 benzinas: 1.844 €/L → 1.784 €/L
      Dyzelinas: 2.259 €/L → 2.204 €/L
  ~ Circle K — Sudervės g. 2G, Avižienių k.
      95 benzinas: 1.839 €/L → 1.834 €/L
      Dyzelinas: 2.189 €/L → 2.179 €/L
  ~ Circle K — R. Kalantos g. 159, Kaunas
      95 benzinas: 1.839 €/L → 1.779 €/L
      Dyzelinas: 2.259 €/L → 2.199 €/L
  ~ Circle K — Naujoji g. 120, Alytus
      95 benzinas: 1.789 €/L → 1.749 €/L
      Dyzelinas: 2.183 €/L → 2.149 €/L
  ~ Circle K — Savanorių pr. 321, Kaunas
      95 benzinas: 1.849 €/L → 1.809 €/L
      Dyzelinas: 2.229 €/L → 2.199 €/L
  ~ Circle K — Pramonės g. 17a, Šiauliai
      95 benzinas: 1.819 €/L → 1.774 €/L
      Dyzelinas: 2.219 €/L → 2.174 €/L
  ~ Circle K — J. Basanavičiaus g. 108a, Utena
      95 benzinas: 1.834 €/L → 1.749 €/L
  ~ Circle K — Plento g. 1, Kuršėnai
      Dyzelinas: 2.239 €/L → 2.199 €/L
  ~ Circle K — Minijos g. 90, Klaipėda
      95 benzinas: 1.789 €/L → 1.739 €/L
      Dyzelinas: 2.199 €/L → 2.169 €/L
  ~ Circle K — Taikos pr. 61B, Klaipėda
      95 benzinas: 1.789 €/L → 1.739 €/L
      Dyzelinas: 2.199 €/L → 2.169 €/L
  ~ Circle K — H. Manto g. 96, Klaipėda
      95 benzinas: 1.829 €/L → 1.789 €/L
      Dyzelinas: 2.239 €/L → 2.189 €/L
  ~ Circle K — Kauno g. 130, Marijampolė
      Dyzelinas: 2.219 €/L → 2.209 €/L
  ~ Circle K — Rūtų g. 2B, Alytus
      95 benzinas: 1.829 €/L → 1.729 €/L
      Dyzelinas: 2.199 €/L → 2.129 €/L
  ~ Circle K — M. K. Čiurlionio g. 113, Druskininkai
      95 benzinas: 1.859 €/L → 1.809 €/L
      Dyzelinas: 2.259 €/L → 2.229 €/L
  ~ Circle K — J. Basanavičiaus g. 63, Panevėžys
      95 benzinas: 1.799 €/L → 1.779 €/L
      Dyzelinas: 2.199 €/L → 2.189 €/L
  ~ Circle K — Parko g. 7A, Panevėžys
      Dyzelinas: 2.229 €/L → 2.214 €/L
  ~ Circle K — Jono Dailidės g. 10, Marijampolė
      Dyzelinas: 2.189 €/L → 2.163 €/L
  ~ Circle K — J. Basanavičiaus g. 40a, Kėdainiai
      95 benzinas: 1.824 €/L → 1.764 €/L
      Dyzelinas: 2.259 €/L → 2.199 €/L
  ~ Circle K — Luokės g. 70, Telšiai
      95 benzinas: 1.809 €/L → 1.769 €/L
      Dyzelinas: 2.209 €/L → 2.189 €/L
  ~ Circle K — Cintjoniškių g. 15, Šilutė
      95 benzinas: 1.824 €/L → 1.814 €/L
      Dyzelinas: 2.199 €/L → 2.184 €/L
  ~ Circle K — Savanorių g. 5, Varėna
      95 benzinas: 1.859 €/L → 1.799 €/L
  ~ Circle K — Žemaitijos g. 57, Mažeikiai
      95 benzinas: 1.839 €/L → 1.799 €/L
      Dyzelinas: 2.249 €/L → 2.209 €/L
  ~ Circle K — Sidabros g. 2A, Satkūnų k.
      95 benzinas: 1.839 €/L → 1.799 €/L
  ~ Circle K — Respublikos g. 111A, Rokiškis
      Dyzelinas: 2.239 €/L → 2.199 €/L
  ~ Circle K — Vasario 16-osios g. 33, Jonava
      95 benzinas: 1.839 €/L → 1.819 €/L
      Dyzelinas: 2.259 €/L → 2.229 €/L
  ~ Circle K — Geležinio Vilko g. 39, Vilnius
      95 benzinas: 1.809 €/L → 1.779 €/L
      Dyzelinas: 2.209 €/L → 2.189 €/L
  ~ Circle K — Prūsų g. 26 A, Vilnius
      95 benzinas: 1.859 €/L → 1.839 €/L
  ~ Circle K — Gedimino g. 42B, Radviliškis
      95 benzinas: 1.829 €/L → 1.789 €/L
      Dyzelinas: 2.259 €/L → 2.199 €/L
  ~ Circle K — Gedimino g. 47, Tauragė
      95 benzinas: 1.819 €/L → 1.769 €/L
      Dyzelinas: 2.189 €/L → 2.149 €/L
  ~ Circle K — Geležinio Vilko g. 24, Vilnius
      Dyzelinas: 2.189 €/L → 2.159 €/L
  ~ Circle K — Taikos pr. 52A, Kaunas
      95 benzinas: 1.849 €/L → 1.789 €/L
      Dyzelinas: 2.259 €/L → 2.199 €/L
  ~ Circle K — J. Basanavičiaus g. 3, Utena
      95 benzinas: 1.824 €/L → 1.739 €/L
      Dyzelinas: 2.254 €/L → 2.179 €/L
  ~ Circle K — Vilkaviškio g. 10, Serdokų k.
      95 benzinas: 1.819 €/L → 1.799 €/L
  ~ Circle K — Vilniaus pl. 1A, Klaipėda
      95 benzinas: 1.799 €/L → 1.749 €/L
      Dyzelinas: 2.199 €/L → 2.149 €/L
  ~ Circle K — R. Kalantos g. 68, Kaunas
      95 benzinas: 1.809 €/L → 1.749 €/L
      Dyzelinas: 2.229 €/L → 2.169 €/L
  ~ Circle K — Varnių g. 46, Kaunas
      95 benzinas: 1.799 €/L → 1.739 €/L
      Dyzelinas: 2.249 €/L → 2.189 €/L
  ~ Circle K — Oslo g. 12, Vilnius
      95 benzinas: 1.794 €/L → 1.769 €/L
      Dyzelinas: 2.199 €/L → 2.169 €/L
  ~ Circle K — Dariaus ir Girėno g. 83A, Tauragė
      95 benzinas: 1.789 €/L → 1.739 €/L
      Dyzelinas: 2.159 €/L → 2.119 €/L
  ~ Circle K — Savanorių pr. 118, Vilnius
      95 benzinas: 1.779 €/L → 1.739 €/L
      Dyzelinas: 2.209 €/L → 2.159 €/L
  ~ Circle K — P. Žadeikos g. 1a, Vilnius
      95 benzinas: 1.809 €/L → 1.804 €/L
      Dyzelinas: 2.259 €/L → 2.204 €/L
  ~ Circle K — Savanorių pr. 119A, Vilnius
      95 benzinas: 1.779 €/L → 1.739 €/L
      Dyzelinas: 2.209 €/L → 2.159 €/L
  ~ Circle K — Kareivių g. 3, Vilnius
      95 benzinas: 1.779 €/L → 1.749 €/L
      Dyzelinas: 2.209 €/L → 2.149 €/L
  ~ Circle K — Geležinio Vilko g. 4, Vilnius
      95 benzinas: 1.809 €/L → 1.779 €/L
      Dyzelinas: 2.209 €/L → 2.189 €/L
  ~ Circle K — Gariūnų g. 45, Vilnius
      95 benzinas: 1.804 €/L → 1.779 €/L
      Dyzelinas: 2.209 €/L → 2.179 €/L
  ~ Circle K — Tvirtovės alėja 33a, Kaunas
      95 benzinas: 1.839 €/L → 1.779 €/L
      Dyzelinas: 2.259 €/L → 2.199 €/L
  ~ Circle K — Sukilėlių pr. 120, Kaunas
      95 benzinas: 1.829 €/L → 1.789 €/L
      Dyzelinas: 2.259 €/L → 2.199 €/L
  ~ Circle K — K. Baršausko g. 57, Kaunas
      95 benzinas: 1.839 €/L → 1.783 €/L
      Dyzelinas: 2.239 €/L → 2.184 €/L
  ~ Circle K — Jonavos g. 38, Kaunas
      95 benzinas: 1.839 €/L → 1.819 €/L
      Dyzelinas: 2.259 €/L → 2.229 €/L
  ~ Circle K — Tilžės g. 25, Šiauliai
      95 benzinas: 1.809 €/L → 1.764 €/L
      Dyzelinas: 2.209 €/L → 2.164 €/L
  ~ Circle K — Tilžės g. 56A, Klaipėda
      95 benzinas: 1.759 €/L → 1.719 €/L
      Dyzelinas: 2.169 €/L → 2.124 €/L
  ~ Circle K — Jūrininkų pr. 31, Klaipėda
      95 benzinas: 1.799 €/L → 1.749 €/L
  ~ Circle K — Sausio 15-osios g. 2, Klaipėda
      95 benzinas: 1.779 €/L → 1.739 €/L
      Dyzelinas: 2.189 €/L → 2.144 €/L
  ~ Circle K — Klaipėdos g. 92A, Panevėžys
      Dyzelinas: 2.209 €/L → 2.194 €/L
  ~ Circle K — Molėtų g. 15, Didžiosios Riešės k.
      Dyzelinas: 2.179 €/L → 2.149 €/L
  ~ Jozita — Šolių k., Pietinio Kelio g. 9
      95 benzinas: 1.650 €/L → 1.690 €/L
      Dyzelinas: 2.070 €/L → 2.090 €/L
      Dujos: 0.880 €/L → 0.850 €/L
  ~ Jozita — Vilnius, Ukmergės g. 130
      95 benzinas: 1.660 €/L → 1.690 €/L
      Dyzelinas: 2.070 €/L → 2.090 €/L
  ~ Jozita — Vilnius, Parko g. 64
      95 benzinas: 1.660 €/L → 1.690 €/L
      Dyzelinas: 2.080 €/L → 2.090 €/L
  ~ Jozita — Vilnius, Pramonės g. 18
      95 benzinas: 1.660 €/L → 1.690 €/L
      Dyzelinas: 2.080 €/L → 2.090 €/L
  ~ Jozita — Rudamina, Jašiūnų g. 2
      95 benzinas: 1.760 €/L → 1.690 €/L
      Dyzelinas: 2.150 €/L → 2.090 €/L
  ~ Jozita — Kaunas, Kuršių 13A
      95 benzinas: 1.750 €/L → 1.690 €/L
      Dyzelinas: 2.130 €/L → 2.090 €/L
  ~ Jozita — Kaunas, Jonavos g. 51
      95 benzinas: 1.750 €/L → 1.690 €/L
      Dyzelinas: 2.130 €/L → 2.090 €/L
      Dujos: 0.870 €/L → 0.850 €/L
  ~ Jozita — Kaunas, Betygalos g. 8
      95 benzinas: 1.660 €/L → 1.690 €/L
      Dyzelinas: 2.080 €/L → 2.090 €/L
  ~ Jozita — Kaunas, Baltų pr. 141A
      95 benzinas: 1.660 €/L → 1.690 €/L
      Dyzelinas: 2.080 €/L → 2.090 €/L
  ~ Jozita — Kaunas, Partizanų g. 87G
      95 benzinas: 1.730 €/L → 1.690 €/L
      Dyzelinas: 2.150 €/L → 2.090 €/L
      Dujos: 0.860 €/L → 0.850 €/L
  ~ Jozita — Garliava, Vytauto g. 111A
      95 benzinas: 1.700 €/L → 1.690 €/L
      Dyzelinas: 2.080 €/L → 2.090 €/L
      Dujos: 0.880 €/L → 0.850 €/L
  ~ Jozita — Ramučiai, K. Bielinio g. 2A
      95 benzinas: 1.660 €/L → 1.690 €/L
      Dyzelinas: 2.080 €/L → 2.090 €/L
  ~ Jozita — Klipščių k., Šilelių g.1
      95 benzinas: 1.760 €/L → 1.690 €/L
      Dyzelinas: 2.220 €/L → 2.090 €/L
      Dujos: 0.880 €/L → 0.850 €/L
  ~ Jozita — Klaipėda, Taikos pr. 157
      95 benzinas: 1.750 €/L → 1.690 €/L
      Dyzelinas: 2.150 €/L → 2.090 €/L
      Dujos: 0.880 €/L → 0.850 €/L
  ~ Jozita — Gargždai, Gamyklos g. 1
      95 benzinas: 1.650 €/L → 1.690 €/L
      Dyzelinas: 2.070 €/L → 2.090 €/L
  ~ Jozita — Trepkalnių k., Mokyklos g. 2
      95 benzinas: 1.700 €/L → 1.690 €/L
      Dyzelinas: 2.220 €/L → 2.090 €/L
      Dujos: 0.880 €/L → 0.850 €/L
  ~ Jozita — Šiauliai, Architektų g. 80
      95 benzinas: 1.700 €/L → 1.690 €/L
      Dyzelinas: 2.050 €/L → 2.090 €/L
      Dujos: 0.870 €/L → 0.850 €/L
  ~ Jozita — Šiauliai, Girulių g. 1
      95 benzinas: 1.700 €/L → 1.690 €/L
      Dyzelinas: 2.050 €/L → 2.090 €/L
      Dujos: 0.870 €/L → 0.850 €/L
  ~ Jozita — Toliočiai, Plento g. 2B
      95 benzinas: 1.700 €/L → 1.690 €/L
      Dyzelinas: 2.050 €/L → 2.090 €/L
      Dujos: 0.870 €/L → 0.850 €/L
  ~ Jozita — Kelmė, V.Putvinskio g. 37
      95 benzinas: 1.700 €/L → 1.690 €/L
      Dyzelinas: 2.080 €/L → 2.090 €/L
  ~ Jozita — Raseiniai, Liepų g. 10e
      Dujos: 0.880 €/L → 0.850 €/L
  ~ Jozita — Raseiniai, Maironio g. 78b
      95 benzinas: 1.660 €/L → 1.690 €/L
      Dyzelinas: 2.080 €/L → 2.090 €/L
  ~ Jozita — Šilutė, Šiaurės g. 1
      Dujos: 0.880 €/L → 0.850 €/L
  ~ Jozita — Kuosiškių k. 4
      95 benzinas: 1.660 €/L → 1.690 €/L
      Dyzelinas: 2.080 €/L → 2.090 €/L
      Dujos: 0.880 €/L → 0.850 €/L
  ~ Jozita — Traksėdžių k., Klaipėdos. 1
      95 benzinas: 1.660 €/L → 1.690 €/L
      Dyzelinas: 2.080 €/L → 2.090 €/L
      Dujos: 0.880 €/L → 0.850 €/L
  ~ Jozita — Varkaliai, Žemaičių g. 2A
      95 benzinas: 1.750 €/L → 1.690 €/L
      Dyzelinas: 2.160 €/L → 2.090 €/L
      Dujos: 0.880 €/L → 0.850 €/L
  ~ Jozita — Papušynės k, Šilalės g. 105
      95 benzinas: 1.650 €/L → 1.690 €/L
      Dyzelinas: 2.070 €/L → 2.090 €/L
  ~ Jozita — Panevėžys, S. Kerbedžio g. 7F
      95 benzinas: 1.700 €/L → 1.690 €/L
      Dyzelinas: 2.080 €/L → 2.090 €/L
      Dujos: 0.880 €/L → 0.850 €/L
  ~ Jozita — Klaipėda, Priestočio g. 26
      Dujos: 0.880 €/L → 0.850 €/L
  ~ Eniris — Tiekėjų g. 34a, Kretinga
      95 benzinas: 1.850 €/L → 1.820 €/L
      Dyzelinas: 2.270 €/L → 2.180 €/L
  ~ Eniris — Dariaus ir Girėno g. 31, Plungė
      Dyzelinas: 2.250 €/L → 2.190 €/L
  ~ Eniris — Telšių g. 2 b, Rainių k.
      95 benzinas: 1.830 €/L → 1.760 €/L
  ~ Eniris — Jurbarko g. 34, Raseiniai
      95 benzinas: 1.790 €/L → 1.740 €/L
      Dyzelinas: 2.190 €/L → 2.140 €/L
  ~ Eniris — Platelių g. 1 a, Laivių k.
      95 benzinas: 1.860 €/L → 1.830 €/L
  ~ Eniris — Mažeikių g. 1, Telšiai
      95 benzinas: 1.800 €/L → 1.750 €/L
      Dyzelinas: 2.180 €/L → 2.170 €/L
  ~ Eniris — Laižuvos g. 82 d, Mažeikiai,
      95 benzinas: 1.719 €/L → 1.699 €/L
      Dyzelinas: 2.149 €/L → 2.099 €/L
  ~ Eniris — Žemaitės g. 52, Užventis
      95 benzinas: 1.760 €/L → 1.710 €/L
  ~ Eniris — Kalnuotės 1 k.
      95 benzinas: 1.699 €/L → 1.679 €/L
      Dyzelinas: 2.199 €/L → 2.099 €/L
  ~ Naftrus — Šilo g. 1, Ylių k.
      Dujos: 0.850 €/L → 0.870 €/L
  ~ Naftrus — Pievų g. 17, Slabados k.
      95 benzinas: 1.780 €/L → 1.680 €/L
      Dyzelinas: 2.230 €/L → 2.100 €/L
  ~ Naftrus — Topolių g. 1, Degučių k.
      95 benzinas: 1.750 €/L → 1.670 €/L
      Dyzelinas: 2.160 €/L → 2.080 €/L
  ~ Narjanta — Pumpučių g. 25, Pumpučiai
      Dujos: 0.939 €/L → 0.949 €/L
  ~ Neste Lietuva — Servečės g. 2, Vilnius
      95 benzinas: 1.739 €/L → 1.719 €/L
      Dyzelinas: 2.159 €/L → 2.129 €/L
  ~ Neste Lietuva — Ukmergės g. 296, Vilnius
      95 benzinas: 1.769 €/L → 1.719 €/L
      Dyzelinas: 2.179 €/L → 2.129 €/L
  ~ Neste Lietuva — Talino g. 2C, Vilnius
      95 benzinas: 1.759 €/L → 1.729 €/L
      Dyzelinas: 2.179 €/L → 2.159 €/L
  ~ Neste Lietuva — Erfurto g. 41, Vilnius
      95 benzinas: 1.769 €/L → 1.729 €/L
      Dyzelinas: 2.179 €/L → 2.139 €/L
  ~ Neste Lietuva — Geležinio Vilko g. 63, Vilnius
      95 benzinas: 1.739 €/L → 1.699 €/L
      Dyzelinas: 2.159 €/L → 2.119 €/L
  ~ Neste Lietuva — S. Stanevičiaus g. 3, Vilnius
      95 benzinas: 1.734 €/L → 1.719 €/L
      Dyzelinas: 2.144 €/L → 2.119 €/L
  ~ Neste Lietuva — Žirmūnų g. 68B, Vilnius
      95 benzinas: 1.749 €/L → 1.699 €/L
      Dyzelinas: 2.169 €/L → 2.099 €/L
  ~ Neste Lietuva — Rygos g. 2, Vilnius
      95 benzinas: 1.769 €/L → 1.719 €/L
      Dyzelinas: 2.179 €/L → 2.129 €/L
  ~ Neste Lietuva — Savanorių pr. 220A, Vilnius
      95 benzinas: 1.729 €/L → 1.719 €/L
      Dyzelinas: 2.159 €/L → 2.139 €/L
  ~ Neste Lietuva — Parodų g. 1A, Vilnius
      95 benzinas: 1.789 €/L → 1.759 €/L
      Dyzelinas: 2.179 €/L → 2.159 €/L
  ~ Neste Lietuva — Kauno g. 26, Vilnius
      95 benzinas: 1.789 €/L → 1.744 €/L
      Dyzelinas: 2.179 €/L → 2.134 €/L
  ~ Neste Lietuva — Savanorių pr. 187, Vilnius
      95 benzinas: 1.729 €/L → 1.719 €/L
      Dyzelinas: 2.159 €/L → 2.139 €/L
  ~ Neste Lietuva — Kedrų g. 2, Vilnius
      95 benzinas: 1.819 €/L → 1.764 €/L
      Dyzelinas: 2.189 €/L → 2.144 €/L
  ~ Neste Lietuva — Molėtų pl. 8, Vilnius
      95 benzinas: 1.729 €/L → 1.679 €/L
      Dyzelinas: 2.149 €/L → 2.094 €/L
  ~ Neste Lietuva — P. Lukšio g. 22, Vilnius
      95 benzinas: 1.739 €/L → 1.689 €/L
      Dyzelinas: 2.159 €/L → 2.099 €/L
  ~ Neste Lietuva — Žirmūnų g. 54C, Vilnius
      95 benzinas: 1.749 €/L → 1.699 €/L
      Dyzelinas: 2.164 €/L → 2.119 €/L
  ~ Neste Lietuva — Subačiaus g. 64, Vilnius
      95 benzinas: 1.759 €/L → 1.719 €/L
      Dyzelinas: 2.159 €/L → 2.129 €/L
  ~ Neste Lietuva — Dariaus ir Girėno g. 17, Vilnius
      95 benzinas: 1.789 €/L → 1.734 €/L
      Dyzelinas: 2.179 €/L → 2.144 €/L
  ~ Neste Lietuva — Architektų g. 130, Vilnius
      95 benzinas: 1.784 €/L → 1.734 €/L
      Dyzelinas: 2.194 €/L → 2.154 €/L
  ~ Neste Lietuva — Justiniškių g. 14B, Vilnius
      95 benzinas: 1.764 €/L → 1.719 €/L
      Dyzelinas: 2.164 €/L → 2.139 €/L
  ~ Neste Lietuva — Geležinio Vilko g. 37A, Vilnius
      Dyzelinas: 2.169 €/L → 2.149 €/L
  ~ Neste Lietuva — Pilaitės pr. 27, Vilnius
      95 benzinas: 1.719 €/L → 1.689 €/L
      Dyzelinas: 2.139 €/L → 2.099 €/L
  ~ Neste Lietuva — Žirnių g. 17, Vilnius
      95 benzinas: 1.759 €/L → 1.729 €/L
      Dyzelinas: 2.169 €/L → 2.139 €/L
  ~ Neste Lietuva — J. Tiškevičiaus g. 19, Vilnius
      95 benzinas: 1.744 €/L → 1.729 €/L
      Dyzelinas: 2.179 €/L → 2.149 €/L
  ~ Neste Lietuva — Eišiškių pl. 82, Vilnius
      95 benzinas: 1.779 €/L → 1.724 €/L
      Dyzelinas: 2.169 €/L → 2.134 €/L
  ~ Neste Lietuva — Gariūnų g. 55, Vilnius
      95 benzinas: 1.779 €/L → 1.729 €/L
      Dyzelinas: 2.179 €/L → 2.139 €/L
  ~ Neste Lietuva — Panerių g. 42, Vilnius
      95 benzinas: 1.779 €/L → 1.734 €/L
      Dyzelinas: 2.159 €/L → 2.114 €/L
  ~ Neste Lietuva — Geležinio Vilko g. 41, Vilnius
      95 benzinas: 1.759 €/L → 1.739 €/L
      Dyzelinas: 2.169 €/L → 2.149 €/L
  ~ Neste Lietuva — Pramonės pr. 6A, Kaunas
      95 benzinas: 1.779 €/L → 1.719 €/L
      Dyzelinas: 2.179 €/L → 2.149 €/L
  ~ Neste Lietuva — Jonavos g. 110, Kaunas
      95 benzinas: 1.739 €/L → 1.679 €/L
      Dyzelinas: 2.149 €/L → 2.099 €/L
  ~ Neste Lietuva — Veiverių g. 132D, Kaunas
      95 benzinas: 1.774 €/L → 1.759 €/L
      Dyzelinas: 2.164 €/L → 2.159 €/L
  ~ Neste Lietuva — Žemaičių pl. 26, Kaunas
      95 benzinas: 1.754 €/L → 1.719 €/L
      Dyzelinas: 2.164 €/L → 2.129 €/L
  ~ Neste Lietuva — R. Kalantos g. 27, Kaunas
      95 benzinas: 1.759 €/L → 1.729 €/L
      Dyzelinas: 2.159 €/L → 2.119 €/L
  ~ Neste Lietuva — Ateities pl. 50B, Kaunas
      95 benzinas: 1.719 €/L → 1.689 €/L
      Dyzelinas: 2.129 €/L → 2.099 €/L
  ~ Neste Lietuva — Taikos pr. 80A, Kaunas
      95 benzinas: 1.769 €/L → 1.719 €/L
      Dyzelinas: 2.179 €/L → 2.139 €/L
  ~ Neste Lietuva — Birželio 23-iosios g. 23A, Kaunas
      95 benzinas: 1.769 €/L → 1.719 €/L
      Dyzelinas: 2.179 €/L → 2.129 €/L
  ~ Neste Lietuva — Islandijos pl. 191E, Kaunas
      95 benzinas: 1.759 €/L → 1.729 €/L
      Dyzelinas: 2.159 €/L → 2.139 €/L
  ~ Neste Lietuva — Raudondvario pl. 103, Kaunas
      95 benzinas: 1.749 €/L → 1.689 €/L
      Dyzelinas: 2.159 €/L → 2.099 €/L
  ~ Neste Lietuva — Kuršių g. 1, Kaunas
      95 benzinas: 1.739 €/L → 1.699 €/L
      Dyzelinas: 2.149 €/L → 2.119 €/L
  ~ Neste Lietuva — Vijoklių g. 1C, Ramučių k.
      95 benzinas: 1.779 €/L → 1.739 €/L
      Dyzelinas: 2.179 €/L → 2.159 €/L
  ~ Neste Lietuva — Tunelio g. 26, Kaunas
      95 benzinas: 1.759 €/L → 1.729 €/L
      Dyzelinas: 2.159 €/L → 2.129 €/L
  ~ Neste Lietuva — Vakarų g. 14, Kumpių k.
      95 benzinas: 1.754 €/L → 1.729 €/L
  ~ Neste Lietuva — Savanorių pr. 441C, Kaunas
      95 benzinas: 1.769 €/L → 1.719 €/L
      Dyzelinas: 2.169 €/L → 2.149 €/L
  ~ Neste Lietuva — Vakarinis aplinkkelis 18, Kaunas
      95 benzinas: 1.759 €/L → 1.719 €/L
      Dyzelinas: 2.179 €/L → 2.139 €/L
  ~ Neste Lietuva — Europos pr. 43, Kaunas
      95 benzinas: 1.769 €/L → 1.729 €/L
      Dyzelinas: 2.159 €/L → 2.144 €/L
  ~ Neste Lietuva — Plieno g. 1, Klaipėda
      95 benzinas: 1.739 €/L → 1.689 €/L
      Dyzelinas: 2.149 €/L → 2.119 €/L
  ~ Neste Lietuva — Šilutės pl. 30, Klaipėda
      95 benzinas: 1.724 €/L → 1.689 €/L
      Dyzelinas: 2.119 €/L → 2.099 €/L
  ~ Neste Lietuva — Taikos pr. 60, Klaipėda
      95 benzinas: 1.714 €/L → 1.689 €/L
  ~ Neste Lietuva — Minijos g. 119, Klaipėda
      95 benzinas: 1.719 €/L → 1.689 €/L
      Dyzelinas: 2.129 €/L → 2.109 €/L
  ~ Neste Lietuva — Artojo g. 2, Klaipėda
      95 benzinas: 1.699 €/L → 1.669 €/L
      Dyzelinas: 2.099 €/L → 2.079 €/L
  ~ Neste Lietuva — Smiltelės g. 17, Klaipėda
      95 benzinas: 1.739 €/L → 1.689 €/L
      Dyzelinas: 2.149 €/L → 2.119 €/L
  ~ Neste Lietuva — Šilutės pl. 5C, Klaipėda
      95 benzinas: 1.714 €/L → 1.679 €/L
      Dyzelinas: 2.114 €/L → 2.089 €/L
  ~ Neste Lietuva — Vilniaus pl. 9, Jakų k.
      95 benzinas: 1.744 €/L → 1.719 €/L
      Dyzelinas: 2.174 €/L → 2.149 €/L
  ~ Neste Lietuva — Sendvario g. 2, Sudmantų k.
      95 benzinas: 1.779 €/L → 1.739 €/L
      Dyzelinas: 2.169 €/L → 2.159 €/L
  ~ Neste Lietuva — Gegužių g. 28, Šiauliai
      95 benzinas: 1.749 €/L → 1.699 €/L
      Dyzelinas: 2.159 €/L → 2.129 €/L
  ~ Neste Lietuva — Tilžės g. 72, Šiauliai
      95 benzinas: 1.789 €/L → 1.699 €/L
      Dyzelinas: 2.164 €/L → 2.134 €/L
  ~ Neste Lietuva — Dubijos g. 18A, Šiauliai
      95 benzinas: 1.769 €/L → 1.749 €/L
      Dyzelinas: 2.169 €/L → 2.139 €/L
  ~ Neste Lietuva — Klaipėdos g. 81, Panevėžys
      95 benzinas: 1.789 €/L → 1.709 €/L
      Dyzelinas: 2.189 €/L → 2.144 €/L
  ~ Neste Lietuva — Ramygalos g. 145B, Panevėžys
      95 benzinas: 1.774 €/L → 1.719 €/L
      Dyzelinas: 2.174 €/L → 2.129 €/L
  ~ Neste Lietuva — Klaipėdos g. 66,  Panevėžys
      95 benzinas: 1.784 €/L → 1.714 €/L
      Dyzelinas: 2.194 €/L → 2.139 €/L
  ~ Neste Lietuva — Ąžuolpamūšio g. 1A, Raubonių k..
      95 benzinas: 1.774 €/L → 1.749 €/L
      Dyzelinas: 2.179 €/L → 2.149 €/L
  ~ Neste Lietuva — Margirio g. 1B, Panevėžys
      95 benzinas: 1.774 €/L → 1.699 €/L
      Dyzelinas: 2.174 €/L → 2.119 €/L
  ~ Neste Lietuva — Klaipėdos g. 144B, Panevėžys
      95 benzinas: 1.779 €/L → 1.719 €/L
      Dyzelinas: 2.184 €/L → 2.149 €/L
  ~ Neste Lietuva — Panevėžio aplinkl. 7, Šilagalio k.
      95 benzinas: 1.769 €/L → 1.739 €/L
      Dyzelinas: 2.159 €/L → 2.139 €/L
  ~ Neste Lietuva — Panevėžio aplinkl. 22, Šilagalio k.
      95 benzinas: 1.759 €/L → 1.709 €/L
      Dyzelinas: 2.149 €/L → 2.129 €/L
  ~ Neste Lietuva — Santaikos g. 34A, Alytus
      95 benzinas: 1.749 €/L → 1.689 €/L
      Dyzelinas: 2.149 €/L → 2.109 €/L
  ~ Neste Lietuva — Ūdrijos g. 31, Alytus
      95 benzinas: 1.749 €/L → 1.719 €/L
      Dyzelinas: 2.149 €/L → 2.129 €/L
  ~ Neste Lietuva — Stoties g. 4C, Marijampolė
      95 benzinas: 1.729 €/L → 1.694 €/L
      Dyzelinas: 2.139 €/L → 2.124 €/L
  ~ Neste Lietuva — Vilkaviškio g. 61D, Marijampolė
      95 benzinas: 1.734 €/L → 1.689 €/L
      Dyzelinas: 2.124 €/L → 2.119 €/L
  ~ Neste Lietuva — Europos g. 1, Salaperaugio k.
      95 benzinas: – → 1.724 €/L
      Dyzelinas: 2.179 €/L → 2.169 €/L
  ~ Neste Lietuva — Europos g. 6, N.Valios k.
      95 benzinas: 1.779 €/L → –
  ~ Neste Lietuva — M. Daukšos g. 29, Mažeikiai
      95 benzinas: 1.739 €/L → 1.699 €/L
      Dyzelinas: 2.159 €/L → 2.109 €/L
  ~ Neste Lietuva — Katyčių k., Šilalės r.
      95 benzinas: 1.769 €/L → 1.719 €/L
      Dyzelinas: 2.219 €/L → 2.159 €/L
  ~ Neste Lietuva — J. Basanavičiaus g. 91E, Kėdainiai
      95 benzinas: 1.749 €/L → 1.689 €/L
      Dyzelinas: 2.249 €/L → 2.119 €/L
  ~ Neste Lietuva — Kauno g. 45B, Ukmergė
      95 benzinas: 1.729 €/L → 1.699 €/L
      Dyzelinas: 2.129 €/L → 2.099 €/L
  ~ Neste Lietuva — J. Basanavičiaus g. 129, Utena
      95 benzinas: 1.769 €/L → 1.694 €/L
      Dyzelinas: 2.169 €/L → 2.144 €/L
  ~ Neste Lietuva — Kupiškio g. 12, Utena
      95 benzinas: 1.764 €/L → 1.689 €/L
      Dyzelinas: 2.164 €/L → 2.139 €/L
  ~ Neste Lietuva — Aplinkkelio g. 165, Molėtai
      95 benzinas: 1.739 €/L → 1.689 €/L
      Dyzelinas: 2.169 €/L → 2.109 €/L
  ~ Neste Lietuva — Vilniaus g. 94, Pabradė
      95 benzinas: 1.779 €/L → 1.739 €/L
      Dyzelinas: 2.159 €/L → 2.149 €/L
  ~ Neste Lietuva — Plento g. 7, Gudžionių k.
      95 benzinas: 1.779 €/L → 1.719 €/L
      Dyzelinas: 2.189 €/L → 2.149 €/L
  ~ Neste Lietuva — Versmės g. 2, Radviliškis
      95 benzinas: 1.769 €/L → 1.719 €/L
      Dyzelinas: 2.189 €/L → 2.129 €/L
  ~ Neste Lietuva — Pušyno g. 11, Ylių k.
      95 benzinas: 1.789 €/L → 1.739 €/L
      Dyzelinas: 2.239 €/L → 2.179 €/L
  ~ Neste Lietuva — Dariaus ir Girėno g. 130A, Tauragė
      95 benzinas: 1.749 €/L → 1.699 €/L
      Dyzelinas: 2.129 €/L → 2.099 €/L
  ~ Neste Lietuva — Sabališkių g. 1U, Elektrėnai
      95 benzinas: 1.799 €/L → 1.769 €/L
      Dyzelinas: 2.199 €/L → 2.169 €/L
  ~ Neste Lietuva — Šiaulių pl. 1A, Gaudikaičių k.
      95 benzinas: 1.769 €/L → 1.739 €/L
      Dyzelinas: 2.189 €/L → 2.159 €/L
  ~ Orlen — Kauno g. 73, Alytus
      95 benzinas: 1.719 €/L → 1.719 €/L
      Dyzelinas: 2.139 €/L → 2.159 €/L
  ~ Orlen — Beržų g. 2N, Ringaudai
      Dyzelinas: 2.189 €/L → 2.189 €/L
  ~ Orlen — Varnių g. 50, Kaunas
      95 benzinas: 1.719 €/L → 1.719 €/L
  ~ Orlen — Minijos g. 44, Klaipėda
      Dyzelinas: 2.139 €/L → 2.139 €/L
  ~ Orlen — Šilutės pl. 94, Klaipėda
      95 benzinas: 1.779 €/L → 1.749 €/L
      Dyzelinas: 2.159 €/L → 2.159 €/L
  ~ Orlen — Vilniaus pl. 13, Jakų k.
      95 benzinas: 1.769 €/L → 1.769 €/L
  ~ Orlen — Pikelių k. 6
      95 benzinas: 1.859 €/L → 1.839 €/L
      Dyzelinas: 2.249 €/L → 2.229 €/L
  ~ Orlen — Pikelių k. 8
      95 benzinas: 1.859 €/L → 1.839 €/L
      Dyzelinas: 2.249 €/L → 2.229 €/L
  ~ Orlen — Aleksandravo k.
      95 benzinas: 1.699 €/L → 1.699 €/L
      Dyzelinas: 2.099 €/L → 2.099 €/L
  ~ Orlen — ​Skuodo g. 14, Mažeikiai
      95 benzinas: 1.749 €/L → 1.749 €/L
      Dyzelinas: 2.169 €/L → 2.169 €/L
  ~ Orlen — Žemaitijos g. 42, Mažeikiai
      95 benzinas: 1.759 €/L → 1.759 €/L
      Dyzelinas: 2.169 €/L → 2.169 €/L
  ~ Orlen — Serbentų g. 82, Šiauliai
      95 benzinas: 1.758 €/L → 1.759 €/L
  ~ Orlen — Juodasis kl. 32, Vilnius
      95 benzinas: 1.759 €/L → 1.739 €/L
      Dyzelinas: 2.179 €/L → 2.169 €/L
  ~ Orlen — Ukmergės g. 319, Vilnius
      95 benzinas: 1.739 €/L → 1.739 €/L
      Dyzelinas: 2.169 €/L → 2.159 €/L
  ~ Orlen — Žirmūnų g. 1T, Vilnius
      Dyzelinas: 2.169 €/L → 2.159 €/L
  ~ Tomega — Gardino g. 98, Druskininkai
      Dyzelinas: 2.200 €/L → 2.150 €/L
      Dujos: 0.900 €/L → 0.950 €/L
  ~ Trevena — Kretingos pl. 1, Gargždai
      95 benzinas: 1.800 €/L → 1.770 €/L
      Dyzelinas: 2.220 €/L → 2.190 €/L
  ~ Trevena — Klaipėdos g. 39, Gargždai
      95 benzinas: 1.750 €/L → 1.730 €/L
      Dyzelinas: 2.190 €/L → 2.150 €/L
  ~ Trevena — Tilžės g. 21, Saugų k.
      95 benzinas: 1.770 €/L → 1.730 €/L
      Dyzelinas: 2.200 €/L → 2.130 €/L
  ~ Trevena — Šv. Kristoforo g. 4, Dituvos k.
      95 benzinas: 1.780 €/L → 1.740 €/L
      Dyzelinas: 2.190 €/L → 2.160 €/L
  ~ Trevena — Lėgų k. 1, Rietavas
      95 benzinas: 1.780 €/L → 1.740 €/L
      Dyzelinas: 2.190 €/L → 2.160 €/L
  ~ Trevena — Laisvės g. 15, Darbėnai
      Dyzelinas: 2.290 €/L → 2.190 €/L
  ~ Trevena — Vilniaus g. 29B, Kretinga
      Dyzelinas: 2.290 €/L → 2.190 €/L
  ~ Trevena — Veiviržėnų g. 29, Pyktiškės k.
      95 benzinas: 1.780 €/L → 1.740 €/L
      Dyzelinas: 2.190 €/L → 2.160 €/L
  ~ Trevena — Liepų g. 4, Žemaitkiemio k.
      95 benzinas: 1.770 €/L → 1.730 €/L
      Dyzelinas: 2.200 €/L → 2.130 €/L
  ~ Trevena — Kvėdarnos g. 2, Vatušių k.
      95 benzinas: 1.780 €/L → 1.740 €/L
      Dyzelinas: 2.190 €/L → 2.160 €/L
  ~ Trevena — Kretingos g. 28A, Klaipėda
      95 benzinas: 1.780 €/L → 1.740 €/L
      Dyzelinas: 2.190 €/L → 2.160 €/L
  ~ Trevena — Minijos g. 152A, Klaipėda
      95 benzinas: 1.780 €/L → 1.740 €/L
      Dyzelinas: 2.190 €/L → 2.160 €/L
  ~ Viada — Daugų k., Neveiglo g. 25
      95 benzinas: 1.839 €/L → 1.799 €/L
      Dyzelinas: 2.199 €/L → 2.159 €/L
  ~ Viada — Alytus, Naujoji g. 27
      95 benzinas: 1.789 €/L → 1.749 €/L
      Dyzelinas: 2.179 €/L → 2.149 €/L
  ~ Viada — Alytus, Ulonų g. 33B
      95 benzinas: 1.829 €/L → 1.729 €/L
      Dyzelinas: 2.199 €/L → 2.149 €/L
  ~ Viada — Anykščiai, A. Vienuolio g. 34
      95 benzinas: 1.799 €/L → 1.769 €/L
      Dyzelinas: 2.199 €/L → 2.159 €/L
  ~ Viada — Anykščiai, Piliakalnio g. 9
      95 benzinas: 1.799 €/L → 1.769 €/L
      Dyzelinas: 2.199 €/L → 2.159 €/L
  ~ Viada — Biržai, Parodos g. 2
      95 benzinas: 1.839 €/L → 1.799 €/L
      Dyzelinas: 2.199 €/L → 2.159 €/L
  ~ Viada — Biržai, Pasvalio g. 1B
      95 benzinas: 1.839 €/L → 1.799 €/L
      Dyzelinas: 2.199 €/L → 2.159 €/L
  ~ Viada — Elektrėnai, Elektrinės g. 6
      95 benzinas: 1.839 €/L → 1.799 €/L
      Dyzelinas: 2.199 €/L → 2.159 €/L
  ~ Viada — Ignalina, Turistų g. 28A
      95 benzinas: 1.839 €/L → 1.799 €/L
      Dyzelinas: 2.199 €/L → 2.159 €/L
  ~ Viada — Jonava, Darbininkų g. 4D
      95 benzinas: 1.839 €/L → 1.799 €/L
      Dyzelinas: 2.199 €/L → 2.159 €/L
  ~ Viada — Joniškis, Vilniaus g. 51
      95 benzinas: 1.839 €/L → 1.799 €/L
      Dyzelinas: 2.199 €/L → 2.159 €/L
  ~ Viada — Kaišiadorys, Gedimino g. 135
      95 benzinas: 1.839 €/L → 1.799 €/L
      Dyzelinas: 2.199 €/L → 2.159 €/L
  ~ Viada — Kalvarija, Dariaus ir Girėno g. 81
      95 benzinas: 1.839 €/L → 1.799 €/L
      Dyzelinas: 2.199 €/L → 2.159 €/L
  ~ Viada — Pelucmurgių k., Muitinės g. 35
      95 benzinas: 1.839 €/L → 1.799 €/L
      Dyzelinas: 2.199 €/L → 2.159 €/L
  ~ Viada — Kaunas, A. Juozapavičiaus pr. 90
      95 benzinas: 1.839 €/L → 1.799 €/L
      Dyzelinas: 2.199 €/L → 2.159 €/L
  ~ Viada — Kaunas, Ateities pl. 105
      95 benzinas: 1.839 €/L → 1.799 €/L
      Dyzelinas: 2.199 €/L → 2.159 €/L
  ~ Viada — Kaunas, Ateities pl. 37A
      95 benzinas: 1.839 €/L → 1.799 €/L
      Dyzelinas: 2.199 €/L → 2.159 €/L
  ~ Viada — Kaunas, Baltijos g. 90B
      95 benzinas: 1.799 €/L → 1.789 €/L
      Dyzelinas: 2.199 €/L → 2.159 €/L
  ~ Viada — Kaunas, Biruliškių g. 18A
      95 benzinas: 1.839 €/L → 1.799 €/L
      Dyzelinas: 2.199 €/L → 2.159 €/L
  ~ Viada — Kaunas, Didžioji g. 84
      95 benzinas: 1.839 €/L → 1.799 €/L
      Dyzelinas: 2.199 €/L → 2.159 €/L
  ~ Viada — Kaunas, Islandijos pl. 61A
      95 benzinas: 1.839 €/L → 1.799 €/L
      Dyzelinas: 2.199 €/L → 2.159 €/L
  ~ Viada — Kaunas, K. Baršausko g. 64
      95 benzinas: 1.839 €/L → 1.789 €/L
      Dyzelinas: 2.199 €/L → 2.159 €/L
  ~ Viada — Kaunas, Karaliaus Mindaugo pr. 54
      95 benzinas: 1.839 €/L → 1.799 €/L
      Dyzelinas: 2.199 €/L → 2.159 €/L
  ~ Viada — Kaunas, Marijampolės pl. 29
      Dyzelinas: 2.199 €/L → 2.159 €/L
  ~ Viada — Kaunas, Miežėnų g. 18
      95 benzinas: 1.799 €/L → 1.789 €/L
      Dyzelinas: 2.199 €/L → 2.159 €/L
  ~ Viada — Kaunas, P. Lukšio g. 66A
      95 benzinas: 1.829 €/L → 1.799 €/L
      Dyzelinas: 2.199 €/L → 2.159 €/L
  ~ Viada — Kaunas, Pramonės pr. 44
      95 benzinas: 1.829 €/L → 1.799 €/L
      Dyzelinas: 2.199 €/L → 2.159 €/L
  ~ Viada — Kaunas, Raudondvario pl. 288
      95 benzinas: 1.839 €/L → 1.789 €/L
      Dyzelinas: 2.199 €/L → 2.159 €/L
  ~ Viada — Kaunas, Statybininkų g. 3A
      95 benzinas: 1.829 €/L → 1.799 €/L
      Dyzelinas: 2.199 €/L → 2.159 €/L
  ~ Viada — Kaunas, T. Masiulio g. 22B
      95 benzinas: 1.839 €/L → 1.779 €/L
      Dyzelinas: 2.199 €/L → 2.159 €/L
  ~ Viada — Kaunas, Veiverių g. 117
      95 benzinas: 1.839 €/L → 1.799 €/L
      Dyzelinas: 2.199 €/L → 2.159 €/L
  ~ Viada — Kaunas, Veiverių g. 124B
      95 benzinas: 1.839 €/L → 1.799 €/L
      Dyzelinas: 2.199 €/L → 2.159 €/L
  ~ Viada — Giraitės k., Automagistralės g. 4
      95 benzinas: 1.839 €/L → 1.799 €/L
      Dyzelinas: 2.199 €/L → 2.159 €/L
  ~ Viada — Ilgakiemio k., Prienų g. 22
      95 benzinas: 1.839 €/L → 1.799 €/L
      Dyzelinas: 2.199 €/L → 2.159 €/L
  ~ Viada — Kampiškių k., Baltijos g. 41
      95 benzinas: 1.839 €/L → 1.799 €/L
      Dyzelinas: 2.199 €/L → 2.159 €/L
  ~ Viada — Kumpių k., Verslo g. 13A
      95 benzinas: 1.839 €/L → 1.799 €/L
      Dyzelinas: 2.199 €/L → 2.159 €/L
  ~ Viada — Margavos k.
      95 benzinas: 1.839 €/L → 1.799 €/L
      Dyzelinas: 2.199 €/L → 2.159 €/L
      Dujos: 0.959 €/L → 0.999 €/L
  ~ Viada — Zapyškis, Vytauto g. 20A
      95 benzinas: 1.839 €/L → 1.799 €/L
      Dyzelinas: 2.199 €/L → 2.159 €/L
  ~ Viada — Ąžuolų Būdos k.
      95 benzinas: 1.839 €/L → 1.799 €/L
      Dyzelinas: 2.199 €/L → 2.159 €/L
  ~ Viada — Dotnuva, Tilto g. 2A
      95 benzinas: 1.839 €/L → 1.799 €/L
      Dyzelinas: 2.199 €/L → 2.159 €/L
      Dujos: 0.959 €/L → 0.999 €/L
  ~ Viada — Gudžiūnų k., Baisogalos g. 5
      95 benzinas: 1.839 €/L → 1.799 €/L
      Dyzelinas: 2.199 €/L → 2.159 €/L
      Dujos: 0.959 €/L → 0.999 €/L
  ~ Viada — Klaipėda, Liepojos g. 242
      95 benzinas: 1.829 €/L → 1.759 €/L
      Dyzelinas: 2.199 €/L → 2.159 €/L
      Dujos: 0.959 €/L → 0.999 €/L
  ~ Viada — Klaipėda, Nemuno g. 139
      95 benzinas: 1.799 €/L → 1.739 €/L
      Dyzelinas: 2.199 €/L → 2.159 €/L
      Dujos: 0.959 €/L → 0.969 €/L
  ~ Viada — Klaipėda, Priestočio g. 28
      95 benzinas: 1.799 €/L → 1.739 €/L
      Dyzelinas: 2.199 €/L → 2.159 €/L
      Dujos: 0.959 €/L → 0.969 €/L
  ~ Viada — Klaipėda, Šilutės pl. 52
      95 benzinas: 1.829 €/L → 1.759 €/L
      Dyzelinas: 2.199 €/L → 2.159 €/L
      Dujos: 0.959 €/L → 0.999 €/L
  ~ Viada — Klaipėda, Taikos pr. 70A-1
      95 benzinas: 1.799 €/L → 1.739 €/L
      Dyzelinas: 2.199 €/L → 2.159 €/L
      Dujos: 0.959 €/L → 0.969 €/L
  ~ Viada — Gargždai, Vilniaus pl. 65
      95 benzinas: 1.839 €/L → 1.799 €/L
      Dyzelinas: 2.199 €/L → 2.159 €/L
      Dujos: 0.979 €/L → 0.999 €/L
  ~ Viada — Kretingalė, Klaipėdos g. 1A
      95 benzinas: 1.839 €/L → 1.799 €/L
      Dyzelinas: 2.199 €/L → 2.159 €/L
  ~ Viada — Sudmantų k., Vilniaus pl. 6
      95 benzinas: 1.839 €/L → 1.799 €/L
      Dyzelinas: 2.199 €/L → 2.159 €/L
      Dujos: 0.979 €/L → 0.999 €/L
  ~ Viada — Kretinga, Vytauto g. 163
      95 benzinas: 1.839 €/L → 1.799 €/L
      Dyzelinas: 2.199 €/L → 2.159 €/L
      Dujos: 0.959 €/L → 0.999 €/L
  ~ Viada — Kretingsodžio k.
      95 benzinas: 1.839 €/L → 1.799 €/L
      Dyzelinas: 2.199 €/L → 2.159 €/L
      Dujos: 0.959 €/L → 0.999 €/L
  ~ Viada — Kerelių k. 1A
      Dyzelinas: 2.199 €/L → 2.159 €/L
      Dujos: 0.959 €/L → 0.969 €/L
  ~ Viada — Kupiškis, Pergalės g. 15
      Dyzelinas: 2.199 €/L → 2.159 €/L
      Dujos: 0.959 €/L → 0.969 €/L
  ~ Viada — Lazdijai, Turistų g. 32
      95 benzinas: 1.829 €/L → 1.799 €/L
      Dyzelinas: 2.199 €/L → 2.159 €/L
  ~ Viada — Marijampolė, Geležinkelio g. 5
      Dyzelinas: 2.199 €/L → 2.159 €/L
      Dujos: 0.979 €/L → 0.999 €/L
  ~ Viada — Marijampolė, J. Ambrazevičiaus-Brazaičio g. 2
      Dyzelinas: 2.199 €/L → 2.159 €/L
      Dujos: 0.979 €/L → 0.999 €/L
  ~ Viada — Mažeikiai, Montuotojų g. 2A
      95 benzinas: 1.839 €/L → 1.799 €/L
      Dyzelinas: 2.199 €/L → 2.159 €/L
  ~ Viada — Mažeikiai, Žemaitijos g. 75
      95 benzinas: 1.839 €/L → 1.799 €/L
      Dyzelinas: 2.199 €/L → 2.159 €/L
  ~ Viada — Molėtai, Vilniaus g. 101
      95 benzinas: 1.839 €/L → 1.779 €/L
      Dyzelinas: 2.199 €/L → 2.159 €/L
  ~ Viada — Gojaus k., Utenos g. 16
      95 benzinas: 1.839 €/L → 1.779 €/L
      Dyzelinas: 2.199 €/L → 2.159 €/L
  ~ Viada — Pakruojis, Vytauto Didžiojo g. 98
      Dyzelinas: 2.199 €/L → 2.159 €/L
  ~ Viada — Krekenava, Tilto g. 35
      95 benzinas: 1.839 €/L → 1.799 €/L
      Dyzelinas: 2.199 €/L → 2.159 €/L
  ~ Viada — Ramygala, Vienkiemio g. 1B
      95 benzinas: 1.839 €/L → 1.799 €/L
      Dyzelinas: 2.199 €/L → 2.159 €/L
  ~ Viada — Šilagalio k., Panevėžio aplinkl. 5
      Dyzelinas: 2.189 €/L → 2.159 €/L
  ~ Viada — Tičkūnų k., Tičkūnų g. 31
      95 benzinas: 1.799 €/L → 1.779 €/L
      Dyzelinas: 2.199 €/L → 2.159 €/L
  ~ Viada — Panevėžys, J. Janonio g. 28A
      95 benzinas: 1.799 €/L → 1.779 €/L
      Dyzelinas: 2.199 €/L → 2.159 €/L
  ~ Viada — Panevėžys, Navadolio g. 31
      95 benzinas: 1.799 €/L → 1.779 €/L
      Dyzelinas: 2.199 €/L → 2.159 €/L
  ~ Viada — Panevėžys, Pušaloto g. 193A
      95 benzinas: 1.799 €/L → 1.779 €/L
      Dyzelinas: 2.199 €/L → 2.159 €/L
  ~ Viada — Panevėžys, Ramygalos g. 155
      95 benzinas: 1.799 €/L → 1.779 €/L
      Dyzelinas: 2.199 €/L → 2.159 €/L
  ~ Viada — Panevėžys, Ramygalos g. 186G
      95 benzinas: 1.799 €/L → 1.779 €/L
      Dyzelinas: 2.199 €/L → 2.159 €/L
  ~ Viada — Panevėžys, Senamiesčio g. 116A
      95 benzinas: 1.799 €/L → 1.779 €/L
      Dyzelinas: 2.199 €/L → 2.159 €/L
  ~ Viada — Panevėžys, Venslaviškio g. 16
      95 benzinas: 1.799 €/L → 1.779 €/L
      Dyzelinas: 2.199 €/L → 2.159 €/L
  ~ Viada — Brazdigalos k. 1
      95 benzinas: 1.839 €/L → 1.799 €/L
      Dyzelinas: 2.199 €/L → 2.159 €/L
  ~ Viada — Pasvalys, Vilniaus g. 50
      Dyzelinas: 2.199 €/L → 2.159 €/L
  ~ Viada — Plungė, J. Tumo-Vaižganto g. 102
      95 benzinas: 1.829 €/L → 1.799 €/L
      Dyzelinas: 2.199 €/L → 2.159 €/L
  ~ Viada — Plungė, Žaltakalnio g. 10
      95 benzinas: 1.829 €/L → 1.799 €/L
      Dyzelinas: 2.199 €/L → 2.159 €/L
  ~ Viada — Grigaliūnų k. 11
      95 benzinas: 1.839 €/L → 1.799 €/L
      Dyzelinas: 2.199 €/L → 2.159 €/L
  ~ Viada — Mačiūnų k., Kauno pl. 40
      95 benzinas: 1.839 €/L → 1.799 €/L
      Dyzelinas: 2.199 €/L → 2.159 €/L
  ~ Viada — Vejukų k. 5
      95 benzinas: 1.839 €/L → 1.799 €/L
      Dyzelinas: 2.199 €/L → 2.159 €/L
  ~ Viada — Rokiškis, Panevėžio g. 5
      95 benzinas: 1.839 €/L → 1.799 €/L
      Dyzelinas: 2.199 €/L → 2.159 €/L
  ~ Viada — Rokiškis, Žemaitės g. 2C
      95 benzinas: 1.839 €/L → 1.799 €/L
      Dyzelinas: 2.199 €/L → 2.159 €/L
  ~ Viada — Skuodas, Vilniaus g. 50
      95 benzinas: 1.839 €/L → 1.799 €/L
      Dyzelinas: 2.199 €/L → 2.159 €/L
  ~ Viada — Jašiūnai, Lydos g. 13
      95 benzinas: 1.839 €/L → 1.799 €/L
      Dyzelinas: 2.199 €/L → 2.159 €/L
  ~ Viada — Šiauliai, Dubijos g. 1C
      95 benzinas: 1.819 €/L → 1.799 €/L
      Dyzelinas: 2.199 €/L → 2.159 €/L
  ~ Viada — Šiauliai, Gegužių g. 26
      95 benzinas: 1.839 €/L → 1.799 €/L
      Dyzelinas: 2.199 €/L → 2.159 €/L
  ~ Viada — Šiauliai, J. Basanavičiaus g. 122A
      95 benzinas: 1.839 €/L → 1.799 €/L
      Dyzelinas: 2.199 €/L → 2.159 €/L
  ~ Viada — Šiauliai, Tilžės g. 274
      95 benzinas: 1.839 €/L → 1.799 €/L
      Dyzelinas: 2.199 €/L → 2.159 €/L
      Dujos: 0.959 €/L → 0.969 €/L
  ~ Viada — Šiauliai, Užmiesčio g. 2
      95 benzinas: 1.839 €/L → 1.799 €/L
      Dyzelinas: 2.199 €/L → 2.159 €/L
      Dujos: 0.959 €/L → 0.969 €/L
  ~ Viada — Aukštelkės k., Ilgoji g. 1
      95 benzinas: 1.839 €/L → 1.799 €/L
      Dyzelinas: 2.199 €/L → 2.159 €/L
      Dujos: 0.959 €/L → 0.999 €/L
  ~ Viada — Kuršėnai, Vilniaus g. 38A
      95 benzinas: 1.839 €/L → 1.799 €/L
      Dyzelinas: 2.199 €/L → 2.159 €/L
      Dujos: 0.959 €/L → 0.999 €/L
  ~ Viada — Kužiai, Draugystės g. 2
      95 benzinas: 1.839 €/L → 1.799 €/L
      Dyzelinas: 2.199 €/L → 2.159 €/L
      Dujos: 0.959 €/L → 0.999 €/L
  ~ Viada — Kuodaičių k.
      95 benzinas: 1.839 €/L → 1.799 €/L
      Dyzelinas: 2.199 €/L → 2.159 €/L
  ~ Viada — Šilutė, Tilžės g. 59
      95 benzinas: 1.829 €/L → 1.799 €/L
      Dyzelinas: 2.199 €/L → 2.159 €/L
  ~ Viada — Širvintos, Plento g. 4
      95 benzinas: 1.799 €/L → 1.769 €/L
      Dyzelinas: 2.199 €/L → 2.159 €/L
  ~ Viada — Švenčionys, Vilniaus g. 50A
      95 benzinas: 1.839 €/L → 1.799 €/L
      Dyzelinas: 2.199 €/L → 2.159 €/L
  ~ Viada — Kaltanėnai, Utenos g. 1
      95 benzinas: 1.839 €/L → 1.799 €/L
      Dyzelinas: 2.199 €/L → 2.159 €/L
  ~ Viada — Pabradė, Vilniaus g. 116B
      95 benzinas: 1.839 €/L → 1.799 €/L
      Dyzelinas: 2.199 €/L → 2.159 €/L
  ~ Viada — Švenčionėliai, Žemutinė g. 51A
      95 benzinas: 1.839 €/L → 1.799 €/L
      Dyzelinas: 2.199 €/L → 2.159 €/L
  ~ Viada — Tauragė, Dariaus ir Girėno g. 138A
      95 benzinas: 1.819 €/L → 1.779 €/L
      Dyzelinas: 2.199 €/L → 2.159 €/L
  ~ Viada — Tauragė, Pramonės g. 1
      95 benzinas: 1.819 €/L → 1.769 €/L
      Dyzelinas: 2.199 €/L → 2.149 €/L
  ~ Viada — Telšiai, Pramonės g. 2A
      95 benzinas: 1.799 €/L → 1.769 €/L
      Dyzelinas: 2.199 €/L → 2.159 €/L
  ~ Viada — Aukštųjų Semeniukų k., Logistikos g. 9
      95 benzinas: 1.839 €/L → 1.799 €/L
      Dyzelinas: 2.199 €/L → 2.159 €/L
  ~ Viada — Ukmergė, Žiedo g. 15
      95 benzinas: 1.839 €/L → 1.769 €/L
      Dyzelinas: 2.199 €/L → 2.159 €/L
  ~ Viada — Dukstynos k., Vytauto g. 131
      95 benzinas: 1.839 €/L → 1.799 €/L
      Dyzelinas: 2.199 €/L → 2.159 €/L
  ~ Viada — Šventupės k., Beržų g. 13
      95 benzinas: 1.839 €/L → 1.799 €/L
      Dyzelinas: 2.199 €/L → 2.159 €/L
  ~ Viada — Utena, Metalo g. 8
      95 benzinas: 1.839 €/L → 1.739 €/L
      Dyzelinas: 2.199 €/L → 2.159 €/L
  ~ Viada — Utena, Pramonės g. 23
      95 benzinas: 1.839 €/L → 1.739 €/L
      Dyzelinas: 2.199 €/L → 2.159 €/L
  ~ Viada — Gedimino k., Vyturio g. 2
      95 benzinas: 1.829 €/L → 1.739 €/L
      Dyzelinas: 2.199 €/L → 2.159 €/L
  ~ Viada — Valkininkai, Vilniaus g. 6
      95 benzinas: 1.839 €/L → 1.799 €/L
      Dyzelinas: 2.199 €/L → 2.159 €/L
  ~ Viada — Vievis, Kauno g. 26A
      95 benzinas: 1.839 €/L → 1.799 €/L
      Dyzelinas: 2.199 €/L → 2.159 €/L
  ~ Viada — Vilkaviškis, Vytauto g. 105
      95 benzinas: 1.819 €/L → 1.799 €/L
      Dyzelinas: 2.199 €/L → 2.159 €/L
  ~ Viada — Avižienių k., Ožiarūčių g. 1a
      95 benzinas: 1.839 €/L → 1.799 €/L
      Dyzelinas: 2.189 €/L → 2.159 €/L
  ~ Viada — Vilnius, Ateities g. 17B
      95 benzinas: 1.799 €/L → 1.749 €/L
      Dyzelinas: 2.199 €/L → 2.159 €/L
  ~ Viada — Vilnius, Dariaus ir Girėno g. 30A
      95 benzinas: 1.839 €/L → 1.799 €/L
      Dyzelinas: 2.199 €/L → 2.159 €/L
  ~ Viada — Vilnius, Gariūnų g. 16A
      95 benzinas: 1.799 €/L → 1.779 €/L
      Dyzelinas: 2.199 €/L → 2.159 €/L
  ~ Viada — Vilnius, Grigiškės, Kovo 11-osios g. 75
      95 benzinas: 1.839 €/L → 1.799 €/L
      Dyzelinas: 2.199 €/L → 2.159 €/L
  ~ Viada — Vilnius, Justiniškių g. 12
      Dyzelinas: 2.199 €/L → 2.159 €/L
  ~ Viada — Vilnius, Kirtimų g. 29
      95 benzinas: 1.829 €/L → 1.799 €/L
      Dyzelinas: 2.199 €/L → 2.159 €/L
  ~ Viada — Vilnius, Laisvės pr. 8
      95 benzinas: 1.839 €/L → 1.799 €/L
      Dyzelinas: 2.199 €/L → 2.159 €/L
  ~ Viada — Vilnius, Liepkalnio g. 128A
      95 benzinas: 1.839 €/L → 1.799 €/L
      Dyzelinas: 2.199 €/L → 2.159 €/L
  ~ Viada — Vilnius, Naugarduko g. 74
      95 benzinas: 1.839 €/L → 1.799 €/L
      Dyzelinas: 2.199 €/L → 2.159 €/L
  ~ Viada — Vilnius, Nemenčinės pl. 5
      95 benzinas: 1.839 €/L → 1.799 €/L
      Dyzelinas: 2.199 €/L → 2.159 €/L
  ~ Viada — Vilnius, Olandų g. 57
      95 benzinas: 1.839 €/L → 1.799 €/L
      Dyzelinas: 2.199 €/L → 2.159 €/L
  ~ Viada — Vilnius, Ozo g. 12
      95 benzinas: 1.829 €/L → 1.789 €/L
      Dyzelinas: 2.199 €/L → 2.159 €/L
  ~ Viada — Vilnius, Pilaitės pr. 13
      95 benzinas: 1.819 €/L → 1.799 €/L
      Dyzelinas: 2.199 €/L → 2.159 €/L
  ~ Viada — Vilnius, Pilaitės pr. 28
      95 benzinas: 1.819 €/L → 1.799 €/L
      Dyzelinas: 2.199 €/L → 2.159 €/L
  ~ Viada — Vilnius, Saltoniškių g. 12
      95 benzinas: 1.819 €/L → 1.779 €/L
      Dyzelinas: 2.199 €/L → 2.159 €/L
  ~ Viada — Vilnius, Sodų g. 22
      Dyzelinas: 2.199 €/L → 2.159 €/L
  ~ Viada — Vilnius, Verkių g. 52
      95 benzinas: 1.779 €/L → 1.749 €/L
      Dyzelinas: 2.199 €/L → 2.149 €/L
  ~ Viada — Vilnius, Vilkpėdės g. 2
      95 benzinas: 1.799 €/L → 1.739 €/L
      Dyzelinas: 2.199 €/L → 2.159 €/L
  ~ Viada — Visaginas, Statybininkų g. 1
      Dyzelinas: 2.199 €/L → 2.159 €/L
  ~ Viada — Visaginas, Taikos pr. 23B
      Dyzelinas: 2.199 €/L → 2.159 €/L
  ~ Viada — Juodalaukių k. 2
      95 benzinas: 1.839 €/L → 1.799 €/L
      Dyzelinas: 2.199 €/L → 2.159 €/L
  ~ Autograndas — Taikos pr. 48
      Dyzelinas: 2.098 €/L → 2.087 €/L
  ~ Nostrada — Kazlavo km. 4 Kalvarijos sav.
      95 benzinas: 1.730 €/L → 1.750 €/L
      Dyzelinas: 2.160 €/L → 2.150 €/L
  ~ Skulas — Likiškėlių k., Kalninės g. 5
      95 benzinas: 1.680 €/L → 1.720 €/L
      Dyzelinas: 2.090 €/L → 2.140 €/L
      Dujos: 0.910 €/L → 0.930 €/L
  ~ Skulas — Kaunas, Ašigalio g. 1 A
      Dyzelinas: 2.189 €/L → 2.149 €/L
  ~ Skulas — Kaunas, Marvelės g. 106 D
      Dyzelinas: 2.189 €/L → 2.149 €/L
  ~ Skulas — Virbališkių k., Verslo g. 2
      Dyzelinas: 2.190 €/L → 2.150 €/L
  ~ Skulas — Pasvalys, Mūšos g. 2 E
      Dyzelinas: 2.140 €/L → 2.100 €/L
  ~ Skulas — Vilnius, J.Kazlausko g. 34
      95 benzinas: 1.699 €/L → 1.689 €/L
      Dyzelinas: 2.119 €/L → 2.069 €/L
  ~ Pakelės namai — Liepų g. 4, Škilinpamūšio k.
      95 benzinas: 1.850 €/L → 1.790 €/L
      Dyzelinas: 2.290 €/L → 2.190 €/L
  ~ Pakelės namai — Pasienio g. 10, Škilinpamūšio k,
      95 benzinas: 1.850 €/L → 1.790 €/L
      Dyzelinas: 2.290 €/L → 2.190 €/L
  ~ Prie Luksto — Telšiai, Masčio g. 21
      95 benzinas: 1.805 €/L → 1.765 €/L
      Dyzelinas: 2.199 €/L → 2.185 €/L
  ~ Boost Petrol — Kuršukų k., Plento g. 1
      Dyzelinas: 2.259 €/L → 2.239 €/L
  ~ Boost Petrol — Dubijos g. 36
      Dyzelinas: 2.259 €/L → 2.239 €/L
  ~ Boost Petrol — Smėlinkos k.
      95 benzinas: 1.750 €/L → 1.730 €/L
      Dyzelinas: 2.180 €/L → 2.160 €/L
  ~ Boost Petrol — Zarasų g. 9, Utena
      95 benzinas: 1.759 €/L → 1.729 €/L
      Dyzelinas: 2.189 €/L → 2.169 €/L
  ~ Boost Petrol — Maironių k., Kuršių g. 2
      95 benzinas: 1.750 €/L → 1.730 €/L
      Dyzelinas: 2.180 €/L → 2.160 €/L
  ~ Emsi — Žemaičių g. 34, Ariogala
      95 benzinas: 1.779 €/L → 1.739 €/L
      Dyzelinas: 2.199 €/L → 2.169 €/L
  ~ Emsi — Ateities pl.40B, Kaunas
      95 benzinas: 1.749 €/L → 1.729 €/L
      Dyzelinas: 2.169 €/L → 2.149 €/L
  ~ Emsi — Jaunimo g.2a, Biržai
      95 benzinas: 1.759 €/L → 1.719 €/L
      Dyzelinas: 2.159 €/L → 2.129 €/L
  ~ Emsi — Bukiškio k. Ukmergės g.437
      95 benzinas: 1.759 €/L → 1.739 €/L
      Dyzelinas: 2.179 €/L → 2.149 €/L
  ~ Emsi — Draugystės g.8B, Kaunas
      95 benzinas: 1.749 €/L → 1.719 €/L
      Dyzelinas: 2.169 €/L → 2.129 €/L
      Dujos: 0.929 €/L → 0.909 €/L
  ~ Emsi — Vilnius, Spyglių g. 2
      95 benzinas: 1.779 €/L → 1.739 €/L
      Dyzelinas: 2.199 €/L → 2.159 €/L
  ~ Emsi — Ilgakiemio k., Kauno g.25
      95 benzinas: 1.769 €/L → 1.729 €/L
      Dyzelinas: 2.199 €/L → 2.129 €/L
      Dujos: 0.930 €/L → 0.940 €/L
  ~ Emsi — Jeruzalės 2, Vilnius
      95 benzinas: 1.769 €/L → 1.739 €/L
      Dyzelinas: 2.169 €/L → 2.139 €/L
      Dujos: 0.939 €/L → 0.929 €/L
  ~ Emsi — Vasario 16-osios g.70, Jonava
      95 benzinas: 1.799 €/L → 1.779 €/L
      Dyzelinas: 2.229 €/L → 2.189 €/L
  ~ Emsi — Durpyno 63, Jonušų k.
      95 benzinas: 1.769 €/L → 1.739 €/L
      Dyzelinas: 2.219 €/L → 2.149 €/L
  ~ Emsi — Juodgirio k.1,
      95 benzinas: 1.779 €/L → 1.739 €/L
      Dyzelinas: 2.199 €/L → 2.169 €/L
  ~ Emsi — Medelyno g.126 Kalotės k.
      95 benzinas: 1.760 €/L → 1.730 €/L
      Dyzelinas: 2.220 €/L → 2.150 €/L
  ~ Emsi — Kareivių g. 4, Vilnius
      95 benzinas: 1.769 €/L → 1.719 €/L
      Dyzelinas: 2.169 €/L → 2.119 €/L
  ~ Emsi — Jonavos g. 292B, Kaunas
      95 benzinas: 1.769 €/L → 1.749 €/L
      Dyzelinas: 2.169 €/L → 2.149 €/L
      Dujos: 0.920 €/L → 0.900 €/L
  ~ Emsi — Kirtimų g. 33, Vilnius
      95 benzinas: 1.749 €/L → 1.699 €/L
      Dyzelinas: 2.169 €/L → 2.129 €/L
  ~ Emsi — Laisvės pr. 80B, Vilnius
      95 benzinas: 1.719 €/L → 1.729 €/L
      Dyzelinas: 2.119 €/L → 2.149 €/L
  ~ Emsi — Lazdijų sen., Janaslavo k.11
      95 benzinas: 1.749 €/L → 1.709 €/L
      Dyzelinas: 2.169 €/L → 2.099 €/L
  ~ Emsi — Sodų g.3A, Lentvaris
      95 benzinas: 1.740 €/L → 1.700 €/L
      Dyzelinas: 2.190 €/L → 2.120 €/L
  ~ Emsi — Liepkalnio g.112A, Vilnius
      95 benzinas: 1.749 €/L → 1.729 €/L
      Dyzelinas: 2.179 €/L → 2.149 €/L
  ~ Emsi — Liuksemburgo aklg. 27, Kaunas
      95 benzinas: 1.739 €/L → 1.719 €/L
      Dyzelinas: 2.199 €/L → 2.129 €/L
      Dujos: 0.899 €/L → 0.909 €/L
  ~ Emsi — Mokyklos g. 26, Maišiagalos mstl.
      95 benzinas: 1.759 €/L → 1.739 €/L
      Dyzelinas: 2.179 €/L → 2.149 €/L
  ~ Emsi — Stoties g. 6B, Marijampolė
      95 benzinas: 1.789 €/L → 1.679 €/L
      Dyzelinas: 2.199 €/L → 2.099 €/L
  ~ Emsi — Masiulio g.16C, Kaunas
      95 benzinas: 1.769 €/L → 1.739 €/L
      Dyzelinas: 2.169 €/L → 2.139 €/L
  ~ Emsi — Marijampolės g. 58, Mastaičių k.
      95 benzinas: 1.769 €/L → 1.749 €/L
      Dyzelinas: 2.229 €/L → 2.149 €/L
      Dujos: 0.930 €/L → 0.940 €/L
  ~ Emsi — Medininkų k., Pasieniečių g.10
      95 benzinas: 1.859 €/L → 1.839 €/L
      Dyzelinas: 2.299 €/L → 2.229 €/L
  ~ Emsi — Minijos g.154A, Klaipėda
      95 benzinas: 1.760 €/L → 1.740 €/L
      Dyzelinas: 2.160 €/L → 2.140 €/L
  ~ Emsi — Savanorių pr.402A, Kaunas
      95 benzinas: 1.749 €/L → 1.729 €/L
      Dyzelinas: 2.169 €/L → 2.149 €/L
  ~ Emsi — Taikos g.1, Kreivalaužių k.
      95 benzinas: 1.770 €/L → 1.740 €/L
      Dyzelinas: 2.190 €/L → 2.160 €/L
  ~ Emsi — Nemuno g.79A, Panevėžys
      95 benzinas: 1.769 €/L → 1.719 €/L
      Dyzelinas: 2.169 €/L → 2.129 €/L
  ~ Emsi — Palemono g. 3A, Kaunas
      95 benzinas: 1.720 €/L → 1.700 €/L
      Dyzelinas: 2.140 €/L → 2.120 €/L
  ~ Emsi — Pasvalys, Taikos g.24
      95 benzinas: 1.749 €/L → 1.739 €/L
      Dyzelinas: 2.169 €/L → 2.139 €/L
  ~ Emsi — Paukštininkų g.4a, Kaišiadorys
      95 benzinas: 1.769 €/L → 1.739 €/L
      Dyzelinas: 2.179 €/L → 2.139 €/L
  ~ Emsi — Kauno g.165, Pietarių k.
      95 benzinas: 1.759 €/L → 1.679 €/L
      Dyzelinas: 2.169 €/L → 2.099 €/L
  ~ Emsi — Pajautos g. 31, Vilnius (Pilaitė)
      Dyzelinas: 2.179 €/L → 2.129 €/L
  ~ Emsi — Miško g.62, Radviliškis
      95 benzinas: 1.769 €/L → 1.709 €/L
      Dyzelinas: 2.199 €/L → 2.139 €/L
  ~ Emsi — Ramygalos g.186A, Panevėžys
      95 benzinas: 1.769 €/L → 1.719 €/L
      Dyzelinas: 2.169 €/L → 2.129 €/L
  ~ Emsi — Raščių k. 1A
      95 benzinas: 1.739 €/L → 1.719 €/L
      Dyzelinas: 2.169 €/L → 2.129 €/L
  ~ Emsi — Sausių g.2 Sausių k..
      95 benzinas: 1.750 €/L → 1.690 €/L
      Dyzelinas: 2.170 €/L → 2.110 €/L
  ~ Emsi — Savanorių 225, Vilnius
      95 benzinas: 1.749 €/L → 1.699 €/L
      Dyzelinas: 2.169 €/L → 2.129 €/L
      Dujos: 0.919 €/L → 0.909 €/L
  ~ Emsi — Sereikonių k., Baltijos kelio g.2
      95 benzinas: 1.749 €/L → 1.739 €/L
      Dyzelinas: 2.169 €/L → 2.139 €/L
  ~ Emsi — Sembos g.5, Šiauliai
      95 benzinas: 1.729 €/L → 1.719 €/L
      Dyzelinas: 2.189 €/L → 2.109 €/L
  ~ Emsi — Šilagalio k., Panevėžio aplinkl.12
      95 benzinas: 1.729 €/L → 1.699 €/L
      Dyzelinas: 2.179 €/L → 2.099 €/L
  ~ Emsi — Gluosnių g.4A, Šilutė
      95 benzinas: 1.730 €/L → 1.720 €/L
      Dyzelinas: 2.130 €/L → 2.100 €/L
  ~ Emsi — Skaisčiūnų k., Europos g.11
      95 benzinas: 1.739 €/L → 1.699 €/L
      Dyzelinas: 2.169 €/L → 2.099 €/L
  ~ Emsi — Taikos pr.124, Klaipėda
      95 benzinas: 1.760 €/L → 1.750 €/L
      Dyzelinas: 2.160 €/L → 2.150 €/L
  ~ Emsi — Gunkliškių g.2F, Vilnius
      95 benzinas: 1.749 €/L → 1.709 €/L
      Dyzelinas: 2.199 €/L → 2.129 €/L
  ~ Emsi — Vandžiogalos pl.86A, Kaunas
      95 benzinas: 1.760 €/L → 1.740 €/L
      Dyzelinas: 2.220 €/L → 2.160 €/L
  ~ Emsi — S.Nėries g.38, Vilkaviškis
      95 benzinas: 1.739 €/L → 1.719 €/L
      Dyzelinas: 2.169 €/L → 2.149 €/L
  ~ Emsi — Žemaitkiemis, Stasio Krasausko g. 21
      95 benzinas: 1.739 €/L → 1.719 €/L
      Dyzelinas: 2.169 €/L → 2.129 €/L
  ~ Saurida — Naujoji Akmenė V. Kudirkos 18A
      Dyzelinas: 2.200 €/L → 2.170 €/L
  ~ Saurida — Akmenės I kaimas Plento g. 1
      Dyzelinas: 2.200 €/L → 2.160 €/L
  ~ Saurida — Pašakarnių km. Pašakarnių g. 1
      Dyzelinas: 2.200 €/L → 2.170 €/L
  ~ Saurida — Šiauliai Vilniaus g. 373A
      Dyzelinas: 2.190 €/L → 2.140 €/L
  ~ Saurida — Šiauliai Pramonės g. 7C
      Dyzelinas: 2.190 €/L → 2.140 €/L
  ~ Saurida — Radviliškis Gedimino g. 50C
      Dyzelinas: 2.180 €/L → 2.120 €/L
  ~ Saurida — Velžių km .Radviliškio plentas 2
      Dyzelinas: 2.180 €/L → 2.120 €/L
  ~ Saurida — Skuodas Vytauto g. 20
      Dyzelinas: 2.190 €/L → 2.090 €/L
      Dujos: 0.900 €/L → 0.890 €/L
  ~ Saurida — Klaipėda Jūrininkų pr. 29
      Dyzelinas: 2.160 €/L → 2.130 €/L
  ~ Saurida — Šilalė Rytinio kelio g. 19
      Dyzelinas: 2.190 €/L → 2.140 €/L
  ~ Saurida — Pašvenčio km.
      Dyzelinas: 2.140 €/L → 2.120 €/L
  ~ Saurida — Kušliškių km. Suvalkijos g. 15
      Dyzelinas: 2.140 €/L → 2.120 €/L
  ~ Saurida — Marijampolė Statybininkų g. 8
      Dyzelinas: 2.140 €/L → 2.120 €/L
  ~ Saurida — Alytus Miškininkų g. 7
      95 benzinas: 1.740 €/L → 1.720 €/L
      Dyzelinas: 2.190 €/L → 2.140 €/L
  ~ Saurida — Alytus Pramonės g. 5
      95 benzinas: 1.740 €/L → 1.720 €/L
      Dyzelinas: 2.190 €/L → 2.140 €/L
  ~ Saurida — Ignacavos km. Kauno pl. 18
      Dyzelinas: 2.210 €/L → 2.120 €/L
  ~ Saurida — Domeikava Muitinės g. 2
      Dyzelinas: 2.200 €/L → 2.120 €/L
  ~ Saurida — Kaunas Garažų g. 20
      Dyzelinas: 2.200 €/L → 2.090 €/L
  ~ Saurida — Babtai Vandžiogalos g. 3
      Dyzelinas: 2.210 €/L → 2.120 €/L
  ~ Saurida — Rumšiškės Lekavičiaus g. 71
      95 benzinas: 1.760 €/L → 1.740 €/L
      Dyzelinas: 2.220 €/L → 2.190 €/L
  ~ Saurida — Lėkėčių km. Šakių g. 3
      Dyzelinas: 2.210 €/L → 2.100 €/L
  ~ Saurida — Mauručiai Liepų g. 20
      Dyzelinas: 2.190 €/L → 2.090 €/L
  ~ Saurida — Ukmergė Kareivinių g. 64
      Dyzelinas: 2.210 €/L → 2.160 €/L
  ~ Saurida — Ukmergė Vilniaus g. 122
      Dyzelinas: 2.210 €/L → 2.160 €/L
  ~ Saurida — Pageležių km.
      Dyzelinas: 2.200 €/L → 2.180 €/L
  ~ Saurida — Čekoniškių km
      95 benzinas: 1.760 €/L → 1.740 €/L
      Dyzelinas: 2.200 €/L → 2.120 €/L
  ~ Saurida — Zujūnai Buivydiškių g. 1A
      95 benzinas: 1.760 €/L → 1.740 €/L
      Dyzelinas: 2.220 €/L → 2.180 €/L
  ~ Saurida — Vilnius, Jankiškių g. 43a
      95 benzinas: 1.760 €/L → 1.740 €/L
      Dyzelinas: 2.220 €/L → 2.190 €/L
  ~ Virši — L.Taunio g. 3, Pasūduonės km.
      95 benzinas: 1.824 €/L → 1.804 €/L
      Dyzelinas: 2.294 €/L → 2.204 €/L
      Dujos: 1.004 €/L → 0.985 €/L
  ~ GM Circle K — Kauno g. 68, Girėnų k.
      95 benzinas: 1.857 €/L → 1.837 €/L
      Dyzelinas: 2.297 €/L → 2.227 €/L
  ~ GM Circle K — Muitinės g. 34A, Jurbarkas
      95 benzinas: 1.857 €/L → 1.837 €/L
      Dyzelinas: 2.297 €/L → 2.227 €/L
  ~ Degta — Anykščiai, Vienuolio g. 34A
      95 benzinas: 1.739 €/L → 1.709 €/L
      Dyzelinas: 2.139 €/L → 2.129 €/L
      Dujos: 0.959 €/L → 0.899 €/L
  ~ Degta — Rokiškis, Respublikos g.113B,
      Dyzelinas: 2.133 €/L → 2.093 €/L
  ~ VVARFF (Circle K) — Pramogų g. 4, Truikių k.
      95 benzinas: 1.829 €/L → 1.819 €/L
      Dyzelinas: 2.279 €/L → 2.199 €/L
      Dujos: 0.999 €/L → 0.959 €/L
  ~ Regusa — Medelyno g. 4A, Jūrės k.
      95 benzinas: 1.750 €/L → 1.740 €/L
      Dyzelinas: 2.170 €/L → 2.150 €/L
  ~ Regusa — J. Basanavičiaus g. 45A, Kybartai
      95 benzinas: 1.760 €/L → 1.750 €/L
      Dyzelinas: 2.170 €/L → 2.150 €/L
  ~ Regusa — S. Daukanto g. 19D, Kazlų Rūda
      95 benzinas: 1.750 €/L → 1.740 €/L
      Dyzelinas: 2.170 €/L → 2.150 €/L
  ~ Plungės lagūna (Circle K) — Plungės g. 32, Rietavas
      95 benzinas: 1.839 €/L → 1.799 €/L
      Dyzelinas: 2.349 €/L → 2.297 €/L
  ~ Melkasta — Kalvelių k., Lazdijų pl. 29
      95 benzinas: 1.750 €/L → 1.740 €/L
      Dyzelinas: 2.210 €/L → 2.150 €/L
  ~ Melkasta — Gulbiniškių k. 7
      95 benzinas: 1.700 €/L → 1.730 €/L
      Dyzelinas: 2.130 €/L → 2.160 €/L
  ~ Melkasta — Seirijų mstl., Algirdo g. 35A
      95 benzinas: 1.750 €/L → 1.740 €/L
      Dyzelinas: 2.210 €/L → 2.150 €/L
  ~ Eu Verslas — Viekšnių g. 24, Mažeikiai
      95 benzinas: 1.669 €/L → 1.729 €/L
  ~ Šventosios investicijos — Elijos g.26 Palanga (Šventoji)
      95 benzinas: 1.859 €/L → 1.819 €/L
      Dujos: 1.029 €/L → 0.999 €/L

Unchanged: 139 station(s).
