=== 2026-04-30 ===

New stations (11):
  + Dujotena — Molėtų g. 94, Utena, Utenos r. sav.
    Coords: 55.48296, 25.57103
    95: –  |  Dyzelinas: –  |  Dujos: 0.860 €/L
  + Raimondo Balsio IĮ — Ramučių k., Luokės 2, Kelmės r. sav.
    Coords: 56.32196, 22.85630
    95: 1.760 €/L  |  Dyzelinas: 1.950 €/L  |  Dujos: 0.900 €/L
  + DVS Topolis — Panevėžio 7c, Rokiškis, Rokiškio r. sav.
    Coords: 55.94306, 25.58566
    95: –  |  Dyzelinas: –  |  Dujos: 0.959 €/L
  + Visvilas — Laukų g. 2C.,Tirkšlių m., Mažeikių r. sav.
    Coords: 56.25820, 22.30947
    95: 1.740 €/L  |  Dyzelinas: 1.990 €/L  |  Dujos: 0.890 €/L
  + Medelsta — Pagirių k., Durpių g.45, Vilniaus r. sav.
    Coords: 54.56916, 25.18781
    95: 1.810 €/L  |  Dyzelinas: 2.040 €/L  |  Dujos: 0.960 €/L
  + Bonsa — Tilžės pl. 46, Taurai, Tauragės r. sav.
    Coords: 55.24233, 22.24974
    95: 1.699 €/L  |  Dyzelinas: 1.899 €/L  |  Dujos: 0.800 €/L
  + Bonsa — Vaidatonių k. 1, Tauragės r. sav.
    Coords: 55.37128, 23.97422
    95: 1.700 €/L  |  Dyzelinas: 1.890 €/L  |  Dujos: 0.900 €/L
  + Vimijula — Kauno g. 2A, Ručiūnų k., Jonavos r. sav.
    Coords: 55.13782, 24.19340
    95: 1.760 €/L  |  Dyzelinas: 2.090 €/L  |  Dujos: 0.970 €/L
  + Bemija — Dariaus ir Girėmo g. 31, Ukmergė, Ukmergės r. sav.
    Coords: 55.24072, 24.78735
    95: 1.750 €/L  |  Dyzelinas: 2.050 €/L  |  Dujos: 0.930 €/L
  + Vlantana — Dvaro g. 1, Gobergiškės k., Klaipėdos r. sav.
    Coords: 55.71748, 21.31599
    95: 1.740 €/L  |  Dyzelinas: 1.960 €/L  |  Dujos: –
  + Vildega — Vytauto g. 2D, Vilkaviškis, Vilkaviškio r. sav.
    Coords: 54.64334, 23.05309
    95: 1.779 €/L  |  Dyzelinas: 2.019 €/L  |  Dujos: 0.920 €/L
Removed stations: none.

Price changes (489):
  ~ Alauša — Palijoniškio g. 1, Utena
      95 benzinas: 1.659 €/L → 1.739 €/L
      Dyzelinas: 1.859 €/L → 1.999 €/L
      Dujos: 0.899 €/L → 0.924 €/L
  ~ Alauša — Kosmoso g. 3, Visaginas
      95 benzinas: 1.659 €/L → 1.759 €/L
      Dyzelinas: 1.859 €/L → 1.999 €/L
      Dujos: 0.839 €/L → 0.899 €/L
  ~ Alauša — Kalvarijų g. 204G, Vilnius
      95 benzinas: 1.659 €/L → 1.759 €/L
      Dyzelinas: 1.859 €/L → 2.019 €/L
      Dujos: 0.819 €/L → 0.924 €/L
  ~ Alauša — Kirtimų g. 23A, Vilnius
      95 benzinas: 1.659 €/L → 1.799 €/L
      Dyzelinas: 1.859 €/L → 1.999 €/L
      Dujos: 0.819 €/L → 0.929 €/L
  ~ Alauša — Pelesos g. 1/2, Vilnius
      95 benzinas: 1.659 €/L → 1.809 €/L
      Dyzelinas: 1.859 €/L → 1.999 €/L
      Dujos: 0.819 €/L → 0.929 €/L
  ~ Alauša — Kauno g. 37, Ukmergė
      95 benzinas: 1.659 €/L → 1.769 €/L
      Dyzelinas: 1.859 €/L → 1.959 €/L
      Dujos: 0.819 €/L → 0.934 €/L
  ~ Alauša — Plento g. 17, Daugailiai
      95 benzinas: 1.659 €/L → 1.739 €/L
      Dyzelinas: 1.859 €/L → 1.999 €/L
      Dujos: 0.899 €/L → 0.924 €/L
  ~ Alauša — Bajorų k.
      95 benzinas: 1.699 €/L → 1.739 €/L
      Dyzelinas: 1.919 €/L → 1.949 €/L
  ~ Alauša — Plento g. 2B, Kairiai
      Dyzelinas: 1.949 €/L → 1.999 €/L
  ~ Alauša — Vilniaus g. 8, Grigiškės
      95 benzinas: 1.659 €/L → 1.799 €/L
      Dyzelinas: 1.859 €/L → 2.049 €/L
      Dujos: 0.819 €/L → 0.898 €/L
  ~ Alauša — Plytinės g. 2, Puskelnių k.
      95 benzinas: 1.659 €/L → 1.699 €/L
      Dyzelinas: 1.899 €/L → 1.999 €/L
  ~ Alauša — Stoties g. 49, Marijampolė
      95 benzinas: 1.659 €/L → 1.749 €/L
      Dyzelinas: 1.859 €/L → 1.979 €/L
      Dujos: 0.859 €/L → 0.929 €/L
  ~ Alauša — Paširvio g. 1, Paširvinčio k.
      95 benzinas: 1.659 €/L → 1.754 €/L
      Dyzelinas: 1.859 €/L → 1.994 €/L
      Dujos: 0.819 €/L → 0.914 €/L
  ~ Alauša — Šakių g. 51, Kudirkos Naumiestis
      95 benzinas: 1.665 €/L → 1.749 €/L
      Dyzelinas: 2.025 €/L → 2.029 €/L
  ~ Alauša — Skraičionių g. 1, Skraičionių k.
      95 benzinas: 1.759 €/L → 1.814 €/L
      Dyzelinas: 1.949 €/L → 2.104 €/L
  ~ Alauša — Europos g. 17, Salaperaugio k.
      95 benzinas: 1.789 €/L → 1.799 €/L
      Dyzelinas: 2.089 €/L → 2.099 €/L
  ~ Alauša — Švenčionių g. 29A, Ignalina
      95 benzinas: 1.659 €/L → 1.829 €/L
      Dyzelinas: 1.859 €/L → 2.089 €/L
  ~ Alauša — Šiaurės g. 39, Vilnius
      95 benzinas: 1.659 €/L → 1.754 €/L
      Dyzelinas: 1.859 €/L → 2.014 €/L
      Dujos: 0.849 €/L → 0.899 €/L
  ~ Alauša — Sporto g. 50A, Marijampolė
      95 benzinas: 1.659 €/L → 1.749 €/L
      Dyzelinas: 1.859 €/L → 1.979 €/L
  ~ Alauša — J. Basanavičiaus g. 1C, Utena
      95 benzinas: 1.659 €/L → 1.734 €/L
      Dyzelinas: 1.859 €/L → 1.994 €/L
      Dujos: 0.819 €/L → 0.924 €/L
  ~ Alauša — Šv. Stepono g. 44, Vilnius
      95 benzinas: 1.659 €/L → 1.759 €/L
      Dyzelinas: 1.859 €/L → 1.999 €/L
  ~ Alauša — Buivydiškių g. 5, Vilnius
      95 benzinas: 1.659 €/L → 1.759 €/L
      Dyzelinas: 1.859 €/L → 1.999 €/L
  ~ Alauša — Santaikos g. 2A, Santaikos k.
      95 benzinas: 1.659 €/L → 1.749 €/L
      Dyzelinas: 1.859 €/L → 1.999 €/L
  ~ Alauša — Laisvės pr. 125A, Vilnius
      95 benzinas: 1.659 €/L → 1.719 €/L
      Dyzelinas: 1.859 €/L → 1.999 €/L
  ~ Alauša — Dariaus ir Girėno g. 36, Obeliai
      95 benzinas: 1.659 €/L → 1.829 €/L
      Dyzelinas: 1.859 €/L → 2.079 €/L
  ~ Alauša — A. Vienuolio g. 32A, Anykščiai
      95 benzinas: 1.659 €/L → 1.734 €/L
      Dyzelinas: 1.859 €/L → 1.934 €/L
      Dujos: 0.819 €/L → 0.864 €/L
  ~ Apsaga — Vilniaus g.16, Šiauliai
      Dyzelinas: 2.009 €/L → 1.969 €/L
  ~ Apsaga — Pramonės g. 3A, Šiauliai
      Dyzelinas: 2.025 €/L → 1.989 €/L
      Dujos: 0.925 €/L → 0.920 €/L
  ~ Apsaga — Pramonės g. 28, Šiauliai
      Dyzelinas: 2.025 €/L → 1.989 €/L
  ~ Apsaga — Nuklono g. 4, Šiauliai
      Dyzelinas: 2.025 €/L → 1.989 €/L
  ~ Apsaga — Tilžės g. 223, Šiauliai
      95 benzinas: 1.785 €/L → 1.769 €/L
      Dyzelinas: 2.025 €/L → 1.989 €/L
      Dujos: 0.919 €/L → 0.910 €/L
  ~ Apsaga — V. Bielskio g. 47A, Šiauliai
      Dyzelinas: 2.020 €/L → 1.990 €/L
  ~ Apsaga — Šiaulių g.12, Radviliškis
      95 benzinas: 1.765 €/L → 1.799 €/L
      Dyzelinas: 2.065 €/L → 2.049 €/L
  ~ Apsaga — Beržų g. 19, Baisogalos k.
      95 benzinas: 1.765 €/L → 1.745 €/L
      Dyzelinas: 2.065 €/L → 2.049 €/L
  ~ Apsaga — Radikių k.
      Dyzelinas: 2.089 €/L → 1.955 €/L
  ~ Baltic Petroleum — Gudžionių k., Plento g. 24
      95 benzinas: 1.759 €/L → 1.749 €/L
      Dyzelinas: 2.009 €/L → 1.989 €/L
  ~ Baltic Petroleum — Vilnius, Gerosios Vilties g. 33
      95 benzinas: 1.819 €/L → 1.829 €/L
      Dyzelinas: 2.049 €/L → 2.029 €/L
  ~ Baltic Petroleum — Vilnius, Savanorių pr. 121
      Dyzelinas: 2.009 €/L → 1.969 €/L
  ~ Baltic Petroleum — Kaunas, Raudondvario pl. 82
      95 benzinas: 1.719 €/L → 1.759 €/L
  ~ Baltic Petroleum — Kaunas, Jonavos g. 60A
      95 benzinas: 1.729 €/L → 1.759 €/L
      Dyzelinas: 1.969 €/L → 1.979 €/L
  ~ Baltic Petroleum — Klaipėda, Šilutės pl. 1
      95 benzinas: 1.709 €/L → 1.689 €/L
      Dyzelinas: 1.959 €/L → 1.929 €/L
  ~ Baltic Petroleum — Palanga, Klaipėdos pl. 44
      95 benzinas: 1.799 €/L → 1.769 €/L
      Dyzelinas: 2.049 €/L → 1.979 €/L
  ~ Baltic Petroleum — Šilutė, Klaipėdos g. 4A
      95 benzinas: 1.779 €/L → 1.769 €/L
      Dyzelinas: 1.999 €/L → 1.969 €/L
  ~ Baltic Petroleum — Neringa, Nidos-Smiltynės pl. 6
      95 benzinas: 1.769 €/L → 1.819 €/L
      Dyzelinas: 2.129 €/L → 2.069 €/L
  ~ Baltic Petroleum — Alytus, Santaikos g. 33
      Dyzelinas: 1.989 €/L → 1.969 €/L
  ~ Baltic Petroleum — Druskininkai, Gardino g. 79
      95 benzinas: 1.859 €/L → 1.839 €/L
      Dyzelinas: 2.129 €/L → 2.089 €/L
  ~ Baltic Petroleum — Telšiai, Šiaulių pl. 12
      95 benzinas: 1.779 €/L → 1.759 €/L
      Dyzelinas: 2.029 €/L → 2.009 €/L
  ~ Baltic Petroleum — Joniškis, Vilniaus g. 72
      95 benzinas: 1.669 €/L → 1.689 €/L
      Dyzelinas: 1.869 €/L → 1.979 €/L
  ~ Baltic Petroleum — Radviliškis, Miško g. 64
      95 benzinas: 1.699 €/L → 1.739 €/L
  ~ Baltic Petroleum — Panevėžys, Velžio kelias 74
      95 benzinas: 1.749 €/L → 1.739 €/L
      Dyzelinas: 1.979 €/L → 1.959 €/L
  ~ Baltic Petroleum — Utena, Basanavičiaus g. 1B
      95 benzinas: 1.669 €/L → 1.739 €/L
      Dyzelinas: 1.869 €/L → 1.999 €/L
  ~ Baltic Petroleum — Raseiniai, Vilniaus g. 30
      Dyzelinas: 1.969 €/L → 1.989 €/L
  ~ Baltic Petroleum — Kėdainiai, J. Basanavičiaus g. 95B
      95 benzinas: 1.789 €/L → 1.779 €/L
      Dyzelinas: 2.049 €/L → 2.009 €/L
  ~ Baltic Petroleum — Ukmergė, Kauno g. 49
      95 benzinas: 1.669 €/L → 1.769 €/L
      Dyzelinas: 1.869 €/L → 1.959 €/L
  ~ Baltic Petroleum — Valantiškio k.
      95 benzinas: 1.749 €/L → 1.719 €/L
      Dyzelinas: 2.039 €/L → 2.029 €/L
  ~ Baltic Petroleum — Skuodas, Vytauto g. 22
      95 benzinas: 1.679 €/L → 1.699 €/L
  ~ Baltic Petroleum — Vilnius  Kalvarijų g. 161A
      95 benzinas: 1.669 €/L → 1.699 €/L
      Dyzelinas: 1.869 €/L → 2.029 €/L
  ~ Baltic Petroleum — Trakai, Vilniaus g. 33
      95 benzinas: 1.809 €/L → 1.779 €/L
  ~ Baltic Petroleum — Molėtai, Vilniaus g.104
      95 benzinas: 1.749 €/L → 1.779 €/L
      Dyzelinas: 2.029 €/L → 2.019 €/L
  ~ Baltic Petroleum — Kaunas, Minkovskių g. 132
      95 benzinas: 1.799 €/L → 1.779 €/L
      Dyzelinas: 2.059 €/L → 2.039 €/L
  ~ Baltic Petroleum — Varėna, Čiurlionio g. 63
      95 benzinas: 1.879 €/L → 1.849 €/L
  ~ Baltic Petroleum — Klaipėda, Tilžės g. 90
      95 benzinas: 1.789 €/L → 1.689 €/L
      Dyzelinas: 2.059 €/L → 1.929 €/L
  ~ Baltic Petroleum — Vilnius, Metalo g. 4B
      95 benzinas: 1.779 €/L → 1.739 €/L
      Dyzelinas: 2.019 €/L → 1.989 €/L
  ~ Baltic Petroleum — Širvintos, Musninkų g. 21
      95 benzinas: 1.669 €/L → 1.759 €/L
      Dyzelinas: 1.869 €/L → 1.999 €/L
  ~ Baltic Petroleum — Kaunas, Chemijos g. 6
      95 benzinas: 1.799 €/L → 1.739 €/L
      Dyzelinas: 2.079 €/L → 1.979 €/L
  ~ Baltic Petroleum — Vilkaraisčio k.
      Dyzelinas: 2.040 €/L → 2.020 €/L
  ~ Baltic Petroleum — Panevėžys, Smėlynės g. 169
      95 benzinas: 1.759 €/L → 1.739 €/L
      Dyzelinas: 1.979 €/L → 1.959 €/L
  ~ Baltic Petroleum — Pasiekų k.
      95 benzinas: 1.799 €/L → 1.769 €/L
      Dyzelinas: 2.069 €/L → 2.039 €/L
  ~ Baltic Petroleum — Pietarių k. Kauno g. 164
      95 benzinas: 1.669 €/L → 1.709 €/L
      Dyzelinas: 1.869 €/L → 1.919 €/L
  ~ Baltic Petroleum — Vilnius, Molėtų pl. 27A
      95 benzinas: 1.709 €/L → 1.699 €/L
      Dyzelinas: 1.979 €/L → 1.939 €/L
  ~ Baltic Petroleum — Vilnius, S. Batoro g. 15
      Dyzelinas: 1.999 €/L → 1.969 €/L
  ~ Baltic Petroleum — Užubalių k. Senasis Ukmergės kelias 4
      Dyzelinas: 2.059 €/L → 2.039 €/L
  ~ Baltic Petroleum — Vilnius, Rinktinės g. 59
      95 benzinas: 1.709 €/L → 1.739 €/L
      Dyzelinas: 1.979 €/L → 1.949 €/L
  ~ Baltic Petroleum — Marijampolė, Vasaros g. 15
      95 benzinas: 1.669 €/L → 1.709 €/L
      Dyzelinas: 1.869 €/L → 1.919 €/L
  ~ Baltic Petroleum — Ožtakių k., Dariaus ir Girėno g. 77
      95 benzinas: 1.839 €/L → 1.819 €/L
      Dyzelinas: 2.129 €/L → 2.069 €/L
  ~ Baltic Petroleum — Užuovėjos k.
      95 benzinas: 1.679 €/L → 1.739 €/L
  ~ Baltic Petroleum — Kaunas, Vaidoto g. 153
      Dyzelinas: 2.129 €/L → 2.079 €/L
  ~ Baltic Petroleum — Triliškių k., Kauno pl. 5
      95 benzinas: 1.759 €/L → 1.699 €/L
      Dyzelinas: 2.049 €/L → 1.999 €/L
  ~ Baltic Petroleum — Pagirių k., Marijampolės g. 1
      Dyzelinas: 2.029 €/L → 1.999 €/L
  ~ Baltic Petroleum — Spanėnų k., Plento g. 46
      95 benzinas: 1.839 €/L → 1.819 €/L
      Dyzelinas: 2.099 €/L → 2.069 €/L
  ~ Baltic Petroleum — Užežerės k., Gardenio g. 39
      95 benzinas: 1.749 €/L → 1.769 €/L
      Dyzelinas: 1.989 €/L → 1.969 €/L
  ~ Baltic Petroleum — Kalnujų k. 1
      95 benzinas: 1.799 €/L → 1.779 €/L
      Dyzelinas: 2.079 €/L → 2.019 €/L
  ~ Baltic Petroleum — Klaipėda, Liepų g. 79A
      95 benzinas: 1.749 €/L → 1.699 €/L
      Dyzelinas: 2.019 €/L → 1.939 €/L
  ~ Baltic Petroleum — Mažeikiai, M. Daukšos g. 17
      95 benzinas: 1.749 €/L → 1.769 €/L
      Dyzelinas: 1.989 €/L → 1.969 €/L
  ~ Baltic Petroleum — Druskininkai, Leipalingio g. 26
      95 benzinas: 1.859 €/L → 1.839 €/L
      Dyzelinas: 2.129 €/L → 2.089 €/L
  ~ Baltic Petroleum — Merkinė, Vilniaus g. 87
      95 benzinas: 1.859 €/L → 1.839 €/L
      Dyzelinas: 2.129 €/L → 2.089 €/L
  ~ Baltic Petroleum — Jonava, Žemaitės g. 1
      95 benzinas: 1.839 €/L → 1.819 €/L
      Dyzelinas: 2.099 €/L → 2.069 €/L
  ~ Baltic Petroleum — Senoji Varėna, Vilniaus g. 6A
      95 benzinas: 1.879 €/L → 1.849 €/L
  ~ Baltic Petroleum — Vilnius, Brazdžionio g. 2
      Dyzelinas: 1.989 €/L → 1.969 €/L
  ~ Baltic Petroleum — Ringaudų k., Gėlių g. 1A
      Dyzelinas: 2.049 €/L → 2.029 €/L
  ~ Baltic Petroleum — Sarakiškių k., Vytauto g. 61
      95 benzinas: 1.799 €/L → 1.769 €/L
      Dyzelinas: 2.079 €/L → 2.049 €/L
  ~ Baltic Petroleum — Padustėlis, V. Striogos g. 4A
      95 benzinas: 1.799 €/L → 1.769 €/L
      Dyzelinas: 2.079 €/L → 2.049 €/L
  ~ Baltic Petroleum — Bučių k.
      95 benzinas: 1.790 €/L → 1.770 €/L
      Dyzelinas: 2.060 €/L → 2.020 €/L
  ~ Baltic Petroleum — Girkalnio k., Žemaičių g. 39
      Dyzelinas: 2.069 €/L → 1.999 €/L
  ~ Baltic Petroleum — Vilnius, Zujūnų g. 2A
      Dyzelinas: 1.989 €/L → 1.959 €/L
  ~ Baltic Petroleum — Tirkšliai, Laukų g. 10
      95 benzinas: 1.749 €/L → 1.769 €/L
      Dyzelinas: 1.989 €/L → 1.969 €/L
  ~ Baltic Petroleum — Plateliai,  Ž. Kalvarijos g. 1A
      95 benzinas: 1.839 €/L → 1.819 €/L
      Dyzelinas: 2.149 €/L → 2.109 €/L
  ~ Baltic Petroleum — Veiverių k.
      95 benzinas: 1.839 €/L → 1.819 €/L
      Dyzelinas: 2.129 €/L → 2.079 €/L
  ~ Baltic Petroleum — Marijampolė, P. Armino g. 69
      95 benzinas: 1.669 €/L → 1.709 €/L
      Dyzelinas: 1.869 €/L → 1.919 €/L
  ~ Baltic Petroleum — Radviliškis, Šiaulių g. 1A
      95 benzinas: 1.699 €/L → 1.739 €/L
  ~ Baltic Petroleum — Leipalingis, Merkinės g. 37
      95 benzinas: 1.859 €/L → 1.839 €/L
      Dyzelinas: 2.129 €/L → 2.089 €/L
  ~ Baltic Petroleum — Palanga, Ganyklų g. 28C
      95 benzinas: 1.799 €/L → 1.769 €/L
      Dyzelinas: 2.039 €/L → 1.979 €/L
  ~ Baltic Petroleum — Aukštikalnio k., Mūšos g. 19
      95 benzinas: 1.760 €/L → 1.750 €/L
  ~ Baltic Petroleum — Anykščiai, Mindaugo g. 23
      95 benzinas: 1.669 €/L → 1.739 €/L
      Dyzelinas: 1.869 €/L → 1.939 €/L
  ~ Circle K — Geležinio Vilko g. 2A, Vilnius
      Dyzelinas: 2.139 €/L → 2.099 €/L
  ~ Circle K — Baltupio g. 10, Vilnius
      95 benzinas: 1.789 €/L → 1.759 €/L
      Dyzelinas: 2.049 €/L → 2.009 €/L
      Dujos: 0.949 €/L → 0.929 €/L
  ~ Circle K — A. P. Kavoliuko g. 32A, Vilnius
      95 benzinas: 1.869 €/L → 1.829 €/L
      Dyzelinas: 2.109 €/L → 2.039 €/L
  ~ Circle K — Sporto g. 16A, Vilnius
      95 benzinas: 1.809 €/L → 1.789 €/L
      Dyzelinas: 2.074 €/L → 2.004 €/L
  ~ Circle K — Ukmergės g. 231, Vilnius
      95 benzinas: 1.849 €/L → 1.789 €/L
      Dyzelinas: 2.084 €/L → 2.029 €/L
  ~ Circle K — Kareivių g. 13, Vilnius
      95 benzinas: 1.849 €/L → 1.809 €/L
      Dyzelinas: 2.104 €/L → 2.024 €/L
  ~ Circle K — A. Goštauto g. 13, Vilnius
      95 benzinas: 1.829 €/L → 1.789 €/L
      Dyzelinas: 2.104 €/L → 2.009 €/L
  ~ Circle K — Laisvės pr. 43C, Vilnius
      95 benzinas: 1.869 €/L → 1.829 €/L
      Dyzelinas: 2.109 €/L → 2.039 €/L
  ~ Circle K — J. Tiškevičiaus g. 24, Vilnius
      95 benzinas: 1.874 €/L → 1.854 €/L
      Dyzelinas: 2.124 €/L → 2.114 €/L
  ~ Circle K — Eišiškių pl. 11, Vilnius
      95 benzinas: 1.889 €/L → 1.839 €/L
      Dyzelinas: 2.129 €/L → 2.059 €/L
  ~ Circle K — Pramonės pr. 18, Kaunas
      95 benzinas: 1.844 €/L → 1.864 €/L
      Dyzelinas: 2.099 €/L → 2.079 €/L
      Dujos: 0.939 €/L → 0.929 €/L
  ~ Circle K — Raudondvario pl. 107A, Kaunas
      95 benzinas: 1.844 €/L → 1.804 €/L
      Dyzelinas: 2.084 €/L → 2.049 €/L
  ~ Circle K — Sudervės g. 2G, Avižienių k.
      Dyzelinas: 2.129 €/L → 2.099 €/L
  ~ Circle K — R. Kalantos g. 159, Kaunas
      95 benzinas: 1.864 €/L → 1.849 €/L
      Dyzelinas: 2.089 €/L → 2.069 €/L
  ~ Circle K — Naujoji g. 120, Alytus
      95 benzinas: 1.780 €/L → 1.768 €/L
      Dyzelinas: 2.029 €/L → 2.049 €/L
      Dujos: 0.979 €/L → 0.949 €/L
  ~ Circle K — Savanorių pr. 321, Kaunas
      95 benzinas: 1.849 €/L → 1.829 €/L
      Dyzelinas: 2.099 €/L → 2.089 €/L
  ~ Circle K — Veiverių g. 49A, Kaunas
      95 benzinas: 1.869 €/L → 1.834 €/L
      Dyzelinas: 2.109 €/L → 2.069 €/L
  ~ Circle K — Dubijos g. 20A, Šiauliai
      95 benzinas: 1.849 €/L → 1.819 €/L
      Dyzelinas: 2.069 €/L → 2.009 €/L
  ~ Circle K — Talino g. 2B, Vilnius
      95 benzinas: 1.859 €/L → 1.829 €/L
      Dyzelinas: 2.099 €/L → 2.039 €/L
  ~ Circle K — Pramonės g. 17a, Šiauliai
      95 benzinas: 1.859 €/L → 1.819 €/L
      Dyzelinas: 2.069 €/L → 1.999 €/L
      Dujos: 0.949 €/L → 0.969 €/L
  ~ Circle K — Sabališkių g. 1F, Elektrėnai
      95 benzinas: 1.899 €/L → 1.859 €/L
      Dyzelinas: 2.109 €/L → 2.069 €/L
  ~ Circle K — J. Basanavičiaus g. 108a, Utena
      95 benzinas: 1.854 €/L → 1.759 €/L
      Dyzelinas: 2.119 €/L → 2.009 €/L
  ~ Circle K — Baltijos Kelio g. 33, Ūtos k.
      95 benzinas: 1.839 €/L → 1.799 €/L
      Dyzelinas: 2.069 €/L → 2.019 €/L
  ~ Circle K — Kretingos g. 56, Palanga
      95 benzinas: 1.869 €/L → 1.839 €/L
      Dyzelinas: 2.119 €/L → 2.049 €/L
  ~ Circle K — Minijos g. 90, Klaipėda
      95 benzinas: 1.829 €/L → 1.779 €/L
      Dyzelinas: 2.069 €/L → 2.019 €/L
  ~ Circle K — Taikos pr. 61B, Klaipėda
      95 benzinas: 1.829 €/L → 1.779 €/L
      Dyzelinas: 2.069 €/L → 2.019 €/L
  ~ Circle K — H. Manto g. 96, Klaipėda
      95 benzinas: 1.889 €/L → 1.814 €/L
      Dyzelinas: 2.139 €/L → 2.059 €/L
  ~ Circle K — Kauno g. 130, Marijampolė
      95 benzinas: 1.849 €/L → 1.809 €/L
      Dyzelinas: 2.099 €/L → 2.009 €/L
      Dujos: 0.980 €/L → 0.950 €/L
  ~ Circle K — Rūtų g. 2B, Alytus
      95 benzinas: 1.829 €/L → 1.799 €/L
      Dyzelinas: 2.089 €/L → 2.029 €/L
  ~ Circle K — M. K. Čiurlionio g. 113, Druskininkai
      95 benzinas: 1.869 €/L → 1.849 €/L
      Dyzelinas: 2.139 €/L → 2.099 €/L
  ~ Circle K — J. Basanavičiaus g. 63, Panevėžys
      95 benzinas: 1.859 €/L → 1.819 €/L
      Dyzelinas: 2.079 €/L → 2.019 €/L
  ~ Circle K — Parko g. 7A, Panevėžys
      95 benzinas: 1.824 €/L → 1.794 €/L
      Dyzelinas: 2.029 €/L → 2.019 €/L
  ~ Circle K — Jono Dailidės g. 10, Marijampolė
      95 benzinas: 1.819 €/L → 1.779 €/L
      Dyzelinas: 2.079 €/L → 1.989 €/L
  ~ Circle K — J. Basanavičiaus g. 40a, Kėdainiai
      95 benzinas: 1.854 €/L → 1.799 €/L
      Dyzelinas: 2.114 €/L → 2.029 €/L
  ~ Circle K — Luokės g. 70, Telšiai
      95 benzinas: 1.809 €/L → 1.775 €/L
      Dyzelinas: 2.109 €/L → 1.969 €/L
  ~ Circle K — Cintjoniškių g. 15, Šilutė
      95 benzinas: 1.864 €/L → 1.834 €/L
      Dyzelinas: 2.084 €/L → 2.035 €/L
  ~ Circle K — Savanorių g. 5, Varėna
      95 benzinas: 1.889 €/L → 1.859 €/L
  ~ Circle K — Žemaitijos g. 57, Mažeikiai
      95 benzinas: 1.799 €/L → 1.797 €/L
      Dyzelinas: 2.089 €/L → 1.959 €/L
  ~ Circle K — Sidabros g. 2A, Satkūnų k.
      95 benzinas: 1.789 €/L → 1.784 €/L
      Dyzelinas: 2.099 €/L → 2.039 €/L
  ~ Circle K — Vasario 16-osios g. 33, Jonava
      95 benzinas: 1.839 €/L → 1.829 €/L
      Dyzelinas: 2.109 €/L → 2.079 €/L
      Dujos: 0.979 €/L → 0.969 €/L
  ~ Circle K — Geležinio Vilko g. 39, Vilnius
      95 benzinas: 1.829 €/L → 1.789 €/L
      Dyzelinas: 2.104 €/L → 2.009 €/L
  ~ Circle K — Prūsų g. 26 A, Vilnius
      95 benzinas: 1.889 €/L → 1.839 €/L
      Dyzelinas: 2.129 €/L → 2.059 €/L
  ~ Circle K — Gedimino g. 42B, Radviliškis
      95 benzinas: 1.789 €/L → 1.779 €/L
      Dyzelinas: 2.049 €/L → 2.029 €/L
  ~ Circle K — Gedimino g. 47, Tauragė
      95 benzinas: 1.859 €/L → 1.809 €/L
      Dyzelinas: 2.099 €/L → 2.029 €/L
  ~ Circle K — Panevėžio aplinkl. 20, Šilagalio k.
      95 benzinas: 1.839 €/L → 1.799 €/L
      Dyzelinas: 2.069 €/L → 2.019 €/L
  ~ Circle K — Vakarinis aplinkkelis 10, Kaunas
      95 benzinas: 1.839 €/L → 1.789 €/L
      Dyzelinas: 2.069 €/L → 2.004 €/L
  ~ Circle K — Žemaičių pl. 19, Kaunas
      95 benzinas: 1.824 €/L → 1.804 €/L
      Dyzelinas: 2.044 €/L → 1.999 €/L
  ~ Circle K — Vilniaus pl. 21, Jakų k.
      95 benzinas: 1.869 €/L → 1.859 €/L
      Dyzelinas: 2.129 €/L → 2.119 €/L
      Dujos: 0.940 €/L → 0.950 €/L
  ~ Circle K — Geležinio Vilko g. 24, Vilnius
      95 benzinas: 1.814 €/L → 1.789 €/L
      Dyzelinas: 2.069 €/L → 2.009 €/L
  ~ Circle K — Taikos pr. 52A, Kaunas
      Dyzelinas: 2.089 €/L → 2.079 €/L
  ~ Circle K — Kilučių g. 93, Biržai
      95 benzinas: 1.759 €/L → 1.779 €/L
      Dyzelinas: 2.079 €/L → 2.074 €/L
  ~ Circle K — Karaliaus Mindaugo pr. 34A, Kaunas
      95 benzinas: 1.889 €/L → 1.854 €/L
      Dyzelinas: 2.109 €/L → 2.069 €/L
  ~ Circle K — J. Basanavičiaus g. 3, Utena
      95 benzinas: 1.750 €/L → 1.771 €/L
      Dyzelinas: 2.009 €/L → 1.999 €/L
      Dujos: 0.944 €/L → 0.939 €/L
  ~ Circle K — Nekrūnų k. 1
      95 benzinas: 1.709 €/L → 1.736 €/L
  ~ Circle K — Vilkaviškio g. 10, Serdokų k.
      95 benzinas: 1.879 €/L → 1.859 €/L
      Dyzelinas: 2.119 €/L → 2.099 €/L
  ~ Circle K — Taikos pr. 112A, Klaipėda
      Dyzelinas: 2.059 €/L → 2.035 €/L
  ~ Circle K — Vilniaus pl. 1A, Klaipėda
      95 benzinas: 1.829 €/L → 1.799 €/L
      Dyzelinas: 2.069 €/L → 2.019 €/L
  ~ Circle K — Vilniaus g. 62, Šiauliai
      95 benzinas: 1.819 €/L → 1.789 €/L
      Dyzelinas: 2.039 €/L → 1.979 €/L
  ~ Circle K — R. Kalantos g. 68, Kaunas
      95 benzinas: 1.834 €/L → 1.819 €/L
      Dyzelinas: 2.059 €/L → 2.039 €/L
  ~ Circle K — Varnių g. 46, Kaunas
      95 benzinas: 1.789 €/L → 1.799 €/L
      Dyzelinas: 2.049 €/L → 2.019 €/L
  ~ Circle K — Oslo g. 12, Vilnius
      95 benzinas: 1.829 €/L → 1.789 €/L
      Dyzelinas: 2.059 €/L → 1.999 €/L
  ~ Circle K — Dariaus ir Girėno g. 83A, Tauragė
      95 benzinas: 1.829 €/L → 1.779 €/L
      Dyzelinas: 2.069 €/L → 1.999 €/L
  ~ Circle K — Islandijos pl. 32, Kaunas
      95 benzinas: 1.834 €/L → 1.814 €/L
      Dyzelinas: 2.054 €/L → 2.009 €/L
  ~ Circle K — Savanorių pr. 118, Vilnius
      95 benzinas: 1.849 €/L → 1.804 €/L
      Dyzelinas: 2.099 €/L → 2.009 €/L
  ~ Circle K — P. Žadeikos g. 1a, Vilnius
      95 benzinas: 1.784 €/L → 1.785 €/L
      Dyzelinas: 2.089 €/L → 2.019 €/L
      Dujos: 0.979 €/L → 0.959 €/L
  ~ Circle K — Savanorių pr. 119A, Vilnius
      95 benzinas: 1.849 €/L → 1.804 €/L
      Dyzelinas: 2.099 €/L → 2.009 €/L
  ~ Circle K — Kareivių g. 3, Vilnius
      95 benzinas: 1.819 €/L → 1.779 €/L
      Dyzelinas: 2.089 €/L → 1.999 €/L
  ~ Circle K — Geležinio Vilko g. 4, Vilnius
      95 benzinas: 1.829 €/L → 1.789 €/L
      Dyzelinas: 2.104 €/L → 2.009 €/L
  ~ Circle K — Gariūnų g. 45, Vilnius
      95 benzinas: 1.839 €/L → 1.799 €/L
      Dyzelinas: 2.069 €/L → 2.009 €/L
  ~ Circle K — Savanorių pr. 404B, Kaunas
      95 benzinas: 1.809 €/L → 1.789 €/L
      Dyzelinas: 2.059 €/L → 2.009 €/L
      Dujos: 0.969 €/L → 0.949 €/L
  ~ Circle K — Tvirtovės alėja 33a, Kaunas
      95 benzinas: 1.829 €/L → 1.839 €/L
      Dyzelinas: 2.089 €/L → 2.059 €/L
  ~ Circle K — Jonavos g. 38, Kaunas
      95 benzinas: 1.839 €/L → 1.819 €/L
      Dyzelinas: 2.079 €/L → 2.049 €/L
  ~ Circle K — Tilžės g. 25, Šiauliai
      95 benzinas: 1.849 €/L → 1.809 €/L
      Dyzelinas: 2.059 €/L → 1.989 €/L
  ~ Circle K — Tilžės g. 56A, Klaipėda
      95 benzinas: 1.799 €/L → 1.750 €/L
      Dyzelinas: 2.049 €/L → 1.969 €/L
  ~ Circle K — Jūrininkų pr. 31, Klaipėda
      95 benzinas: 1.824 €/L → 1.789 €/L
      Dyzelinas: 2.069 €/L → 2.009 €/L
  ~ Circle K — Sausio 15-osios g. 2, Klaipėda
      95 benzinas: 1.819 €/L → 1.770 €/L
      Dyzelinas: 2.069 €/L → 1.989 €/L
  ~ Circle K — Klaipėdos g. 92A, Panevėžys
      95 benzinas: 1.804 €/L → 1.774 €/L
      Dyzelinas: 2.009 €/L → 1.999 €/L
  ~ Circle K — Molėtų g. 15, Didžiosios Riešės k.
      95 benzinas: 1.804 €/L → 1.779 €/L
      Dyzelinas: 2.059 €/L → 1.999 €/L
  ~ Eniris — Alytaus pl. 2, Mardosų k.
      95 benzinas: 1.690 €/L → 1.710 €/L
      Dyzelinas: 1.960 €/L → 1.990 €/L
  ~ Eniris — Telšių g. 2 b, Rainių k.
      95 benzinas: 1.790 €/L → 1.750 €/L
      Dyzelinas: 2.090 €/L → 1.970 €/L
  ~ Eniris — Mažeikių g. 1, Telšiai
      Dujos: 0.960 €/L → 0.920 €/L
  ~ Eniris — Klaipėdos g. 76, Žemaičių Naumiestis
      95 benzinas: 1.860 €/L → 1.840 €/L
  ~ Eniris — Bačkonių k., Pastrėvio g. 1A,
      Dyzelinas: 2.039 €/L → 1.999 €/L
  ~ Eniris — Laižuvos g. 82 d, Mažeikiai,
      95 benzinas: 1.689 €/L → 1.699 €/L
      Dyzelinas: 1.879 €/L → 1.979 €/L
  ~ Eniris — Ruoščių k. 1
      Dyzelinas: 2.034 €/L → 1.984 €/L
  ~ Eniris — Beržų g. 24/Drąsiųjų 7, Tryškiai
      95 benzinas: 1.790 €/L → 1.720 €/L
      Dyzelinas: 2.020 €/L → 1.990 €/L
  ~ Naftrus — Vilniaus g. 3B, Raseiniai
      Dyzelinas: 1.969 €/L → 1.989 €/L
  ~ Narjanta — Sausalaukės k. 2
      95 benzinas: 1.739 €/L → 1.789 €/L
      Dyzelinas: 1.989 €/L → 1.999 €/L
  ~ Narjanta — Vilniaus g. 32, Troškūnai
      Dyzelinas: 2.099 €/L → 2.029 €/L
  ~ Narjanta — S. Nėries g. 35, Vabalninkas
      Dyzelinas: 2.039 €/L → 1.999 €/L
  ~ Neste Lietuva — Servečės g. 2, Vilnius
      95 benzinas: 1.814 €/L → 1.759 €/L
      Dyzelinas: 2.019 €/L → 1.999 €/L
  ~ Neste Lietuva — Ukmergės g. 296, Vilnius
      95 benzinas: 1.789 €/L → 1.744 €/L
      Dyzelinas: 2.029 €/L → 1.989 €/L
  ~ Neste Lietuva — Talino g. 2C, Vilnius
      95 benzinas: 1.819 €/L → 1.789 €/L
      Dyzelinas: 2.059 €/L → 1.999 €/L
  ~ Neste Lietuva — Erfurto g. 41, Vilnius
      95 benzinas: 1.799 €/L → 1.789 €/L
      Dyzelinas: 2.039 €/L → 1.999 €/L
  ~ Neste Lietuva — Geležinio Vilko g. 63, Vilnius
      95 benzinas: 1.784 €/L → 1.759 €/L
      Dyzelinas: 2.039 €/L → 1.999 €/L
  ~ Neste Lietuva — S. Stanevičiaus g. 3, Vilnius
      95 benzinas: 1.769 €/L → 1.749 €/L
      Dyzelinas: 2.044 €/L → 1.989 €/L
  ~ Neste Lietuva — Žirmūnų g. 68B, Vilnius
      95 benzinas: 1.789 €/L → 1.769 €/L
      Dyzelinas: 2.034 €/L → 1.984 €/L
  ~ Neste Lietuva — Rygos g. 2, Vilnius
      95 benzinas: 1.799 €/L → 1.789 €/L
      Dyzelinas: 2.039 €/L → 1.999 €/L
  ~ Neste Lietuva — Savanorių pr. 220A, Vilnius
      95 benzinas: 1.819 €/L → 1.789 €/L
      Dyzelinas: 2.049 €/L → 1.989 €/L
  ~ Neste Lietuva — Parodų g. 1A, Vilnius
      95 benzinas: 1.819 €/L → 1.799 €/L
      Dyzelinas: 2.029 €/L → 2.019 €/L
  ~ Neste Lietuva — Kauno g. 26, Vilnius
      95 benzinas: 1.839 €/L → 1.829 €/L
      Dyzelinas: 2.049 €/L → 1.999 €/L
  ~ Neste Lietuva — Savanorių pr. 187, Vilnius
      95 benzinas: 1.819 €/L → 1.789 €/L
      Dyzelinas: 2.049 €/L → 1.989 €/L
  ~ Neste Lietuva — Kedrų g. 2, Vilnius
      95 benzinas: 1.839 €/L → 1.849 €/L
      Dyzelinas: 2.059 €/L → 1.999 €/L
  ~ Neste Lietuva — Molėtų pl. 8, Vilnius
      95 benzinas: 1.774 €/L → 1.749 €/L
      Dyzelinas: 2.029 €/L → 1.969 €/L
  ~ Neste Lietuva — P. Lukšio g. 22, Vilnius
      95 benzinas: 1.779 €/L → 1.759 €/L
      Dyzelinas: 2.029 €/L → 1.979 €/L
  ~ Neste Lietuva — Žirmūnų g. 54C, Vilnius
      95 benzinas: 1.789 €/L → 1.769 €/L
      Dyzelinas: 2.034 €/L → 1.984 €/L
  ~ Neste Lietuva — Subačiaus g. 64, Vilnius
      95 benzinas: 1.799 €/L → 1.769 €/L
      Dyzelinas: 2.049 €/L → 1.999 €/L
  ~ Neste Lietuva — Dariaus ir Girėno g. 17, Vilnius
      95 benzinas: 1.829 €/L → 1.799 €/L
      Dyzelinas: 2.069 €/L → 2.019 €/L
  ~ Neste Lietuva — Architektų g. 130, Vilnius
      95 benzinas: 1.814 €/L → 1.799 €/L
      Dyzelinas: 2.054 €/L → 2.029 €/L
  ~ Neste Lietuva — Justiniškių g. 14B, Vilnius
      95 benzinas: 1.799 €/L → 1.789 €/L
      Dyzelinas: 2.039 €/L → 1.989 €/L
  ~ Neste Lietuva — Geležinio Vilko g. 37A, Vilnius
      95 benzinas: 1.819 €/L → 1.769 €/L
      Dyzelinas: 2.079 €/L → 1.989 €/L
  ~ Neste Lietuva — Pilaitės pr. 27, Vilnius
      95 benzinas: 1.784 €/L → 1.739 €/L
      Dyzelinas: 1.999 €/L → 1.979 €/L
  ~ Neste Lietuva — Žirnių g. 17, Vilnius
      95 benzinas: 1.824 €/L → 1.799 €/L
      Dyzelinas: 2.059 €/L → 2.019 €/L
  ~ Neste Lietuva — J. Tiškevičiaus g. 19, Vilnius
      95 benzinas: 1.829 €/L → 1.799 €/L
      Dyzelinas: 2.059 €/L → 1.999 €/L
  ~ Neste Lietuva — Eišiškių pl. 82, Vilnius
      95 benzinas: 1.819 €/L → 1.794 €/L
      Dyzelinas: 2.059 €/L → 2.014 €/L
  ~ Neste Lietuva — Gariūnų g. 55, Vilnius
      95 benzinas: 1.819 €/L → 1.779 €/L
      Dyzelinas: 2.049 €/L → 1.989 €/L
  ~ Neste Lietuva — Panerių g. 42, Vilnius
      95 benzinas: 1.829 €/L → 1.799 €/L
      Dyzelinas: 2.029 €/L → 1.979 €/L
  ~ Neste Lietuva — Geležinio Vilko g. 41, Vilnius
      95 benzinas: 1.819 €/L → 1.769 €/L
      Dyzelinas: 2.079 €/L → 1.989 €/L
  ~ Neste Lietuva — Pramonės pr. 6A, Kaunas
      95 benzinas: 1.814 €/L → 1.774 €/L
      Dyzelinas: 2.049 €/L → 1.999 €/L
  ~ Neste Lietuva — Jonavos g. 110, Kaunas
      95 benzinas: 1.799 €/L → 1.769 €/L
      Dyzelinas: 2.019 €/L → 1.979 €/L
  ~ Neste Lietuva — Veiverių g. 132D, Kaunas
      95 benzinas: 1.829 €/L → 1.799 €/L
      Dyzelinas: 2.069 €/L → 2.029 €/L
  ~ Neste Lietuva — Žemaičių pl. 26, Kaunas
      95 benzinas: 1.804 €/L → 1.784 €/L
      Dyzelinas: 2.024 €/L → 1.979 €/L
  ~ Neste Lietuva — R. Kalantos g. 27, Kaunas
      95 benzinas: 1.819 €/L → 1.779 €/L
      Dyzelinas: 2.039 €/L → 1.989 €/L
  ~ Neste Lietuva — Ateities pl. 50B, Kaunas
      95 benzinas: 1.789 €/L → 1.759 €/L
      Dyzelinas: 1.999 €/L → 1.974 €/L
  ~ Neste Lietuva — Taikos pr. 80A, Kaunas
      95 benzinas: 1.839 €/L → 1.779 €/L
      Dyzelinas: 2.049 €/L → 1.999 €/L
  ~ Neste Lietuva — Birželio 23-iosios g. 23A, Kaunas
      95 benzinas: 1.809 €/L → 1.799 €/L
      Dyzelinas: 2.049 €/L → 2.009 €/L
  ~ Neste Lietuva — Islandijos pl. 191E, Kaunas
      95 benzinas: 1.789 €/L → 1.769 €/L
      Dyzelinas: 2.029 €/L → 1.969 €/L
  ~ Neste Lietuva — Raudondvario pl. 103, Kaunas
      95 benzinas: 1.799 €/L → 1.759 €/L
      Dyzelinas: 2.019 €/L → 1.969 €/L
  ~ Neste Lietuva — Kuršių g. 1, Kaunas
      95 benzinas: 1.799 €/L → 1.769 €/L
      Dyzelinas: 2.019 €/L → 1.979 €/L
  ~ Neste Lietuva — Vijoklių g. 1C, Ramučių k.
      95 benzinas: 1.789 €/L → 1.754 €/L
      Dyzelinas: 2.039 €/L → 1.974 €/L
  ~ Neste Lietuva — Tunelio g. 26, Kaunas
      95 benzinas: 1.819 €/L → 1.779 €/L
      Dyzelinas: 2.049 €/L → 1.999 €/L
  ~ Neste Lietuva — Vakarų g. 14, Kumpių k.
      95 benzinas: 1.814 €/L → 1.784 €/L
      Dyzelinas: 2.014 €/L → 1.989 €/L
  ~ Neste Lietuva — Savanorių pr. 441C, Kaunas
      95 benzinas: 1.779 €/L → 1.759 €/L
      Dyzelinas: 2.029 €/L → 1.979 €/L
  ~ Neste Lietuva — Vakarinis aplinkkelis 18, Kaunas
      95 benzinas: 1.799 €/L → 1.769 €/L
      Dyzelinas: 2.049 €/L → 1.984 €/L
  ~ Neste Lietuva — Europos pr. 43, Kaunas
      95 benzinas: 1.819 €/L → 1.779 €/L
      Dyzelinas: 2.059 €/L → 1.999 €/L
  ~ Neste Lietuva — Plieno g. 1, Klaipėda
      95 benzinas: 1.779 €/L → 1.759 €/L
      Dyzelinas: 1.999 €/L → 1.979 €/L
  ~ Neste Lietuva — Šilutės pl. 30, Klaipėda
      95 benzinas: 1.779 €/L → 1.749 €/L
      Dyzelinas: 2.019 €/L → 1.969 €/L
  ~ Neste Lietuva — Taikos pr. 60, Klaipėda
      95 benzinas: 1.779 €/L → 1.729 €/L
      Dyzelinas: 2.019 €/L → 1.969 €/L
  ~ Neste Lietuva — Minijos g. 119, Klaipėda
      95 benzinas: 1.789 €/L → 1.739 €/L
      Dyzelinas: 2.029 €/L → 1.979 €/L
  ~ Neste Lietuva — Artojo g. 2, Klaipėda
      95 benzinas: 1.769 €/L → 1.719 €/L
      Dyzelinas: 1.999 €/L → 1.969 €/L
  ~ Neste Lietuva — Smiltelės g. 17, Klaipėda
      95 benzinas: 1.779 €/L → 1.759 €/L
      Dyzelinas: 1.999 €/L → 1.979 €/L
  ~ Neste Lietuva — Šilutės pl. 5C, Klaipėda
      95 benzinas: 1.769 €/L → 1.719 €/L
      Dyzelinas: 1.999 €/L → 1.949 €/L
  ~ Neste Lietuva — Vilniaus pl. 9, Jakų k.
      95 benzinas: 1.809 €/L → 1.799 €/L
      Dyzelinas: 2.049 €/L → 1.999 €/L
  ~ Neste Lietuva — Sendvario g. 2, Sudmantų k.
      95 benzinas: 1.829 €/L → 1.789 €/L
      Dyzelinas: 2.029 €/L → 1.999 €/L
  ~ Neste Lietuva — Gegužių g. 28, Šiauliai
      95 benzinas: 1.819 €/L → 1.779 €/L
      Dyzelinas: 1.999 €/L → 1.959 €/L
  ~ Neste Lietuva — Tilžės g. 72, Šiauliai
      95 benzinas: 1.824 €/L → 1.784 €/L
      Dyzelinas: 2.004 €/L → 1.999 €/L
  ~ Neste Lietuva — Dubijos g. 18A, Šiauliai
      95 benzinas: 1.819 €/L → 1.779 €/L
      Dyzelinas: 2.019 €/L → 1.969 €/L
  ~ Neste Lietuva — Klaipėdos g. 81, Panevėžys
      95 benzinas: 1.814 €/L → 1.774 €/L
      Dyzelinas: 2.019 €/L → 1.999 €/L
  ~ Neste Lietuva — Ramygalos g. 145B, Panevėžys
      95 benzinas: 1.799 €/L → 1.769 €/L
      Dyzelinas: 2.029 €/L → 1.989 €/L
  ~ Neste Lietuva — Klaipėdos g. 66,  Panevėžys
      95 benzinas: 1.814 €/L → 1.774 €/L
      Dyzelinas: 2.019 €/L → 1.999 €/L
  ~ Neste Lietuva — Ąžuolpamūšio g. 1A, Raubonių k..
      95 benzinas: 1.799 €/L → 1.784 €/L
      Dyzelinas: 2.019 €/L → 1.989 €/L
  ~ Neste Lietuva — Margirio g. 1B, Panevėžys
      95 benzinas: 1.799 €/L → 1.769 €/L
      Dyzelinas: 1.999 €/L → 1.994 €/L
  ~ Neste Lietuva — Klaipėdos g. 144B, Panevėžys
      95 benzinas: 1.819 €/L → 1.779 €/L
      Dyzelinas: 2.019 €/L → 1.999 €/L
  ~ Neste Lietuva — Panevėžio aplinkl. 7, Šilagalio k.
      95 benzinas: 1.799 €/L → 1.779 €/L
      Dyzelinas: 2.019 €/L → 1.999 €/L
  ~ Neste Lietuva — Panevėžio aplinkl. 22, Šilagalio k.
      95 benzinas: 1.789 €/L → 1.769 €/L
      Dyzelinas: 2.009 €/L → 1.989 €/L
  ~ Neste Lietuva — Santaikos g. 34A, Alytus
      95 benzinas: 1.799 €/L → 1.769 €/L
      Dyzelinas: 2.019 €/L → 1.999 €/L
  ~ Neste Lietuva — Ūdrijos g. 31, Alytus
      95 benzinas: 1.799 €/L → 1.769 €/L
      Dyzelinas: 2.049 €/L → 1.999 €/L
  ~ Neste Lietuva — Stoties g. 4C, Marijampolė
      95 benzinas: 1.799 €/L → 1.779 €/L
      Dyzelinas: 2.039 €/L → 1.979 €/L
  ~ Neste Lietuva — Vilkaviškio g. 61D, Marijampolė
      95 benzinas: 1.794 €/L → 1.774 €/L
      Dyzelinas: 2.034 €/L → 1.974 €/L
  ~ Neste Lietuva — Europos g. 1, Salaperaugio k.
      95 benzinas: 1.829 €/L → 1.809 €/L
      Dyzelinas: 2.069 €/L → 2.009 €/L
  ~ Neste Lietuva — Europos g. 6, N.Valios k.
      Dyzelinas: 2.069 €/L → 2.009 €/L
  ~ Neste Lietuva — M. Daukšos g. 29, Mažeikiai
      95 benzinas: 1.819 €/L → 1.753 €/L
      Dyzelinas: 1.999 €/L → 1.979 €/L
  ~ Neste Lietuva — Katyčių k., Šilalės r.
      95 benzinas: 1.799 €/L → 1.749 €/L
      Dyzelinas: 2.019 €/L → 1.989 €/L
  ~ Neste Lietuva — J. Basanavičiaus g. 91E, Kėdainiai
      Dyzelinas: 2.019 €/L → 1.974 €/L
  ~ Neste Lietuva — Kauno g. 45B, Ukmergė
      95 benzinas: 1.819 €/L → 1.799 €/L
      Dyzelinas: 1.999 €/L → 1.979 €/L
  ~ Neste Lietuva — J. Basanavičiaus g. 129, Utena
      95 benzinas: 1.814 €/L → 1.739 €/L
      Dyzelinas: 2.049 €/L → 1.969 €/L
  ~ Neste Lietuva — Kupiškio g. 12, Utena
      95 benzinas: 1.809 €/L → 1.734 €/L
      Dyzelinas: 2.044 €/L → 1.964 €/L
  ~ Neste Lietuva — Aplinkkelio g. 165, Molėtai
      95 benzinas: 1.784 €/L → 1.759 €/L
      Dyzelinas: 2.049 €/L → 1.989 €/L
  ~ Neste Lietuva — Vilniaus g. 94, Pabradė
      95 benzinas: 1.819 €/L → 1.789 €/L
      Dyzelinas: 2.039 €/L → 1.989 €/L
  ~ Neste Lietuva — Plento g. 7, Gudžionių k.
      95 benzinas: 1.799 €/L → 1.724 €/L
      Dyzelinas: 2.049 €/L → 1.974 €/L
  ~ Neste Lietuva — Versmės g. 2, Radviliškis
      95 benzinas: 1.799 €/L → 1.749 €/L
  ~ Neste Lietuva — Pušyno g. 11, Ylių k.
      95 benzinas: 1.819 €/L → 1.769 €/L
      Dyzelinas: 2.039 €/L → 2.009 €/L
  ~ Neste Lietuva — Dariaus ir Girėno g. 130A, Tauragė
      95 benzinas: 1.799 €/L → 1.769 €/L
      Dyzelinas: 2.029 €/L → 1.999 €/L
  ~ Neste Lietuva — Sabališkių g. 1U, Elektrėnai
      95 benzinas: 1.839 €/L → 1.819 €/L
      Dyzelinas: 2.069 €/L → 2.029 €/L
  ~ Neste Lietuva — Šiaulių pl. 1A, Gaudikaičių k.
      95 benzinas: 1.814 €/L → 1.744 €/L
      Dyzelinas: 2.044 €/L → 1.999 €/L
  ~ Orlen — Kauno g. 73, Alytus
      95 benzinas: 1.679 €/L → 1.759 €/L
      Dyzelinas: 1.899 €/L → 1.999 €/L
  ~ Orlen — ​Žilvičių g. 1 A, Kakliniškių k.
      95 benzinas: 1.759 €/L → 1.789 €/L
      Dyzelinas: 1.999 €/L → 2.069 €/L
  ~ Orlen — Alytaus g. 2, ​Verbyliškių k.
      95 benzinas: 1.699 €/L → 1.779 €/L
      Dyzelinas: 1.959 €/L → 2.019 €/L
  ~ Orlen — Žiežmarių k.
      95 benzinas: 1.699 €/L → 1.789 €/L
      Dyzelinas: 1.999 €/L → 2.069 €/L
  ~ Orlen — Biruliškių k.
      95 benzinas: 1.639 €/L → 1.759 €/L
      Dyzelinas: 1.859 €/L → 1.999 €/L
  ~ Orlen — Beržų g. 2N, Ringaudai
      95 benzinas: 1.759 €/L → 1.779 €/L
      Dyzelinas: 1.999 €/L → 2.039 €/L
  ~ Orlen — Kalvarijos g. 138, Kaunas
      95 benzinas: 1.699 €/L → 1.759 €/L
      Dyzelinas: 1.959 €/L → 2.039 €/L
  ~ Orlen — Pramonės pr. 37, Kaunas
      95 benzinas: 1.679 €/L → 1.759 €/L
      Dyzelinas: 1.899 €/L → 1.999 €/L
  ~ Orlen — Varnių g. 50, Kaunas
      95 benzinas: 1.679 €/L → 1.759 €/L
      Dyzelinas: 1.899 €/L → 1.989 €/L
  ~ Orlen — Veiverių g. 148 B, Kaunas
      95 benzinas: 1.679 €/L → 1.759 €/L
      Dyzelinas: 1.859 €/L → 1.999 €/L
  ~ Orlen — Minijos g. 44, Klaipėda
      95 benzinas: 1.699 €/L → 1.759 €/L
      Dyzelinas: 1.899 €/L → 1.969 €/L
  ~ Orlen — Šilutės pl. 26 A, Klaipėda
      95 benzinas: 1.679 €/L → 1.749 €/L
      Dyzelinas: 1.899 €/L → 1.959 €/L
  ~ Orlen — Šilutės pl. 94, Klaipėda
      95 benzinas: 1.679 €/L → 1.759 €/L
      Dyzelinas: 1.899 €/L → 1.979 €/L
  ~ Orlen — Vilniaus pl. 13, Jakų k.
      95 benzinas: 1.699 €/L → 1.769 €/L
      Dyzelinas: 1.999 €/L → 2.029 €/L
  ~ Orlen — Aleksandravo k.
      95 benzinas: 1.659 €/L → 1.749 €/L
      Dyzelinas: 1.859 €/L → 1.959 €/L
      Dujos: 0.839 €/L → 0.849 €/L
  ~ Orlen — ​Skuodo g. 14, Mažeikiai
      95 benzinas: 1.659 €/L → 1.759 €/L
      Dyzelinas: 1.899 €/L → 1.969 €/L
  ~ Orlen — Žemaitijos g. 42, Mažeikiai
      95 benzinas: 1.699 €/L → 1.759 €/L
      Dyzelinas: 1.899 €/L → 1.969 €/L
  ~ Orlen — Vilimiškės k.
      95 benzinas: 1.719 €/L → 1.769 €/L
      Dyzelinas: 1.999 €/L → 2.029 €/L
  ~ Orlen — Klaipėdos g. 162 D, Panevėžys
      95 benzinas: 1.699 €/L → 1.759 €/L
      Dyzelinas: 1.899 €/L → 1.999 €/L
  ~ Orlen — Senamiesčio g. 115, Panevėžys
      95 benzinas: 1.659 €/L → 1.749 €/L
      Dyzelinas: 1.859 €/L → 1.959 €/L
      Dujos: 0.839 €/L → 0.859 €/L
  ~ Orlen — Šiaulių g. 50, Nausodės k.
      95 benzinas: 1.659 €/L → 1.779 €/L
      Dyzelinas: 1.899 €/L → 2.039 €/L
  ~ Orlen — Serbentų g. 82, Šiauliai
      95 benzinas: 1.699 €/L → 1.759 €/L
      Dyzelinas: 1.899 €/L → 1.989 €/L
  ~ Orlen — Gedimino g. 46, Tauragė
      95 benzinas: 1.699 €/L → 1.759 €/L
      Dyzelinas: 1.899 €/L → 1.989 €/L
  ~ Orlen — ​Plungės g. 33 D, Telšiai
      95 benzinas: 1.699 €/L → 1.759 €/L
      Dyzelinas: 1.899 €/L → 1.989 €/L
  ~ Orlen — Juodasis kl. 32, Vilnius
      95 benzinas: 1.699 €/L → 1.779 €/L
      Dyzelinas: 1.939 €/L → 2.029 €/L
  ~ Orlen — O. ​Milašiaus g. 31, Vilnius
      95 benzinas: 1.659 €/L → 1.779 €/L
      Dyzelinas: 1.899 €/L → 2.029 €/L
      Dujos: 0.899 €/L → 0.889 €/L
  ~ Orlen — Ukmergės g. 319, Vilnius
      95 benzinas: 1.659 €/L → 1.759 €/L
      Dyzelinas: 1.899 €/L → 1.999 €/L
  ~ Orlen — Žirmūnų g. 1T, Vilnius
      95 benzinas: 1.699 €/L → 1.759 €/L
      Dyzelinas: 1.939 €/L → 1.999 €/L
  ~ Viada — Daugų k., Neveiglo g. 25
      95 benzinas: 1.839 €/L → 1.819 €/L
      Dyzelinas: 2.099 €/L → 2.059 €/L
  ~ Viada — Alytus, Naujoji g. 27
      95 benzinas: 1.829 €/L → 1.799 €/L
      Dyzelinas: 2.089 €/L → 2.049 €/L
  ~ Viada — Alytus, Ulonų g. 33B
      95 benzinas: 1.829 €/L → 1.799 €/L
      Dyzelinas: 2.089 €/L → 2.049 €/L
  ~ Viada — Biržai, Parodos g. 2
      Dyzelinas: 2.079 €/L → 2.059 €/L
  ~ Viada — Biržai, Pasvalio g. 1B
      Dyzelinas: 2.079 €/L → 2.059 €/L
  ~ Viada — Elektrėnai, Elektrinės g. 6
      95 benzinas: 1.899 €/L → 1.859 €/L
      Dyzelinas: 2.129 €/L → 2.079 €/L
  ~ Viada — Jonava, Darbininkų g. 4D
      95 benzinas: 1.849 €/L → 1.829 €/L
      Dyzelinas: 2.099 €/L → 2.079 €/L
  ~ Viada — Joniškis, Vilniaus g. 51
      95 benzinas: 1.789 €/L → 1.769 €/L
      Dyzelinas: 2.099 €/L → 2.039 €/L
      Dujos: 0.939 €/L → 0.929 €/L
  ~ Viada — Kaišiadorys, Gedimino g. 135
      95 benzinas: 1.859 €/L → 1.849 €/L
  ~ Viada — Kaunas, A. Juozapavičiaus pr. 90
      95 benzinas: 1.889 €/L → 1.859 €/L
      Dyzelinas: 2.129 €/L → 2.069 €/L
  ~ Viada — Kaunas, Ateities pl. 37A
      Dyzelinas: 2.099 €/L → 2.079 €/L
      Dujos: 0.939 €/L → 0.929 €/L
  ~ Viada — Kaunas, Baltijos g. 90B
      95 benzinas: 1.839 €/L → 1.799 €/L
      Dyzelinas: 2.069 €/L → 1.999 €/L
  ~ Viada — Kaunas, Biruliškių g. 18A
      Dyzelinas: 2.099 €/L → 2.089 €/L
  ~ Viada — Kaunas, Didžioji g. 84
      Dyzelinas: 2.139 €/L → 2.099 €/L
  ~ Viada — Kaunas, Karaliaus Mindaugo pr. 54
      95 benzinas: 1.889 €/L → 1.859 €/L
      Dyzelinas: 2.129 €/L → 2.069 €/L
  ~ Viada — Kaunas, Miežėnų g. 18
      95 benzinas: 1.839 €/L → 1.799 €/L
      Dyzelinas: 2.069 €/L → 1.999 €/L
  ~ Viada — Kaunas, P. Lukšio g. 66A
      95 benzinas: 1.829 €/L → 1.819 €/L
      Dyzelinas: 2.089 €/L → 2.059 €/L
  ~ Viada — Kaunas, Pramonės pr. 44
      95 benzinas: 1.849 €/L → 1.789 €/L
      Dyzelinas: 2.099 €/L → 1.999 €/L
      Dujos: 0.959 €/L → 0.949 €/L
  ~ Viada — Kaunas, Raudondvario pl. 288
      95 benzinas: 1.849 €/L → 1.809 €/L
      Dyzelinas: 2.089 €/L → 2.049 €/L
  ~ Viada — Kaunas, Statybininkų g. 3A
      95 benzinas: 1.839 €/L → 1.829 €/L
      Dyzelinas: 2.089 €/L → 2.079 €/L
  ~ Viada — Kaunas, T. Masiulio g. 22B
      Dyzelinas: 2.099 €/L → 2.089 €/L
  ~ Viada — Kaunas, Veiverių g. 117
      95 benzinas: 1.869 €/L → 1.839 €/L
      Dyzelinas: 2.129 €/L → 2.069 €/L
  ~ Viada — Kaunas, Veiverių g. 124B
      95 benzinas: 1.869 €/L → 1.839 €/L
      Dyzelinas: 2.129 €/L → 2.069 €/L
  ~ Viada — Margavos k.
      95 benzinas: 1.889 €/L → 1.859 €/L
      Dyzelinas: 2.139 €/L → 2.099 €/L
  ~ Viada — Zapyškis, Vytauto g. 20A
      95 benzinas: 1.879 €/L → 1.859 €/L
      Dyzelinas: 2.139 €/L → 2.099 €/L
  ~ Viada — Klaipėda, Liepojos g. 242
      95 benzinas: 1.889 €/L → 1.799 €/L
      Dyzelinas: 2.139 €/L → 2.059 €/L
  ~ Viada — Klaipėda, Nemuno g. 139
      95 benzinas: 1.859 €/L → 1.779 €/L
      Dyzelinas: 2.109 €/L → 2.019 €/L
  ~ Viada — Klaipėda, Priestočio g. 28
      95 benzinas: 1.859 €/L → 1.779 €/L
      Dyzelinas: 2.109 €/L → 2.019 €/L
  ~ Viada — Klaipėda, Šilutės pl. 52
      95 benzinas: 1.889 €/L → 1.799 €/L
      Dyzelinas: 2.139 €/L → 2.059 €/L
  ~ Viada — Klaipėda, Taikos pr. 70A-1
      95 benzinas: 1.859 €/L → 1.779 €/L
      Dyzelinas: 2.109 €/L → 2.019 €/L
  ~ Viada — Gargždai, Vilniaus pl. 65
      95 benzinas: 1.869 €/L → 1.859 €/L
      Dyzelinas: 2.129 €/L → 2.119 €/L
  ~ Viada — Sudmantų k., Vilniaus pl. 6
      95 benzinas: 1.869 €/L → 1.839 €/L
      Dyzelinas: 2.129 €/L → 2.099 €/L
  ~ Viada — Kerelių k. 1A
      95 benzinas: 1.819 €/L → 1.809 €/L
      Dyzelinas: 2.059 €/L → 2.039 €/L
  ~ Viada — Kupiškis, Pergalės g. 15
      95 benzinas: 1.819 €/L → 1.809 €/L
      Dyzelinas: 2.059 €/L → 2.039 €/L
  ~ Viada — Lazdijai, Turistų g. 32
      95 benzinas: 1.759 €/L → 1.739 €/L
  ~ Viada — Marijampolė, Geležinkelio g. 5
      95 benzinas: 1.849 €/L → 1.799 €/L
      Dyzelinas: 2.129 €/L → 1.999 €/L
  ~ Viada — Marijampolė, J. Ambrazevičiaus-Brazaičio g. 2
      95 benzinas: 1.849 €/L → 1.799 €/L
      Dyzelinas: 2.129 €/L → 1.999 €/L
  ~ Viada — Mažeikiai, Montuotojų g. 2A
      95 benzinas: 1.799 €/L → 1.789 €/L
      Dyzelinas: 2.089 €/L → 1.969 €/L
  ~ Viada — Mažeikiai, Žemaitijos g. 75
      95 benzinas: 1.799 €/L → 1.789 €/L
      Dyzelinas: 2.089 €/L → 1.969 €/L
  ~ Viada — Molėtai, Vilniaus g. 101
      95 benzinas: 1.859 €/L → 1.799 €/L
      Dyzelinas: 2.139 €/L → 2.059 €/L
  ~ Viada — Gojaus k., Utenos g. 16
      95 benzinas: 1.859 €/L → 1.799 €/L
      Dyzelinas: 2.139 €/L → 2.059 €/L
  ~ Viada — Krekenava, Tilto g. 35
      95 benzinas: 1.899 €/L → 1.879 €/L
      Dyzelinas: 2.149 €/L → 2.099 €/L
  ~ Viada — Šilagalio k., Panevėžio aplinkl. 5
      95 benzinas: 1.839 €/L → 1.799 €/L
      Dyzelinas: 2.069 €/L → 2.019 €/L
  ~ Viada — Tičkūnų k., Tičkūnų g. 31
      95 benzinas: 1.859 €/L → 1.819 €/L
      Dyzelinas: 2.079 €/L → 2.019 €/L
  ~ Viada — Panevėžys, J. Janonio g. 28A
      95 benzinas: 1.859 €/L → 1.819 €/L
      Dyzelinas: 2.079 €/L → 2.019 €/L
  ~ Viada — Panevėžys, Navadolio g. 31
      95 benzinas: 1.859 €/L → 1.819 €/L
      Dyzelinas: 2.079 €/L → 2.019 €/L
  ~ Viada — Panevėžys, Pušaloto g. 193A
      95 benzinas: 1.859 €/L → 1.819 €/L
      Dyzelinas: 2.079 €/L → 2.019 €/L
  ~ Viada — Panevėžys, Ramygalos g. 155
      95 benzinas: 1.859 €/L → 1.819 €/L
      Dyzelinas: 2.079 €/L → 2.019 €/L
  ~ Viada — Panevėžys, Ramygalos g. 186G
      95 benzinas: 1.859 €/L → 1.819 €/L
      Dyzelinas: 2.079 €/L → 2.019 €/L
  ~ Viada — Panevėžys, Senamiesčio g. 116A
      Dyzelinas: 2.079 €/L → 2.019 €/L
  ~ Viada — Panevėžys, Venslaviškio g. 16
      95 benzinas: 1.859 €/L → 1.819 €/L
      Dyzelinas: 2.079 €/L → 2.019 €/L
  ~ Viada — Pasvalys, Vilniaus g. 50
      Dyzelinas: 2.099 €/L → 2.059 €/L
  ~ Viada — Plungė, J. Tumo-Vaižganto g. 102
      Dyzelinas: 2.059 €/L → 2.019 €/L
  ~ Viada — Plungė, Žaltakalnio g. 10
      Dyzelinas: 2.059 €/L → 2.019 €/L
  ~ Viada — Jašiūnai, Lydos g. 13
      95 benzinas: 1.899 €/L → 1.859 €/L
  ~ Viada — Šiauliai, Dubijos g. 1C
      95 benzinas: 1.869 €/L → 1.829 €/L
      Dyzelinas: 2.099 €/L → 2.039 €/L
  ~ Viada — Šiauliai, Gegužių g. 26
      95 benzinas: 1.879 €/L → 1.829 €/L
      Dyzelinas: 2.119 €/L → 2.039 €/L
  ~ Viada — Šiauliai, J. Basanavičiaus g. 122A
      95 benzinas: 1.879 €/L → 1.829 €/L
      Dyzelinas: 2.119 €/L → 2.039 €/L
  ~ Viada — Šiauliai, Tilžės g. 274
      95 benzinas: 1.879 €/L → 1.829 €/L
      Dyzelinas: 2.119 €/L → 2.039 €/L
  ~ Viada — Šiauliai, Užmiesčio g. 2
      95 benzinas: 1.899 €/L → 1.839 €/L
      Dyzelinas: 2.139 €/L → 2.059 €/L
  ~ Viada — Aukštelkės k., Ilgoji g. 1
      95 benzinas: 1.889 €/L → 1.859 €/L
      Dyzelinas: 2.149 €/L → 2.099 €/L
  ~ Viada — Kuodaičių k.
      95 benzinas: 1.899 €/L → 1.889 €/L
      Dyzelinas: 2.149 €/L → 2.099 €/L
  ~ Viada — Šilutė, Tilžės g. 59
      95 benzinas: 1.869 €/L → 1.839 €/L
      Dyzelinas: 2.069 €/L → 2.039 €/L
  ~ Viada — Širvintos, Plento g. 4
      95 benzinas: 1.859 €/L → 1.829 €/L
      Dyzelinas: 2.099 €/L → 2.079 €/L
  ~ Viada — Pabradė, Vilniaus g. 116B
      95 benzinas: 1.889 €/L → 1.859 €/L
      Dyzelinas: 2.139 €/L → 2.099 €/L
  ~ Viada — Tauragė, Dariaus ir Girėno g. 138A
      95 benzinas: 1.859 €/L → 1.799 €/L
      Dyzelinas: 2.099 €/L → 2.029 €/L
  ~ Viada — Tauragė, Pramonės g. 1
      95 benzinas: 1.859 €/L → 1.799 €/L
      Dyzelinas: 2.099 €/L → 2.029 €/L
  ~ Viada — Telšiai, Pramonės g. 2A
      95 benzinas: 1.809 €/L → 1.769 €/L
      Dyzelinas: 2.109 €/L → 1.999 €/L
  ~ Viada — Ukmergė, Žiedo g. 15
      95 benzinas: 1.859 €/L → 1.829 €/L
      Dyzelinas: 2.099 €/L → 2.079 €/L
  ~ Viada — Utena, Metalo g. 8
      95 benzinas: 1.869 €/L → 1.799 €/L
      Dyzelinas: 2.129 €/L → 2.039 €/L
  ~ Viada — Utena, Pramonės g. 23
      95 benzinas: 1.869 €/L → 1.799 €/L
      Dyzelinas: 2.129 €/L → 2.039 €/L
  ~ Viada — Gedimino k., Vyturio g. 2
      95 benzinas: 1.869 €/L → 1.799 €/L
      Dyzelinas: 2.129 €/L → 2.039 €/L
  ~ Viada — Avižienių k., Ožiarūčių g. 1a
      Dyzelinas: 2.129 €/L → 2.099 €/L
  ~ Viada — Vilnius, Ateities g. 17B
      95 benzinas: 1.789 €/L → 1.769 €/L
      Dyzelinas: 2.069 €/L → 2.009 €/L
      Dujos: 0.949 €/L → 0.929 €/L
  ~ Viada — Vilnius, Dariaus ir Girėno g. 30A
      95 benzinas: 1.889 €/L → 1.839 €/L
      Dyzelinas: 2.129 €/L → 2.059 €/L
  ~ Viada — Vilnius, Gariūnų g. 16A
      95 benzinas: 1.839 €/L → 1.829 €/L
      Dyzelinas: 2.099 €/L → 2.059 €/L
  ~ Viada — Vilnius, Grigiškės, Kovo 11-osios g. 75
      95 benzinas: 1.869 €/L → 1.859 €/L
      Dyzelinas: 2.129 €/L → 2.099 €/L
  ~ Viada — Vilnius, Justiniškių g. 12
      95 benzinas: 1.859 €/L → 1.819 €/L
      Dyzelinas: 2.069 €/L → 2.039 €/L
  ~ Viada — Vilnius, Kirtimų g. 29
      95 benzinas: 1.869 €/L → 1.829 €/L
      Dyzelinas: 2.099 €/L → 2.079 €/L
  ~ Viada — Vilnius, Laisvės pr. 8
      95 benzinas: 1.889 €/L → 1.859 €/L
      Dyzelinas: 2.099 €/L → 2.079 €/L
  ~ Viada — Vilnius, Liepkalnio g. 128A
      95 benzinas: 1.889 €/L → 1.859 €/L
      Dyzelinas: 2.129 €/L → 2.079 €/L
  ~ Viada — Vilnius, Naugarduko g. 74
      95 benzinas: 1.889 €/L → 1.859 €/L
      Dyzelinas: 2.129 €/L → 2.079 €/L
  ~ Viada — Vilnius, Nemenčinės pl. 5
      Dyzelinas: 2.129 €/L → 2.099 €/L
  ~ Viada — Vilnius, Olandų g. 57
      95 benzinas: 1.889 €/L → 1.859 €/L
      Dyzelinas: 2.129 €/L → 2.079 €/L
  ~ Viada — Vilnius, Ozo g. 12
      95 benzinas: 1.859 €/L → 1.799 €/L
      Dyzelinas: 2.119 €/L → 2.059 €/L
  ~ Viada — Vilnius, Pilaitės pr. 13
      95 benzinas: 1.889 €/L → 1.839 €/L
      Dyzelinas: 2.129 €/L → 2.079 €/L
  ~ Viada — Vilnius, Pilaitės pr. 28
      95 benzinas: 1.889 €/L → 1.839 €/L
      Dyzelinas: 2.129 €/L → 2.079 €/L
  ~ Viada — Vilnius, Saltoniškių g. 12
      95 benzinas: 1.849 €/L → 1.799 €/L
      Dyzelinas: 2.109 €/L → 2.039 €/L
  ~ Viada — Vilnius, Sodų g. 22
      95 benzinas: 1.859 €/L → 1.819 €/L
      Dyzelinas: 2.099 €/L → 2.059 €/L
  ~ Viada — Vilnius, Verkių g. 52
      95 benzinas: 1.819 €/L → 1.779 €/L
      Dyzelinas: 2.089 €/L → 2.029 €/L
  ~ Viada — Vilnius, Vilkpėdės g. 2
      95 benzinas: 1.819 €/L → 1.799 €/L
      Dyzelinas: 2.099 €/L → 2.019 €/L
  ~ Viada — Juodalaukių k. 2
      95 benzinas: 1.899 €/L → 1.859 €/L
      Dyzelinas: 2.149 €/L → 2.099 €/L
  ~ Autograndas — Taikos pr. 47
      95 benzinas: 1.694 €/L → 1.732 €/L
      Dyzelinas: 1.894 €/L → 1.997 €/L
  ~ Utentra — Utena, Pramonės g. 16
      Dyzelinas: 1.859 €/L → 1.959 €/L
  ~ Skulas — Likiškėlių k., Kalninės g. 5
      95 benzinas: 1.700 €/L → 1.690 €/L
      Dyzelinas: 1.970 €/L → 1.980 €/L
      Dujos: 0.910 €/L → 0.900 €/L
  ~ Skulas — Pasvalys, Mūšos g. 2 E
      95 benzinas: 1.760 €/L → 1.750 €/L
      Dyzelinas: 1.980 €/L → 1.987 €/L
      Dujos: 0.860 €/L → 0.850 €/L
  ~ Skulas — Vilnius, J.Kazlausko g. 34
      95 benzinas: 1.739 €/L → 1.729 €/L
      Dyzelinas: 1.969 €/L → 1.959 €/L
  ~ Deliuvis — Pušaloto g. 140, Panevėžys
      95 benzinas: 1.709 €/L → 1.759 €/L
      Dyzelinas: 1.929 €/L → 1.969 €/L
  ~ Deliuvis — G.Petkevičaitės-Bitės 35C, Panevėžys
      95 benzinas: 1.709 €/L → 1.759 €/L
      Dyzelinas: 1.929 €/L → 1.969 €/L
  ~ Deliuvis — S.Kerbedžio 2, Panevėžys
      95 benzinas: 1.709 €/L → 1.759 €/L
      Dyzelinas: 1.929 €/L → 1.969 €/L
  ~ Velseka — Panevėžio g. 5, Kupiškis
      95 benzinas: 1.679 €/L → 1.671 €/L
      Dyzelinas: 1.909 €/L → 1.939 €/L
  ~ Madalva — Žygaičių k., Žygaičių g.2
      95 benzinas: 1.640 €/L → 1.690 €/L
  ~ Prie Luksto — Telšiai, Masčio g. 21
      95 benzinas: 1.805 €/L → 1.773 €/L
      Dyzelinas: 2.105 €/L → 1.965 €/L
  ~ Boost Petrol — Ginkūnų k., Aušros g. 26
      95 benzinas: 1.869 €/L → 1.839 €/L
      Dyzelinas: 2.119 €/L → 2.049 €/L
  ~ Boost Petrol — Kęstučio g. 1B, Kelmė
      95 benzinas: 1.869 €/L → 1.839 €/L
      Dyzelinas: 2.119 €/L → 2.049 €/L
  ~ Boost Petrol — Kuršukų k., Plento g. 1
      95 benzinas: 1.899 €/L → 1.869 €/L
      Dyzelinas: 2.129 €/L → 2.089 €/L
  ~ Boost Petrol — Marvelės g. 132, Kaunas
      95 benzinas: 1.869 €/L → 1.849 €/L
      Dyzelinas: 2.119 €/L → 2.069 €/L
  ~ Boost Petrol — Dubijos g. 36
      95 benzinas: 1.899 €/L → 1.869 €/L
      Dyzelinas: 2.129 €/L → 2.089 €/L
  ~ Boost Petrol — Smėlinkos k.
      95 benzinas: 1.810 €/L → 1.760 €/L
      Dyzelinas: 2.090 €/L → 1.990 €/L
  ~ Boost Petrol — Zarasų g. 9, Utena
      95 benzinas: 1.819 €/L → 1.759 €/L
      Dyzelinas: 2.089 €/L → 1.989 €/L
  ~ Boost Petrol — Maironių k., Kuršių g. 2
      95 benzinas: 1.780 €/L → 1.760 €/L
      Dyzelinas: 1.990 €/L → 1.960 €/L
  ~ Stateta — Kantališkių k.
      Dyzelinas: 1.960 €/L → 1.949 €/L
  ~ Stateta — Ukmergės g. 246, Vilnius
      Dyzelinas: 1.979 €/L → 1.949 €/L
  ~ Stateta — Alytaus k.
      Dyzelinas: 1.969 €/L → 1.949 €/L
  ~ Stateta — Kauno g.1, Miklusėnai
      Dyzelinas: 1.969 €/L → 1.949 €/L
  ~ Stateta — Kaniukų k.
      Dyzelinas: 1.969 €/L → 1.949 €/L
  ~ Stateta — Gustaičių k.
      95 benzinas: 1.680 €/L → 1.690 €/L
      Dyzelinas: 1.960 €/L → 1.949 €/L
  ~ Stateta — Erdvės g. 78, Ramučių k.
      Dyzelinas: 1.969 €/L → 1.949 €/L
  ~ Stateta — Žemdirbių g. 15, Paliūniškio k.
      95 benzinas: 1.671 €/L → 1.681 €/L
      Dyzelinas: 1.969 €/L → 1.949 €/L
  ~ Stateta — Panevėžio g. 9, Kupiškis
      95 benzinas: 1.671 €/L → 1.681 €/L
      Dyzelinas: 1.969 €/L → 1.949 €/L
  ~ Stateta — Turgaus g. 4, Kreivukė
      95 benzinas: 1.671 €/L → 1.681 €/L
      Dyzelinas: 1.969 €/L → 1.949 €/L
  ~ Stateta — Minijos g. 90, Klaipėda
      95 benzinas: 1.651 €/L → 1.661 €/L
      Dyzelinas: 1.959 €/L → 1.949 €/L
  ~ Stateta — Palangos g. 66, Utena
      95 benzinas: 1.671 €/L → 1.681 €/L
      Dyzelinas: 1.969 €/L → 1.949 €/L
  ~ Emsi — Ūdrijos g.2, Alytus
      Dujos: 0.920 €/L → 0.900 €/L
  ~ Emsi — Jaunimo g.2a, Biržai
      Dyzelinas: 2.000 €/L → 1.990 €/L
      Dujos: 0.890 €/L → 0.900 €/L
  ~ Emsi — Bukiškio k. Ukmergės g.437
      Dyzelinas: 2.079 €/L → 2.059 €/L
  ~ Emsi — Draugystės g.8B, Kaunas
      95 benzinas: 1.739 €/L → 1.699 €/L
      Dyzelinas: 2.029 €/L → 1.999 €/L
  ~ Emsi — Vilnius, Spyglių g. 2
      95 benzinas: 1.799 €/L → 1.789 €/L
      Dujos: 0.909 €/L → 0.929 €/L
  ~ Emsi — Ilgakiemio k., Kauno g.25
      Dujos: 0.890 €/L → 0.900 €/L
  ~ Emsi — Jeruzalės 2, Vilnius
      Dyzelinas: 2.069 €/L → 2.029 €/L
  ~ Emsi — Vasario 16-osios g.70, Jonava
      95 benzinas: 1.799 €/L → 1.749 €/L
      Dyzelinas: 2.069 €/L → 2.049 €/L
  ~ Emsi — Durpyno 63, Jonušų k.
      95 benzinas: 1.779 €/L → 1.769 €/L
      Dyzelinas: 2.039 €/L → 2.029 €/L
      Dujos: 0.890 €/L → 0.900 €/L
  ~ Emsi — Medelyno g.126 Kalotės k.
      95 benzinas: 1.770 €/L → 1.760 €/L
      Dyzelinas: 2.030 €/L → 2.020 €/L
      Dujos: 0.890 €/L → 0.900 €/L
  ~ Emsi — Kareivių g. 4, Vilnius
      95 benzinas: 1.759 €/L → 1.719 €/L
      Dyzelinas: 2.049 €/L → 2.029 €/L
  ~ Emsi — Jonavos g. 292B, Kaunas
      Dyzelinas: 2.029 €/L → 1.989 €/L
  ~ Emsi — Kirtimų g. 33, Vilnius
      95 benzinas: 1.769 €/L → 1.759 €/L
      Dyzelinas: 2.049 €/L → 2.019 €/L
      Dujos: 0.899 €/L → 0.909 €/L
  ~ Emsi — Laisvės pr. 80B, Vilnius
      95 benzinas: 1.739 €/L → 1.719 €/L
      Dujos: 0.919 €/L → 0.899 €/L
  ~ Emsi — Lazdijų sen., Janaslavo k.11
      95 benzinas: 1.649 €/L → 1.669 €/L
  ~ Emsi — Sodų g.3A, Lentvaris
      95 benzinas: 1.790 €/L → 1.770 €/L
      Dyzelinas: 2.040 €/L → 2.030 €/L
  ~ Emsi — Liepkalnio g.112A, Vilnius
      Dyzelinas: 2.039 €/L → 2.029 €/L
  ~ Emsi — Mokyklos g. 26, Maišiagalos mstl.
      Dyzelinas: 2.079 €/L → 2.059 €/L
  ~ Emsi — Stoties g. 6B, Marijampolė
      95 benzinas: 1.769 €/L → 1.659 €/L
      Dyzelinas: 2.039 €/L → 1.959 €/L
      Dujos: 0.920 €/L → 0.890 €/L
  ~ Emsi — Masiulio g.16C, Kaunas
      95 benzinas: 1.779 €/L → 1.699 €/L
      Dyzelinas: 2.039 €/L → 1.999 €/L
  ~ Emsi — Marijampolės g. 58, Mastaičių k.
      Dujos: 0.890 €/L → 0.900 €/L
  ~ Emsi — Minijos g.154A, Klaipėda
      95 benzinas: 1.750 €/L → 1.740 €/L
      Dyzelinas: 1.950 €/L → 1.940 €/L
  ~ Emsi — Savanorių pr.402A, Kaunas
      95 benzinas: 1.779 €/L → 1.739 €/L
      Dyzelinas: 2.039 €/L → 1.999 €/L
      Dujos: 0.919 €/L → 0.899 €/L
  ~ Emsi — Nemuno g.79A, Panevėžys
      Dyzelinas: 1.929 €/L → 1.949 €/L
  ~ Emsi — Pasvalys, Taikos g.24
      95 benzinas: 1.759 €/L → 1.769 €/L
      Dyzelinas: 2.019 €/L → 1.999 €/L
  ~ Emsi — Paukštininkų g.4a, Kaišiadorys
      95 benzinas: 1.759 €/L → 1.749 €/L
      Dyzelinas: 2.049 €/L → 2.039 €/L
  ~ Emsi — Kauno g.165, Pietarių k.
      95 benzinas: 1.769 €/L → 1.659 €/L
      Dyzelinas: 2.039 €/L → 1.959 €/L
  ~ Emsi — Pajautos g. 31, Vilnius (Pilaitė)
      95 benzinas: 1.759 €/L → 1.719 €/L
      Dyzelinas: 2.049 €/L → 1.969 €/L
  ~ Emsi — Miško g.62, Radviliškis
      Dyzelinas: 2.019 €/L → 1.999 €/L
  ~ Emsi — Sausių g.2 Sausių k..
      95 benzinas: 1.760 €/L → 1.750 €/L
      Dujos: 0.900 €/L → 0.920 €/L
  ~ Emsi — Savanorių 225, Vilnius
      95 benzinas: 1.779 €/L → 1.759 €/L
      Dyzelinas: 2.059 €/L → 2.019 €/L
  ~ Emsi — Sereikonių k., Baltijos kelio g.2
      95 benzinas: 1.759 €/L → 1.769 €/L
      Dyzelinas: 2.019 €/L → 1.999 €/L
  ~ Emsi — Sembos g.5, Šiauliai
      95 benzinas: 1.719 €/L → 1.699 €/L
  ~ Emsi — Šilagalio k., Panevėžio aplinkl.12
      Dyzelinas: 2.029 €/L → 1.999 €/L
  ~ Emsi — Gluosnių g.4A, Šilutė
      95 benzinas: 1.780 €/L → 1.750 €/L
      Dyzelinas: 2.000 €/L → 1.950 €/L
      Dujos: 0.910 €/L → 0.890 €/L
  ~ Emsi — Skaisčiūnų k., Europos g.11
      95 benzinas: 1.769 €/L → 1.659 €/L
      Dyzelinas: 2.039 €/L → 1.959 €/L
  ~ Emsi — Gunkliškių g.2F, Vilnius
      95 benzinas: 1.799 €/L → 1.779 €/L
      Dyzelinas: 2.049 €/L → 2.039 €/L
  ~ Emsi — Vandžiogalos pl.86A, Kaunas
      95 benzinas: 1.790 €/L → 1.690 €/L
      Dyzelinas: 2.040 €/L → 2.020 €/L
  ~ Virši — L.Taunio g. 3, Pasūduonės km.
      95 benzinas: 1.864 €/L → 1.804 €/L
      Dyzelinas: 2.134 €/L → 2.004 €/L
      Dujos: 0.945 €/L → 0.875 €/L
  ~ Circle K — Pramogų g. 4, Truikių k.
      Dyzelinas: 2.059 €/L → 1.999 €/L
  ~ Regusa — Medelyno g. 4A, Jūrės k.
      95 benzinas: 1.740 €/L → 1.750 €/L
      Dyzelinas: 1.990 €/L → 2.010 €/L
  ~ Regusa — Sodo g. 11, Gavaltuvos k.
      95 benzinas: 1.730 €/L → 1.750 €/L
      Dyzelinas: 1.980 €/L → 2.010 €/L
  ~ Regusa — J. Basanavičiaus g. 45A, Kybartai
      95 benzinas: 1.750 €/L → 1.760 €/L
      Dyzelinas: 2.040 €/L → 2.050 €/L
  ~ Regusa — S. Daukanto g. 19D, Kazlų Rūda
      95 benzinas: 1.740 €/L → 1.750 €/L
      Dyzelinas: 1.990 €/L → 2.010 €/L
  ~ Regusa — Marijampolės pl. 20, Kaunas
      95 benzinas: 1.690 €/L → 1.720 €/L
      Dyzelinas: 1.960 €/L → 1.970 €/L
  ~ Propano ir butano dujų centras — Švenčionių 35, Ignalina
      95 benzinas: 1.729 €/L → 1.860 €/L
      Dyzelinas: 1.939 €/L → 2.120 €/L
      Dujos: 0.880 €/L → 0.950 €/L
  ~ Propano ir butano dujų centras — Aukštaičių g. 2a, Cirkliškio k.
      95 benzinas: 1.730 €/L → 1.849 €/L
      Dyzelinas: 1.930 €/L → 2.109 €/L
      Dujos: 0.880 €/L → 0.900 €/L
  ~ Melkasta — Gulbiniškių k. 7
      95 benzinas: 1.750 €/L → 1.770 €/L
  ~ Eu Verslas — Viekšnių g. 24, Mažeikiai
      95 benzinas: 1.739 €/L → 1.719 €/L
      Dyzelinas: 1.979 €/L → 1.909 €/L
  ~ Eu Verslas — Telšių g. 127, Jovaišiškės k.
      95 benzinas: 1.759 €/L → 1.749 €/L
      Dyzelinas: 1.959 €/L → 1.949 €/L
  ~ Eu Verslas — Stoties g. 7C, Plungė
      95 benzinas: 1.760 €/L → 1.750 €/L
      Dyzelinas: 1.960 €/L → 1.950 €/L
  ~ Šventosios investicijos — Elijos g.26 Palanga (Šventoji)
      Dyzelinas: 2.129 €/L → 2.099 €/L
  ~ Circle K — J.Basanavičiaus g. 103, Kėdainiai
      95 benzinas: 1.854 €/L → 1.799 €/L
      Dyzelinas: 2.114 €/L → 2.054 €/L
  ~ S.Savicko įmonė — Šėtos g. 120 , Kėdainiai
      95 benzinas: 1.824 €/L → 1.769 €/L
      Dyzelinas: 2.084 €/L → 1.999 €/L
  ~ S.Savicko įmonė — Dariaus ir Girėno 23 A, Kėdainiai
      95 benzinas: 1.824 €/L → 1.769 €/L
      Dyzelinas: 2.084 €/L → 1.999 €/L
  ~ S.Savicko įmonė — Gedimino g. 50 , Kėdainiai
      95 benzinas: 1.824 €/L → 1.769 €/L
      Dyzelinas: 2.084 €/L → 1.999 €/L
  ~ S.Savicko įmonė — Vandžiogalos g 29,Saviečių k.
      95 benzinas: 1.824 €/L → 1.769 €/L
      Dyzelinas: 2.084 €/L → 1.999 €/L
  ~ Andopas — Ramučių g.43
      Dyzelinas: 1.960 €/L → 1.990 €/L
  ~ A. Praškevičiaus IĮ — Kalvių g. 4, Šventininkų k.
      95 benzinas: 1.670 €/L → 1.700 €/L

Unchanged: 252 station(s).
