=== 2026-05-04 ===

New stations (1):
  + Tripletas — Sedos g. 16, Mažeikiai, Mažeikių r. sav.
    Coords: 56.30528, 22.34249
    95: 1.720 €/L  |  Dyzelinas: 1.930 €/L  |  Dujos: 0.870 €/L
Removed stations: none.

Price changes (587):
  ~ Alauša — Palijoniškio g. 1, Utena
      95 benzinas: 1.739 €/L → 1.709 €/L
      Dyzelinas: 1.999 €/L → 1.939 €/L
  ~ Alauša — Kosmoso g. 3, Visaginas
      95 benzinas: 1.759 €/L → 1.749 €/L
      Dyzelinas: 1.999 €/L → 1.979 €/L
  ~ Alauša — Palemono g. 171, Kaunas
      95 benzinas: 1.754 €/L → 1.749 €/L
      Dyzelinas: 1.984 €/L → 1.979 €/L
  ~ Alauša — Kalvarijų g. 204G, Vilnius
      95 benzinas: 1.759 €/L → 1.729 €/L
      Dyzelinas: 2.019 €/L → 1.999 €/L
      Dujos: 0.924 €/L → 0.899 €/L
  ~ Alauša — Kirtimų g. 23A, Vilnius
      95 benzinas: 1.799 €/L → 1.759 €/L
      Dyzelinas: 1.999 €/L → 1.979 €/L
      Dujos: 0.929 €/L → 0.919 €/L
  ~ Alauša — Pelesos g. 1/2, Vilnius
      95 benzinas: 1.809 €/L → 1.779 €/L
      Dyzelinas: 1.999 €/L → 1.979 €/L
  ~ Alauša — Kauno g. 37, Ukmergė
      95 benzinas: 1.769 €/L → 1.734 €/L
      Dyzelinas: 1.959 €/L → 1.924 €/L
  ~ Alauša — Plento g. 17, Daugailiai
      95 benzinas: 1.739 €/L → 1.709 €/L
      Dyzelinas: 1.999 €/L → 1.939 €/L
      Dujos: 0.924 €/L → 0.919 €/L
  ~ Alauša — Vilniaus g. 8, Grigiškės
      95 benzinas: 1.799 €/L → 1.759 €/L
      Dyzelinas: 2.049 €/L → 1.999 €/L
      Dujos: 0.898 €/L → 0.899 €/L
  ~ Alauša — Plytinės g. 2, Puskelnių k.
      95 benzinas: 1.699 €/L → 1.729 €/L
      Dyzelinas: 1.999 €/L → 1.929 €/L
  ~ Alauša — Stoties g. 49, Marijampolė
      95 benzinas: 1.749 €/L → 1.729 €/L
      Dyzelinas: 1.979 €/L → 1.949 €/L
      Dujos: 0.929 €/L → 0.889 €/L
  ~ Alauša — Paširvio g. 1, Paširvinčio k.
      95 benzinas: 1.754 €/L → 1.699 €/L
      Dyzelinas: 1.994 €/L → 1.899 €/L
      Dujos: 0.914 €/L → 0.899 €/L
  ~ Alauša — Šakių g. 51, Kudirkos Naumiestis
      Dyzelinas: 2.029 €/L → 1.999 €/L
  ~ Alauša — Skraičionių g. 1, Skraičionių k.
      95 benzinas: 1.814 €/L → 1.799 €/L
      Dyzelinas: 2.104 €/L → 1.999 €/L
  ~ Alauša — Europos g. 17, Salaperaugio k.
      Dyzelinas: 2.099 €/L → 2.049 €/L
  ~ Alauša — Švenčionių g. 29A, Ignalina
      95 benzinas: 1.829 €/L → 1.799 €/L
      Dyzelinas: 2.089 €/L → 2.049 €/L
      Dujos: 0.899 €/L → 0.859 €/L
  ~ Alauša — Šiaurės g. 39, Vilnius
      Dyzelinas: 2.014 €/L → 1.994 €/L
  ~ Alauša — Sporto g. 50A, Marijampolė
      95 benzinas: 1.749 €/L → 1.739 €/L
      Dyzelinas: 1.979 €/L → 1.949 €/L
  ~ Alauša — J. Basanavičiaus g. 1C, Utena
      95 benzinas: 1.734 €/L → 1.704 €/L
      Dyzelinas: 1.994 €/L → 1.894 €/L
  ~ Alauša — Šv. Stepono g. 44, Vilnius
      95 benzinas: 1.759 €/L → 1.739 €/L
      Dyzelinas: 1.999 €/L → 1.959 €/L
  ~ Alauša — Buivydiškių g. 5, Vilnius
      95 benzinas: 1.759 €/L → 1.749 €/L
      Dyzelinas: 1.999 €/L → 1.989 €/L
  ~ Alauša — Santaikos g. 2A, Santaikos k.
      Dyzelinas: 1.999 €/L → 1.989 €/L
  ~ Alauša — Laisvės pr. 125A, Vilnius
      95 benzinas: 1.719 €/L → 1.749 €/L
      Dyzelinas: 1.999 €/L → 1.959 €/L
  ~ Alauša — Dariaus ir Girėno g. 36, Obeliai
      95 benzinas: 1.829 €/L → 1.799 €/L
      Dyzelinas: 2.079 €/L → 2.049 €/L
  ~ Alauša — A. Vienuolio g. 32A, Anykščiai
      95 benzinas: 1.734 €/L → 1.699 €/L
  ~ Apsaga — Vilniaus g.16, Šiauliai
      95 benzinas: 1.769 €/L → 1.789 €/L
      Dyzelinas: 1.969 €/L → 1.999 €/L
  ~ Apsaga — Pramonės g. 3A, Šiauliai
      95 benzinas: 1.785 €/L → 1.809 €/L
      Dyzelinas: 1.989 €/L → 2.019 €/L
  ~ Apsaga — Pramonės g. 28, Šiauliai
      95 benzinas: 1.785 €/L → 1.809 €/L
      Dyzelinas: 1.989 €/L → 2.019 €/L
  ~ Apsaga — Nuklono g. 4, Šiauliai
      95 benzinas: 1.785 €/L → 1.809 €/L
      Dyzelinas: 1.989 €/L → 1.979 €/L
  ~ Apsaga — Tilžės g. 223, Šiauliai
      95 benzinas: 1.769 €/L → 1.800 €/L
      Dyzelinas: 1.989 €/L → 1.979 €/L
  ~ Apsaga — V. Bielskio g. 47A, Šiauliai
      95 benzinas: 1.780 €/L → 1.790 €/L
      Dyzelinas: 1.990 €/L → 1.999 €/L
  ~ Apsaga — Šiaulių g.12, Radviliškis
      95 benzinas: 1.799 €/L → 1.805 €/L
      Dyzelinas: 2.049 €/L → 2.029 €/L
      Dujos: 0.959 €/L → 0.949 €/L
  ~ Apsaga — Beržų g. 19, Baisogalos k.
      95 benzinas: 1.745 €/L → 1.805 €/L
      Dyzelinas: 2.049 €/L → 2.029 €/L
  ~ Apsaga — Radikių k.
      95 benzinas: 1.745 €/L → 1.800 €/L
      Dyzelinas: 1.955 €/L → 2.019 €/L
  ~ Baltic Petroleum — Vilnius, Antakalnio g. 128
      95 benzinas: 1.719 €/L → 1.699 €/L
      Dyzelinas: 2.029 €/L → 1.999 €/L
      Dujos: 0.899 €/L → 0.879 €/L
  ~ Baltic Petroleum — Gudžionių k., Plento g. 24
      95 benzinas: 1.749 €/L → 1.779 €/L
      Dyzelinas: 1.989 €/L → 1.959 €/L
  ~ Baltic Petroleum — Vilnius, Gerosios Vilties g. 33
      95 benzinas: 1.829 €/L → 1.799 €/L
  ~ Baltic Petroleum — Vilnius, Savanorių pr. 121
      95 benzinas: 1.759 €/L → 1.719 €/L
      Dyzelinas: 1.969 €/L → 1.929 €/L
  ~ Baltic Petroleum — Kaunas, Raudondvario pl. 82
      95 benzinas: 1.759 €/L → 1.719 €/L
      Dyzelinas: 1.969 €/L → 1.909 €/L
  ~ Baltic Petroleum — Kaunas, Jonavos g. 60A
      95 benzinas: 1.759 €/L → 1.729 €/L
      Dyzelinas: 1.979 €/L → 1.909 €/L
  ~ Baltic Petroleum — Jaučiakių k.
      95 benzinas: 1.809 €/L → 1.789 €/L
      Dyzelinas: 2.069 €/L → 2.029 €/L
  ~ Baltic Petroleum — Klaipėda, Šilutės pl. 1
      95 benzinas: 1.689 €/L → 1.679 €/L
      Dyzelinas: 1.929 €/L → 1.889 €/L
  ~ Baltic Petroleum — Palanga, Klaipėdos pl. 44
      95 benzinas: 1.769 €/L → 1.749 €/L
      Dyzelinas: 1.979 €/L → 1.959 €/L
  ~ Baltic Petroleum — Šilutė, Klaipėdos g. 4A
      95 benzinas: 1.769 €/L → 1.739 €/L
      Dyzelinas: 1.969 €/L → 1.939 €/L
  ~ Baltic Petroleum — Alytus, Santaikos g. 33
      Dyzelinas: 1.969 €/L → 1.929 €/L
  ~ Baltic Petroleum — Druskininkai, Gardino g. 79
      95 benzinas: 1.839 €/L → 1.809 €/L
      Dyzelinas: 2.089 €/L → 2.049 €/L
  ~ Baltic Petroleum — Lazdijai, Turistų g. 88
      Dyzelinas: 1.989 €/L → 1.919 €/L
  ~ Baltic Petroleum — Telšiai, Šiaulių pl. 12
      95 benzinas: 1.759 €/L → 1.739 €/L
      Dyzelinas: 2.009 €/L → 1.949 €/L
  ~ Baltic Petroleum — Joniškis, Vilniaus g. 72
      95 benzinas: 1.689 €/L → 1.679 €/L
      Dyzelinas: 1.979 €/L → 1.899 €/L
  ~ Baltic Petroleum — Radviliškis, Miško g. 64
      Dyzelinas: 1.989 €/L → 1.949 €/L
  ~ Baltic Petroleum — Panevėžys, Velžio kelias 74
      95 benzinas: 1.739 €/L → 1.699 €/L
      Dyzelinas: 1.959 €/L → 1.919 €/L
  ~ Baltic Petroleum — Utena, Basanavičiaus g. 1B
      95 benzinas: 1.739 €/L → 1.709 €/L
      Dyzelinas: 1.999 €/L → 1.899 €/L
  ~ Baltic Petroleum — Jurbarkas, Muitinės g. 22A
      Dyzelinas: 2.030 €/L → 1.950 €/L
  ~ Baltic Petroleum — Kėdainiai, J. Basanavičiaus g. 95B
      95 benzinas: 1.779 €/L → 1.769 €/L
      Dyzelinas: 2.009 €/L → 1.969 €/L
  ~ Baltic Petroleum — Ukmergė, Kauno g. 49
      95 benzinas: 1.769 €/L → 1.739 €/L
      Dyzelinas: 1.959 €/L → 1.929 €/L
  ~ Baltic Petroleum — Valantiškio k.
      95 benzinas: 1.719 €/L → 1.739 €/L
      Dyzelinas: 2.029 €/L → 2.039 €/L
  ~ Baltic Petroleum — Šakiai, Sodų g. 1
      Dyzelinas: 2.030 €/L → 1.950 €/L
  ~ Baltic Petroleum — Trakai, Vilniaus g. 33
      95 benzinas: 1.779 €/L → 1.789 €/L
      Dyzelinas: 2.059 €/L → 2.029 €/L
  ~ Baltic Petroleum — Molėtai, Vilniaus g.104
      95 benzinas: 1.779 €/L → 1.759 €/L
      Dyzelinas: 2.019 €/L → 1.979 €/L
  ~ Baltic Petroleum — Kaunas, Minkovskių g. 132
      95 benzinas: 1.779 €/L → 1.749 €/L
      Dyzelinas: 2.039 €/L → 2.009 €/L
  ~ Baltic Petroleum — Varėna, Čiurlionio g. 63
      95 benzinas: 1.849 €/L → 1.749 €/L
      Dyzelinas: 2.119 €/L → 1.959 €/L
  ~ Baltic Petroleum — Klaipėda, Tilžės g. 90
      95 benzinas: 1.689 €/L → 1.679 €/L
      Dyzelinas: 1.929 €/L → 1.889 €/L
  ~ Baltic Petroleum — Vilnius, Metalo g. 4B
      Dyzelinas: 1.989 €/L → 1.969 €/L
  ~ Baltic Petroleum — Šalčininkai, Vilniaus g. 5A
      95 benzinas: 1.839 €/L → 1.809 €/L
      Dyzelinas: 2.129 €/L → 2.079 €/L
  ~ Baltic Petroleum — Širvintos, Musninkų g. 21
      95 benzinas: 1.759 €/L → 1.699 €/L
      Dyzelinas: 1.999 €/L → 1.899 €/L
  ~ Baltic Petroleum — N. Akmenė, V. Kudirkos g. 21A
      95 benzinas: 1.750 €/L → 1.700 €/L
      Dyzelinas: 2.050 €/L → 2.020 €/L
  ~ Baltic Petroleum — Vilkaraisčio k.
      95 benzinas: 1.750 €/L → 1.710 €/L
      Dyzelinas: 2.020 €/L → 1.990 €/L
  ~ Baltic Petroleum — Panevėžys, Smėlynės g. 169
      95 benzinas: 1.739 €/L → 1.699 €/L
      Dyzelinas: 1.959 €/L → 1.919 €/L
  ~ Baltic Petroleum — Pakruojis, Statybininkų g. 28
      Dyzelinas: 1.959 €/L → 1.899 €/L
  ~ Baltic Petroleum — Pasiekų k.
      95 benzinas: 1.769 €/L → 1.729 €/L
      Dyzelinas: 2.039 €/L → 2.019 €/L
  ~ Baltic Petroleum — Pietarių k. Kauno g. 164
      95 benzinas: 1.709 €/L → 1.719 €/L
      Dyzelinas: 1.919 €/L → 1.939 €/L
  ~ Baltic Petroleum — Vilnius, Molėtų pl. 27A
      95 benzinas: 1.699 €/L → 1.689 €/L
      Dyzelinas: 1.939 €/L → 1.919 €/L
  ~ Baltic Petroleum — Vilnius, S. Batoro g. 15
      95 benzinas: 1.749 €/L → 1.739 €/L
      Dyzelinas: 1.969 €/L → 1.939 €/L
  ~ Baltic Petroleum — Užubalių k. Senasis Ukmergės kelias 4
      95 benzinas: 1.799 €/L → 1.769 €/L
      Dyzelinas: 2.039 €/L → 1.999 €/L
  ~ Baltic Petroleum — Vilnius, Rinktinės g. 59
      95 benzinas: 1.739 €/L → 1.709 €/L
      Dyzelinas: 1.949 €/L → 1.909 €/L
  ~ Baltic Petroleum — Marijampolė, Vasaros g. 15
      95 benzinas: 1.709 €/L → 1.719 €/L
      Dyzelinas: 1.919 €/L → 1.939 €/L
  ~ Baltic Petroleum — Ožtakių k., Dariaus ir Girėno g. 77
      95 benzinas: 1.819 €/L → 1.799 €/L
      Dyzelinas: 2.069 €/L → 2.049 €/L
  ~ Baltic Petroleum — Pandėlio k., Elektrinės g. 1
      95 benzinas: 1.859 €/L → 1.799 €/L
      Dyzelinas: 2.119 €/L → 2.049 €/L
  ~ Baltic Petroleum — Užuovėjos k.
      Dyzelinas: 1.989 €/L → 1.959 €/L
  ~ Baltic Petroleum — Kaunas, Vaidoto g. 153
      95 benzinas: 1.859 €/L → 1.819 €/L
      Dyzelinas: 2.079 €/L → 2.059 €/L
  ~ Baltic Petroleum — Triliškių k., Kauno pl. 5
      95 benzinas: 1.699 €/L → 1.719 €/L
      Dyzelinas: 1.999 €/L → 1.989 €/L
  ~ Baltic Petroleum — Pagirių k., Marijampolės g. 1
      Dyzelinas: 1.999 €/L → 1.989 €/L
  ~ Baltic Petroleum — Spanėnų k., Plento g. 46
      95 benzinas: 1.819 €/L → 1.809 €/L
  ~ Baltic Petroleum — Priekulė, Klaipėdos g. 61
      Dyzelinas: 2.070 €/L → 2.050 €/L
  ~ Baltic Petroleum — Užežerės k., Gardenio g. 39
      95 benzinas: 1.769 €/L → 1.739 €/L
      Dyzelinas: 1.969 €/L → 1.959 €/L
  ~ Baltic Petroleum — Kaunas, Taikos pr. 120
      Dyzelinas: 2.009 €/L → 1.989 €/L
  ~ Baltic Petroleum — Kalnujų k. 1
      95 benzinas: 1.779 €/L → 1.759 €/L
      Dyzelinas: 2.019 €/L → 1.999 €/L
  ~ Baltic Petroleum — Klaipėda, Liepų g. 79A
      Dyzelinas: 1.939 €/L → 1.909 €/L
  ~ Baltic Petroleum — Mažeikiai, M. Daukšos g. 17
      95 benzinas: 1.769 €/L → 1.729 €/L
      Dyzelinas: 1.969 €/L → 1.919 €/L
  ~ Baltic Petroleum — Druskininkai, Leipalingio g. 26
      95 benzinas: 1.839 €/L → 1.809 €/L
      Dyzelinas: 2.089 €/L → 2.049 €/L
  ~ Baltic Petroleum — Merkinė, Vilniaus g. 87
      95 benzinas: 1.839 €/L → 1.809 €/L
      Dyzelinas: 2.089 €/L → 2.049 €/L
  ~ Baltic Petroleum — Rietavas, Dariaus ir Girėno g. 19
      Dyzelinas: 1.990 €/L → 1.960 €/L
  ~ Baltic Petroleum — Jonava, Žemaitės g. 1
      95 benzinas: 1.819 €/L → 1.829 €/L
      Dyzelinas: 2.069 €/L → 2.079 €/L
  ~ Baltic Petroleum — Senoji Varėna, Vilniaus g. 6A
      95 benzinas: 1.849 €/L → 1.749 €/L
      Dyzelinas: 2.119 €/L → 1.959 €/L
  ~ Baltic Petroleum — Griškabūdis
      Dyzelinas: 2.030 €/L → 1.950 €/L
  ~ Baltic Petroleum — Vilnius, Brazdžionio g. 2
      95 benzinas: 1.739 €/L → 1.749 €/L
  ~ Baltic Petroleum — Likiškėlių k.
      Dyzelinas: 1.979 €/L → 1.959 €/L
  ~ Baltic Petroleum — Šiauliai, Kupiškio g. 4
      95 benzinas: 1.749 €/L → 1.729 €/L
      Dyzelinas: 1.959 €/L → 1.919 €/L
  ~ Baltic Petroleum — Grigaičiai, Pavilnės g.
      Dyzelinas: 2.019 €/L → 1.999 €/L
  ~ Baltic Petroleum — Ringaudų k., Gėlių g. 1A
      Dyzelinas: 2.029 €/L → 1.999 €/L
  ~ Baltic Petroleum — Visalaukio g. 2
      Dyzelinas: 2.029 €/L → 1.999 €/L
  ~ Baltic Petroleum — Sarakiškių k., Vytauto g. 61
      Dyzelinas: 2.049 €/L → 2.029 €/L
  ~ Baltic Petroleum — Noriūnų k., Parko g. 3A
      Dyzelinas: 1.899 €/L → 1.919 €/L
  ~ Baltic Petroleum — Klišių k., Pievų g. 2
      Dyzelinas: 2.030 €/L → 1.950 €/L
  ~ Baltic Petroleum — Padustėlis, V. Striogos g. 4A
      Dyzelinas: 2.049 €/L → 2.029 €/L
  ~ Baltic Petroleum — Bučių k.
      Dyzelinas: 2.020 €/L → 2.000 €/L
  ~ Baltic Petroleum — Taurų k., Tilžės pl. 36
      95 benzinas: 1.719 €/L → 1.699 €/L
      Dyzelinas: 1.949 €/L → 1.899 €/L
      Dujos: 0.920 €/L → 0.900 €/L
  ~ Baltic Petroleum — Vilnius, Zujūnų g. 2A
      95 benzinas: 1.719 €/L → 1.699 €/L
      Dyzelinas: 1.959 €/L → 1.929 €/L
  ~ Baltic Petroleum — Tirkšliai, Laukų g. 10
      95 benzinas: 1.769 €/L → 1.739 €/L
      Dyzelinas: 1.969 €/L → 1.959 €/L
  ~ Baltic Petroleum — Plateliai,  Ž. Kalvarijos g. 1A
      Dyzelinas: 2.109 €/L → 2.069 €/L
  ~ Baltic Petroleum — Marijampolė, P. Armino g. 69
      95 benzinas: 1.709 €/L → 1.719 €/L
      Dyzelinas: 1.919 €/L → 1.939 €/L
  ~ Baltic Petroleum — Radviliškis, Šiaulių g. 1A
      Dyzelinas: 1.989 €/L → 1.949 €/L
  ~ Baltic Petroleum — Leipalingis, Merkinės g. 37
      95 benzinas: 1.839 €/L → 1.809 €/L
      Dyzelinas: 2.089 €/L → 2.049 €/L
  ~ Baltic Petroleum — Palanga, Ganyklų g. 28C
      95 benzinas: 1.769 €/L → 1.749 €/L
      Dyzelinas: 1.979 €/L → 1.959 €/L
  ~ Baltic Petroleum — Anykščiai, Mindaugo g. 23
      95 benzinas: 1.739 €/L → 1.699 €/L
  ~ Baltic Petroleum — Gargždai, Dariaus ir Girėno g. 10
      95 benzinas: 1.759 €/L → 1.729 €/L
      Dyzelinas: 1.999 €/L → 1.939 €/L
  ~ Borusta — Vilniaus g. 2a, Aukštadvaris
      95 benzinas: 1.740 €/L → 1.800 €/L
  ~ Borusta — Piliakalnio g. 3, Stakliškės
      95 benzinas: 1.699 €/L → 1.779 €/L
  ~ Borusta — Prienų g. 14, Birštonas
      95 benzinas: 1.759 €/L → 1.799 €/L
      Dyzelinas: 1.999 €/L → 1.959 €/L
  ~ Circle K — Geležinio Vilko g. 2A, Vilnius
      95 benzinas: 1.889 €/L → 1.855 €/L
      Dyzelinas: 2.099 €/L → 2.039 €/L
  ~ Circle K — Baltupio g. 10, Vilnius
      95 benzinas: 1.759 €/L → 1.796 €/L
      Dyzelinas: 2.009 €/L → 1.949 €/L
  ~ Circle K — A. P. Kavoliuko g. 32A, Vilnius
      95 benzinas: 1.829 €/L → 1.819 €/L
      Dyzelinas: 2.039 €/L → 1.989 €/L
  ~ Circle K — Sporto g. 16A, Vilnius
      95 benzinas: 1.789 €/L → 1.819 €/L
      Dyzelinas: 2.004 €/L → 2.019 €/L
  ~ Circle K — Ukmergės g. 231, Vilnius
      95 benzinas: 1.789 €/L → 1.806 €/L
      Dyzelinas: 2.029 €/L → 1.989 €/L
  ~ Circle K — Kareivių g. 13, Vilnius
      95 benzinas: 1.809 €/L → 1.797 €/L
      Dyzelinas: 2.024 €/L → 1.989 €/L
      Dujos: 0.969 €/L → 0.949 €/L
  ~ Circle K — A. Goštauto g. 13, Vilnius
      95 benzinas: 1.789 €/L → 1.808 €/L
      Dyzelinas: 2.009 €/L → 1.989 €/L
  ~ Circle K — Laisvės pr. 43C, Vilnius
      95 benzinas: 1.829 €/L → 1.819 €/L
      Dyzelinas: 2.039 €/L → 1.989 €/L
  ~ Circle K — J. Tiškevičiaus g. 24, Vilnius
      95 benzinas: 1.854 €/L → 1.844 €/L
      Dyzelinas: 2.114 €/L → 2.074 €/L
  ~ Circle K — Eišiškių pl. 11, Vilnius
      95 benzinas: 1.839 €/L → 1.820 €/L
      Dyzelinas: 2.059 €/L → 2.019 €/L
  ~ Circle K — Pramonės pr. 18, Kaunas
      95 benzinas: 1.864 €/L → 1.822 €/L
      Dyzelinas: 2.079 €/L → 2.049 €/L
      Dujos: 0.929 €/L → 0.919 €/L
  ~ Circle K — Raudondvario pl. 107A, Kaunas
      95 benzinas: 1.804 €/L → 1.810 €/L
      Dyzelinas: 2.049 €/L → 1.999 €/L
  ~ Circle K — Sudervės g. 2G, Avižienių k.
      95 benzinas: 1.889 €/L → 1.839 €/L
      Dyzelinas: 2.099 €/L → 2.029 €/L
  ~ Circle K — R. Kalantos g. 159, Kaunas
      95 benzinas: 1.849 €/L → 1.823 €/L
      Dyzelinas: 2.069 €/L → 2.029 €/L
  ~ Circle K — Naujoji g. 120, Alytus
      95 benzinas: 1.768 €/L → 1.804 €/L
      Dyzelinas: 2.049 €/L → 1.979 €/L
      Dujos: 0.949 €/L → 0.959 €/L
  ~ Circle K — Savanorių pr. 321, Kaunas
      95 benzinas: 1.829 €/L → 1.820 €/L
      Dyzelinas: 2.089 €/L → 2.039 €/L
  ~ Circle K — Veiverių g. 49A, Kaunas
      95 benzinas: 1.834 €/L → 1.859 €/L
      Dyzelinas: 2.069 €/L → 2.039 €/L
  ~ Circle K — Dubijos g. 20A, Šiauliai
      95 benzinas: 1.819 €/L → 1.804 €/L
      Dyzelinas: 2.009 €/L → 1.959 €/L
  ~ Circle K — Talino g. 2B, Vilnius
      95 benzinas: 1.829 €/L → 1.855 €/L
      Dyzelinas: 2.039 €/L → 1.999 €/L
  ~ Circle K — Pramonės g. 17a, Šiauliai
      95 benzinas: 1.819 €/L → 1.816 €/L
      Dyzelinas: 1.999 €/L → 1.962 €/L
      Dujos: 0.969 €/L → 0.949 €/L
  ~ Circle K — Sabališkių g. 1F, Elektrėnai
      95 benzinas: 1.859 €/L → 1.882 €/L
      Dyzelinas: 2.069 €/L → 2.049 €/L
      Dujos: 0.959 €/L → 0.949 €/L
  ~ Circle K — J. Basanavičiaus g. 108a, Utena
      95 benzinas: 1.759 €/L → 1.819 €/L
      Dyzelinas: 2.009 €/L → 1.959 €/L
      Dujos: 0.959 €/L → 0.939 €/L
  ~ Circle K — Baltijos Kelio g. 33, Ūtos k.
      95 benzinas: 1.799 €/L → 1.798 €/L
      Dyzelinas: 2.019 €/L → 1.969 €/L
  ~ Circle K — Kretingos g. 56, Palanga
      95 benzinas: 1.839 €/L → 1.868 €/L
  ~ Circle K — Plento g. 1, Kuršėnai
      95 benzinas: 1.889 €/L → 1.859 €/L
      Dyzelinas: 2.149 €/L → 2.099 €/L
  ~ Circle K — Minijos g. 90, Klaipėda
      95 benzinas: 1.779 €/L → 1.813 €/L
      Dyzelinas: 2.019 €/L → 1.959 €/L
  ~ Circle K — Taikos pr. 61B, Klaipėda
      95 benzinas: 1.779 €/L → 1.813 €/L
      Dyzelinas: 2.019 €/L → 1.959 €/L
  ~ Circle K — H. Manto g. 96, Klaipėda
      95 benzinas: 1.814 €/L → 1.851 €/L
      Dyzelinas: 2.059 €/L → 1.997 €/L
  ~ Circle K — Kauno g. 130, Marijampolė
      95 benzinas: 1.809 €/L → 1.800 €/L
      Dyzelinas: 2.009 €/L → 1.989 €/L
  ~ Circle K — Rūtų g. 2B, Alytus
      95 benzinas: 1.799 €/L → 1.815 €/L
      Dyzelinas: 2.029 €/L → 1.949 €/L
  ~ Circle K — M. K. Čiurlionio g. 113, Druskininkai
      95 benzinas: 1.849 €/L → 1.863 €/L
      Dyzelinas: 2.099 €/L → 2.049 €/L
      Dujos: 0.969 €/L → 0.959 €/L
  ~ Circle K — J. Basanavičiaus g. 63, Panevėžys
      95 benzinas: 1.819 €/L → 1.816 €/L
      Dyzelinas: 2.019 €/L → 1.979 €/L
  ~ Circle K — Parko g. 7A, Panevėžys
      95 benzinas: 1.794 €/L → 1.799 €/L
      Dyzelinas: 2.019 €/L → 2.059 €/L
  ~ Circle K — Jono Dailidės g. 10, Marijampolė
      95 benzinas: 1.779 €/L → 1.770 €/L
      Dyzelinas: 1.989 €/L → 1.969 €/L
  ~ Circle K — J. Basanavičiaus g. 40a, Kėdainiai
      95 benzinas: 1.799 €/L → 1.826 €/L
      Dyzelinas: 2.029 €/L → 1.986 €/L
  ~ Circle K — Luokės g. 70, Telšiai
      95 benzinas: 1.775 €/L → 1.811 €/L
      Dyzelinas: 1.969 €/L → 2.029 €/L
  ~ Circle K — Cintjoniškių g. 15, Šilutė
      95 benzinas: 1.834 €/L → 1.824 €/L
      Dyzelinas: 2.035 €/L → 2.024 €/L
  ~ Circle K — Žemaitijos g. 57, Mažeikiai
      95 benzinas: 1.797 €/L → 1.833 €/L
      Dyzelinas: 1.959 €/L → 1.949 €/L
      Dujos: 0.939 €/L → 0.929 €/L
  ~ Circle K — Sidabros g. 2A, Satkūnų k.
      95 benzinas: 1.784 €/L → 1.821 €/L
      Dyzelinas: 2.039 €/L → 1.999 €/L
  ~ Circle K — Vasario 16-osios g. 33, Jonava
      95 benzinas: 1.829 €/L → 1.789 €/L
      Dyzelinas: 2.079 €/L → 2.039 €/L
  ~ Circle K — Geležinio Vilko g. 39, Vilnius
      95 benzinas: 1.789 €/L → 1.808 €/L
      Dyzelinas: 2.009 €/L → 1.989 €/L
  ~ Circle K — Prūsų g. 26 A, Vilnius
      95 benzinas: 1.839 €/L → 1.820 €/L
      Dyzelinas: 2.059 €/L → 2.019 €/L
  ~ Circle K — Gedimino g. 42B, Radviliškis
      95 benzinas: 1.779 €/L → 1.793 €/L
      Dyzelinas: 2.029 €/L → 1.949 €/L
  ~ Circle K — Gedimino g. 47, Tauragė
      95 benzinas: 1.809 €/L → 1.826 €/L
      Dyzelinas: 2.029 €/L → 1.964 €/L
  ~ Circle K — Panevėžio aplinkl. 20, Šilagalio k.
      95 benzinas: 1.799 €/L → 1.798 €/L
      Dyzelinas: 2.019 €/L → 1.969 €/L
  ~ Circle K — Vakarinis aplinkkelis 10, Kaunas
      95 benzinas: 1.789 €/L → 1.823 €/L
      Dyzelinas: 2.004 €/L → 2.007 €/L
  ~ Circle K — Žemaičių pl. 19, Kaunas
      95 benzinas: 1.804 €/L → 1.785 €/L
      Dyzelinas: 1.999 €/L → 1.939 €/L
  ~ Circle K — Vilniaus pl. 21, Jakų k.
      95 benzinas: 1.859 €/L → 1.832 €/L
  ~ Circle K — Geležinio Vilko g. 24, Vilnius
      95 benzinas: 1.789 €/L → 1.796 €/L
      Dyzelinas: 2.009 €/L → 1.969 €/L
  ~ Circle K — Taikos pr. 52A, Kaunas
      95 benzinas: 1.839 €/L → 1.809 €/L
      Dyzelinas: 2.079 €/L → 2.029 €/L
  ~ Circle K — Karaliaus Mindaugo pr. 34A, Kaunas
      95 benzinas: 1.854 €/L → 1.879 €/L
      Dyzelinas: 2.069 €/L → 2.039 €/L
  ~ Circle K — J. Basanavičiaus g. 3, Utena
      95 benzinas: 1.771 €/L → 1.808 €/L
      Dyzelinas: 1.999 €/L → 1.949 €/L
      Dujos: 0.939 €/L → 0.994 €/L
  ~ Circle K — Nekrūnų k. 1
      95 benzinas: 1.736 €/L → 1.806 €/L
      Dyzelinas: 2.049 €/L → 2.009 €/L
  ~ Circle K — Vilniaus pl. 1A, Klaipėda
      95 benzinas: 1.799 €/L → 1.809 €/L
      Dyzelinas: 2.019 €/L → 1.949 €/L
  ~ Circle K — Vilniaus g. 62, Šiauliai
      95 benzinas: 1.789 €/L → 1.774 €/L
      Dyzelinas: 1.979 €/L → 1.929 €/L
  ~ Circle K — R. Kalantos g. 68, Kaunas
      95 benzinas: 1.819 €/L → 1.793 €/L
      Dyzelinas: 2.039 €/L → 1.999 €/L
  ~ Circle K — Varnių g. 46, Kaunas
      95 benzinas: 1.799 €/L → 1.772 €/L
      Dyzelinas: 2.019 €/L → 1.969 €/L
  ~ Circle K — Oslo g. 12, Vilnius
      95 benzinas: 1.789 €/L → 1.809 €/L
      Dyzelinas: 1.999 €/L → 1.993 €/L
  ~ Circle K — Dariaus ir Girėno g. 83A, Tauragė
      95 benzinas: 1.779 €/L → 1.787 €/L
      Dyzelinas: 1.999 €/L → 1.934 €/L
  ~ Circle K — Islandijos pl. 32, Kaunas
      95 benzinas: 1.814 €/L → 1.804 €/L
      Dyzelinas: 2.009 €/L → 1.951 €/L
  ~ Circle K — Savanorių pr. 118, Vilnius
      95 benzinas: 1.804 €/L → 1.831 €/L
      Dyzelinas: 2.009 €/L → 1.966 €/L
  ~ Circle K — P. Žadeikos g. 1a, Vilnius
      95 benzinas: 1.785 €/L → 1.821 €/L
      Dyzelinas: 2.019 €/L → 1.979 €/L
      Dujos: 0.959 €/L → 0.979 €/L
  ~ Circle K — Savanorių pr. 119A, Vilnius
      95 benzinas: 1.804 €/L → 1.831 €/L
      Dyzelinas: 2.009 €/L → 1.966 €/L
  ~ Circle K — Kareivių g. 3, Vilnius
      95 benzinas: 1.779 €/L → 1.784 €/L
      Dyzelinas: 1.999 €/L → 1.964 €/L
  ~ Circle K — Geležinio Vilko g. 4, Vilnius
      95 benzinas: 1.789 €/L → 1.808 €/L
      Dyzelinas: 2.009 €/L → 1.989 €/L
  ~ Circle K — Gariūnų g. 45, Vilnius
      95 benzinas: 1.799 €/L → 1.819 €/L
      Dyzelinas: 2.009 €/L → 2.003 €/L
  ~ Circle K — Savanorių pr. 404B, Kaunas
      95 benzinas: 1.789 €/L → 1.785 €/L
      Dyzelinas: 2.009 €/L → 1.969 €/L
  ~ Circle K — Tvirtovės alėja 33a, Kaunas
      95 benzinas: 1.839 €/L → 1.809 €/L
      Dyzelinas: 2.059 €/L → 2.009 €/L
  ~ Circle K — Sukilėlių pr. 120, Kaunas
      95 benzinas: 1.819 €/L → 1.799 €/L
      Dyzelinas: 2.059 €/L → 2.029 €/L
  ~ Circle K — K. Baršausko g. 57, Kaunas
      95 benzinas: 1.829 €/L → 1.849 €/L
      Dyzelinas: 2.099 €/L → 2.029 €/L
  ~ Circle K — Jonavos g. 38, Kaunas
      95 benzinas: 1.819 €/L → 1.839 €/L
      Dyzelinas: 2.049 €/L → 2.059 €/L
  ~ Circle K — Tilžės g. 25, Šiauliai
      95 benzinas: 1.809 €/L → 1.784 €/L
      Dyzelinas: 1.989 €/L → 1.949 €/L
  ~ Circle K — Tilžės g. 56A, Klaipėda
      95 benzinas: 1.750 €/L → 1.787 €/L
      Dyzelinas: 1.969 €/L → 1.921 €/L
      Dujos: 0.929 €/L → 0.919 €/L
  ~ Circle K — Jūrininkų pr. 31, Klaipėda
      95 benzinas: 1.789 €/L → 1.785 €/L
      Dyzelinas: 2.009 €/L → 1.949 €/L
  ~ Circle K — Sausio 15-osios g. 2, Klaipėda
      95 benzinas: 1.770 €/L → 1.807 €/L
      Dyzelinas: 1.989 €/L → 1.941 €/L
  ~ Circle K — Klaipėdos g. 92A, Panevėžys
      95 benzinas: 1.774 €/L → 1.779 €/L
      Dyzelinas: 1.999 €/L → 2.039 €/L
  ~ Circle K — Molėtų g. 15, Didžiosios Riešės k.
      95 benzinas: 1.779 €/L → 1.785 €/L
      Dyzelinas: 1.999 €/L → 1.959 €/L
  ~ Gelvybė — V. Kudirkos g. 11D, Šakiai
      Dyzelinas: 2.030 €/L → 1.980 €/L
  ~ Gelvybė — Muitinės g. 32, Jurbarkas
      Dyzelinas: 2.030 €/L → 1.980 €/L
  ~ Gelvybė — Knygnešių g. 9, Jurbarkas
      Dyzelinas: 2.030 €/L → 1.980 €/L
  ~ Gelvybė — Aristavos g. 4, Aristava
      Dyzelinas: 2.030 €/L → 1.950 €/L
  ~ Gelvybė — Mozūriškiai, Mozūriškių 10
      Dyzelinas: 2.030 €/L → 1.980 €/L
  ~ Gelvybė — Sūduvos g. 3, Kiduliai
      Dyzelinas: 2.030 €/L → 1.980 €/L
  ~ Gelvybė — Kauno g. 50, Girėnai
      Dyzelinas: 2.030 €/L → 1.980 €/L
  ~ Gelvybė — S. Šimkaus g. 69, Seredžius
      Dyzelinas: 2.030 €/L → 1.980 €/L
  ~ Gelvybė — Marijampolės g. 8, Rūdos k.
      Dyzelinas: 2.030 €/L → 2.010 €/L
  ~ Gelvybė — S. Daukanto g. 66, Jurbarkas
      Dyzelinas: 2.030 €/L → 1.980 €/L
  ~ Jozita — Šolių k., Pietinio Kelio g. 9
      95 benzinas: 1.750 €/L → 1.800 €/L
  ~ Jozita — Vilnius, Ukmergės g. 130
      95 benzinas: 1.750 €/L → 1.800 €/L
  ~ Jozita — Vilnius, Parko g. 64
      95 benzinas: 1.750 €/L → 1.800 €/L
  ~ Jozita — Vilnius, Pramonės g. 18
      95 benzinas: 1.750 €/L → 1.800 €/L
  ~ Jozita — Rudamina, Jašiūnų g. 2
      95 benzinas: 1.750 €/L → 1.800 €/L
  ~ Jozita — Kaunas, Kuršių 13A
      95 benzinas: 1.750 €/L → 1.800 €/L
  ~ Jozita — Kaunas, Jonavos g. 51
      95 benzinas: 1.750 €/L → 1.800 €/L
  ~ Jozita — Kaunas, Betygalos g. 8
      95 benzinas: 1.750 €/L → 1.800 €/L
  ~ Jozita — Kaunas, Baltų pr. 141A
      95 benzinas: 1.750 €/L → 1.800 €/L
  ~ Jozita — Kaunas, Partizanų g. 87G
      95 benzinas: 1.750 €/L → 1.800 €/L
  ~ Jozita — Garliava, Vytauto g. 111A
      95 benzinas: 1.750 €/L → 1.800 €/L
  ~ Jozita — Ramučiai, K. Bielinio g. 2A
      95 benzinas: 1.750 €/L → 1.800 €/L
  ~ Jozita — Klipščių k., Šilelių g.1
      95 benzinas: 1.750 €/L → 1.800 €/L
  ~ Jozita — Klaipėda, Taikos pr. 157
      95 benzinas: 1.750 €/L → 1.800 €/L
  ~ Jozita — Gargždai, Gamyklos g. 1
      95 benzinas: 1.650 €/L → 1.720 €/L
      Dyzelinas: 1.860 €/L → 1.930 €/L
  ~ Jozita — Trepkalnių k., Mokyklos g. 2
      95 benzinas: 1.750 €/L → 1.800 €/L
  ~ Jozita — Šiauliai, Architektų g. 80
      95 benzinas: 1.750 €/L → 1.800 €/L
  ~ Jozita — Šiauliai, Girulių g. 1
      95 benzinas: 1.750 €/L → 1.800 €/L
  ~ Jozita — Toliočiai, Plento g. 2B
      95 benzinas: 1.750 €/L → 1.800 €/L
  ~ Jozita — Kelmė, V.Putvinskio g. 37
      95 benzinas: 1.750 €/L → 1.690 €/L
      Dyzelinas: 1.950 €/L → 1.890 €/L
  ~ Jozita — Raseiniai, Maironio g. 78b
      95 benzinas: 1.750 €/L → 1.800 €/L
  ~ Jozita — Kuosiškių k. 4
      95 benzinas: 1.640 €/L → 1.800 €/L
      Dyzelinas: 1.870 €/L → 1.950 €/L
  ~ Jozita — Traksėdžių k., Klaipėdos. 1
      95 benzinas: 1.750 €/L → 1.800 €/L
  ~ Jozita — Varkaliai, Žemaičių g. 2A
      95 benzinas: 1.750 €/L → 1.800 €/L
  ~ Jozita — Papušynės k, Šilalės g. 105
      95 benzinas: 1.750 €/L → 1.800 €/L
  ~ Jozita — Panevėžys, S. Kerbedžio g. 7F
      95 benzinas: 1.750 €/L → 1.800 €/L
  ~ Eniris — Alytaus pl. 2, Mardosų k.
      Dyzelinas: 1.990 €/L → 1.970 €/L
  ~ Eniris — Puttvinskio g. 29, Kelmė
      95 benzinas: 1.749 €/L → 1.719 €/L
      Dyzelinas: 1.949 €/L → 1.919 €/L
      Dujos: 0.929 €/L → 0.939 €/L
  ~ Eniris — Dariaus ir Girėno g. 31, Plungė
      95 benzinas: 1.760 €/L → 1.790 €/L
  ~ Eniris — Telšių g. 2 b, Rainių k.
      95 benzinas: 1.750 €/L → 1.790 €/L
      Dyzelinas: 1.970 €/L → 1.990 €/L
  ~ Eniris — Jurbarko g. 34, Raseiniai
      Dyzelinas: 1.940 €/L → 1.970 €/L
  ~ Eniris — Mažeikių g. 1, Telšiai
      95 benzinas: 1.790 €/L → 1.750 €/L
      Dyzelinas: 2.090 €/L → 1.990 €/L
  ~ Eniris — Klaipėdos g. 76, Žemaičių Naumiestis
      95 benzinas: 1.840 €/L → 1.850 €/L
  ~ Eniris — Minijos g. 1, Aleksandravo k.
      95 benzinas: 1.760 €/L → 1.790 €/L
  ~ Eniris — Laižuvos g. 82 d, Mažeikiai,
      Dyzelinas: 1.979 €/L → 1.929 €/L
  ~ Eniris — Žemaitės g. 52, Užventis
      95 benzinas: 1.750 €/L → 1.720 €/L
      Dyzelinas: 1.950 €/L → 1.930 €/L
  ~ Eniris — Kalnuotės 1 k.
      95 benzinas: 1.759 €/L → 1.699 €/L
      Dyzelinas: 1.999 €/L → 1.929 €/L
  ~ Naftrus — Topolių g. 1, Degučių k.
      95 benzinas: 1.670 €/L → 1.690 €/L
  ~ Neste Lietuva — Servečės g. 2, Vilnius
      95 benzinas: 1.759 €/L → 1.739 €/L
      Dyzelinas: 1.999 €/L → 1.959 €/L
  ~ Neste Lietuva — Ukmergės g. 296, Vilnius
      95 benzinas: 1.744 €/L → 1.749 €/L
      Dyzelinas: 1.989 €/L → 1.939 €/L
  ~ Neste Lietuva — Talino g. 2C, Vilnius
      95 benzinas: 1.789 €/L → 1.769 €/L
      Dyzelinas: 1.999 €/L → 1.959 €/L
  ~ Neste Lietuva — Erfurto g. 41, Vilnius
      95 benzinas: 1.789 €/L → 1.749 €/L
      Dyzelinas: 1.999 €/L → 1.949 €/L
  ~ Neste Lietuva — Geležinio Vilko g. 63, Vilnius
      95 benzinas: 1.759 €/L → 1.729 €/L
      Dyzelinas: 1.999 €/L → 1.929 €/L
  ~ Neste Lietuva — S. Stanevičiaus g. 3, Vilnius
      95 benzinas: 1.749 €/L → 1.739 €/L
      Dyzelinas: 1.989 €/L → 1.949 €/L
  ~ Neste Lietuva — Žirmūnų g. 68B, Vilnius
      95 benzinas: 1.769 €/L → 1.749 €/L
      Dyzelinas: 1.984 €/L → 1.934 €/L
  ~ Neste Lietuva — Rygos g. 2, Vilnius
      95 benzinas: 1.789 €/L → 1.739 €/L
      Dyzelinas: 1.999 €/L → 1.939 €/L
  ~ Neste Lietuva — Savanorių pr. 220A, Vilnius
      95 benzinas: 1.789 €/L → 1.739 €/L
      Dyzelinas: 1.989 €/L → 1.929 €/L
  ~ Neste Lietuva — Parodų g. 1A, Vilnius
      95 benzinas: 1.799 €/L → 1.759 €/L
      Dyzelinas: 2.019 €/L → 1.969 €/L
  ~ Neste Lietuva — Kauno g. 26, Vilnius
      95 benzinas: 1.829 €/L → 1.789 €/L
      Dyzelinas: 1.999 €/L → 1.959 €/L
  ~ Neste Lietuva — Savanorių pr. 187, Vilnius
      95 benzinas: 1.789 €/L → 1.779 €/L
      Dyzelinas: 1.989 €/L → 1.949 €/L
  ~ Neste Lietuva — Kedrų g. 2, Vilnius
      95 benzinas: 1.849 €/L → 1.799 €/L
      Dyzelinas: 1.999 €/L → 1.969 €/L
  ~ Neste Lietuva — Molėtų pl. 8, Vilnius
      95 benzinas: 1.749 €/L → 1.719 €/L
      Dyzelinas: 1.969 €/L → 1.919 €/L
  ~ Neste Lietuva — P. Lukšio g. 22, Vilnius
      95 benzinas: 1.759 €/L → 1.739 €/L
      Dyzelinas: 1.979 €/L → 1.929 €/L
  ~ Neste Lietuva — Žirmūnų g. 54C, Vilnius
      95 benzinas: 1.769 €/L → 1.739 €/L
      Dyzelinas: 1.984 €/L → 1.934 €/L
  ~ Neste Lietuva — Subačiaus g. 64, Vilnius
      Dyzelinas: 1.999 €/L → 1.949 €/L
  ~ Neste Lietuva — Dariaus ir Girėno g. 17, Vilnius
      95 benzinas: 1.799 €/L → 1.779 €/L
      Dyzelinas: 2.019 €/L → 1.979 €/L
  ~ Neste Lietuva — Architektų g. 130, Vilnius
      95 benzinas: 1.799 €/L → 1.754 €/L
      Dyzelinas: 2.029 €/L → 1.964 €/L
  ~ Neste Lietuva — Justiniškių g. 14B, Vilnius
      95 benzinas: 1.789 €/L → 1.749 €/L
      Dyzelinas: 1.989 €/L → 1.949 €/L
  ~ Neste Lietuva — Geležinio Vilko g. 37A, Vilnius
      95 benzinas: 1.769 €/L → 1.779 €/L
      Dyzelinas: 1.989 €/L → 1.969 €/L
  ~ Neste Lietuva — Pilaitės pr. 27, Vilnius
      95 benzinas: 1.739 €/L → 1.719 €/L
      Dyzelinas: 1.979 €/L → 1.939 €/L
  ~ Neste Lietuva — Žirnių g. 17, Vilnius
      95 benzinas: 1.799 €/L → 1.749 €/L
      Dyzelinas: 2.019 €/L → 1.959 €/L
  ~ Neste Lietuva — J. Tiškevičiaus g. 19, Vilnius
      95 benzinas: 1.799 €/L → 1.789 €/L
      Dyzelinas: 1.999 €/L → 1.979 €/L
  ~ Neste Lietuva — Eišiškių pl. 82, Vilnius
      95 benzinas: 1.794 €/L → 1.789 €/L
      Dyzelinas: 2.014 €/L → 1.969 €/L
  ~ Neste Lietuva — Gariūnų g. 55, Vilnius
      95 benzinas: 1.779 €/L → 1.769 €/L
      Dyzelinas: 1.989 €/L → 1.939 €/L
  ~ Neste Lietuva — Panerių g. 42, Vilnius
      95 benzinas: 1.799 €/L → 1.779 €/L
      Dyzelinas: 1.979 €/L → 1.939 €/L
  ~ Neste Lietuva — Geležinio Vilko g. 41, Vilnius
      95 benzinas: 1.769 €/L → 1.779 €/L
      Dyzelinas: 1.989 €/L → 1.969 €/L
  ~ Neste Lietuva — Pramonės pr. 6A, Kaunas
      95 benzinas: 1.774 €/L → 1.749 €/L
      Dyzelinas: 1.999 €/L → 1.969 €/L
  ~ Neste Lietuva — Jonavos g. 110, Kaunas
      95 benzinas: 1.769 €/L → 1.749 €/L
      Dyzelinas: 1.979 €/L → 1.939 €/L
  ~ Neste Lietuva — Veiverių g. 132D, Kaunas
      95 benzinas: 1.799 €/L → 1.779 €/L
      Dyzelinas: 2.029 €/L → 1.979 €/L
  ~ Neste Lietuva — Žemaičių pl. 26, Kaunas
      95 benzinas: 1.784 €/L → 1.749 €/L
      Dyzelinas: 1.979 €/L → 1.919 €/L
  ~ Neste Lietuva — R. Kalantos g. 27, Kaunas
      95 benzinas: 1.779 €/L → 1.749 €/L
      Dyzelinas: 1.989 €/L → 1.959 €/L
  ~ Neste Lietuva — Ateities pl. 50B, Kaunas
      95 benzinas: 1.759 €/L → 1.729 €/L
      Dyzelinas: 1.974 €/L → 1.929 €/L
  ~ Neste Lietuva — Taikos pr. 80A, Kaunas
      95 benzinas: 1.779 €/L → 1.749 €/L
      Dyzelinas: 1.999 €/L → 1.959 €/L
  ~ Neste Lietuva — Birželio 23-iosios g. 23A, Kaunas
      95 benzinas: 1.799 €/L → 1.759 €/L
      Dyzelinas: 2.009 €/L → 1.969 €/L
  ~ Neste Lietuva — Islandijos pl. 191E, Kaunas
      95 benzinas: 1.769 €/L → 1.739 €/L
      Dyzelinas: 1.969 €/L → 1.939 €/L
  ~ Neste Lietuva — Raudondvario pl. 103, Kaunas
      95 benzinas: 1.759 €/L → 1.734 €/L
      Dyzelinas: 1.969 €/L → 1.929 €/L
  ~ Neste Lietuva — Kuršių g. 1, Kaunas
      95 benzinas: 1.769 €/L → 1.739 €/L
      Dyzelinas: 1.979 €/L → 1.939 €/L
  ~ Neste Lietuva — Vijoklių g. 1C, Ramučių k.
      95 benzinas: 1.754 €/L → 1.759 €/L
      Dyzelinas: 1.974 €/L → 1.939 €/L
  ~ Neste Lietuva — Tunelio g. 26, Kaunas
      95 benzinas: 1.779 €/L → 1.759 €/L
      Dyzelinas: 1.999 €/L → 1.969 €/L
  ~ Neste Lietuva — Vakarų g. 14, Kumpių k.
      95 benzinas: 1.784 €/L → 1.759 €/L
      Dyzelinas: 1.989 €/L → 1.949 €/L
  ~ Neste Lietuva — Savanorių pr. 441C, Kaunas
      95 benzinas: 1.759 €/L → 1.739 €/L
      Dyzelinas: 1.979 €/L → 1.939 €/L
  ~ Neste Lietuva — Vakarinis aplinkkelis 18, Kaunas
      95 benzinas: 1.769 €/L → 1.759 €/L
      Dyzelinas: 1.984 €/L → 1.959 €/L
  ~ Neste Lietuva — Europos pr. 43, Kaunas
      95 benzinas: 1.779 €/L → 1.784 €/L
      Dyzelinas: 1.999 €/L → 1.974 €/L
  ~ Neste Lietuva — Plieno g. 1, Klaipėda
      95 benzinas: 1.759 €/L → 1.729 €/L
      Dyzelinas: 1.979 €/L → 1.919 €/L
  ~ Neste Lietuva — Šilutės pl. 30, Klaipėda
      95 benzinas: 1.749 €/L → 1.699 €/L
      Dyzelinas: 1.969 €/L → 1.899 €/L
  ~ Neste Lietuva — Taikos pr. 60, Klaipėda
      95 benzinas: 1.729 €/L → 1.749 €/L
      Dyzelinas: 1.969 €/L → 1.899 €/L
  ~ Neste Lietuva — Minijos g. 119, Klaipėda
      95 benzinas: 1.739 €/L → 1.729 €/L
      Dyzelinas: 1.979 €/L → 1.929 €/L
  ~ Neste Lietuva — Artojo g. 2, Klaipėda
      Dyzelinas: 1.969 €/L → 1.899 €/L
  ~ Neste Lietuva — Smiltelės g. 17, Klaipėda
      95 benzinas: 1.759 €/L → 1.719 €/L
      Dyzelinas: 1.979 €/L → 1.919 €/L
  ~ Neste Lietuva — Šilutės pl. 5C, Klaipėda
      95 benzinas: 1.719 €/L → 1.699 €/L
      Dyzelinas: 1.949 €/L → 1.899 €/L
  ~ Neste Lietuva — Vilniaus pl. 9, Jakų k.
      95 benzinas: 1.799 €/L → 1.749 €/L
      Dyzelinas: 1.999 €/L → 1.959 €/L
  ~ Neste Lietuva — Sendvario g. 2, Sudmantų k.
      95 benzinas: 1.789 €/L → 1.759 €/L
      Dyzelinas: 1.999 €/L → 1.949 €/L
  ~ Neste Lietuva — Gegužių g. 28, Šiauliai
      95 benzinas: 1.779 €/L → 1.739 €/L
      Dyzelinas: 1.959 €/L → 1.919 €/L
  ~ Neste Lietuva — Tilžės g. 72, Šiauliai
      95 benzinas: 1.784 €/L → 1.744 €/L
      Dyzelinas: 1.999 €/L → 1.924 €/L
  ~ Neste Lietuva — Dubijos g. 18A, Šiauliai
      95 benzinas: 1.779 €/L → 1.749 €/L
      Dyzelinas: 1.969 €/L → 1.929 €/L
  ~ Neste Lietuva — Klaipėdos g. 81, Panevėžys
      95 benzinas: 1.774 €/L → 1.744 €/L
      Dyzelinas: 1.999 €/L → 1.949 €/L
  ~ Neste Lietuva — Ramygalos g. 145B, Panevėžys
      95 benzinas: 1.769 €/L → 1.729 €/L
      Dyzelinas: 1.989 €/L → 1.939 €/L
  ~ Neste Lietuva — Klaipėdos g. 66,  Panevėžys
      95 benzinas: 1.774 €/L → 1.744 €/L
      Dyzelinas: 1.999 €/L → 1.939 €/L
  ~ Neste Lietuva — Ąžuolpamūšio g. 1A, Raubonių k..
      95 benzinas: 1.784 €/L → 1.759 €/L
  ~ Neste Lietuva — Margirio g. 1B, Panevėžys
      95 benzinas: 1.769 €/L → 1.699 €/L
      Dyzelinas: 1.994 €/L → 1.939 €/L
  ~ Neste Lietuva — Klaipėdos g. 144B, Panevėžys
      95 benzinas: 1.779 €/L → 1.749 €/L
      Dyzelinas: 1.999 €/L → 1.949 €/L
  ~ Neste Lietuva — Panevėžio aplinkl. 7, Šilagalio k.
      95 benzinas: 1.779 €/L → 1.774 €/L
      Dyzelinas: 1.999 €/L → 1.969 €/L
  ~ Neste Lietuva — Panevėžio aplinkl. 22, Šilagalio k.
      95 benzinas: 1.769 €/L → 1.729 €/L
      Dyzelinas: 1.989 €/L → 1.939 €/L
  ~ Neste Lietuva — Santaikos g. 34A, Alytus
      95 benzinas: 1.769 €/L → 1.719 €/L
      Dyzelinas: 1.999 €/L → 1.949 €/L
  ~ Neste Lietuva — Ūdrijos g. 31, Alytus
      95 benzinas: 1.769 €/L → 1.699 €/L
      Dyzelinas: 1.999 €/L → 1.949 €/L
  ~ Neste Lietuva — Stoties g. 4C, Marijampolė
      95 benzinas: 1.779 €/L → 1.729 €/L
      Dyzelinas: 1.979 €/L → 1.929 €/L
  ~ Neste Lietuva — Vilkaviškio g. 61D, Marijampolė
      95 benzinas: 1.774 €/L → 1.724 €/L
      Dyzelinas: 1.974 €/L → 1.924 €/L
  ~ Neste Lietuva — Europos g. 1, Salaperaugio k.
      95 benzinas: 1.809 €/L → 1.759 €/L
      Dyzelinas: 2.009 €/L → 1.959 €/L
  ~ Neste Lietuva — Europos g. 6, N.Valios k.
      Dyzelinas: 2.009 €/L → 1.959 €/L
  ~ Neste Lietuva — M. Daukšos g. 29, Mažeikiai
      95 benzinas: 1.753 €/L → 1.739 €/L
      Dyzelinas: 1.979 €/L → 1.919 €/L
  ~ Neste Lietuva — J. Basanavičiaus g. 91E, Kėdainiai
      95 benzinas: 1.769 €/L → 1.729 €/L
      Dyzelinas: 1.974 €/L → 1.919 €/L
  ~ Neste Lietuva — Kauno g. 45B, Ukmergė
      95 benzinas: 1.799 €/L → 1.759 €/L
      Dyzelinas: 1.979 €/L → 1.949 €/L
  ~ Neste Lietuva — J. Basanavičiaus g. 129, Utena
      Dyzelinas: 1.969 €/L → 1.919 €/L
  ~ Neste Lietuva — Kupiškio g. 12, Utena
      95 benzinas: 1.734 €/L → 1.719 €/L
      Dyzelinas: 1.964 €/L → 1.914 €/L
  ~ Neste Lietuva — Aplinkkelio g. 165, Molėtai
      95 benzinas: 1.759 €/L → 1.729 €/L
      Dyzelinas: 1.989 €/L → 1.939 €/L
  ~ Neste Lietuva — Vilniaus g. 94, Pabradė
      95 benzinas: 1.789 €/L → 1.759 €/L
      Dyzelinas: 1.989 €/L → 1.979 €/L
  ~ Neste Lietuva — Plento g. 7, Gudžionių k.
      95 benzinas: 1.724 €/L → 1.759 €/L
      Dyzelinas: 1.974 €/L → 1.939 €/L
  ~ Neste Lietuva — Versmės g. 2, Radviliškis
      95 benzinas: 1.749 €/L → 1.729 €/L
      Dyzelinas: 2.009 €/L → 1.919 €/L
  ~ Neste Lietuva — Pušyno g. 11, Ylių k.
      Dyzelinas: 2.009 €/L → 1.999 €/L
  ~ Neste Lietuva — Dariaus ir Girėno g. 130A, Tauragė
      95 benzinas: 1.769 €/L → 1.729 €/L
      Dyzelinas: 1.999 €/L → 1.919 €/L
  ~ Neste Lietuva — Sabališkių g. 1U, Elektrėnai
      95 benzinas: 1.819 €/L → 1.789 €/L
      Dyzelinas: 2.029 €/L → 1.989 €/L
  ~ Neste Lietuva — Šiaulių pl. 1A, Gaudikaičių k.
      95 benzinas: 1.744 €/L → 1.719 €/L
      Dyzelinas: 1.999 €/L → 1.929 €/L
  ~ Orlen — Serbentų g. 82, Šiauliai
      Dujos: 0.889 €/L → 0.899 €/L
  ~ Orlen — O. ​Milašiaus g. 31, Vilnius
      Dujos: 0.889 €/L → 0.869 €/L
  ~ Tomega — Gardino g. 98, Druskininkai
      Dyzelinas: 2.100 €/L → 2.060 €/L
  ~ Tomega — Tartoko k.
      95 benzinas: 1.859 €/L → 1.839 €/L
      Dyzelinas: 2.139 €/L → 2.129 €/L
  ~ Tomega — Dumblės k.
      95 benzinas: 1.869 €/L → 1.849 €/L
      Dyzelinas: 2.149 €/L → 2.139 €/L
  ~ Trevena — Kretingos pl. 1, Gargždai
      95 benzinas: 1.790 €/L → 1.770 €/L
      Dyzelinas: 2.050 €/L → 2.030 €/L
  ~ Trevena — Klaipėdos g. 39, Gargždai
      95 benzinas: 1.750 €/L → 1.730 €/L
      Dyzelinas: 1.990 €/L → 1.980 €/L
  ~ Trevena — Tilžės g. 21, Saugų k.
      95 benzinas: 1.790 €/L → 1.750 €/L
      Dyzelinas: 1.910 €/L → 1.970 €/L
  ~ Trevena — Šv. Kristoforo g. 4, Dituvos k.
      95 benzinas: 1.790 €/L → 1.750 €/L
      Dyzelinas: 2.050 €/L → 1.970 €/L
  ~ Trevena — Lėgų k. 1, Rietavas
      95 benzinas: 1.790 €/L → 1.750 €/L
      Dyzelinas: 2.050 €/L → 1.970 €/L
  ~ Trevena — Veiviržėnų g. 29, Pyktiškės k.
      95 benzinas: 1.790 €/L → 1.750 €/L
      Dyzelinas: 2.050 €/L → 1.970 €/L
  ~ Trevena — Liepų g. 4, Žemaitkiemio k.
      95 benzinas: 1.790 €/L → 1.750 €/L
      Dyzelinas: 1.990 €/L → 1.970 €/L
  ~ Trevena — Kvėdarnos g. 2, Vatušių k.
      95 benzinas: 1.760 €/L → 1.750 €/L
      Dyzelinas: 1.990 €/L → 1.970 €/L
  ~ Trevena — Kretingos g. 28A, Klaipėda
      95 benzinas: 1.790 €/L → 1.750 €/L
      Dyzelinas: 2.080 €/L → 1.970 €/L
  ~ Trevena — Minijos g. 152A, Klaipėda
      95 benzinas: 1.790 €/L → 1.750 €/L
      Dyzelinas: 2.080 €/L → 1.970 €/L
  ~ Viada — Daugų k., Neveiglo g. 25
      Dyzelinas: 2.059 €/L → 1.999 €/L
  ~ Viada — Alytus, Naujoji g. 27
      Dyzelinas: 2.049 €/L → 1.979 €/L
  ~ Viada — Alytus, Ulonų g. 33B
      Dyzelinas: 2.049 €/L → 1.949 €/L
  ~ Viada — Anykščiai, A. Vienuolio g. 34
      95 benzinas: 1.799 €/L → 1.759 €/L
      Dyzelinas: 2.099 €/L → 1.999 €/L
  ~ Viada — Anykščiai, Piliakalnio g. 9
      95 benzinas: 1.799 €/L → 1.759 €/L
      Dyzelinas: 2.099 €/L → 1.999 €/L
  ~ Viada — Biržai, Parodos g. 2
      95 benzinas: 1.759 €/L → 1.779 €/L
      Dyzelinas: 2.059 €/L → 2.079 €/L
  ~ Viada — Biržai, Pasvalio g. 1B
      95 benzinas: 1.759 €/L → 1.779 €/L
      Dyzelinas: 2.059 €/L → 2.079 €/L
  ~ Viada — Elektrėnai, Elektrinės g. 6
      95 benzinas: 1.859 €/L → 1.889 €/L
      Dyzelinas: 2.079 €/L → 2.049 €/L
  ~ Viada — Jonava, Darbininkų g. 4D
      95 benzinas: 1.829 €/L → 1.799 €/L
      Dyzelinas: 2.079 €/L → 2.059 €/L
  ~ Viada — Joniškis, Vilniaus g. 51
      95 benzinas: 1.769 €/L → 1.779 €/L
      Dyzelinas: 2.039 €/L → 1.999 €/L
  ~ Viada — Kaišiadorys, Gedimino g. 135
      95 benzinas: 1.849 €/L → 1.799 €/L
      Dyzelinas: 2.139 €/L → 2.079 €/L
  ~ Viada — Kaunas, A. Juozapavičiaus pr. 90
      95 benzinas: 1.859 €/L → 1.839 €/L
      Dyzelinas: 2.069 €/L → 2.039 €/L
  ~ Viada — Kaunas, Ateities pl. 105
      95 benzinas: 1.899 €/L → 1.859 €/L
      Dyzelinas: 2.149 €/L → 2.099 €/L
  ~ Viada — Kaunas, Ateities pl. 37A
      95 benzinas: 1.849 €/L → 1.829 €/L
      Dyzelinas: 2.079 €/L → 2.039 €/L
  ~ Viada — Kaunas, Baltijos g. 90B
      95 benzinas: 1.799 €/L → 1.789 €/L
      Dyzelinas: 1.999 €/L → 1.939 €/L
  ~ Viada — Kaunas, Biruliškių g. 18A
      95 benzinas: 1.869 €/L → 1.839 €/L
      Dyzelinas: 2.089 €/L → 2.029 €/L
  ~ Viada — Kaunas, Didžioji g. 84
      95 benzinas: 1.879 €/L → 1.839 €/L
      Dyzelinas: 2.099 €/L → 2.039 €/L
  ~ Viada — Kaunas, K. Baršausko g. 64
      Dyzelinas: 2.099 €/L → 2.029 €/L
  ~ Viada — Kaunas, Karaliaus Mindaugo pr. 54
      95 benzinas: 1.859 €/L → 1.839 €/L
      Dyzelinas: 2.069 €/L → 2.039 €/L
  ~ Viada — Kaunas, Marijampolės pl. 29
      95 benzinas: 1.859 €/L → 1.839 €/L
      Dyzelinas: 2.099 €/L → 2.039 €/L
  ~ Viada — Kaunas, Miežėnų g. 18
      95 benzinas: 1.799 €/L → 1.789 €/L
      Dyzelinas: 1.999 €/L → 1.939 €/L
  ~ Viada — Kaunas, P. Lukšio g. 66A
      95 benzinas: 1.819 €/L → 1.799 €/L
      Dyzelinas: 2.059 €/L → 2.019 €/L
  ~ Viada — Kaunas, Pramonės pr. 44
      Dyzelinas: 1.999 €/L → 1.969 €/L
  ~ Viada — Kaunas, Raudondvario pl. 288
      95 benzinas: 1.809 €/L → 1.819 €/L
      Dyzelinas: 2.049 €/L → 1.999 €/L
  ~ Viada — Kaunas, Statybininkų g. 3A
      95 benzinas: 1.829 €/L → 1.819 €/L
      Dyzelinas: 2.079 €/L → 2.029 €/L
  ~ Viada — Kaunas, T. Masiulio g. 22B
      95 benzinas: 1.869 €/L → 1.839 €/L
      Dyzelinas: 2.089 €/L → 2.029 €/L
  ~ Viada — Kaunas, Veiverių g. 117
      Dyzelinas: 2.069 €/L → 2.039 €/L
  ~ Viada — Kaunas, Veiverių g. 124B
      Dyzelinas: 2.069 €/L → 2.039 €/L
  ~ Viada — Giraitės k., Automagistralės g. 4
      95 benzinas: 1.899 €/L → 1.859 €/L
      Dyzelinas: 2.149 €/L → 2.099 €/L
  ~ Viada — Kumpių k., Verslo g. 13A
      95 benzinas: 1.899 €/L → 1.859 €/L
      Dyzelinas: 2.149 €/L → 2.099 €/L
  ~ Viada — Margavos k.
      95 benzinas: 1.859 €/L → 1.839 €/L
      Dyzelinas: 2.099 €/L → 2.039 €/L
  ~ Viada — Zapyškis, Vytauto g. 20A
      95 benzinas: 1.859 €/L → 1.839 €/L
      Dyzelinas: 2.099 €/L → 2.039 €/L
  ~ Viada — Ąžuolų Būdos k.
      95 benzinas: 1.899 €/L → 1.859 €/L
      Dyzelinas: 2.139 €/L → 2.099 €/L
  ~ Viada — Dotnuva, Tilto g. 2A
      95 benzinas: 1.899 €/L → 1.859 €/L
      Dyzelinas: 2.149 €/L → 2.099 €/L
  ~ Viada — Gudžiūnų k., Baisogalos g. 5
      95 benzinas: 1.899 €/L → 1.859 €/L
      Dyzelinas: 2.149 €/L → 2.099 €/L
  ~ Viada — Klaipėda, Liepojos g. 242
      95 benzinas: 1.799 €/L → 1.819 €/L
      Dyzelinas: 2.059 €/L → 1.979 €/L
  ~ Viada — Klaipėda, Nemuno g. 139
      95 benzinas: 1.779 €/L → 1.819 €/L
      Dyzelinas: 2.019 €/L → 1.959 €/L
  ~ Viada — Klaipėda, Priestočio g. 28
      95 benzinas: 1.779 €/L → 1.819 €/L
      Dyzelinas: 2.019 €/L → 1.959 €/L
  ~ Viada — Klaipėda, Šilutės pl. 52
      95 benzinas: 1.799 €/L → 1.819 €/L
      Dyzelinas: 2.059 €/L → 1.979 €/L
  ~ Viada — Klaipėda, Taikos pr. 70A-1
      95 benzinas: 1.779 €/L → 1.819 €/L
      Dyzelinas: 2.019 €/L → 1.959 €/L
  ~ Viada — Kerelių k. 1A
      95 benzinas: 1.809 €/L → 1.799 €/L
  ~ Viada — Kupiškis, Pergalės g. 15
      95 benzinas: 1.809 €/L → 1.799 €/L
  ~ Viada — Lazdijai, Turistų g. 32
      95 benzinas: 1.739 €/L → 1.749 €/L
      Dyzelinas: 2.049 €/L → 1.959 €/L
  ~ Viada — Marijampolė, Geležinkelio g. 5
      Dyzelinas: 1.999 €/L → 1.989 €/L
  ~ Viada — Marijampolė, J. Ambrazevičiaus-Brazaičio g. 2
      Dyzelinas: 1.999 €/L → 1.989 €/L
  ~ Viada — Mažeikiai, Montuotojų g. 2A
      95 benzinas: 1.789 €/L → 1.829 €/L
      Dyzelinas: 1.969 €/L → 1.949 €/L
  ~ Viada — Mažeikiai, Žemaitijos g. 75
      95 benzinas: 1.789 €/L → 1.829 €/L
      Dyzelinas: 1.969 €/L → 1.949 €/L
  ~ Viada — Molėtai, Vilniaus g. 101
      Dyzelinas: 2.059 €/L → 1.999 €/L
  ~ Viada — Gojaus k., Utenos g. 16
      Dyzelinas: 2.059 €/L → 1.999 €/L
  ~ Viada — Pakruojis, Vytauto Didžiojo g. 98
      Dyzelinas: 2.059 €/L → 1.999 €/L
  ~ Viada — Šilagalio k., Panevėžio aplinkl. 5
      95 benzinas: 1.799 €/L → 1.789 €/L
      Dyzelinas: 2.019 €/L → 1.969 €/L
  ~ Viada — Tičkūnų k., Tičkūnų g. 31
      95 benzinas: 1.819 €/L → 1.799 €/L
      Dyzelinas: 2.019 €/L → 1.979 €/L
  ~ Viada — Panevėžys, J. Janonio g. 28A
      95 benzinas: 1.819 €/L → 1.799 €/L
      Dyzelinas: 2.019 €/L → 1.979 €/L
  ~ Viada — Panevėžys, Navadolio g. 31
      95 benzinas: 1.819 €/L → 1.799 €/L
      Dyzelinas: 2.019 €/L → 1.979 €/L
  ~ Viada — Panevėžys, Pušaloto g. 193A
      95 benzinas: 1.819 €/L → 1.799 €/L
      Dyzelinas: 2.019 €/L → 1.979 €/L
  ~ Viada — Panevėžys, Ramygalos g. 155
      95 benzinas: 1.819 €/L → 1.799 €/L
      Dyzelinas: 2.019 €/L → 1.979 €/L
  ~ Viada — Panevėžys, Ramygalos g. 186G
      95 benzinas: 1.819 €/L → 1.799 €/L
      Dyzelinas: 2.019 €/L → 1.979 €/L
  ~ Viada — Panevėžys, Senamiesčio g. 116A
      95 benzinas: 1.819 €/L → 1.799 €/L
      Dyzelinas: 2.019 €/L → 1.979 €/L
      Dujos: 0.959 €/L → 0.949 €/L
  ~ Viada — Panevėžys, Venslaviškio g. 16
      95 benzinas: 1.819 €/L → 1.799 €/L
      Dyzelinas: 2.019 €/L → 1.979 €/L
  ~ Viada — Brazdigalos k. 1
      95 benzinas: 1.889 €/L → 1.859 €/L
  ~ Viada — Plungė, J. Tumo-Vaižganto g. 102
      Dyzelinas: 2.019 €/L → 1.999 €/L
  ~ Viada — Plungė, Žaltakalnio g. 10
      Dyzelinas: 2.019 €/L → 1.999 €/L
  ~ Viada — Skuodas, Vilniaus g. 50
      Dyzelinas: 2.049 €/L → 1.999 €/L
  ~ Viada — Šiauliai, Dubijos g. 1C
      95 benzinas: 1.829 €/L → 1.799 €/L
      Dyzelinas: 2.039 €/L → 1.959 €/L
  ~ Viada — Šiauliai, Gegužių g. 26
      95 benzinas: 1.829 €/L → 1.799 €/L
      Dyzelinas: 2.039 €/L → 1.979 €/L
  ~ Viada — Šiauliai, J. Basanavičiaus g. 122A
      95 benzinas: 1.829 €/L → 1.799 €/L
      Dyzelinas: 2.039 €/L → 1.979 €/L
  ~ Viada — Šiauliai, Tilžės g. 274
      95 benzinas: 1.829 €/L → 1.799 €/L
      Dyzelinas: 2.039 €/L → 1.979 €/L
  ~ Viada — Šiauliai, Užmiesčio g. 2
      95 benzinas: 1.839 €/L → 1.799 €/L
      Dyzelinas: 2.059 €/L → 1.999 €/L
  ~ Viada — Aukštelkės k., Ilgoji g. 1
      Dyzelinas: 2.099 €/L → 2.059 €/L
  ~ Viada — Kuršėnai, Vilniaus g. 38A
      95 benzinas: 1.889 €/L → 1.859 €/L
      Dyzelinas: 2.149 €/L → 2.099 €/L
  ~ Viada — Kužiai, Draugystės g. 2
      95 benzinas: 1.889 €/L → 1.859 €/L
      Dyzelinas: 2.149 €/L → 2.099 €/L
  ~ Viada — Šilutė, Tilžės g. 59
      95 benzinas: 1.839 €/L → 1.829 €/L
      Dyzelinas: 2.039 €/L → 2.029 €/L
  ~ Viada — Širvintos, Plento g. 4
      95 benzinas: 1.829 €/L → 1.789 €/L
      Dyzelinas: 2.079 €/L → 1.999 €/L
  ~ Viada — Pabradė, Vilniaus g. 116B
      95 benzinas: 1.859 €/L → 1.819 €/L
      Dyzelinas: 2.099 €/L → 2.059 €/L
  ~ Viada — Tauragė, Dariaus ir Girėno g. 138A
      Dyzelinas: 2.029 €/L → 1.969 €/L
  ~ Viada — Tauragė, Pramonės g. 1
      Dyzelinas: 2.029 €/L → 1.969 €/L
  ~ Viada — Telšiai, Pramonės g. 2A
      95 benzinas: 1.769 €/L → 1.819 €/L
      Dyzelinas: 1.999 €/L → 2.029 €/L
  ~ Viada — Ukmergė, Žiedo g. 15
      95 benzinas: 1.829 €/L → 1.789 €/L
      Dyzelinas: 2.079 €/L → 1.999 €/L
  ~ Viada — Utena, Metalo g. 8
      95 benzinas: 1.799 €/L → 1.819 €/L
      Dyzelinas: 2.039 €/L → 1.959 €/L
  ~ Viada — Utena, Pramonės g. 23
      95 benzinas: 1.799 €/L → 1.819 €/L
      Dyzelinas: 2.039 €/L → 1.959 €/L
  ~ Viada — Gedimino k., Vyturio g. 2
      95 benzinas: 1.799 €/L → 1.819 €/L
      Dyzelinas: 2.039 €/L → 1.959 €/L
      Dujos: 0.959 €/L → 0.939 €/L
  ~ Viada — Vievis, Kauno g. 26A
      Dyzelinas: 2.149 €/L → 2.049 €/L
  ~ Viada — Vilkaviškis, Vytauto g. 105
      Dyzelinas: 2.119 €/L → 2.099 €/L
  ~ Viada — Avižienių k., Ožiarūčių g. 1a
      95 benzinas: 1.889 €/L → 1.839 €/L
      Dyzelinas: 2.099 €/L → 2.029 €/L
  ~ Viada — Vilnius, Ateities g. 17B
      95 benzinas: 1.769 €/L → 1.789 €/L
      Dyzelinas: 2.009 €/L → 1.959 €/L
  ~ Viada — Vilnius, Dariaus ir Girėno g. 30A
      95 benzinas: 1.839 €/L → 1.829 €/L
      Dyzelinas: 2.059 €/L → 2.019 €/L
  ~ Viada — Vilnius, Gariūnų g. 16A
      95 benzinas: 1.829 €/L → 1.819 €/L
      Dyzelinas: 2.059 €/L → 2.039 €/L
  ~ Viada — Vilnius, Grigiškės, Kovo 11-osios g. 75
      95 benzinas: 1.859 €/L → 1.839 €/L
      Dyzelinas: 2.099 €/L → 2.039 €/L
  ~ Viada — Vilnius, Justiniškių g. 12
      95 benzinas: 1.819 €/L → 1.799 €/L
      Dyzelinas: 2.039 €/L → 1.999 €/L
  ~ Viada — Vilnius, Kirtimų g. 29
      95 benzinas: 1.829 €/L → 1.839 €/L
      Dyzelinas: 2.079 €/L → 2.039 €/L
  ~ Viada — Vilnius, Laisvės pr. 8
      95 benzinas: 1.859 €/L → 1.839 €/L
      Dyzelinas: 2.079 €/L → 2.039 €/L
  ~ Viada — Vilnius, Liepkalnio g. 128A
      95 benzinas: 1.859 €/L → 1.839 €/L
      Dyzelinas: 2.079 €/L → 2.039 €/L
  ~ Viada — Vilnius, Naugarduko g. 74
      95 benzinas: 1.859 €/L → 1.839 €/L
      Dyzelinas: 2.079 €/L → 2.039 €/L
  ~ Viada — Vilnius, Nemenčinės pl. 5
      95 benzinas: 1.859 €/L → 1.839 €/L
      Dyzelinas: 2.099 €/L → 2.039 €/L
  ~ Viada — Vilnius, Olandų g. 57
      95 benzinas: 1.859 €/L → 1.839 €/L
      Dyzelinas: 2.079 €/L → 2.039 €/L
  ~ Viada — Vilnius, Ozo g. 12
      95 benzinas: 1.799 €/L → 1.819 €/L
      Dyzelinas: 2.059 €/L → 2.019 €/L
  ~ Viada — Vilnius, Pilaitės pr. 13
      Dyzelinas: 2.079 €/L → 2.039 €/L
  ~ Viada — Vilnius, Pilaitės pr. 28
      Dyzelinas: 2.079 €/L → 2.039 €/L
  ~ Viada — Vilnius, Saltoniškių g. 12
      Dyzelinas: 2.039 €/L → 1.999 €/L
  ~ Viada — Vilnius, Sodų g. 22
      95 benzinas: 1.819 €/L → 1.839 €/L
      Dyzelinas: 2.059 €/L → 2.039 €/L
  ~ Viada — Vilnius, Verkių g. 52
      95 benzinas: 1.779 €/L → 1.789 €/L
      Dyzelinas: 2.029 €/L → 1.969 €/L
  ~ Viada — Vilnius, Vilkpėdės g. 2
      95 benzinas: 1.799 €/L → 1.839 €/L
      Dyzelinas: 2.019 €/L → 1.969 €/L
  ~ Viada — Visaginas, Statybininkų g. 1
      95 benzinas: 1.819 €/L → 1.799 €/L
      Dyzelinas: 2.099 €/L → 2.059 €/L
  ~ Viada — Visaginas, Taikos pr. 23B
      95 benzinas: 1.819 €/L → 1.799 €/L
      Dyzelinas: 2.099 €/L → 2.059 €/L
  ~ Viada — Juodalaukių k. 2
      95 benzinas: 1.859 €/L → 1.799 €/L
      Dyzelinas: 2.099 €/L → 2.059 €/L
  ~ Autograndas — Taikos pr. 47
      95 benzinas: 1.732 €/L → 1.743 €/L
      Dyzelinas: 1.997 €/L → 1.976 €/L
  ~ Nostrada (RV Transport) — Kazlavo km. 4 Kalvarijos sav.
      Dyzelinas: 2.060 €/L → 1.980 €/L
  ~ Utentra — Utena, Pramonės g. 16
      Dyzelinas: 1.959 €/L → 1.939 €/L
  ~ Skulas — Simnas, Alytaus g. 48
      95 benzinas: 1.730 €/L → 1.760 €/L
      Dujos: 0.930 €/L → 0.910 €/L
  ~ Skulas — Likiškėlių k., Kalninės g. 5
      95 benzinas: 1.690 €/L → 1.730 €/L
      Dyzelinas: 1.980 €/L → 1.960 €/L
  ~ Skulas — Pasvalys, Mūšos g. 2 E
      Dyzelinas: 1.987 €/L → 1.970 €/L
  ~ Skulas — Vilnius, J.Kazlausko g. 34
      95 benzinas: 1.729 €/L → 1.719 €/L
      Dyzelinas: 1.959 €/L → 1.929 €/L
  ~ Deliuvis — Pušaloto g. 140, Panevėžys
      95 benzinas: 1.759 €/L → 1.699 €/L
      Dyzelinas: 1.969 €/L → 1.939 €/L
  ~ Deliuvis — G.Petkevičaitės-Bitės 35C, Panevėžys
      95 benzinas: 1.759 €/L → 1.699 €/L
      Dyzelinas: 1.969 €/L → 1.939 €/L
  ~ Deliuvis — S.Kerbedžio 2, Panevėžys
      95 benzinas: 1.759 €/L → 1.699 €/L
      Dyzelinas: 1.969 €/L → 1.939 €/L
  ~ Velseka — Panevėžio g. 5, Kupiškis
      95 benzinas: 1.671 €/L → 1.709 €/L
      Dyzelinas: 1.939 €/L → 1.919 €/L
  ~ Tumasa — Židikai, Mažeikiu g. 10
      95 benzinas: 1.760 €/L → 1.780 €/L
      Dyzelinas: 2.060 €/L → 2.120 €/L
  ~ Prie Luksto — Telšiai, Masčio g. 21
      95 benzinas: 1.773 €/L → 1.811 €/L
      Dyzelinas: 1.965 €/L → 2.025 €/L
  ~ Boost Petrol — Ginkūnų k., Aušros g. 26
      95 benzinas: 1.839 €/L → 1.789 €/L
      Dyzelinas: 2.049 €/L → 1.989 €/L
  ~ Boost Petrol — Kęstučio g. 1B, Kelmė
      95 benzinas: 1.839 €/L → 1.799 €/L
      Dyzelinas: 2.049 €/L → 1.999 €/L
  ~ Boost Petrol — Kuršukų k., Plento g. 1
      95 benzinas: 1.869 €/L → 1.839 €/L
      Dyzelinas: 2.089 €/L → 2.039 €/L
  ~ Boost Petrol — Marvelės g. 132, Kaunas
      95 benzinas: 1.849 €/L → 1.829 €/L
      Dyzelinas: 2.069 €/L → 2.029 €/L
  ~ Boost Petrol — Dubijos g. 36
      95 benzinas: 1.869 €/L → 1.839 €/L
      Dyzelinas: 2.089 €/L → 2.039 €/L
  ~ Boost Petrol — Smėlinkos k.
      95 benzinas: 1.760 €/L → 1.750 €/L
      Dyzelinas: 1.990 €/L → 1.950 €/L
  ~ Boost Petrol — Zarasų g. 9, Utena
      95 benzinas: 1.759 €/L → 1.739 €/L
      Dyzelinas: 1.989 €/L → 1.949 €/L
  ~ Boost Petrol — Maironių k., Kuršių g. 2
      95 benzinas: 1.760 €/L → 1.750 €/L
      Dyzelinas: 1.960 €/L → 1.950 €/L
  ~ Stateta — Kantališkių k.
      95 benzinas: 1.690 €/L → 1.780 €/L
      Dyzelinas: 1.949 €/L → 1.950 €/L
  ~ Stateta — Ukmergės g. 246, Vilnius
      95 benzinas: 1.691 €/L → 1.779 €/L
  ~ Stateta — Alytaus k.
      95 benzinas: 1.691 €/L → 1.779 €/L
  ~ Stateta — Kauno g.1, Miklusėnai
      95 benzinas: 1.691 €/L → 1.779 €/L
  ~ Stateta — Kaniukų k.
      95 benzinas: 1.691 €/L → 1.779 €/L
  ~ Stateta — Gustaičių k.
      95 benzinas: 1.690 €/L → 1.780 €/L
      Dyzelinas: 1.949 €/L → 1.950 €/L
  ~ Stateta — Erdvės g. 78, Ramučių k.
      95 benzinas: 1.691 €/L → 1.779 €/L
  ~ Stateta — Žemdirbių g. 15, Paliūniškio k.
      95 benzinas: 1.681 €/L → 1.779 €/L
  ~ Stateta — Panevėžio g. 9, Kupiškis
      95 benzinas: 1.681 €/L → 1.779 €/L
  ~ Stateta — Turgaus g. 4, Kreivukė
      95 benzinas: 1.681 €/L → 1.779 €/L
  ~ Stateta — Minijos g. 90, Klaipėda
      95 benzinas: 1.661 €/L → 1.779 €/L
  ~ Stateta — Palangos g. 66, Utena
      95 benzinas: 1.681 €/L → 1.779 €/L
  ~ Emsi — Ūdrijos g.2, Alytus
      Dyzelinas: 1.990 €/L → 1.970 €/L
  ~ Emsi — Ateities pl.40B, Kaunas
      95 benzinas: 1.739 €/L → 1.719 €/L
      Dyzelinas: 2.029 €/L → 2.009 €/L
  ~ Emsi — Bukiškio k. Ukmergės g.437
      Dyzelinas: 2.059 €/L → 2.039 €/L
  ~ Emsi — Vilnius, Spyglių g. 2
      95 benzinas: 1.789 €/L → 1.759 €/L
      Dyzelinas: 2.049 €/L → 2.019 €/L
  ~ Emsi — Ilgakiemio k., Kauno g.25
      Dyzelinas: 2.029 €/L → 1.999 €/L
  ~ Emsi — Jeruzalės 2, Vilnius
      95 benzinas: 1.699 €/L → 1.719 €/L
      Dyzelinas: 2.029 €/L → 1.999 €/L
  ~ Emsi — Vasario 16-osios g.70, Jonava
      95 benzinas: 1.749 €/L → 1.729 €/L
      Dyzelinas: 2.049 €/L → 1.999 €/L
  ~ Emsi — Durpyno 63, Jonušų k.
      95 benzinas: 1.769 €/L → 1.739 €/L
  ~ Emsi — Medelyno g.126 Kalotės k.
      95 benzinas: 1.760 €/L → 1.730 €/L
  ~ Emsi — Kareivių g. 4, Vilnius
      Dyzelinas: 2.029 €/L → 1.999 €/L
  ~ Emsi — Jonavos g. 292B, Kaunas
      Dyzelinas: 1.989 €/L → 1.979 €/L
  ~ Emsi — Kirtimų g. 33, Vilnius
      95 benzinas: 1.759 €/L → 1.729 €/L
      Dyzelinas: 2.019 €/L → 1.969 €/L
  ~ Emsi — Laisvės pr. 80B, Vilnius
      Dyzelinas: 2.039 €/L → 1.999 €/L
      Dujos: 0.899 €/L → 0.919 €/L
  ~ Emsi — Sodų g.3A, Lentvaris
      95 benzinas: 1.770 €/L → 1.730 €/L
      Dyzelinas: 2.030 €/L → 1.999 €/L
  ~ Emsi — Liepkalnio g.112A, Vilnius
      95 benzinas: 1.759 €/L → 1.739 €/L
      Dyzelinas: 2.029 €/L → 1.999 €/L
  ~ Emsi — Liuksemburgo aklg. 27, Kaunas
      Dyzelinas: 1.999 €/L → 1.979 €/L
  ~ Emsi — Mokyklos g. 26, Maišiagalos mstl.
      Dyzelinas: 2.059 €/L → 2.039 €/L
  ~ Emsi — Stoties g. 6B, Marijampolė
      95 benzinas: 1.659 €/L → 1.699 €/L
      Dyzelinas: 1.959 €/L → 1.949 €/L
  ~ Emsi — Marijampolės g. 58, Mastaičių k.
      Dyzelinas: 2.029 €/L → 1.999 €/L
  ~ Emsi — Savanorių pr.402A, Kaunas
      Dyzelinas: 1.999 €/L → 1.979 €/L
  ~ Emsi — Taikos g.1, Kreivalaužių k.
      95 benzinas: 1.750 €/L → 1.710 €/L
      Dyzelinas: 2.040 €/L → 1.990 €/L
  ~ Emsi — Nemuno g.79A, Panevėžys
      Dyzelinas: 1.949 €/L → 1.989 €/L
  ~ Emsi — Palemono g. 3A, Kaunas
      95 benzinas: 1.700 €/L → 1.690 €/L
      Dyzelinas: 1.990 €/L → 1.980 €/L
  ~ Emsi — Pasvalys, Taikos g.24
      95 benzinas: 1.769 €/L → 1.759 €/L
  ~ Emsi — Paukštininkų g.4a, Kaišiadorys
      95 benzinas: 1.749 €/L → 1.739 €/L
      Dyzelinas: 2.039 €/L → 2.019 €/L
  ~ Emsi — Kauno g.165, Pietarių k.
      95 benzinas: 1.659 €/L → 1.699 €/L
      Dyzelinas: 1.959 €/L → 1.949 €/L
  ~ Emsi — Pajautos g. 31, Vilnius (Pilaitė)
      95 benzinas: 1.719 €/L → 1.699 €/L
      Dyzelinas: 1.969 €/L → 1.929 €/L
  ~ Emsi — Miško g.62, Radviliškis
      95 benzinas: 1.699 €/L → 1.739 €/L
      Dyzelinas: 1.999 €/L → 1.989 €/L
  ~ Emsi — Ramygalos g.186A, Panevėžys
      Dyzelinas: 1.949 €/L → 1.989 €/L
      Dujos: 0.880 €/L → 0.890 €/L
  ~ Emsi — Raščių k. 1A
      Dyzelinas: 2.029 €/L → 1.999 €/L
      Dujos: 0.929 €/L → 0.899 €/L
  ~ Emsi — Sausių g.2 Sausių k..
      95 benzinas: 1.750 €/L → 1.730 €/L
      Dyzelinas: 2.010 €/L → 1.990 €/L
      Dujos: 0.920 €/L → 0.910 €/L
  ~ Emsi — Savanorių 225, Vilnius
      95 benzinas: 1.759 €/L → 1.739 €/L
      Dyzelinas: 2.019 €/L → 1.979 €/L
  ~ Emsi — Sereikonių k., Baltijos kelio g.2
      95 benzinas: 1.769 €/L → 1.759 €/L
  ~ Emsi — Sembos g.5, Šiauliai
      95 benzinas: 1.699 €/L → 1.719 €/L
  ~ Emsi — Šilagalio k., Panevėžio aplinkl.12
      Dyzelinas: 1.999 €/L → 1.979 €/L
  ~ Emsi — Gluosnių g.4A, Šilutė
      95 benzinas: 1.750 €/L → 1.740 €/L
      Dyzelinas: 1.950 €/L → 1.940 €/L
  ~ Emsi — Skaisčiūnų k., Europos g.11
      95 benzinas: 1.659 €/L → 1.699 €/L
      Dyzelinas: 1.959 €/L → 1.949 €/L
  ~ Emsi — Gunkliškių g.2F, Vilnius
      95 benzinas: 1.779 €/L → 1.739 €/L
      Dyzelinas: 2.039 €/L → 1.999 €/L
  ~ Emsi — Vandžiogalos pl.86A, Kaunas
      95 benzinas: 1.690 €/L → 1.710 €/L
      Dyzelinas: 2.020 €/L → 2.010 €/L
  ~ Emsi — Žemaitkiemis, Stasio Krasausko g. 21
      Dyzelinas: 2.029 €/L → 1.999 €/L
      Dujos: 0.929 €/L → 0.899 €/L
  ~ Saurida — Naujoji Akmenė V. Kudirkos 18A
      95 benzinas: 1.740 €/L → 1.770 €/L
  ~ Saurida — Akmenės I kaimas Plento g. 1
      95 benzinas: 1.740 €/L → 1.770 €/L
  ~ Saurida — Pašakarnių km. Pašakarnių g. 1
      95 benzinas: 1.740 €/L → 1.770 €/L
  ~ Saurida — Šiauliai Vilniaus g. 373A
      95 benzinas: 1.710 €/L → 1.770 €/L
      Dyzelinas: 1.930 €/L → 1.970 €/L
  ~ Saurida — Šiauliai Pramonės g. 7C
      95 benzinas: 1.710 €/L → 1.770 €/L
      Dyzelinas: 1.940 €/L → 1.970 €/L
  ~ Saurida — Radviliškis Gedimino g. 50C
      95 benzinas: 1.720 €/L → 1.770 €/L
      Dyzelinas: 1.960 €/L → 1.970 €/L
  ~ Saurida — Velžių km .Radviliškio plentas 2
      95 benzinas: 1.720 €/L → 1.770 €/L
      Dyzelinas: 1.960 €/L → 1.970 €/L
  ~ Saurida — Skuodas Vytauto g. 20
      95 benzinas: 1.710 €/L → 1.770 €/L
      Dyzelinas: 1.900 €/L → 1.970 €/L
  ~ Saurida — Klaipėda Jūrininkų pr. 29
      95 benzinas: 1.680 €/L → 1.750 €/L
      Dyzelinas: 1.910 €/L → 1.950 €/L
  ~ Saurida — Šilalė Rytinio kelio g. 19
      95 benzinas: 1.710 €/L → 1.770 €/L
  ~ Saurida — Pašvenčio km.
      95 benzinas: 1.710 €/L → 1.770 €/L
  ~ Saurida — Kušliškių km. Suvalkijos g. 15
      95 benzinas: 1.710 €/L → 1.770 €/L
      Dyzelinas: 1.890 €/L → 1.950 €/L
  ~ Saurida — Marijampolė Statybininkų g. 8
      95 benzinas: 1.710 €/L → 1.770 €/L
      Dyzelinas: 1.890 €/L → 1.970 €/L
  ~ Saurida — Alytus Miškininkų g. 7
      95 benzinas: 1.710 €/L → 1.770 €/L
      Dyzelinas: 1.930 €/L → 1.970 €/L
  ~ Saurida — Alytus Pramonės g. 5
      95 benzinas: 1.710 €/L → 1.770 €/L
      Dyzelinas: 1.930 €/L → 1.970 €/L
  ~ Saurida — Panarvės km.
      95 benzinas: 1.710 €/L → 1.770 €/L
      Dyzelinas: 1.950 €/L → 1.970 €/L
  ~ Saurida — Ignacavos km. Kauno pl. 18
      95 benzinas: 1.700 €/L → 1.770 €/L
      Dyzelinas: 1.960 €/L → 1.970 €/L
  ~ Saurida — Domeikava Muitinės g. 2
      95 benzinas: 1.710 €/L → 1.770 €/L
  ~ Saurida — Kaunas Garažų g. 20
      95 benzinas: 1.710 €/L → 1.770 €/L
      Dyzelinas: 1.910 €/L → 1.950 €/L
  ~ Saurida — Babtai Vandžiogalos g. 3
      95 benzinas: 1.710 €/L → 1.770 €/L
      Dyzelinas: 1.900 €/L → 1.950 €/L
  ~ Saurida — Rumšiškės Lekavičiaus g. 71
      95 benzinas: 1.710 €/L → 1.770 €/L
      Dyzelinas: 1.930 €/L → 1.970 €/L
  ~ Saurida — Lėkėčių km. Šakių g. 3
      95 benzinas: 1.710 €/L → 1.770 €/L
  ~ Saurida — Mauručiai Liepų g. 20
      95 benzinas: 1.710 €/L → 1.770 €/L
      Dyzelinas: 1.930 €/L → 1.970 €/L
  ~ Saurida — Ukmergė Kareivinių g. 64
      95 benzinas: 1.690 €/L → 1.770 €/L
      Dyzelinas: 1.910 €/L → 1.970 €/L
  ~ Saurida — Ukmergė Vilniaus g. 122
      95 benzinas: 1.690 €/L → 1.770 €/L
      Dyzelinas: 1.910 €/L → 1.970 €/L
  ~ Saurida — Pageležių km.
      95 benzinas: 1.710 €/L → 1.770 €/L
  ~ Saurida — Čekoniškių km
      95 benzinas: 1.700 €/L → 1.770 €/L
      Dyzelinas: 1.930 €/L → 1.970 €/L
  ~ Saurida — Zujūnai Buivydiškių g. 1A
      95 benzinas: 1.700 €/L → 1.770 €/L
      Dyzelinas: 1.940 €/L → 1.970 €/L
  ~ Saurida — Visaginas Kosmoso g. 1
      95 benzinas: 1.710 €/L → 1.770 €/L
      Dyzelinas: 1.930 €/L → 1.970 €/L
  ~ Saurida — Vilnius, Jankiškių g. 43a
      95 benzinas: 1.700 €/L → 1.770 €/L
      Dyzelinas: 1.910 €/L → 1.970 €/L
  ~ Pynauja — Dvaro g.1, Papynaujo k.,Kvėdarna
      Dyzelinas: 2.040 €/L → 1.990 €/L
  ~ GM Circle K — Kauno g. 68, Girėnų k.
      95 benzinas: 1.887 €/L → 1.847 €/L
      Dyzelinas: 2.117 €/L → 2.077 €/L
  ~ GM Circle K — Muitinės g. 34A, Jurbarkas
      95 benzinas: 1.887 €/L → 1.847 €/L
      Dyzelinas: 2.117 €/L → 2.077 €/L
  ~ Gazimpeksas — Tverai, Rietavo g. 32
      Dyzelinas: 2.060 €/L → 1.990 €/L
      Dujos: 0.890 €/L → 0.880 €/L
  ~ Gazimpeksas — Telšiai, Mažeikių g. 7A
      Dujos: 0.890 €/L → 0.880 €/L
  ~ Antivis — Tytuvėnai, Žemaitės g.14
      95 benzinas: 1.780 €/L → 1.840 €/L
  ~ Degta — Anykščiai, Vienuolio g. 34A
      95 benzinas: 1.739 €/L → 1.699 €/L
      Dyzelinas: 2.039 €/L → 1.939 €/L
  ~ Junasa — Žemaitės g. 131c
      95 benzinas: 1.749 €/L → 1.739 €/L
      Dyzelinas: 1.959 €/L → 1.929 €/L
  ~ Junasa — Bačiūnų g. 12a
      95 benzinas: 1.749 €/L → 1.739 €/L
      Dyzelinas: 1.959 €/L → 1.929 €/L
  ~ Circle K — Pramogų g. 4, Truikių k.
      95 benzinas: 1.789 €/L → 1.819 €/L
      Dyzelinas: 1.999 €/L → 2.039 €/L
      Dujos: 0.959 €/L → 0.929 €/L
  ~ Circle K — Plungės g. 32, Rietavas
      Dyzelinas: 2.049 €/L → 2.059 €/L
  ~ Propano ir butano dujų centras — Švenčionių 35, Ignalina
      95 benzinas: 1.860 €/L → 1.809 €/L
      Dyzelinas: 2.120 €/L → 2.059 €/L
      Dujos: 0.950 €/L → 0.850 €/L
  ~ Propano ir butano dujų centras — Aukštaičių g. 2a, Cirkliškio k.
      95 benzinas: 1.849 €/L → 1.860 €/L
      Dyzelinas: 2.109 €/L → 2.120 €/L
      Dujos: 0.900 €/L → 0.950 €/L
  ~ Adukesta — Laisvės g. 50, Maciuičių k.
      95 benzinas: 1.790 €/L → 1.770 €/L
      Dyzelinas: 2.060 €/L → 2.030 €/L
  ~ Plovimo sistemos — Gegužių g. 28
      Dujos: 0.909 €/L → –
  ~ Melkasta — Kalvelių k., Lazdijų pl. 29
      Dyzelinas: 2.020 €/L → 1.990 €/L
  ~ Melkasta — Gulbiniškių k. 7
      Dyzelinas: 2.030 €/L → 1.980 €/L
  ~ Melkasta — Seirijų mstl., Algirdo g. 35A
      Dyzelinas: 2.020 €/L → 1.990 €/L
  ~ Eu Verslas — Viekšnių g. 24, Mažeikiai
      95 benzinas: 1.719 €/L → 1.729 €/L
  ~ Circle K — J.Basanavičiaus g. 103, Kėdainiai
      95 benzinas: 1.799 €/L → 1.839 €/L
      Dyzelinas: 2.054 €/L → 2.004 €/L
  ~ S.Savicko įmonė — Šėtos g. 120 , Kėdainiai
      95 benzinas: 1.769 €/L → 1.759 €/L
      Dyzelinas: 1.999 €/L → 1.959 €/L
  ~ S.Savicko įmonė — Dariaus ir Girėno 23 A, Kėdainiai
      95 benzinas: 1.769 €/L → 1.759 €/L
      Dyzelinas: 1.999 €/L → 1.959 €/L
  ~ S.Savicko įmonė — Gedimino g. 50 , Kėdainiai
      95 benzinas: 1.769 €/L → 1.759 €/L
      Dyzelinas: 1.999 €/L → 1.959 €/L
  ~ S.Savicko įmonė — Vandžiogalos g 29,Saviečių k.
      95 benzinas: 1.769 €/L → 1.759 €/L
      Dyzelinas: 1.999 €/L → 1.959 €/L
  ~ Littaura — Pramonės g. 6, Tauragė
      95 benzinas: 1.750 €/L → 1.770 €/L
  ~ Valdegra — Prienų g.7, Igliaukos k.
      95 benzinas: 1.759 €/L → 1.829 €/L
      Dyzelinas: 1.979 €/L → 1.999 €/L
      Dujos: 0.959 €/L → 0.929 €/L
  ~ Andopas — Ramučių g.43
      Dyzelinas: 1.990 €/L → 1.960 €/L
  ~ Dujotena — Molėtų g. 94, Utena
      Dujos: 0.860 €/L → 0.890 €/L
  ~ Raimondo Balsio IĮ — Ramučių k., Luokės 2
      95 benzinas: 1.760 €/L → –
      Dyzelinas: 1.950 €/L → –
      Dujos: 0.900 €/L → –
  ~ DVS Topolis — Panevėžio 7c, Rokiškis
      Dujos: 0.959 €/L → –
  ~ Visvilas — Laukų g. 2C.,Tirkšlių m.
      95 benzinas: 1.740 €/L → 1.730 €/L
      Dyzelinas: 1.990 €/L → 1.960 €/L
      Dujos: 0.890 €/L → 0.870 €/L
  ~ Medelsta — Pagirių k., Durpių g.45
      95 benzinas: 1.810 €/L → 1.780 €/L
      Dyzelinas: 2.040 €/L → 1.980 €/L
  ~ Bonsa — Tilžės pl. 46, Taurai
      95 benzinas: 1.699 €/L → 1.679 €/L
      Dyzelinas: 1.899 €/L → 1.859 €/L
  ~ Bonsa — Vaidatonių k. 1
      Dyzelinas: 1.890 €/L → 1.900 €/L
  ~ Bemija — Dariaus ir Girėmo g. 31, Ukmergė
      Dyzelinas: 2.050 €/L → 1.960 €/L
  ~ A. Praškevičiaus IĮ — Kalvių g. 4, Šventininkų k.
      95 benzinas: 1.700 €/L → 1.740 €/L

Unchanged: 165 station(s).
